Time(us),Position(counts),Speed(rad/s)
2,-110330,0.0000
5004,-110331,-1.0429
10004,-110332,-1.0433
15005,-110333,-1.0431
20006,-110336,-3.1294
25009,-110338,-2.0854
30012,-110342,-4.1708
35012,-110345,-3.1300
40013,-110350,-5.2156
45015,-110354,-4.1717
50015,-110359,-5.2167
55016,-110365,-6.2588
60017,-110371,-6.2588
65018,-110377,-6.2588
70019,-110383,-6.2588
75020,-110390,-7.3019
80021,-110397,-7.3019
85023,-110404,-7.3004
90023,-110412,-8.3467
95025,-110420,-8.3434
100026,-110428,-8.3450
105026,-110436,-8.3467
110028,-110444,-8.3434
115029,-110453,-9.3882
120030,-110462,-9.3882
125031,-110471,-9.3882
130032,-110480,-9.3882
135033,-110490,-10.4313
140034,-110499,-9.3882
145036,-110509,-10.4292
150038,-110519,-10.4292
155041,-110529,-10.4271
160042,-110539,-10.4313
165042,-110550,-11.4767
170043,-110560,-10.4313
175045,-110570,-10.4292
180045,-110581,-11.4767
185047,-110592,-11.4721
190048,-110602,-10.4313
195049,-110613,-11.4744
200050,-110624,-11.4744
205051,-110635,-11.4744
210052,-110646,-11.4744
215053,-110657,-11.4744
220054,-110668,-11.4744
225055,-110679,-11.4744
230056,-110690,-11.4744
235058,-110702,-12.5150
240058,-110713,-11.4767
245059,-110724,-11.4744
250061,-110736,-12.5150
255061,-110747,-11.4767
260062,-110758,-11.4744
265064,-110770,-12.5150
270064,-110781,-11.4767
275066,-110793,-12.5150
280067,-110804,-11.4744
285069,-110816,-12.5150
290069,-110827,-11.4767
295070,-110839,-12.5175
300071,-110850,-11.4744
305072,-110862,-12.5175
310074,-110873,-11.4721
315076,-110885,-12.5150
320079,-110896,-11.4698
325080,-110908,-12.5175
330080,-110920,-12.5200
335082,-110932,-12.5150
340083,-110943,-11.4744
345084,-110955,-12.5175
350085,-110967,-12.5175
355086,-110979,-12.5175
360087,-110991,-12.5175
365088,-111003,-12.5175
370089,-111014,-11.4744
375090,-111026,-12.5175
380091,-111038,-12.5175
385093,-111050,-12.5150
390093,-111062,-12.5200
395095,-111075,-13.5580
400096,-111087,-12.5175
405096,-111099,-12.5200
410098,-111111,-12.5150
415099,-111123,-12.5175
420099,-111136,-13.5634
425101,-111148,-12.5150
430102,-111160,-12.5175
435103,-111172,-12.5175
440104,-111185,-13.5607
445105,-111197,-12.5175
450106,-111209,-12.5175
455107,-111222,-13.5607
460108,-111234,-12.5175
465109,-111247,-13.5607
470110,-111259,-12.5175
475112,-111272,-13.5580
480112,-111284,-12.5200
485114,-111297,-13.5580
490115,-111310,-13.5607
495115,-111322,-12.5200
500117,-111335,-13.5580
505118,-111348,-13.5607
510119,-111360,-12.5175
515120,-111373,-13.5607
520121,-111386,-13.5607
525122,-111399,-13.5607
530123,-111411,-12.5175
535124,-111424,-13.5607
540125,-111437,-13.5607
545126,-111450,-13.5607
550128,-111463,-13.5580
555128,-111476,-13.5634
560130,-111489,-13.5580
565131,-111502,-13.5607
570131,-111515,-13.5634
575133,-111528,-13.5580
580134,-111541,-13.5607
585134,-111554,-13.5634
590136,-111567,-13.5580
595137,-111580,-13.5607
600138,-111593,-13.5607
605139,-111606,-13.5607
610140,-111619,-13.5607
615141,-111633,-14.6038
620142,-111646,-13.5607
625143,-111659,-13.5607
630144,-111672,-13.5607
635145,-111685,-13.5607
640147,-111698,-13.5580
645147,-111711,-13.5634
650149,-111725,-14.6009
655150,-111738,-13.5607
660150,-111751,-13.5634
665152,-111764,-13.5580
670153,-111777,-13.5607
675153,-111790,-13.5634
680155,-111803,-13.5580
685156,-111817,-14.6038
690157,-111830,-13.5607
695158,-111843,-13.5607
700159,-111856,-13.5607
705160,-111869,-13.5607
710161,-111882,-13.5607
715163,-111895,-13.5580
720163,-111908,-13.5634
725164,-111921,-13.5607
730166,-111934,-13.5580
735166,-111947,-13.5634
740168,-111960,-13.5580
745169,-111973,-13.5607
750169,-111986,-13.5634
755171,-111999,-13.5580
760172,-112012,-13.5607
765173,-112025,-13.5607
770174,-112037,-12.5175
775175,-112050,-13.5607
780176,-112063,-13.5607
785177,-112076,-13.5607
790178,-112089,-13.5607
795179,-112101,-12.5175
800180,-112114,-13.5607
805182,-112127,-13.5580
810182,-112140,-13.5634
815184,-112153,-13.5580
820185,-112166,-13.5607
825185,-112179,-13.5634
830187,-112192,-13.5580
835188,-112205,-13.5607
840188,-112217,-12.5200
845190,-112231,-14.6009
850191,-112244,-13.5607
855192,-112257,-13.5607
860193,-112270,-13.5607
865194,-112283,-13.5607
870195,-112296,-13.5607
875196,-112309,-13.5607
880197,-112322,-13.5607
885198,-112335,-13.5607
890199,-112348,-13.5607
895201,-112361,-13.5580
900201,-112374,-13.5634
905203,-112387,-13.5580
910204,-112400,-13.5607
915204,-112414,-14.6067
920206,-112427,-13.5580
925207,-112440,-13.5607
930208,-112453,-13.5607
935209,-112466,-13.5607
940210,-112479,-13.5607
945211,-112493,-14.6038
950212,-112506,-13.5607
955213,-112519,-13.5607
960214,-112532,-13.5607
965215,-112545,-13.5607
970217,-112559,-14.6009
975217,-112572,-13.5634
980219,-112585,-13.5580
985220,-112598,-13.5607
990220,-112611,-13.5634
995222,-112625,-14.6009
1000223,-112638,-13.5607
1005223,-112651,-13.5634
1010225,-112664,-13.5580
1015226,-112678,-14.6038
1020227,-112691,-13.5607
1025228,-112704,-13.5607
1030229,-112717,-13.5607
1035230,-112730,-13.5607
1040231,-112744,-14.6038
1045232,-112757,-13.5607
1050233,-112770,-13.5607
1055234,-112784,-14.6038
1060236,-112797,-13.5580
1065236,-112810,-13.5634
1070238,-112824,-14.6009
1075239,-112837,-13.5607
1080239,-112850,-13.5634
1085241,-112864,-14.6009
1090242,-112877,-13.5607
1095242,-112890,-13.5634
1100244,-112904,-14.6009
1105245,-112917,-13.5607
1110246,-112931,-14.6038
1115247,-112944,-13.5607
1120248,-112957,-13.5607
1125249,-112971,-14.6038
1130250,-112984,-13.5607
1135252,-112998,-14.6009
1140252,-113011,-13.5634
1145253,-113024,-13.5607
1150255,-113038,-14.6009
1155255,-113051,-13.5634
1160257,-113064,-13.5580
1165258,-113078,-14.6038
1170258,-113091,-13.5634
1175260,-113104,-13.5580
1180261,-113118,-14.6038
1185262,-113131,-13.5607
1190263,-113144,-13.5607
1195264,-113158,-14.6038
1200265,-113171,-13.5607
1205266,-113184,-13.5607
1210267,-113197,-13.5607
1215268,-113210,-13.5607
1220269,-113223,-13.5607
1225271,-113236,-13.5580
1230271,-113249,-13.5634
1235273,-113262,-13.5580
1240274,-113275,-13.5607
1245274,-113288,-13.5634
1250276,-113300,-12.5150
1255277,-113313,-13.5607
1260277,-113326,-13.5634
1265279,-113339,-13.5580
1270280,-113352,-13.5607
1275281,-113365,-13.5607
1280282,-113378,-13.5607
1285283,-113391,-13.5607
1290284,-113403,-12.5175
1295285,-113416,-13.5607
1300286,-113429,-13.5607
1305287,-113442,-13.5607
1310288,-113455,-13.5607
1315290,-113468,-13.5580
1320290,-113481,-13.5634
1325292,-113494,-13.5580
1330293,-113507,-13.5607
1335293,-113520,-13.5634
1340295,-113533,-13.5580
1345296,-113546,-13.5607
1350297,-113559,-13.5607
1355298,-113572,-13.5607
1360299,-113585,-13.5607
1365300,-113598,-13.5607
1370301,-113611,-13.5607
1375302,-113624,-13.5607
1380303,-113638,-14.6038
1385304,-113651,-13.5607
1390306,-113664,-13.5580
1395306,-113677,-13.5634
1400308,-113690,-13.5580
1405309,-113703,-13.5607
1410309,-113716,-13.5634
1415311,-113730,-14.6009
1420312,-113743,-13.5607
1425312,-113756,-13.5634
1430314,-113769,-13.5580
1435315,-113782,-13.5607
1440316,-113796,-14.6038
1445317,-113809,-13.5607
1450318,-113822,-13.5607
1455319,-113835,-13.5607
1460320,-113848,-13.5607
1465321,-113862,-14.6038
1470322,-113875,-13.5607
1475323,-113888,-13.5607
1480325,-113902,-14.6009
1485325,-113915,-13.5634
1490327,-113928,-13.5580
1495328,-113941,-13.5607
1500328,-113955,-14.6067
1505330,-113968,-13.5580
1510331,-113981,-13.5607
1515331,-113995,-14.6067
1520333,-114008,-13.5580
1525334,-114021,-13.5607
1530335,-114035,-14.6038
1535336,-114048,-13.5607
1540337,-114062,-14.6038
1545338,-114075,-13.5607
1550339,-114088,-13.5607
1555341,-114102,-14.6009
1560341,-114115,-13.5634
1565342,-114129,-14.6038
1570344,-114142,-13.5580
1575344,-114156,-14.6067
1580346,-114169,-13.5580
1585347,-114183,-14.6038
1590347,-114196,-13.5634
1595349,-114210,-14.6009
1600350,-114223,-13.5607
1605351,-114236,-13.5607
1610352,-114250,-14.6038
1615353,-114263,-13.5607
1620354,-114276,-13.5607
1625355,-114290,-14.6038
1630356,-114303,-13.5607
1635357,-114316,-13.5607
1640358,-114330,-14.6038
1645360,-114343,-13.5580
1650360,-114356,-13.5634
1655362,-114369,-13.5580
1660363,-114382,-13.5607
1665363,-114395,-13.5634
1670365,-114408,-13.5580
1675366,-114421,-13.5607
1680366,-114434,-13.5634
1685368,-114447,-13.5580
1690369,-114460,-13.5607
1695370,-114473,-13.5607
1700371,-114486,-13.5607
1705372,-114499,-13.5607
1710373,-114512,-13.5607
1715374,-114525,-13.5607
1720375,-114538,-13.5607
1725376,-114551,-13.5607
1730377,-114564,-13.5607
1735379,-114577,-13.5580
1740379,-114590,-13.5634
1745381,-114602,-12.5150
1750382,-114615,-13.5607
1755382,-114628,-13.5634
1760384,-114641,-13.5580
1765385,-114654,-13.5607
1770386,-114667,-13.5607
1775387,-114680,-13.5607
1780388,-114693,-13.5607
1785389,-114706,-13.5607
1790390,-114719,-13.5607
1795391,-114732,-13.5607
1800392,-114745,-13.5607
1805393,-114758,-13.5607
1810395,-114771,-13.5580
1815395,-114784,-13.5634
1820397,-114797,-13.5580
1825398,-114811,-14.6038
1830398,-114824,-13.5634
1835400,-114837,-13.5580
1840401,-114850,-13.5607
1845401,-114863,-13.5634
1850403,-114876,-13.5580
1855404,-114889,-13.5607
1860405,-114903,-14.6038
1865406,-114916,-13.5607
1870407,-114929,-13.5607
1875408,-114942,-13.5607
1880409,-114955,-13.5607
1885410,-114969,-14.6038
1890411,-114982,-13.5607
1895412,-114995,-13.5607
1900414,-115008,-13.5580
1905414,-115021,-13.5634
1910416,-115035,-14.6009
1915417,-115048,-13.5607
1920417,-115061,-13.5634
1925419,-115075,-14.6009
1930420,-115088,-13.5607
1935420,-115101,-13.5634
1940422,-115114,-13.5580
1945423,-115128,-14.6038
1950424,-115141,-13.5607
1955425,-115154,-13.5607
1960426,-115168,-14.6038
1965427,-115181,-13.5607
1970428,-115195,-14.6038
1975430,-115208,-13.5580
1980430,-115222,-14.6067
1985431,-115235,-13.5607
1990433,-115248,-13.5580
1995433,-115262,-14.6067
2000435,-115275,-13.5580
2005436,-115289,-14.6038
2010436,-115302,-13.5634
2015438,-115316,-14.6009
2020439,-115329,-13.5607
2025440,-115343,-14.6038
2030441,-115356,-13.5607
2035442,-115370,-14.6038
2040443,-115383,-13.5607
2045444,-115397,-14.6038
2050445,-115410,-13.5607
2055446,-115424,-14.6038
2060447,-115437,-13.5607
2065449,-115450,-13.5580
2070449,-115464,-14.6067
2075451,-115477,-13.5580
2080452,-115491,-14.6038
2085452,-115504,-13.5634
2090454,-115517,-13.5580
2095455,-115531,-14.6038
2100455,-115544,-13.5634
2105457,-115558,-14.6009
2110458,-115571,-13.5607
2115459,-115584,-13.5607
2120460,-115597,-13.5607
2125461,-115610,-13.5607
2130462,-115624,-14.6038
2135463,-115637,-13.5607
2140464,-115650,-13.5607
2145465,-115663,-13.5607
2150466,-115676,-13.5607
2155468,-115689,-13.5580
2160468,-115702,-13.5634
2165470,-115715,-13.5580
2170471,-115728,-13.5607
2175471,-115741,-13.5634
2180473,-115754,-13.5580
2185474,-115768,-14.6038
2190475,-115781,-13.5607
2195476,-115794,-13.5607
2200477,-115807,-13.5607
2205478,-115820,-13.5607
2210479,-115833,-13.5607
2215480,-115846,-13.5607
2220481,-115860,-14.6038
2225482,-115873,-13.5607
2230484,-115886,-13.5580
2235484,-115899,-13.5634
2240486,-115912,-13.5580
2245487,-115925,-13.5607
2250487,-115939,-14.6067
2255489,-115952,-13.5580
2260490,-115965,-13.5607
2265490,-115978,-13.5634
2270492,-115992,-14.6009
2275493,-116005,-13.5607
2280494,-116018,-13.5607
2285495,-116031,-13.5607
2290496,-116045,-14.6038
2295497,-116058,-13.5607
2300498,-116071,-13.5607
2305499,-116084,-13.5607
2310500,-116098,-14.6038
2315501,-116111,-13.5607
2320503,-116124,-13.5580
2325503,-116138,-14.6067
2330505,-116151,-13.5580
2335506,-116164,-13.5607
2340506,-116178,-14.6067
2345508,-116191,-13.5580
2350509,-116205,-14.6038
2355509,-116218,-13.5634
2360511,-116231,-13.5580
2365512,-116245,-14.6038
2370513,-116258,-13.5607
2375514,-116271,-13.5607
2380515,-116285,-14.6038
2385516,-116298,-13.5607
2390517,-116312,-14.6038
2395519,-116325,-13.5580
2400519,-116339,-14.6067
2405520,-116352,-13.5607
2410522,-116365,-13.5580
2415522,-116379,-14.6067
2420524,-116392,-13.5580
2425525,-116406,-14.6038
2430525,-116419,-13.5634
2435527,-116433,-14.6009
2440528,-116446,-13.5607
2445529,-116460,-14.6038
2450530,-116473,-13.5607
2455531,-116486,-13.5607
2460532,-116500,-14.6038
2465533,-116513,-13.5607
2470534,-116527,-14.6038
2475535,-116540,-13.5607
2480536,-116554,-14.6038
2485538,-116567,-13.5580
2490538,-116580,-13.5634
2495540,-116594,-14.6009
2500541,-116607,-13.5607
2505541,-116621,-14.6067
2510543,-116634,-13.5580
2515544,-116648,-14.6038
2520544,-116661,-13.5634
2525546,-116674,-13.5580
2530547,-116688,-14.6038
2535548,-116701,-13.5607
2540549,-116714,-13.5607
2545550,-116728,-14.6038
2550551,-116741,-13.5607
2555552,-116754,-13.5607
2560553,-116767,-13.5607
2565554,-116781,-14.6038
2570555,-116794,-13.5607
2575557,-116807,-13.5580
2580557,-116820,-13.5634
2585559,-116833,-13.5580
2590560,-116846,-13.5607
2595560,-116858,-12.5200
2600562,-116871,-13.5580
2605563,-116884,-13.5607
2610564,-116897,-13.5607
2615565,-116910,-13.5607
2620566,-116923,-13.5607
2625567,-116936,-13.5607
2630568,-116949,-13.5607
2635569,-116961,-12.5175
2640570,-116974,-13.5607
2645571,-116987,-13.5607
2650573,-117000,-13.5580
2655573,-117013,-13.5634
2660575,-117026,-13.5580
2665576,-117039,-13.5607
2670576,-117051,-12.5200
2675578,-117064,-13.5580
2680579,-117077,-13.5607
2685579,-117090,-13.5634
2690581,-117103,-13.5580
2695582,-117116,-13.5607
2700583,-117129,-13.5607
2705584,-117142,-13.5607
2710585,-117155,-13.5607
2715586,-117168,-13.5607
2720587,-117181,-13.5607
2725588,-117194,-13.5607
2730589,-117207,-13.5607
2735590,-117220,-13.5607
2740592,-117233,-13.5580
2745592,-117246,-13.5634
2750594,-117259,-13.5580
2755595,-117272,-13.5607
2760595,-117285,-13.5634
2765597,-117298,-13.5580
2770598,-117311,-13.5607
2775598,-117324,-13.5634
2780600,-117338,-14.6009
2785601,-117351,-13.5607
2790602,-117364,-13.5607
2795603,-117377,-13.5607
2800604,-117390,-13.5607
2805605,-117403,-13.5607
2810606,-117416,-13.5607
2815608,-117429,-13.5580
2820608,-117442,-13.5634
2825609,-117456,-14.6038
2830611,-117469,-13.5580
2835611,-117482,-13.5634
2840613,-117495,-13.5580
2845614,-117508,-13.5607
2850614,-117521,-13.5634
2855616,-117534,-13.5580
2860617,-117547,-13.5607
2865618,-117561,-14.6038
2870619,-117574,-13.5607
2875620,-117587,-13.5607
2880621,-117600,-13.5607
2885622,-117613,-13.5607
2890623,-117626,-13.5607
2895624,-117640,-14.6038
2900625,-117653,-13.5607
2905627,-117666,-13.5580
2910627,-117679,-13.5634
2915629,-117692,-13.5580
2920630,-117706,-14.6038
2925630,-117719,-13.5634
2930632,-117732,-13.5580
2935633,-117745,-13.5607
2940633,-117758,-13.5634
2945635,-117771,-13.5580
2950636,-117784,-13.5607
2955637,-117797,-13.5607
2960638,-117810,-13.5607
2965639,-117823,-13.5607
2970640,-117836,-13.5607
2975641,-117849,-13.5607
2980642,-117862,-13.5607
2985643,-117875,-13.5607
2990644,-117888,-13.5607
2995646,-117901,-13.5580
3000646,-117914,-13.5634
3005648,-117927,-13.5580
3010649,-117940,-13.5607
3015649,-117953,-13.5634
3020651,-117965,-12.5150
3025652,-117978,-13.5607
3030653,-117991,-13.5607
3035654,-118004,-13.5607
3040655,-118016,-12.5175
3045656,-118029,-13.5607
3050657,-118041,-12.5175
3055658,-118054,-13.5607
3060659,-118066,-12.5175
3065660,-118079,-13.5607
3070662,-118092,-13.5580
3075662,-118104,-12.5200
3080664,-118116,-12.5150
3085665,-118129,-13.5607
3090665,-118141,-12.5200
3095667,-118154,-13.5580
3100668,-118166,-12.5175
3105668,-118178,-12.5200
3110670,-118191,-13.5580
3115671,-118203,-12.5175
3120672,-118216,-13.5607
3125673,-118228,-12.5175
3130674,-118240,-12.5175
3135675,-118253,-13.5607
3140676,-118265,-12.5175
3145677,-118278,-13.5607
3150678,-118290,-12.5175
3155679,-118303,-13.5607
3160681,-118315,-12.5150
3165681,-118327,-12.5200
3170683,-118340,-13.5580
3175684,-118352,-12.5175
3180684,-118365,-13.5634
3185686,-118377,-12.5150
3190687,-118390,-13.5607
3195687,-118402,-12.5200
3200689,-118415,-13.5580
3205690,-118428,-13.5607
3210691,-118440,-12.5175
3215692,-118453,-13.5607
3220693,-118465,-12.5175
3225694,-118478,-13.5607
3230695,-118491,-13.5607
3235697,-118504,-13.5580
3240697,-118516,-12.5200
3245698,-118529,-13.5607
3250700,-118542,-13.5580
3255700,-118555,-13.5634
3260702,-118568,-13.5580
3265703,-118580,-12.5175
3270703,-118593,-13.5634
3275705,-118606,-13.5580
3280706,-118619,-13.5607
3285707,-118632,-13.5607
3290708,-118644,-12.5175
3295709,-118657,-13.5607
3300710,-118670,-13.5607
3305711,-118683,-13.5607
3310712,-118696,-13.5607
3315713,-118709,-13.5607
3320714,-118722,-13.5607
3325716,-118735,-13.5580
3330716,-118748,-13.5634
3335718,-118761,-13.5580
3340719,-118774,-13.5607
3345719,-118786,-12.5200
3350721,-118799,-13.5580
3355722,-118812,-13.5607
3360722,-118825,-13.5634
3365724,-118838,-13.5580
3370725,-118851,-13.5607
3375726,-118864,-13.5607
3380727,-118877,-13.5607
3385728,-118890,-13.5607
3390729,-118903,-13.5607
3395730,-118916,-13.5607
3400731,-118930,-14.6038
3405732,-118942,-12.5175
3410733,-118956,-14.6038
3415735,-118968,-12.5150
3420735,-118982,-14.6067
3425737,-118995,-13.5580
3430738,-119008,-13.5607
3435738,-119021,-13.5634
3440740,-119034,-13.5580
3445741,-119047,-13.5607
3450742,-119060,-13.5607
3455743,-119073,-13.5607
3460744,-119086,-13.5607
3465745,-119099,-13.5607
3470746,-119112,-13.5607
3475747,-119125,-13.5607
3480748,-119137,-12.5175
3485749,-119150,-13.5607
3490751,-119163,-13.5580
3495751,-119176,-13.5634
3500753,-119189,-13.5580
3505754,-119202,-13.5607
3510754,-119214,-12.5200
3515756,-119227,-13.5580
3520757,-119240,-13.5607
3525757,-119253,-13.5634
3530759,-119265,-12.5150
3535760,-119278,-13.5607
3540761,-119291,-13.5607
3545762,-119303,-12.5175
3550763,-119316,-13.5607
3555764,-119329,-13.5607
3560765,-119341,-12.5175
3565766,-119354,-13.5607
3570767,-119366,-12.5175
3575768,-119379,-13.5607
3580770,-119392,-13.5580
3585770,-119404,-12.5200
3590772,-119417,-13.5580
3595773,-119430,-13.5607
3600773,-119443,-13.5634
3605775,-119455,-12.5150
3610776,-119468,-13.5607
3615776,-119481,-13.5634
3620778,-119494,-13.5580
3625779,-119506,-12.5175
3630780,-119519,-13.5607
3635781,-119532,-13.5607
3640782,-119545,-13.5607
3645783,-119558,-13.5607
3650784,-119571,-13.5607
3655786,-119583,-12.5150
3660786,-119596,-13.5634
3665787,-119609,-13.5607
3670789,-119622,-13.5580
3675789,-119635,-13.5634
3680791,-119648,-13.5580
3685792,-119661,-13.5607
3690792,-119674,-13.5634
3695794,-119687,-13.5580
3700795,-119700,-13.5607
3705796,-119714,-14.6038
3710797,-119727,-13.5607
3715798,-119740,-13.5607
3720799,-119753,-13.5607
3725800,-119766,-13.5607
3730801,-119779,-13.5607
3735802,-119792,-13.5607
3740803,-119805,-13.5607
3745805,-119818,-13.5580
3750805,-119831,-13.5634
3755807,-119844,-13.5580
3760808,-119857,-13.5607
3765808,-119870,-13.5634
3770810,-119883,-13.5580
3775811,-119896,-13.5607
3780811,-119909,-13.5634
3785813,-119922,-13.5580
3790814,-119935,-13.5607
3795815,-119948,-13.5607
3800816,-119961,-13.5607
3805817,-119974,-13.5607
3810818,-119986,-12.5175
3815819,-119999,-13.5607
3820820,-120012,-13.5607
3825821,-120025,-13.5607
3830822,-120038,-13.5607
3835824,-120051,-13.5580
3840824,-120064,-13.5634
3845826,-120077,-13.5580
3850827,-120090,-13.5607
3855827,-120103,-13.5634
3860829,-120116,-13.5580
3865830,-120129,-13.5607
3870831,-120142,-13.5607
3875832,-120155,-13.5607
3880833,-120168,-13.5607
3885834,-120180,-12.5175
3890835,-120193,-13.5607
3895836,-120206,-13.5607
3900837,-120219,-13.5607
3905838,-120232,-13.5607
3910840,-120245,-13.5580
3915840,-120259,-14.6067
3920842,-120271,-12.5150
3925843,-120284,-13.5607
3930843,-120298,-14.6067
3935845,-120310,-12.5150
3940846,-120323,-13.5607
3945846,-120336,-13.5634
3950848,-120349,-13.5580
3955849,-120362,-13.5607
3960850,-120375,-13.5607
3965851,-120388,-13.5607
3970852,-120401,-13.5607
3975853,-120414,-13.5607
3980854,-120427,-13.5607
3985855,-120439,-12.5175
3990856,-120452,-13.5607
3995857,-120465,-13.5607
4000859,-120478,-13.5580
4005859,-120491,-13.5634
4010861,-120503,-12.5150
4015862,-120516,-13.5607
4020862,-120529,-13.5634
4025864,-120542,-13.5580
4030865,-120554,-12.5175
4035865,-120567,-13.5634
4040867,-120580,-13.5580
4045868,-120593,-13.5607
4050869,-120606,-13.5607
4055870,-120619,-13.5607
4060871,-120631,-12.5175
4065872,-120644,-13.5607
4070873,-120657,-13.5607
4075875,-120670,-13.5580
4080875,-120683,-13.5634
4085876,-120696,-13.5607
4090878,-120709,-13.5580
4095878,-120722,-13.5634
4100880,-120734,-12.5150
4105881,-120747,-13.5607
4110881,-120760,-13.5634
4115883,-120773,-13.5580
4120884,-120786,-13.5607
4125885,-120799,-13.5607
4130886,-120812,-13.5607
4135887,-120825,-13.5607
4140888,-120838,-13.5607
4145889,-120851,-13.5607
4150890,-120864,-13.5607
4155891,-120877,-13.5607
4160892,-120890,-13.5607
4165894,-120903,-13.5580
4170894,-120916,-13.5634
4175896,-120929,-13.5580
4180897,-120942,-13.5607
4185897,-120955,-13.5634
4190899,-120968,-13.5580
4195900,-120982,-14.6038
4200900,-120995,-13.5634
4205902,-121008,-13.5580
4210903,-121021,-13.5607
4215904,-121034,-13.5607
4220905,-121047,-13.5607
4225906,-121060,-13.5607
4230907,-121073,-13.5607
4235908,-121086,-13.5607
4240909,-121099,-13.5607
4245910,-121112,-13.5607
4250911,-121125,-13.5607
4255913,-121138,-13.5580
4260913,-121151,-13.5634
4265915,-121164,-13.5580
4270916,-121177,-13.5607
4275916,-121190,-13.5634
4280918,-121203,-13.5580
4285919,-121216,-13.5607
4290920,-121228,-12.5175
4295921,-121241,-13.5607
4300922,-121254,-13.5607
4305923,-121267,-13.5607
4310924,-121280,-13.5607
4315925,-121293,-13.5607
4320926,-121306,-13.5607
4325927,-121319,-13.5607
4330929,-121331,-12.5150
4335929,-121344,-13.5634
4340931,-121357,-13.5580
4345932,-121370,-13.5607
4350932,-121383,-13.5634
4355934,-121396,-13.5580
4360935,-121409,-13.5607
4365935,-121422,-13.5634
4370937,-121435,-13.5580
4375938,-121448,-13.5607
4380939,-121461,-13.5607
4385940,-121474,-13.5607
4390942,-121486,-12.5150
4395944,-121499,-13.5580
4400945,-121512,-13.5607
4405945,-121525,-13.5634
4410945,-121538,-13.5634
4415945,-121551,-13.5634
4420945,-121564,-13.5634
4425945,-121576,-12.5200
4430945,-121589,-13.5634
4435945,-121602,-13.5634
4440945,-121615,-13.5634
4445945,-121628,-13.5634
4450945,-121640,-12.5200
4455945,-121653,-13.5634
4460945,-121666,-13.5634
4465945,-121678,-12.5200
4470945,-121691,-13.5634
4475945,-121704,-13.5634
4480945,-121716,-12.5200
4485945,-121729,-13.5634
4490945,-121742,-13.5634
4495945,-121754,-12.5200
4500945,-121767,-13.5634
4505945,-121780,-13.5634
4510945,-121792,-12.5200
4515945,-121805,-13.5634
4520945,-121818,-13.5634
4525945,-121830,-12.5200
4530945,-121843,-13.5634
4535945,-121856,-13.5634
4540945,-121869,-13.5634
4545945,-121882,-13.5634
4550945,-121894,-12.5200
4555945,-121907,-13.5634
4560945,-121920,-13.5634
4565945,-121933,-13.5634
4570945,-121946,-13.5634
4575945,-121959,-13.5634
4580945,-121971,-12.5200
4585945,-121984,-13.5634
4590945,-121997,-13.5634
4595945,-122010,-13.5634
4600945,-122023,-13.5634
4605945,-122036,-13.5634
4610945,-122049,-13.5634
4615945,-122062,-13.5634
4620945,-122075,-13.5634
4625945,-122088,-13.5634
4630945,-122101,-13.5634
4635945,-122114,-13.5634
4640945,-122128,-14.6067
4645945,-122141,-13.5634
4650945,-122154,-13.5634
4655945,-122167,-13.5634
4660945,-122180,-13.5634
4665945,-122193,-13.5634
4670945,-122206,-13.5634
4675945,-122219,-13.5634
4680945,-122232,-13.5634
4685945,-122245,-13.5634
4690945,-122258,-13.5634
4695945,-122271,-13.5634
4700945,-122284,-13.5634
4705945,-122297,-13.5634
4710945,-122310,-13.5634
4715945,-122323,-13.5634
4720945,-122336,-13.5634
4725945,-122349,-13.5634
4730945,-122362,-13.5634
4735945,-122375,-13.5634
4740945,-122388,-13.5634
4745945,-122401,-13.5634
4750945,-122414,-13.5634
4755945,-122427,-13.5634
4760945,-122440,-13.5634
4765945,-122453,-13.5634
4770945,-122466,-13.5634
4775945,-122479,-13.5634
4780945,-122492,-13.5634
4785945,-122505,-13.5634
4790945,-122518,-13.5634
4795945,-122531,-13.5634
4800945,-122544,-13.5634
4805945,-122557,-13.5634
4810945,-122570,-13.5634
4815945,-122583,-13.5634
4820945,-122596,-13.5634
4825945,-122609,-13.5634
4830945,-122622,-13.5634
4835945,-122635,-13.5634
4840945,-122648,-13.5634
4845945,-122661,-13.5634
4850945,-122674,-13.5634
4855945,-122687,-13.5634
4860945,-122700,-13.5634
4865945,-122713,-13.5634
4870945,-122726,-13.5634
4875945,-122739,-13.5634
4880945,-122752,-13.5634
4885945,-122765,-13.5634
4890945,-122778,-13.5634
4895945,-122791,-13.5634
4900945,-122804,-13.5634
4905945,-122817,-13.5634
4910945,-122829,-12.5200
4915945,-122842,-13.5634
4920945,-122855,-13.5634
4925945,-122868,-13.5634
4930945,-122880,-12.5200
4935945,-122893,-13.5634
4940945,-122906,-13.5634
4945945,-122919,-13.5634
4950945,-122931,-12.5200
4955945,-122944,-13.5634
4960945,-122957,-13.5634
4965945,-122970,-13.5634
4970945,-122983,-13.5634
4975945,-122995,-12.5200
4980945,-123008,-13.5634
4985945,-123021,-13.5634
4990945,-123034,-13.5634
4995945,-123047,-13.5634
5000945,-123060,-13.5634
5005945,-123073,-13.5634
5010945,-123086,-13.5634
5015945,-123098,-12.5200
5020945,-123111,-13.5634
5025945,-123124,-13.5634
5030945,-123137,-13.5634
5035945,-123150,-13.5634
5040945,-123163,-13.5634
5045945,-123176,-13.5634
5050945,-123189,-13.5634
5055945,-123202,-13.5634
5060945,-123216,-14.6067
5065945,-123228,-12.5200
5070945,-123242,-14.6067
5075945,-123255,-13.5634
5080945,-123268,-13.5634
5085945,-123281,-13.5634
5090945,-123294,-13.5634
5095945,-123307,-13.5634
5100945,-123320,-13.5634
5105945,-123333,-13.5634
5110945,-123346,-13.5634
5115945,-123359,-13.5634
5120945,-123372,-13.5634
5125945,-123386,-14.6067
5130945,-123399,-13.5634
5135945,-123412,-13.5634
5140945,-123425,-13.5634
5145945,-123438,-13.5634
5150945,-123451,-13.5634
5155945,-123464,-13.5634
5160945,-123477,-13.5634
5165945,-123490,-13.5634
5170945,-123503,-13.5634
5175945,-123516,-13.5634
5180945,-123529,-13.5634
5185945,-123542,-13.5634
5190945,-123555,-13.5634
5195945,-123569,-14.6067
5200945,-123582,-13.5634
5205945,-123595,-13.5634
5210945,-123608,-13.5634
5215945,-123621,-13.5634
5220945,-123634,-13.5634
5225945,-123647,-13.5634
5230945,-123660,-13.5634
5235945,-123673,-13.5634
5240945,-123686,-13.5634
5245945,-123699,-13.5634
5250945,-123712,-13.5634
5255945,-123725,-13.5634
5260945,-123739,-14.6067
5265945,-123752,-13.5634
5270945,-123765,-13.5634
5275945,-123778,-13.5634
5280945,-123791,-13.5634
5285945,-123804,-13.5634
5290945,-123817,-13.5634
5295945,-123830,-13.5634
5300945,-123843,-13.5634
5305945,-123856,-13.5634
5310945,-123869,-13.5634
5315945,-123883,-14.6067
5320945,-123896,-13.5634
5325945,-123909,-13.5634
5330945,-123922,-13.5634
5335945,-123935,-13.5634
5340945,-123948,-13.5634
5345945,-123961,-13.5634
5350945,-123974,-13.5634
5355945,-123986,-12.5200
5360945,-123999,-13.5634
5365945,-124012,-13.5634
5370945,-124025,-13.5634
5375945,-124038,-13.5634
5380945,-124051,-13.5634
5385945,-124063,-12.5200
5390945,-124076,-13.5634
5395945,-124089,-13.5634
5400945,-124102,-13.5634
5405945,-124114,-12.5200
5410945,-124127,-13.5634
5415945,-124140,-13.5634
5420945,-124152,-12.5200
5425945,-124165,-13.5634
5430945,-124178,-13.5634
5435945,-124190,-12.5200
5440945,-124203,-13.5634
5445945,-124216,-13.5634
5450945,-124228,-12.5200
5455945,-124241,-13.5634
5460945,-124254,-13.5634
5465945,-124267,-13.5634
5470945,-124279,-12.5200
5475945,-124292,-13.5634
5480945,-124305,-13.5634
5485945,-124317,-12.5200
5490945,-124330,-13.5634
5495945,-124343,-13.5634
5500945,-124356,-13.5634
5505945,-124368,-12.5200
5510945,-124381,-13.5634
5515945,-124394,-13.5634
5520945,-124407,-13.5634
5525945,-124420,-13.5634
5530945,-124433,-13.5634
5535945,-124446,-13.5634
5540945,-124459,-13.5634
5545945,-124471,-12.5200
5550945,-124484,-13.5634
5555945,-124498,-14.6067
5560945,-124510,-12.5200
5565945,-124524,-14.6067
5570945,-124536,-12.5200
5575945,-124550,-14.6067
5580945,-124563,-13.5634
5585945,-124576,-13.5634
5590945,-124589,-13.5634
5595945,-124602,-13.5634
5600945,-124615,-13.5634
5605945,-124628,-13.5634
5610945,-124641,-13.5634
5615945,-124654,-13.5634
5620945,-124667,-13.5634
5625945,-124680,-13.5634
5630945,-124693,-13.5634
5635945,-124706,-13.5634
5640945,-124719,-13.5634
5645945,-124732,-13.5634
5650945,-124745,-13.5634
5655945,-124758,-13.5634
5660945,-124771,-13.5634
5665945,-124784,-13.5634
5670945,-124797,-13.5634
5675945,-124810,-13.5634
5680945,-124823,-13.5634
5685945,-124836,-13.5634
5690945,-124849,-13.5634
5695945,-124862,-13.5634
5700945,-124875,-13.5634
5705945,-124888,-13.5634
5710945,-124901,-13.5634
5715945,-124914,-13.5634
5720945,-124927,-13.5634
5725945,-124940,-13.5634
5730945,-124953,-13.5634
5735945,-124966,-13.5634
5740945,-124980,-14.6067
5745945,-124993,-13.5634
5750945,-125006,-13.5634
5755945,-125019,-13.5634
5760945,-125032,-13.5634
5765945,-125045,-13.5634
5770945,-125058,-13.5634
5775945,-125071,-13.5634
5780945,-125084,-13.5634
5785945,-125097,-13.5634
5790945,-125110,-13.5634
5795945,-125123,-13.5634
5800945,-125136,-13.5634
5805945,-125149,-13.5634
5810945,-125161,-12.5200
5815945,-125174,-13.5634
5820945,-125187,-13.5634
5825945,-125200,-13.5634
5830945,-125213,-13.5634
5835945,-125226,-13.5634
5840945,-125238,-12.5200
5845945,-125251,-13.5634
5850945,-125264,-13.5634
5855945,-125276,-12.5200
5860945,-125289,-13.5634
5865945,-125302,-13.5634
5870945,-125314,-12.5200
5875945,-125327,-13.5634
5880945,-125340,-13.5634
5885945,-125352,-12.5200
5890945,-125365,-13.5634
5895945,-125378,-13.5634
5900945,-125391,-13.5634
5905945,-125403,-12.5200
5910945,-125416,-13.5634
5915945,-125429,-13.5634
5920945,-125441,-12.5200
5925945,-125454,-13.5634
5930945,-125467,-13.5634
5935945,-125480,-13.5634
5940945,-125493,-13.5634
5945945,-125506,-13.5634
5950945,-125518,-12.5200
5955945,-125531,-13.5634
5960945,-125544,-13.5634
5965945,-125557,-13.5634
5970945,-125570,-13.5634
5975945,-125583,-13.5634
5980945,-125596,-13.5634
5985945,-125609,-13.5634
5990945,-125622,-13.5634
5995945,-125635,-13.5634
6000945,-125648,-13.5634
6005945,-125661,-13.5634
6010945,-125674,-13.5634
6015945,-125687,-13.5634
6020945,-125700,-13.5634
6025945,-125714,-14.6067
6030945,-125727,-13.5634
6035945,-125740,-13.5634
6040945,-125753,-13.5634
6045945,-125766,-13.5634
6050945,-125779,-13.5634
6055945,-125792,-13.5634
6060945,-125806,-14.6067
6065945,-125819,-13.5634
6070945,-125832,-13.5634
6075945,-125845,-13.5634
6080945,-125858,-13.5634
6085945,-125871,-13.5634
6090945,-125884,-13.5634
6095945,-125898,-14.6067
6100945,-125911,-13.5634
6105945,-125924,-13.5634
6110945,-125937,-13.5634
6115945,-125950,-13.5634
6120945,-125963,-13.5634
6125945,-125977,-14.6067
6130945,-125990,-13.5634
6135945,-126003,-13.5634
6140945,-126016,-13.5634
6145945,-126029,-13.5634
6150945,-126043,-14.6067
6155945,-126056,-13.5634
6160945,-126069,-13.5634
6165945,-126082,-13.5634
6170945,-126096,-14.6067
6175945,-126109,-13.5634
6180945,-126122,-13.5634
6185945,-126136,-14.6067
6190945,-126149,-13.5634
6195945,-126163,-14.6067
6200945,-126176,-13.5634
6205945,-126189,-13.5634
6210945,-126203,-14.6067
6215945,-126216,-13.5634
6220945,-126230,-14.6067
6225945,-126243,-13.5634
6230945,-126256,-13.5634
6235945,-126270,-14.6067
6240945,-126283,-13.5634
6245945,-126296,-13.5634
6250945,-126310,-14.6067
6255945,-126323,-13.5634
6260945,-126336,-13.5634
6265945,-126350,-14.6067
6270945,-126363,-13.5634
6275945,-126376,-13.5634
6280945,-126389,-13.5634
6285945,-126403,-14.6067
6290945,-126416,-13.5634
6295945,-126429,-13.5634
6300945,-126442,-13.5634
6305945,-126455,-13.5634
6310945,-126469,-14.6067
6315945,-126482,-13.5634
6320945,-126495,-13.5634
6325945,-126508,-13.5634
6330945,-126521,-13.5634
6335945,-126534,-13.5634
6340945,-126547,-13.5634
6345945,-126560,-13.5634
6350945,-126573,-13.5634
6355945,-126586,-13.5634
6360945,-126599,-13.5634
6365945,-126612,-13.5634
6370945,-126625,-13.5634
6375945,-126638,-13.5634
6380945,-126651,-13.5634
6385945,-126665,-14.6067
6390945,-126678,-13.5634
6395945,-126691,-13.5634
6400945,-126704,-13.5634
6405945,-126717,-13.5634
6410945,-126730,-13.5634
6415945,-126743,-13.5634
6420945,-126756,-13.5634
6425945,-126770,-14.6067
6430945,-126783,-13.5634
6435945,-126796,-13.5634
6440945,-126809,-13.5634
6445945,-126823,-14.6067
6450945,-126836,-13.5634
6455945,-126849,-13.5634
6460945,-126862,-13.5634
6465945,-126875,-13.5634
6470945,-126888,-13.5634
6475945,-126902,-14.6067
6480945,-126915,-13.5634
6485945,-126928,-13.5634
6490945,-126941,-13.5634
6495945,-126955,-14.6067
6500945,-126968,-13.5634
6505945,-126982,-14.6067
6510945,-126995,-13.5634
6515945,-127008,-13.5634
6520945,-127022,-14.6067
6525945,-127035,-13.5634
6530945,-127049,-14.6067
6535945,-127062,-13.5634
6540945,-127075,-13.5634
6545945,-127089,-14.6067
6550945,-127102,-13.5634
6555945,-127116,-14.6067
6560945,-127129,-13.5634
6565945,-127143,-14.6067
6570945,-127156,-13.5634
6575945,-127169,-13.5634
6580945,-127183,-14.6067
6585945,-127197,-14.6067
6590945,-127210,-13.5634
6595945,-127223,-13.5634
6600945,-127237,-14.6067
6605945,-127250,-13.5634
6610945,-127264,-14.6067
6615945,-127277,-13.5634
6620945,-127291,-14.6067
6625945,-127304,-13.5634
6630945,-127318,-14.6067
6635945,-127331,-13.5634
6640945,-127345,-14.6067
6645945,-127358,-13.5634
6650945,-127372,-14.6067
6655945,-127385,-13.5634
6660945,-127399,-14.6067
6665945,-127412,-13.5634
6670945,-127426,-14.6067
6675945,-127439,-13.5634
6680945,-127453,-14.6067
6685945,-127466,-13.5634
6690945,-127480,-14.6067
6695945,-127493,-13.5634
6700945,-127507,-14.6067
6705945,-127520,-13.5634
6710945,-127533,-13.5634
6715945,-127547,-14.6067
6720945,-127560,-13.5634
6725945,-127574,-14.6067
6730945,-127587,-13.5634
6735945,-127600,-13.5634
6740945,-127614,-14.6067
6745945,-127627,-13.5634
6750945,-127640,-13.5634
6755945,-127654,-14.6067
6760945,-127667,-13.5634
6765945,-127680,-13.5634
6770945,-127693,-13.5634
6775945,-127706,-13.5634
6780945,-127719,-13.5634
6785945,-127733,-14.6067
6790945,-127746,-13.5634
6795945,-127759,-13.5634
6800945,-127772,-13.5634
6805945,-127785,-13.5634
6810945,-127798,-13.5634
6815945,-127811,-13.5634
6820945,-127824,-13.5634
6825945,-127838,-14.6067
6830945,-127851,-13.5634
6835945,-127864,-13.5634
6840945,-127877,-13.5634
6845945,-127890,-13.5634
6850945,-127904,-14.6067
6855945,-127917,-13.5634
6860945,-127930,-13.5634
6865945,-127943,-13.5634
6870945,-127956,-13.5634
6875945,-127970,-14.6067
6880945,-127983,-13.5634
6885945,-127996,-13.5634
6890945,-128009,-13.5634
6895945,-128023,-14.6067
6900945,-128036,-13.5634
6905945,-128049,-13.5634
6910945,-128063,-14.6067
6915945,-128076,-13.5634
6920945,-128089,-13.5634
6925945,-128103,-14.6067
6930945,-128116,-13.5634
6935945,-128130,-14.6067
6940945,-128143,-13.5634
6945945,-128157,-14.6067
6950945,-128170,-13.5634
6955945,-128184,-14.6067
6960945,-128197,-13.5634
6965945,-128211,-14.6067
6970945,-128224,-13.5634
6975945,-128238,-14.6067
6980945,-128251,-13.5634
6985945,-128265,-14.6067
6990945,-128278,-13.5634
6995945,-128292,-14.6067
7000945,-128305,-13.5634
7005945,-128319,-14.6067
7010945,-128333,-14.6067
7015945,-128346,-13.5634
7020945,-128360,-14.6067
7025945,-128374,-14.6067
7030945,-128387,-13.5634
7035945,-128401,-14.6067
7040945,-128415,-14.6067
7045945,-128428,-13.5634
7050945,-128442,-14.6067
7055945,-128456,-14.6067
7060945,-128469,-13.5634
7065945,-128483,-14.6067
7070945,-128497,-14.6067
7075945,-128510,-13.5634
7080945,-128524,-14.6067
7085945,-128538,-14.6067
7090945,-128552,-14.6067
7095945,-128566,-14.6067
7100945,-128579,-13.5634
7105945,-128593,-14.6067
7110945,-128606,-13.5634
7115945,-128620,-14.6067
7120945,-128634,-14.6067
7125945,-128647,-13.5634
7130945,-128661,-14.6067
7135945,-128675,-14.6067
7140945,-128688,-13.5634
7145945,-128702,-14.6067
7150945,-128716,-14.6067
7155945,-128729,-13.5634
7160945,-128743,-14.6067
7165945,-128757,-14.6067
7170945,-128770,-13.5634
7175945,-128784,-14.6067
7180945,-128797,-13.5634
7185945,-128811,-14.6067
7190945,-128824,-13.5634
7195945,-128838,-14.6067
7200945,-128851,-13.5634
7205945,-128865,-14.6067
7210945,-128878,-13.5634
7215945,-128891,-13.5634
7220945,-128904,-13.5634
7225945,-128918,-14.6067
7230945,-128931,-13.5634
7235945,-128944,-13.5634
7240945,-128957,-13.5634
7245945,-128971,-14.6067
7250945,-128984,-13.5634
7255945,-128997,-13.5634
7260945,-129010,-13.5634
7265945,-129024,-14.6067
7270945,-129037,-13.5634
7275945,-129050,-13.5634
7280945,-129064,-14.6067
7285945,-129077,-13.5634
7290945,-129090,-13.5634
7295945,-129104,-14.6067
7300945,-129117,-13.5634
7305945,-129130,-13.5634
7310945,-129144,-14.6067
7315945,-129157,-13.5634
7320945,-129170,-13.5634
7325945,-129184,-14.6067
7330945,-129197,-13.5634
7335945,-129210,-13.5634
7340945,-129224,-14.6067
7345945,-129237,-13.5634
7350945,-129251,-14.6067
7355945,-129264,-13.5634
7360945,-129277,-13.5634
7365945,-129291,-14.6067
7370945,-129304,-13.5634
7375945,-129318,-14.6067
7380945,-129331,-13.5634
7385945,-129345,-14.6067
7390945,-129358,-13.5634
7395945,-129372,-14.6067
7400945,-129385,-13.5634
7405945,-129399,-14.6067
7410945,-129412,-13.5634
7415945,-129426,-14.6067
7420945,-129440,-14.6067
7425945,-129453,-13.5634
7430945,-129467,-14.6067
7435945,-129480,-13.5634
7440945,-129494,-14.6067
7445945,-129508,-14.6067
7450945,-129522,-14.6067
7455945,-129535,-13.5634
7460945,-129549,-14.6067
7465945,-129563,-14.6067
7470945,-129576,-13.5634
7475945,-129590,-14.6067
7480945,-129604,-14.6067
7485945,-129618,-14.6067
7490945,-129631,-13.5634
7495945,-129645,-14.6067
7500945,-129659,-14.6067
7505945,-129672,-13.5634
7510945,-129686,-14.6067
7515945,-129700,-14.6067
7520945,-129714,-14.6067
7525945,-129727,-13.5634
7530945,-129741,-14.6067
7535945,-129755,-14.6067
7540945,-129769,-14.6067
7545945,-129782,-13.5634
7550945,-129796,-14.6067
7555945,-129810,-14.6067
7560945,-129823,-13.5634
7565945,-129837,-14.6067
7570945,-129851,-14.6067
7575945,-129864,-13.5634
7580945,-129878,-14.6067
7585945,-129891,-13.5634
7590945,-129905,-14.6067
7595945,-129919,-14.6067
7600945,-129932,-13.5634
7605945,-129946,-14.6067
7610945,-129959,-13.5634
7615945,-129972,-13.5634
7620945,-129986,-14.6067
7625945,-129999,-13.5634
7630945,-130012,-13.5634
7635945,-130026,-14.6067
7640945,-130039,-13.5634
7645945,-130052,-13.5634
7650945,-130065,-13.5634
7655945,-130078,-13.5634
7660945,-130092,-14.6067
7665945,-130105,-13.5634
7670945,-130118,-13.5634
7675945,-130131,-13.5634
7680945,-130144,-13.5634
7685945,-130157,-13.5634
7690945,-130170,-13.5634
7695945,-130183,-13.5634
7700945,-130196,-13.5634
7705945,-130209,-13.5634
7710945,-130222,-13.5634
7715945,-130235,-13.5634
7720945,-130248,-13.5634
7725945,-130261,-13.5634
7730945,-130274,-13.5634
7735945,-130287,-13.5634
7740945,-130300,-13.5634
7745945,-130313,-13.5634
7750945,-130326,-13.5634
7755945,-130340,-14.6067
7760945,-130353,-13.5634
7765945,-130366,-13.5634
7770945,-130379,-13.5634
7775945,-130392,-13.5634
7780945,-130405,-13.5634
7785945,-130419,-14.6067
7790945,-130432,-13.5634
7795945,-130445,-13.5634
7800945,-130458,-13.5634
7805945,-130472,-14.6067
7810945,-130485,-13.5634
7815945,-130498,-13.5634
7820945,-130511,-13.5634
7825945,-130524,-13.5634
7830945,-130538,-14.6067
7835945,-130551,-13.5634
7840945,-130564,-13.5634
7845945,-130577,-13.5634
7850945,-130591,-14.6067
7855945,-130604,-13.5634
7860945,-130618,-14.6067
7865945,-130631,-13.5634
7870945,-130644,-13.5634
7875945,-130658,-14.6067
7880945,-130671,-13.5634
7885945,-130685,-14.6067
7890945,-130698,-13.5634
7895945,-130711,-13.5634
7900945,-130725,-14.6067
7905945,-130738,-13.5634
7910945,-130752,-14.6067
7915945,-130765,-13.5634
7920945,-130779,-14.6067
7925945,-130792,-13.5634
7930945,-130806,-14.6067
7935945,-130819,-13.5634
7940945,-130833,-14.6067
7945945,-130847,-14.6067
7950945,-130860,-13.5634
7955945,-130874,-14.6067
7960945,-130887,-13.5634
7965945,-130901,-14.6067
7970945,-130915,-14.6067
7975945,-130928,-13.5634
7980945,-130942,-14.6067
7985945,-130955,-13.5634
7990945,-130969,-14.6067
7995945,-130982,-13.5634
8000945,-130996,-14.6067
8005945,-131010,-14.6067
8010945,-131023,-13.5634
8015945,-131037,-14.6067
8020945,-131050,-13.5634
8025945,-131064,-14.6067
8030945,-131078,-14.6067
8035945,-131091,-13.5634
8040945,-131105,-14.6067
8045945,-131119,-14.6067
8050945,-131132,-13.5634
8055945,-131146,-14.6067
8060945,-131159,-13.5634
8065945,-131172,-13.5634
8070945,-131186,-14.6067
8075945,-131199,-13.5634
8080945,-131213,-14.6067
8085945,-131226,-13.5634
8090945,-131239,-13.5634
8095945,-131252,-13.5634
8100945,-131265,-13.5634
8105945,-131278,-13.5634
8110945,-131292,-14.6067
8115945,-131304,-12.5200
8120945,-131318,-14.6067
8125945,-131331,-13.5634
8130945,-131344,-13.5634
8135945,-131356,-12.5200
8140945,-131369,-13.5634
8145945,-131382,-13.5634
8150945,-131395,-13.5634
8155945,-131408,-13.5634
8160945,-131421,-13.5634
8165945,-131434,-13.5634
8170945,-131447,-13.5634
8175945,-131460,-13.5634
8180945,-131473,-13.5634
8185945,-131486,-13.5634
8190945,-131499,-13.5634
8195945,-131512,-13.5634
8200945,-131525,-13.5634
8205945,-131538,-13.5634
8210945,-131551,-13.5634
8215945,-131564,-13.5634
8220945,-131577,-13.5634
8225945,-131590,-13.5634
8230945,-131604,-14.6067
8235945,-131617,-13.5634
8240945,-131630,-13.5634
8245945,-131643,-13.5634
8250945,-131656,-13.5634
8255945,-131669,-13.5634
8260945,-131683,-14.6067
8265945,-131696,-13.5634
8270945,-131709,-13.5634
8275945,-131722,-13.5634
8280945,-131736,-14.6067
8285945,-131749,-13.5634
8290945,-131762,-13.5634
8295945,-131775,-13.5634
8300945,-131788,-13.5634
8305945,-131802,-14.6067
8310945,-131815,-13.5634
8315945,-131828,-13.5634
8320945,-131842,-14.6067
8325945,-131855,-13.5634
8330945,-131868,-13.5634
8335945,-131882,-14.6067
8340945,-131895,-13.5634
8345945,-131908,-13.5634
8350945,-131922,-14.6067
8355945,-131935,-13.5634
8360945,-131949,-14.6067
8365945,-131962,-13.5634
8370945,-131975,-13.5634
8375945,-131989,-14.6067
8380945,-132002,-13.5634
8385945,-132016,-14.6067
8390945,-132029,-13.5634
8395945,-132043,-14.6067
8400945,-132056,-13.5634
8405945,-132069,-13.5634
8410945,-132083,-14.6067
8415945,-132096,-13.5634
8420945,-132110,-14.6067
8425945,-132123,-13.5634
8430945,-132137,-14.6067
8435945,-132151,-14.6067
8440945,-132164,-13.5634
8445945,-132178,-14.6067
8450945,-132191,-13.5634
8455945,-132205,-14.6067
8460945,-132218,-13.5634
8465945,-132232,-14.6067
8470945,-132246,-14.6067
8475945,-132259,-13.5634
8480945,-132273,-14.6067
8485945,-132286,-13.5634
8490945,-132300,-14.6067
8495945,-132314,-14.6067
8500945,-132327,-13.5634
8505945,-132341,-14.6067
8510945,-132355,-14.6067
8515945,-132368,-13.5634
8520945,-132382,-14.6067
8525945,-132395,-13.5634
8530945,-132409,-14.6067
8535945,-132422,-13.5634
8540945,-132435,-13.5634
8545945,-132449,-14.6067
8550945,-132462,-13.5634
8555945,-132476,-14.6067
8560945,-132489,-13.5634
8565945,-132502,-13.5634
8570945,-132515,-13.5634
8575945,-132529,-14.6067
8580945,-132542,-13.5634
8585945,-132555,-13.5634
8590945,-132568,-13.5634
8595945,-132581,-13.5634
8600945,-132595,-14.6067
8605945,-132608,-13.5634
8610945,-132621,-13.5634
8615945,-132634,-13.5634
8620945,-132648,-14.6067
8625945,-132661,-13.5634
8630945,-132674,-13.5634
8635945,-132688,-14.6067
8640945,-132701,-13.5634
8645945,-132714,-13.5634
8650945,-132727,-13.5634
8655945,-132741,-14.6067
8660945,-132754,-13.5634
8665945,-132767,-13.5634
8670945,-132780,-13.5634
8675945,-132794,-14.6067
8680945,-132807,-13.5634
8685945,-132820,-13.5634
8690945,-132834,-14.6067
8695945,-132847,-13.5634
8700945,-132861,-14.6067
8705945,-132874,-13.5634
8710945,-132887,-13.5634
8715945,-132901,-14.6067
8720945,-132914,-13.5634
8725945,-132928,-14.6067
8730945,-132941,-13.5634
8735945,-132955,-14.6067
8740945,-132968,-13.5634
8745945,-132982,-14.6067
8750945,-132996,-14.6067
8755945,-133009,-13.5634
8760945,-133023,-14.6067
8765945,-133036,-13.5634
8770945,-133050,-14.6067
8775945,-133064,-14.6067
8780945,-133078,-14.6067
8785945,-133091,-13.5634
8790945,-133105,-14.6067
8795945,-133119,-14.6067
8800945,-133132,-13.5634
8805945,-133146,-14.6067
8810945,-133160,-14.6067
8815945,-133174,-14.6067
8820945,-133188,-14.6067
8825945,-133201,-13.5634
8830945,-133215,-14.6067
8835945,-133229,-14.6067
8840945,-133242,-13.5634
8845945,-133256,-14.6067
8850945,-133270,-14.6067
8855945,-133284,-14.6067
8860945,-133297,-13.5634
8865945,-133311,-14.6067
8870945,-133325,-14.6067
8875945,-133339,-14.6067
8880945,-133352,-13.5634
8885945,-133366,-14.6067
8890945,-133380,-14.6067
8895945,-133393,-13.5634
8900945,-133407,-14.6067
8905945,-133421,-14.6067
8910945,-133435,-14.6067
8915945,-133448,-13.5634
8920945,-133462,-14.6067
8925945,-133476,-14.6067
8930945,-133489,-13.5634
8935945,-133503,-14.6067
8940945,-133517,-14.6067
8945945,-133530,-13.5634
8950945,-133544,-14.6067
8955945,-133557,-13.5634
8960945,-133571,-14.6067
8965945,-133584,-13.5634
8970945,-133598,-14.6067
8975945,-133611,-13.5634
8980945,-133625,-14.6067
8985945,-133638,-13.5634
8990945,-133652,-14.6067
8995945,-133665,-13.5634
9000945,-133678,-13.5634
9005945,-133691,-13.5634
9010945,-133705,-14.6067
9015945,-133718,-13.5634
9020945,-133731,-13.5634
9025945,-133744,-13.5634
9030945,-133757,-13.5634
9035945,-133770,-13.5634
9040945,-133784,-14.6067
9045945,-133797,-13.5634
9050945,-133810,-13.5634
9055945,-133823,-13.5634
9060945,-133836,-13.5634
9065945,-133849,-13.5634
9070945,-133862,-13.5634
9075945,-133876,-14.6067
9080945,-133889,-13.5634
9085945,-133902,-13.5634
9090945,-133915,-13.5634
9095945,-133929,-14.6067
9100945,-133942,-13.5634
9105945,-133955,-13.5634
9110945,-133968,-13.5634
9115945,-133981,-13.5634
9120945,-133995,-14.6067
9125945,-134008,-13.5634
9130945,-134021,-13.5634
9135945,-134035,-14.6067
9140945,-134048,-13.5634
9145945,-134062,-14.6067
9150945,-134075,-13.5634
9155945,-134088,-13.5634
9160945,-134102,-14.6067
9165945,-134115,-13.5634
9170945,-134129,-14.6067
9175945,-134142,-13.5634
9180945,-134156,-14.6067
9185945,-134169,-13.5634
9190945,-134183,-14.6067
9195945,-134196,-13.5634
9200945,-134210,-14.6067
9205945,-134223,-13.5634
9210945,-134237,-14.6067
9215945,-134251,-14.6067
9220945,-134264,-13.5634
9225945,-134278,-14.6067
9230945,-134292,-14.6067
9235945,-134305,-13.5634
9240945,-134319,-14.6067
9245945,-134333,-14.6067
9250945,-134347,-14.6067
9255945,-134360,-13.5634
9260945,-134374,-14.6067
9265945,-134388,-14.6067
9270945,-134401,-13.5634
9275945,-134415,-14.6067
9280945,-134429,-14.6067
9285945,-134443,-14.6067
9290945,-134457,-14.6067
9295945,-134470,-13.5634
9300945,-134484,-14.6067
9305945,-134498,-14.6067
9310945,-134512,-14.6067
9315945,-134525,-13.5634
9320945,-134539,-14.6067
9325945,-134553,-14.6067
9330945,-134567,-14.6067
9335945,-134581,-14.6067
9340945,-134594,-13.5634
9345945,-134608,-14.6067
9350945,-134622,-14.6067
9355945,-134636,-14.6067
9360945,-134649,-13.5634
9365945,-134663,-14.6067
9370945,-134677,-14.6067
9375945,-134691,-14.6067
9380945,-134704,-13.5634
9385945,-134718,-14.6067
9390945,-134732,-14.6067
9395945,-134745,-13.5634
9400945,-134759,-14.6067
9405945,-134772,-13.5634
9410945,-134786,-14.6067
9415945,-134800,-14.6067
9420945,-134813,-13.5634
9425945,-134827,-14.6067
9430945,-134840,-13.5634
9435945,-134854,-14.6067
9440945,-134867,-13.5634
9445945,-134880,-13.5634
9450945,-134894,-14.6067
9455945,-134907,-13.5634
9460945,-134920,-13.5634
9465945,-134933,-13.5634
9470945,-134947,-14.6067
9475945,-134960,-13.5634
9480945,-134973,-13.5634
9485945,-134986,-13.5634
9490945,-134999,-13.5634
9495945,-135012,-13.5634
9500945,-135026,-14.6067
9505945,-135039,-13.5634
9510945,-135052,-13.5634
9515945,-135065,-13.5634
9520945,-135078,-13.5634
9525945,-135092,-14.6067
9530945,-135105,-13.5634
9535945,-135118,-13.5634
9540945,-135131,-13.5634
9545945,-135144,-13.5634
9550945,-135158,-14.6067
9555945,-135171,-13.5634
9560945,-135184,-13.5634
9565945,-135197,-13.5634
9570945,-135211,-14.6067
9575945,-135224,-13.5634
9580945,-135237,-13.5634
9585945,-135250,-13.5634
9590945,-135264,-14.6067
9595945,-135277,-13.5634
9600945,-135290,-13.5634
9605945,-135304,-14.6067
9610945,-135317,-13.5634
9615945,-135330,-13.5634
9620945,-135344,-14.6067
9625945,-135357,-13.5634
9630945,-135371,-14.6067
9635945,-135384,-13.5634
9640945,-135398,-14.6067
9645945,-135411,-13.5634
9650945,-135425,-14.6067
9655945,-135438,-13.5634
9660945,-135452,-14.6067
9665945,-135465,-13.5634
9670945,-135479,-14.6067
9675945,-135493,-14.6067
9680945,-135506,-13.5634
9685945,-135520,-14.6067
9690945,-135533,-13.5634
9695945,-135547,-14.6067
9700945,-135561,-14.6067
9705945,-135574,-13.5634
9710945,-135588,-14.6067
9715945,-135602,-14.6067
9720945,-135615,-13.5634
9725945,-135629,-14.6067
9730945,-135643,-14.6067
9735945,-135657,-14.6067
9740945,-135670,-13.5634
9745945,-135684,-14.6067
9750945,-135698,-14.6067
9755945,-135712,-14.6067
9760945,-135725,-13.5634
9765945,-135739,-14.6067
9770945,-135753,-14.6067
9775945,-135766,-13.5634
9780945,-135780,-14.6067
9785945,-135794,-14.6067
9790945,-135808,-14.6067
9795945,-135821,-13.5634
9800945,-135835,-14.6067
9805945,-135849,-14.6067
9810945,-135863,-14.6067
9815945,-135876,-13.5634
9820945,-135890,-14.6067
9825945,-135904,-14.6067
9830945,-135917,-13.5634
9835945,-135931,-14.6067
9840945,-135945,-14.6067
9845945,-135958,-13.5634
9850945,-135972,-14.6067
9855945,-135986,-14.6067
9860945,-135999,-13.5634
9865945,-136013,-14.6067
9870945,-136026,-13.5634
9875945,-136039,-13.5634
9880945,-136053,-14.6067
9885945,-136066,-13.5634
9890945,-136079,-13.5634
9895945,-136092,-13.5634
9900945,-136106,-14.6067
9905945,-136119,-13.5634
9910945,-136132,-13.5634
9915945,-136145,-13.5634
9920945,-136158,-13.5634
9925945,-136171,-13.5634
9930945,-136184,-13.5634
9935945,-136197,-13.5634
9940945,-136210,-13.5634
9945945,-136223,-13.5634
9950945,-136236,-13.5634
9955945,-136249,-13.5634
9960945,-136262,-13.5634
9965945,-136275,-13.5634
9970945,-136288,-13.5634
9975945,-136301,-13.5634
9980945,-136314,-13.5634
9985945,-136327,-13.5634
9990945,-136340,-13.5634
9995945,-136354,-14.6067
