2
3
4
5
6
7
8
9
10
11
12
1768843636
1819239275
starting
press button to calculate next flood fill direction
Button Pressed. Current Pose: (15, 0) Facing: NORTH
left wall:46
right wall:21
front wall:54
Current cell: 15, 0
Move direction: NORTH
Next cell: 15, 1
Button Pressed. Current Pose: (15, 1) Facing: NORTH
left wall:45
right wall:22
front wall:56
Current cell: 15, 1
Move direction: NORTH
Next cell: 15, 2
Button Pressed. Current Pose: (15, 2) Facing: NORTH
left wall:44
right wall:23
front wall:57
