Time(us),Position(counts),Speed(rad/s)
2,-85295,0.0000
5004,-85296,-1.0429
10004,-85296,0.0000
15004,-85297,-1.0433
20004,-85298,-1.0433
25006,-85300,-2.0858
30007,-85303,-3.1294
35007,-85305,-2.0867
40009,-85308,-3.1288
45010,-85312,-4.1725
50010,-85315,-3.1300
55012,-85320,-5.2146
60012,-85324,-4.1733
65012,-85329,-5.2167
70012,-85334,-5.2167
75013,-85339,-5.2156
80015,-85345,-6.2575
85015,-85350,-5.2167
90016,-85356,-6.2588
95017,-85362,-6.2588
100018,-85368,-6.2588
105019,-85375,-7.3019
110020,-85382,-7.3019
115021,-85388,-6.2588
120023,-85395,-7.3004
125023,-85402,-7.3034
130025,-85410,-8.3434
135026,-85417,-7.3019
140026,-85424,-7.3034
145028,-85432,-8.3434
150029,-85439,-7.3019
155030,-85447,-8.3450
160031,-85455,-8.3450
165032,-85463,-8.3450
170033,-85471,-8.3450
175034,-85478,-7.3019
180035,-85486,-8.3450
185036,-85495,-9.3882
190037,-85503,-8.3450
195039,-85511,-8.3434
200039,-85519,-8.3467
205041,-85528,-9.3863
210042,-85536,-8.3450
215042,-85545,-9.3900
220044,-85553,-8.3434
225045,-85562,-9.3882
230045,-85571,-9.3900
235047,-85580,-9.3863
240048,-85589,-9.3882
245049,-85598,-9.3882
250050,-85607,-9.3882
255051,-85616,-9.3882
260052,-85625,-9.3882
265053,-85634,-9.3882
270054,-85643,-9.3882
275055,-85653,-10.4313
280056,-85662,-9.3882
285058,-85672,-10.4292
290060,-85681,-9.3863
295060,-85691,-10.4334
300061,-85700,-9.3882
305061,-85710,-10.4334
310062,-85720,-10.4313
315064,-85729,-9.3863
320064,-85739,-10.4334
325066,-85749,-10.4292
330067,-85759,-10.4313
335068,-85769,-10.4313
340069,-85779,-10.4313
345070,-85789,-10.4313
350071,-85799,-10.4313
355072,-85809,-10.4313
360074,-85819,-10.4292
365074,-85829,-10.4334
370075,-85840,-11.4744
375077,-85850,-10.4292
380077,-85860,-10.4334
385078,-85871,-11.4744
390080,-85881,-10.4292
395080,-85891,-10.4334
400082,-85902,-11.4721
405083,-85912,-10.4313
410084,-85923,-11.4744
415085,-85933,-10.4313
420086,-85944,-11.4744
425087,-85954,-10.4313
430088,-85965,-11.4744
435089,-85975,-10.4313
440090,-85986,-11.4744
445091,-85997,-11.4744
450093,-86007,-10.4292
455093,-86018,-11.4767
460094,-86029,-11.4744
465096,-86040,-11.4721
470096,-86050,-10.4334
475097,-86061,-11.4744
480099,-86072,-11.4721
485099,-86083,-11.4767
490101,-86093,-10.4292
495102,-86104,-11.4744
500103,-86115,-11.4744
505104,-86126,-11.4744
510105,-86137,-11.4744
515106,-86148,-11.4744
520107,-86158,-10.4313
525108,-86169,-11.4744
530109,-86180,-11.4744
535110,-86191,-11.4744
540112,-86202,-11.4721
545112,-86213,-11.4767
550113,-86224,-11.4744
555115,-86235,-11.4721
560115,-86246,-11.4767
565117,-86257,-11.4721
570118,-86268,-11.4744
575119,-86279,-11.4744
580120,-86290,-11.4744
585121,-86301,-11.4744
590122,-86312,-11.4744
595123,-86323,-11.4744
600124,-86334,-11.4744
605125,-86345,-11.4744
610126,-86357,-12.5175
615128,-86368,-11.4721
620130,-86379,-11.4721
625130,-86390,-11.4767
630131,-86401,-11.4744
635131,-86413,-12.5200
640133,-86424,-11.4721
645136,-86435,-11.4698
650137,-86446,-11.4744
655139,-86458,-12.5150
660139,-86469,-11.4767
665140,-86480,-11.4744
670141,-86492,-12.5175
675142,-86503,-11.4744
680142,-86514,-11.4767
685144,-86525,-11.4721
690146,-86537,-12.5150
695149,-86548,-11.4698
700150,-86559,-11.4744
705150,-86571,-12.5200
710152,-86582,-11.4721
715152,-86593,-11.4767
720153,-86604,-11.4744
725155,-86616,-12.5150
730155,-86627,-11.4767
735156,-86638,-11.4744
740157,-86649,-11.4744
745158,-86660,-11.4744
750159,-86671,-11.4744
755160,-86682,-11.4744
760161,-86693,-11.4744
765163,-86704,-11.4721
770163,-86715,-11.4767
775164,-86726,-11.4744
780166,-86736,-10.4292
785166,-86747,-11.4767
790167,-86758,-11.4744
795169,-86769,-11.4721
800169,-86780,-11.4767
805171,-86791,-11.4721
810172,-86802,-11.4744
815173,-86812,-10.4313
820174,-86823,-11.4744
825175,-86834,-11.4744
830176,-86845,-11.4744
835177,-86856,-11.4744
840178,-86867,-11.4744
845179,-86878,-11.4744
850180,-86889,-11.4744
855182,-86900,-11.4721
860182,-86911,-11.4767
865183,-86921,-10.4313
870185,-86933,-12.5150
875185,-86944,-11.4767
880186,-86955,-11.4744
885188,-86966,-11.4721
890188,-86977,-11.4767
895190,-86988,-11.4721
900191,-86999,-11.4744
905192,-87010,-11.4744
910193,-87022,-12.5175
915195,-87033,-11.4721
920196,-87044,-11.4744
925196,-87055,-11.4767
930197,-87066,-11.4744
935198,-87078,-12.5175
940199,-87089,-11.4744
945199,-87100,-11.4767
950201,-87111,-11.4721
955203,-87123,-12.5150
960203,-87134,-11.4767
965204,-87146,-12.5175
970204,-87157,-11.4767
975206,-87168,-11.4721
980207,-87180,-12.5175
985208,-87191,-11.4744
990209,-87203,-12.5175
995210,-87214,-11.4744
1000212,-87226,-12.5150
1005212,-87237,-11.4767
1010213,-87248,-11.4744
1015214,-87260,-12.5175
1020215,-87271,-11.4744
1025215,-87283,-12.5200
1030215,-87294,-11.4767
1035215,-87306,-12.5200
1040216,-87317,-11.4744
1045217,-87329,-12.5175
1050218,-87341,-12.5175
1055220,-87352,-11.4721
1060222,-87364,-12.5150
1065222,-87375,-11.4767
1070223,-87387,-12.5175
1075223,-87399,-12.5200
1080225,-87410,-11.4721
1085225,-87422,-12.5200
1090228,-87434,-12.5125
1095230,-87445,-11.4721
1100231,-87457,-12.5175
1105231,-87469,-12.5200
1110231,-87480,-11.4767
1115233,-87492,-12.5150
1120234,-87504,-12.5175
1125236,-87515,-11.4721
1130238,-87527,-12.5150
1135238,-87539,-12.5200
1140241,-87550,-11.4698
1145242,-87562,-12.5175
1150244,-87574,-12.5150
1155245,-87586,-12.5175
1160247,-87597,-11.4721
1165248,-87609,-12.5175
1170249,-87621,-12.5175
1175250,-87632,-11.4744
1180250,-87644,-12.5200
1185250,-87656,-12.5200
1190252,-87667,-11.4721
1195254,-87679,-12.5150
1200257,-87691,-12.5125
1205260,-87703,-12.5125
1210263,-87715,-12.5125
1215264,-87726,-11.4744
1220266,-87738,-12.5150
1225266,-87750,-12.5200
1230266,-87761,-11.4767
1235268,-87773,-12.5150
1240269,-87785,-12.5175
1245271,-87796,-11.4721
1250273,-87808,-12.5150
1255276,-87819,-11.4698
1260277,-87831,-12.5175
1265277,-87842,-11.4767
1270279,-87854,-12.5150
1275280,-87865,-11.4744
1280282,-87876,-11.4721
1285282,-87888,-12.5200
1290284,-87899,-11.4721
1295285,-87910,-11.4744
1300285,-87922,-12.5200
1305287,-87933,-11.4721
1310289,-87944,-11.4721
1315292,-87955,-11.4698
1320293,-87966,-11.4744
1325293,-87977,-11.4767
1330295,-87989,-12.5150
1335296,-88000,-11.4744
1340298,-88011,-11.4721
1345298,-88022,-11.4767
1350299,-88033,-11.4744
1355300,-88045,-12.5175
1360301,-88056,-11.4744
1365301,-88067,-11.4767
1370303,-88078,-11.4721
1375305,-88090,-12.5150
1380307,-88101,-11.4721
1385309,-88112,-11.4721
1390309,-88123,-11.4767
1395310,-88135,-12.5175
1400312,-88146,-11.4721
1405314,-88157,-11.4721
1410314,-88169,-12.5200
1415315,-88180,-11.4744
1420317,-88192,-12.5150
1425317,-88203,-11.4767
1430318,-88215,-12.5175
1435319,-88226,-11.4744
1440320,-88238,-12.5175
1445322,-88249,-11.4721
1450324,-88261,-12.5150
1455327,-88272,-11.4698
1460328,-88284,-12.5175
1465328,-88295,-11.4767
1470329,-88307,-12.5175
1475331,-88318,-11.4721
1480333,-88330,-12.5150
1485333,-88342,-12.5200
1490333,-88353,-11.4767
1495334,-88365,-12.5175
1500336,-88377,-12.5150
1505338,-88388,-11.4721
1510339,-88400,-12.5175
1515339,-88412,-12.5200
1520339,-88423,-11.4767
1525341,-88435,-12.5150
1530342,-88447,-12.5175
1535344,-88459,-12.5150
1540345,-88471,-12.5175
1545347,-88482,-11.4721
1550349,-88494,-12.5150
1555349,-88506,-12.5200
1560349,-88518,-12.5200
1565352,-88530,-12.5125
1570353,-88541,-11.4744
1575355,-88553,-12.5150
1580355,-88565,-12.5200
1585355,-88577,-12.5200
1590355,-88589,-12.5200
1595357,-88601,-12.5150
1600358,-88613,-12.5175
1605360,-88625,-12.5150
1610361,-88637,-12.5175
1615363,-88649,-12.5150
1620364,-88661,-12.5175
1625366,-88673,-12.5150
1630368,-88685,-12.5150
1635369,-88697,-12.5175
1640371,-88709,-12.5150
1645373,-88720,-11.4721
1650374,-88732,-12.5175
1655374,-88744,-12.5200
1660374,-88756,-12.5200
1665374,-88768,-12.5200
1670376,-88780,-12.5150
1675377,-88792,-12.5175
1680379,-88804,-12.5150
1685380,-88816,-12.5175
1690382,-88828,-12.5150
1695384,-88840,-12.5150
1700385,-88852,-12.5175
1705387,-88864,-12.5150
1710388,-88876,-12.5175
1715390,-88888,-12.5150
1720392,-88899,-11.4721
1725394,-88911,-12.5150
1730396,-88923,-12.5150
1735396,-88935,-12.5200
1740396,-88947,-12.5200
1745398,-88959,-12.5150
1750399,-88971,-12.5175
1755401,-88983,-12.5150
1760403,-88995,-12.5150
1765404,-89007,-12.5175
1770406,-89019,-12.5150
1775408,-89030,-11.4721
1780409,-89042,-12.5175
1785409,-89054,-12.5200
1790409,-89066,-12.5200
1795409,-89077,-11.4767
1800409,-89089,-12.5200
1805410,-89100,-11.4744
1810411,-89112,-12.5175
1815412,-89123,-11.4744
1820413,-89135,-12.5175
1825413,-89146,-11.4767
1830414,-89158,-12.5175
1835415,-89169,-11.4744
1840416,-89180,-11.4744
1845417,-89192,-12.5175
1850418,-89203,-11.4744
1855420,-89214,-11.4721
1860420,-89226,-12.5200
1865422,-89237,-11.4721
1870422,-89249,-12.5200
1875422,-89260,-11.4767
1880422,-89271,-11.4767
1885423,-89283,-12.5175
1890425,-89294,-11.4721
1895426,-89306,-12.5175
1900427,-89317,-11.4744
1905428,-89329,-12.5175
1910430,-89341,-12.5150
1915431,-89352,-11.4744
1920433,-89364,-12.5150
1925433,-89375,-11.4767
1930434,-89387,-12.5175
1935436,-89398,-11.4721
1940438,-89410,-12.5150
1945438,-89422,-12.5200
1950438,-89434,-12.5200
1955441,-89445,-11.4698
1960441,-89457,-12.5200
1965442,-89469,-12.5175
1970443,-89480,-11.4744
1975444,-89492,-12.5175
1980446,-89504,-12.5150
1985447,-89516,-12.5175
1990449,-89527,-11.4721
1995451,-89539,-12.5150
2000454,-89551,-12.5125
2005457,-89563,-12.5125
2010457,-89575,-12.5200
2015458,-89587,-12.5175
2020460,-89599,-12.5150
2025462,-89611,-12.5150
2030463,-89623,-12.5175
2035465,-89635,-12.5150
2040466,-89647,-12.5175
2045468,-89659,-12.5150
2050469,-89671,-12.5175
2055471,-89683,-12.5150
2060473,-89695,-12.5150
2065474,-89707,-12.5175
2070476,-89719,-12.5150
2075477,-89731,-12.5175
2080479,-89743,-12.5150
2085481,-89755,-12.5150
2090482,-89767,-12.5175
2095484,-89779,-12.5150
2100485,-89791,-12.5175
2105487,-89803,-12.5150
2110488,-89815,-12.5175
2115490,-89827,-12.5150
2120492,-89839,-12.5150
2125493,-89851,-12.5175
2130495,-89863,-12.5150
2135497,-89876,-13.5580
2140498,-89888,-12.5175
2145500,-89900,-12.5150
2150501,-89912,-12.5175
2155503,-89924,-12.5150
2160504,-89936,-12.5175
2165506,-89948,-12.5150
2170507,-89961,-13.5607
2175509,-89973,-12.5150
2180511,-89985,-12.5150
2185512,-89997,-12.5175
2190514,-90009,-12.5150
2195516,-90022,-13.5580
2200517,-90034,-12.5175
2205519,-90046,-12.5150
2210520,-90058,-12.5175
2215522,-90070,-12.5150
2220523,-90082,-12.5175
2225525,-90095,-13.5580
2230527,-90107,-12.5150
2235528,-90119,-12.5175
2240530,-90131,-12.5150
2245531,-90143,-12.5175
2250533,-90156,-13.5580
2255535,-90168,-12.5150
2260536,-90180,-12.5175
2265538,-90192,-12.5150
2270539,-90204,-12.5175
2275541,-90216,-12.5150
2280542,-90228,-12.5175
2285544,-90240,-12.5150
2290546,-90252,-12.5150
2295547,-90264,-12.5175
2300549,-90275,-11.4721
2305550,-90287,-12.5175
2310551,-90299,-12.5175
2315552,-90310,-11.4744
2320552,-90322,-12.5200
2325552,-90333,-11.4767
2330552,-90345,-12.5200
2335553,-90356,-11.4744
2340554,-90368,-12.5175
2345555,-90379,-11.4744
2350556,-90391,-12.5175
2355557,-90402,-11.4744
2360557,-90414,-12.5200
2365558,-90425,-11.4744
2370559,-90437,-12.5175
2375560,-90448,-11.4744
2380560,-90460,-12.5200
2385561,-90471,-11.4744
2390562,-90483,-12.5175
2395563,-90494,-11.4744
2400564,-90506,-12.5175
2405565,-90517,-11.4744
2410565,-90529,-12.5200
2415566,-90540,-11.4744
2420567,-90552,-12.5175
2425568,-90564,-12.5175
2430570,-90575,-11.4721
2435572,-90587,-12.5150
2440574,-90599,-12.5150
2445574,-90611,-12.5200
2450574,-90622,-11.4767
2455575,-90634,-12.5175
2460576,-90646,-12.5175
2465576,-90658,-12.5200
2470578,-90670,-12.5150
2475579,-90682,-12.5175
2480579,-90694,-12.5200
2485581,-90706,-12.5150
2490582,-90718,-12.5175
2495583,-90729,-11.4744
2500584,-90741,-12.5175
2505586,-90753,-12.5150
2510587,-90765,-12.5175
2515589,-90777,-12.5150
2520590,-90789,-12.5175
2525592,-90801,-12.5150
2530593,-90813,-12.5175
2535595,-90825,-12.5150
2540596,-90837,-12.5175
2545598,-90850,-13.5580
2550600,-90862,-12.5150
2555601,-90874,-12.5175
2560603,-90886,-12.5150
2565605,-90898,-12.5150
2570606,-90910,-12.5175
2575608,-90922,-12.5150
2580609,-90934,-12.5175
2585611,-90947,-13.5580
2590612,-90959,-12.5175
2595614,-90971,-12.5150
2600616,-90983,-12.5150
2605617,-90996,-13.5607
2610619,-91008,-12.5150
2615620,-91020,-12.5175
2620622,-91032,-12.5150
2625624,-91045,-13.5580
2630625,-91057,-12.5175
2635627,-91069,-12.5150
2640628,-91082,-13.5607
2645630,-91094,-12.5150
2650631,-91106,-12.5175
2655633,-91119,-13.5580
2660635,-91131,-12.5150
2665636,-91143,-12.5175
2670638,-91156,-13.5580
2675640,-91168,-12.5150
2680641,-91181,-13.5607
2685643,-91193,-12.5150
2690644,-91205,-12.5175
2695646,-91218,-13.5580
2700647,-91230,-12.5175
2705649,-91243,-13.5580
2710651,-91255,-12.5150
2715652,-91268,-13.5607
2720654,-91280,-12.5150
2725655,-91292,-12.5175
2730657,-91305,-13.5580
2735659,-91317,-12.5150
2740660,-91330,-13.5607
2745662,-91342,-12.5150
2750663,-91355,-13.5607
2755665,-91367,-12.5150
2760666,-91380,-13.5607
2765668,-91392,-12.5150
2770670,-91404,-12.5150
2775671,-91417,-13.5607
2780673,-91429,-12.5150
2785675,-91441,-12.5150
2790676,-91454,-13.5607
2795678,-91466,-12.5150
2800679,-91478,-12.5175
2805681,-91490,-12.5150
2810682,-91502,-12.5175
2815684,-91514,-12.5150
2820685,-91526,-12.5175
2825687,-91538,-12.5150
2830689,-91550,-12.5150
2835690,-91562,-12.5175
2840692,-91574,-12.5150
2845694,-91586,-12.5150
2850695,-91598,-12.5175
2855697,-91610,-12.5150
2860698,-91621,-11.4744
2865700,-91633,-12.5150
2870700,-91645,-12.5200
2875702,-91657,-12.5150
2880703,-91669,-12.5175
2885703,-91681,-12.5200
2890705,-91693,-12.5150
2895706,-91705,-12.5175
2900707,-91717,-12.5175
2905708,-91729,-12.5175
2910709,-91741,-12.5175
2915710,-91753,-12.5175
2920711,-91765,-12.5175
2925712,-91777,-12.5175
2930713,-91789,-12.5175
2935714,-91801,-12.5175
2940716,-91814,-13.5580
2945716,-91826,-12.5200
2950718,-91838,-12.5150
2955719,-91850,-12.5175
2960719,-91862,-12.5200
2965721,-91874,-12.5150
2970722,-91886,-12.5175
2975722,-91898,-12.5200
2980724,-91911,-13.5580
2985725,-91923,-12.5175
2990726,-91935,-12.5175
2995727,-91947,-12.5175
3000728,-91959,-12.5175
3005729,-91972,-13.5607
3010730,-91984,-12.5175
3015731,-91996,-12.5175
3020732,-92009,-13.5607
3025733,-92021,-12.5175
3030735,-92033,-12.5150
3035735,-92046,-13.5634
3040737,-92058,-12.5150
3045738,-92071,-13.5607
3050738,-92083,-12.5200
3055740,-92095,-12.5150
3060741,-92108,-13.5607
3065742,-92120,-12.5175
3070743,-92133,-13.5607
3075744,-92145,-12.5175
3080745,-92158,-13.5607
3085746,-92170,-12.5175
3090747,-92183,-13.5607
3095748,-92195,-12.5175
3100749,-92208,-13.5607
3105751,-92220,-12.5150
3110751,-92233,-13.5634
3115753,-92246,-13.5580
3120754,-92258,-12.5175
3125754,-92271,-13.5634
3130756,-92284,-13.5580
3135757,-92296,-12.5175
3140757,-92309,-13.5634
3145759,-92322,-13.5580
3150760,-92335,-13.5607
3155761,-92347,-12.5175
3160762,-92360,-13.5607
3165763,-92373,-13.5607
3170764,-92385,-12.5175
3175765,-92398,-13.5607
3180766,-92411,-13.5607
3185767,-92424,-13.5607
3190768,-92436,-12.5175
3195770,-92449,-13.5580
3200770,-92462,-13.5634
3205772,-92475,-13.5580
3210773,-92488,-13.5607
3215773,-92501,-13.5634
3220775,-92513,-12.5150
3225776,-92526,-13.5607
3230776,-92539,-13.5634
3235778,-92552,-13.5580
3240779,-92565,-13.5607
3245780,-92577,-12.5175
3250781,-92590,-13.5607
3255782,-92603,-13.5607
3260783,-92616,-13.5607
3265784,-92628,-12.5175
3270786,-92641,-13.5580
3275786,-92654,-13.5634
3280787,-92666,-12.5175
3285789,-92679,-13.5580
3290789,-92691,-12.5200
3295791,-92703,-12.5150
3300792,-92716,-13.5607
3305792,-92728,-12.5200
3310794,-92741,-13.5580
3315795,-92753,-12.5175
3320796,-92765,-12.5175
3325797,-92777,-12.5175
3330798,-92790,-13.5607
3335799,-92802,-12.5175
3340800,-92814,-12.5175
3345801,-92826,-12.5175
3350802,-92839,-13.5607
3355803,-92851,-12.5175
3360805,-92863,-12.5150
3365805,-92875,-12.5200
3370807,-92887,-12.5150
3375808,-92900,-13.5607
3380808,-92912,-12.5200
3385810,-92924,-12.5150
3390811,-92936,-12.5175
3395811,-92949,-13.5634
3400813,-92961,-12.5150
3405814,-92973,-12.5175
3410815,-92986,-13.5607
3415816,-92998,-12.5175
3420817,-93010,-12.5175
3425818,-93022,-12.5175
3430819,-93035,-13.5607
3435820,-93047,-12.5175
3440821,-93060,-13.5607
3445822,-93072,-12.5175
3450824,-93084,-12.5150
3455824,-93097,-13.5634
3460826,-93109,-12.5150
3465827,-93122,-13.5607
3470827,-93134,-12.5200
3475829,-93147,-13.5580
3480830,-93159,-12.5175
3485831,-93172,-13.5607
3490832,-93185,-13.5607
3495833,-93197,-12.5175
3500834,-93210,-13.5607
3505835,-93223,-13.5607
3510836,-93235,-12.5175
3515837,-93248,-13.5607
3520838,-93261,-13.5607
3525840,-93274,-13.5580
3530840,-93286,-12.5200
3535842,-93299,-13.5580
3540843,-93312,-13.5607
3545843,-93325,-13.5634
3550845,-93338,-13.5580
3555846,-93350,-12.5175
3560846,-93363,-13.5634
3565848,-93376,-13.5580
3570849,-93389,-13.5607
3575850,-93402,-13.5607
3580851,-93415,-13.5607
3585852,-93428,-13.5607
3590853,-93441,-13.5607
3595854,-93454,-13.5607
3600855,-93466,-12.5175
3605856,-93479,-13.5607
3610857,-93492,-13.5607
3615859,-93505,-13.5580
3620859,-93518,-13.5634
3625861,-93531,-13.5580
3630862,-93544,-13.5607
3635862,-93557,-13.5634
3640864,-93570,-13.5580
3645865,-93583,-13.5607
3650865,-93596,-13.5634
3655867,-93609,-13.5580
3660868,-93622,-13.5607
3665869,-93635,-13.5607
3670870,-93648,-13.5607
3675871,-93661,-13.5607
3680872,-93674,-13.5607
3685873,-93687,-13.5607
3690875,-93700,-13.5580
3695875,-93713,-13.5634
3700876,-93726,-13.5607
3705878,-93739,-13.5580
3710878,-93752,-13.5634
3715880,-93765,-13.5580
3720881,-93778,-13.5607
3725881,-93791,-13.5634
3730883,-93804,-13.5580
3735884,-93816,-12.5175
3740885,-93829,-13.5607
3745886,-93842,-13.5607
3750887,-93855,-13.5607
3755888,-93868,-13.5607
3760889,-93880,-12.5175
3765890,-93893,-13.5607
3770891,-93906,-13.5607
3775892,-93918,-12.5175
3780894,-93931,-13.5580
3785894,-93943,-12.5200
3790896,-93956,-13.5580
3795897,-93968,-12.5175
3800897,-93981,-13.5634
3805899,-93993,-12.5150
3810900,-94005,-12.5175
3815900,-94018,-13.5634
3820902,-94030,-12.5150
3825903,-94042,-12.5175
3830904,-94055,-13.5607
3835905,-94067,-12.5175
3840906,-94080,-13.5607
3845907,-94092,-12.5175
3850908,-94104,-12.5175
3855909,-94117,-13.5607
3860910,-94129,-12.5175
3865911,-94141,-12.5175
3870913,-94154,-13.5580
3875913,-94166,-12.5200
3880915,-94179,-13.5580
3885916,-94191,-12.5175
3890916,-94204,-13.5634
3895918,-94216,-12.5150
3900919,-94229,-13.5607
3905920,-94241,-12.5175
3910921,-94254,-13.5607
3915922,-94267,-13.5607
3920923,-94279,-12.5175
3925924,-94292,-13.5607
3930925,-94305,-13.5607
3935926,-94317,-12.5175
3940927,-94330,-13.5607
3945929,-94343,-13.5580
3950929,-94355,-12.5200
3955931,-94368,-13.5580
3960932,-94381,-13.5607
3965932,-94394,-13.5634
3970934,-94406,-12.5150
3975935,-94419,-13.5607
3980935,-94432,-13.5634
3985937,-94445,-13.5580
3990938,-94458,-13.5607
3995939,-94471,-13.5607
4000940,-94484,-13.5607
4005942,-94497,-13.5580
4010944,-94510,-13.5580
4015945,-94523,-13.5607
4020945,-94536,-13.5634
4025945,-94549,-13.5634
4030945,-94562,-13.5634
4035945,-94575,-13.5634
4040945,-94588,-13.5634
4045945,-94601,-13.5634
4050945,-94614,-13.5634
4055945,-94627,-13.5634
4060945,-94640,-13.5634
4065945,-94653,-13.5634
4070945,-94666,-13.5634
4075945,-94679,-13.5634
4080945,-94692,-13.5634
4085945,-94705,-13.5634
4090945,-94718,-13.5634
4095945,-94731,-13.5634
4100945,-94744,-13.5634
4105945,-94757,-13.5634
4110945,-94770,-13.5634
4115945,-94783,-13.5634
4120945,-94796,-13.5634
4125945,-94809,-13.5634
4130945,-94822,-13.5634
4135945,-94835,-13.5634
4140945,-94848,-13.5634
4145945,-94861,-13.5634
4150945,-94874,-13.5634
4155945,-94887,-13.5634
4160945,-94900,-13.5634
4165945,-94913,-13.5634
4170945,-94926,-13.5634
4175945,-94939,-13.5634
4180945,-94952,-13.5634
4185945,-94965,-13.5634
4190945,-94978,-13.5634
4195945,-94990,-12.5200
4200945,-95003,-13.5634
4205945,-95016,-13.5634
4210945,-95029,-13.5634
4215945,-95042,-13.5634
4220945,-95055,-13.5634
4225945,-95068,-13.5634
4230945,-95080,-12.5200
4235945,-95093,-13.5634
4240945,-95105,-12.5200
4245945,-95118,-13.5634
4250945,-95131,-13.5634
4255945,-95143,-12.5200
4260945,-95155,-12.5200
4265945,-95168,-13.5634
4270945,-95180,-12.5200
4275945,-95193,-13.5634
4280945,-95205,-12.5200
4285945,-95217,-12.5200
4290945,-95230,-13.5634
4295945,-95242,-12.5200
4300945,-95254,-12.5200
4305945,-95267,-13.5634
4310945,-95279,-12.5200
4315945,-95292,-13.5634
4320945,-95304,-12.5200
4325945,-95316,-12.5200
4330945,-95329,-13.5634
4335945,-95341,-12.5200
4340945,-95353,-12.5200
4345945,-95366,-13.5634
4350945,-95378,-12.5200
4355945,-95391,-13.5634
4360945,-95403,-12.5200
4365945,-95415,-12.5200
4370945,-95428,-13.5634
4375945,-95440,-12.5200
4380945,-95453,-13.5634
4385945,-95465,-12.5200
4390945,-95478,-13.5634
4395945,-95491,-13.5634
4400945,-95503,-12.5200
4405945,-95516,-13.5634
4410945,-95528,-12.5200
4415945,-95541,-13.5634
4420945,-95554,-13.5634
4425945,-95566,-12.5200
4430945,-95579,-13.5634
4435945,-95592,-13.5634
4440945,-95604,-12.5200
4445945,-95617,-13.5634
4450945,-95630,-13.5634
4455945,-95643,-13.5634
4460945,-95656,-13.5634
4465945,-95668,-12.5200
4470945,-95681,-13.5634
4475945,-95694,-13.5634
4480945,-95707,-13.5634
4485945,-95720,-13.5634
4490945,-95733,-13.5634
4495945,-95746,-13.5634
4500945,-95759,-13.5634
4505945,-95772,-13.5634
4510945,-95785,-13.5634
4515945,-95798,-13.5634
4520945,-95811,-13.5634
4525945,-95824,-13.5634
4530945,-95837,-13.5634
4535945,-95850,-13.5634
4540945,-95863,-13.5634
4545945,-95876,-13.5634
4550945,-95889,-13.5634
4555945,-95902,-13.5634
4560945,-95915,-13.5634
4565945,-95928,-13.5634
4570945,-95941,-13.5634
4575945,-95954,-13.5634
4580945,-95967,-13.5634
4585945,-95981,-14.6067
4590945,-95994,-13.5634
4595945,-96007,-13.5634
4600945,-96020,-13.5634
4605945,-96033,-13.5634
4610945,-96046,-13.5634
4615945,-96059,-13.5634
4620945,-96072,-13.5634
4625945,-96085,-13.5634
4630945,-96098,-13.5634
4635945,-96111,-13.5634
4640945,-96125,-14.6067
4645945,-96138,-13.5634
4650945,-96151,-13.5634
4655945,-96164,-13.5634
4660945,-96177,-13.5634
4665945,-96190,-13.5634
4670945,-96203,-13.5634
4675945,-96216,-13.5634
4680945,-96228,-12.5200
4685945,-96241,-13.5634
4690945,-96254,-13.5634
4695945,-96267,-13.5634
4700945,-96280,-13.5634
4705945,-96292,-12.5200
4710945,-96305,-13.5634
4715945,-96318,-13.5634
4720945,-96330,-12.5200
4725945,-96343,-13.5634
4730945,-96355,-12.5200
4735945,-96368,-13.5634
4740945,-96380,-12.5200
4745945,-96393,-13.5634
4750945,-96405,-12.5200
4755945,-96418,-13.5634
4760945,-96430,-12.5200
4765945,-96443,-13.5634
4770945,-96455,-12.5200
4775945,-96468,-13.5634
4780945,-96480,-12.5200
4785945,-96493,-13.5634
4790945,-96505,-12.5200
4795945,-96518,-13.5634
4800945,-96531,-13.5634
4805945,-96543,-12.5200
4810945,-96556,-13.5634
4815945,-96568,-12.5200
4820945,-96581,-13.5634
4825945,-96594,-13.5634
4830945,-96606,-12.5200
4835945,-96619,-13.5634
4840945,-96632,-13.5634
4845945,-96644,-12.5200
4850945,-96657,-13.5634
4855945,-96670,-13.5634
4860945,-96683,-13.5634
4865945,-96696,-13.5634
4870945,-96708,-12.5200
4875945,-96721,-13.5634
4880945,-96734,-13.5634
4885945,-96747,-13.5634
4890945,-96760,-13.5634
4895945,-96773,-13.5634
4900945,-96786,-13.5634
4905945,-96799,-13.5634
4910945,-96812,-13.5634
4915945,-96825,-13.5634
4920945,-96838,-13.5634
4925945,-96851,-13.5634
4930945,-96864,-13.5634
4935945,-96877,-13.5634
4940945,-96890,-13.5634
4945945,-96903,-13.5634
4950945,-96916,-13.5634
4955945,-96929,-13.5634
4960945,-96943,-14.6067
4965945,-96956,-13.5634
4970945,-96969,-13.5634
4975945,-96982,-13.5634
4980945,-96995,-13.5634
4985945,-97008,-13.5634
4990945,-97021,-13.5634
4995945,-97034,-13.5634
5000945,-97048,-14.6067
5005945,-97061,-13.5634
5010945,-97074,-13.5634
5015945,-97087,-13.5634
5020945,-97100,-13.5634
5025945,-97114,-14.6067
5030945,-97127,-13.5634
5035945,-97140,-13.5634
5040945,-97153,-13.5634
5045945,-97167,-14.6067
5050945,-97180,-13.5634
5055945,-97193,-13.5634
5060945,-97206,-13.5634
5065945,-97220,-14.6067
5070945,-97233,-13.5634
5075945,-97246,-13.5634
5080945,-97260,-14.6067
5085945,-97273,-13.5634
5090945,-97286,-13.5634
5095945,-97299,-13.5634
5100945,-97313,-14.6067
5105945,-97326,-13.5634
5110945,-97339,-13.5634
5115945,-97352,-13.5634
5120945,-97366,-14.6067
5125945,-97379,-13.5634
5130945,-97392,-13.5634
5135945,-97405,-13.5634
5140945,-97418,-13.5634
5145945,-97431,-13.5634
5150945,-97445,-14.6067
5155945,-97458,-13.5634
5160945,-97471,-13.5634
5165945,-97484,-13.5634
5170945,-97497,-13.5634
5175945,-97510,-13.5634
5180945,-97523,-13.5634
5185945,-97536,-13.5634
5190945,-97549,-13.5634
5195945,-97561,-12.5200
5200945,-97574,-13.5634
5205945,-97587,-13.5634
5210945,-97599,-12.5200
5215945,-97612,-13.5634
5220945,-97625,-13.5634
5225945,-97637,-12.5200
5230945,-97650,-13.5634
5235945,-97663,-13.5634
5240945,-97675,-12.5200
5245945,-97688,-13.5634
5250945,-97700,-12.5200
5255945,-97713,-13.5634
5260945,-97726,-13.5634
5265945,-97738,-12.5200
5270945,-97751,-13.5634
5275945,-97764,-13.5634
5280945,-97776,-12.5200
5285945,-97789,-13.5634
5290945,-97802,-13.5634
5295945,-97814,-12.5200
5300945,-97827,-13.5634
5305945,-97840,-13.5634
5310945,-97853,-13.5634
5315945,-97865,-12.5200
5320945,-97878,-13.5634
5325945,-97891,-13.5634
5330945,-97904,-13.5634
5335945,-97917,-13.5634
5340945,-97930,-13.5634
5345945,-97942,-12.5200
5350945,-97955,-13.5634
5355945,-97968,-13.5634
5360945,-97981,-13.5634
5365945,-97994,-13.5634
5370945,-98007,-13.5634
5375945,-98020,-13.5634
5380945,-98033,-13.5634
5385945,-98046,-13.5634
5390945,-98059,-13.5634
5395945,-98072,-13.5634
5400945,-98085,-13.5634
5405945,-98098,-13.5634
5410945,-98112,-14.6067
5415945,-98125,-13.5634
5420945,-98138,-13.5634
5425945,-98151,-13.5634
5430945,-98164,-13.5634
5435945,-98177,-13.5634
5440945,-98190,-13.5634
5445945,-98203,-13.5634
5450945,-98217,-14.6067
5455945,-98230,-13.5634
5460945,-98243,-13.5634
5465945,-98256,-13.5634
5470945,-98269,-13.5634
5475945,-98283,-14.6067
5480945,-98296,-13.5634
5485945,-98309,-13.5634
5490945,-98323,-14.6067
5495945,-98336,-13.5634
5500945,-98349,-13.5634
5505945,-98362,-13.5634
5510945,-98376,-14.6067
5515945,-98389,-13.5634
5520945,-98402,-13.5634
5525945,-98416,-14.6067
5530945,-98429,-13.5634
5535945,-98442,-13.5634
5540945,-98456,-14.6067
5545945,-98469,-13.5634
5550945,-98483,-14.6067
5555945,-98496,-13.5634
5560945,-98509,-13.5634
5565945,-98523,-14.6067
5570945,-98536,-13.5634
5575945,-98550,-14.6067
5580945,-98563,-13.5634
5585945,-98576,-13.5634
5590945,-98590,-14.6067
5595945,-98603,-13.5634
5600945,-98616,-13.5634
5605945,-98630,-14.6067
5610945,-98643,-13.5634
5615945,-98656,-13.5634
5620945,-98670,-14.6067
5625945,-98683,-13.5634
5630945,-98696,-13.5634
5635945,-98709,-13.5634
5640945,-98722,-13.5634
5645945,-98735,-13.5634
5650945,-98748,-13.5634
5655945,-98761,-13.5634
5660945,-98774,-13.5634
5665945,-98787,-13.5634
5670945,-98800,-13.5634
5675945,-98813,-13.5634
5680945,-98826,-13.5634
5685945,-98839,-13.5634
5690945,-98852,-13.5634
5695945,-98865,-13.5634
5700945,-98878,-13.5634
5705945,-98891,-13.5634
5710945,-98904,-13.5634
5715945,-98916,-12.5200
5720945,-98929,-13.5634
5725945,-98942,-13.5634
5730945,-98955,-13.5634
5735945,-98968,-13.5634
5740945,-98981,-13.5634
5745945,-98994,-13.5634
5750945,-99007,-13.5634
5755945,-99020,-13.5634
5760945,-99033,-13.5634
5765945,-99046,-13.5634
5770945,-99058,-12.5200
5775945,-99071,-13.5634
5780945,-99084,-13.5634
5785945,-99097,-13.5634
5790945,-99110,-13.5634
5795945,-99123,-13.5634
5800945,-99136,-13.5634
5805945,-99149,-13.5634
5810945,-99163,-14.6067
5815945,-99176,-13.5634
5820945,-99189,-13.5634
5825945,-99202,-13.5634
5830945,-99215,-13.5634
5835945,-99228,-13.5634
5840945,-99241,-13.5634
5845945,-99254,-13.5634
5850945,-99267,-13.5634
5855945,-99281,-14.6067
5860945,-99294,-13.5634
5865945,-99307,-13.5634
5870945,-99320,-13.5634
5875945,-99333,-13.5634
5880945,-99347,-14.6067
5885945,-99360,-13.5634
5890945,-99373,-13.5634
5895945,-99386,-13.5634
5900945,-99400,-14.6067
5905945,-99413,-13.5634
5910945,-99427,-14.6067
5915945,-99440,-13.5634
5920945,-99454,-14.6067
5925945,-99467,-13.5634
5930945,-99480,-13.5634
5935945,-99494,-14.6067
5940945,-99507,-13.5634
5945945,-99521,-14.6067
5950945,-99534,-13.5634
5955945,-99548,-14.6067
5960945,-99561,-13.5634
5965945,-99575,-14.6067
5970945,-99588,-13.5634
5975945,-99602,-14.6067
5980945,-99615,-13.5634
5985945,-99629,-14.6067
5990945,-99642,-13.5634
5995945,-99656,-14.6067
6000945,-99669,-13.5634
6005945,-99683,-14.6067
6010945,-99696,-13.5634
6015945,-99710,-14.6067
6020945,-99723,-13.5634
6025945,-99737,-14.6067
6030945,-99750,-13.5634
6035945,-99764,-14.6067
6040945,-99777,-13.5634
6045945,-99791,-14.6067
6050945,-99804,-13.5634
6055945,-99818,-14.6067
6060945,-99831,-13.5634
6065945,-99844,-13.5634
6070945,-99858,-14.6067
6075945,-99871,-13.5634
6080945,-99884,-13.5634
6085945,-99898,-14.6067
6090945,-99911,-13.5634
6095945,-99924,-13.5634
6100945,-99937,-13.5634
6105945,-99950,-13.5634
6110945,-99963,-13.5634
6115945,-99976,-13.5634
6120945,-99989,-13.5634
6125945,-100002,-13.5634
6130945,-100015,-13.5634
6135945,-100028,-13.5634
6140945,-100041,-13.5634
6145945,-100054,-13.5634
6150945,-100066,-12.5200
6155945,-100079,-13.5634
6160945,-100092,-13.5634
6165945,-100105,-13.5634
6170945,-100117,-12.5200
6175945,-100130,-13.5634
6180945,-100143,-13.5634
6185945,-100156,-13.5634
6190945,-100169,-13.5634
6195945,-100181,-12.5200
6200945,-100194,-13.5634
6205945,-100207,-13.5634
6210945,-100220,-13.5634
6215945,-100233,-13.5634
6220945,-100246,-13.5634
6225945,-100258,-12.5200
6230945,-100271,-13.5634
6235945,-100284,-13.5634
6240945,-100297,-13.5634
6245945,-100310,-13.5634
6250945,-100323,-13.5634
6255945,-100336,-13.5634
6260945,-100349,-13.5634
6265945,-100362,-13.5634
6270945,-100375,-13.5634
6275945,-100388,-13.5634
6280945,-100401,-13.5634
6285945,-100414,-13.5634
6290945,-100427,-13.5634
6295945,-100440,-13.5634
6300945,-100453,-13.5634
6305945,-100466,-13.5634
6310945,-100479,-13.5634
6315945,-100492,-13.5634
6320945,-100505,-13.5634
6325945,-100519,-14.6067
6330945,-100532,-13.5634
6335945,-100545,-13.5634
6340945,-100558,-13.5634
6345945,-100571,-13.5634
6350945,-100584,-13.5634
6355945,-100597,-13.5634
6360945,-100610,-13.5634
6365945,-100624,-14.6067
6370945,-100637,-13.5634
6375945,-100650,-13.5634
6380945,-100663,-13.5634
6385945,-100676,-13.5634
6390945,-100690,-14.6067
6395945,-100703,-13.5634
6400945,-100716,-13.5634
6405945,-100729,-13.5634
6410945,-100742,-13.5634
6415945,-100756,-14.6067
6420945,-100769,-13.5634
6425945,-100783,-14.6067
6430945,-100796,-13.5634
6435945,-100809,-13.5634
6440945,-100822,-13.5634
6445945,-100836,-14.6067
6450945,-100849,-13.5634
6455945,-100863,-14.6067
6460945,-100876,-13.5634
6465945,-100889,-13.5634
6470945,-100903,-14.6067
6475945,-100916,-13.5634
6480945,-100930,-14.6067
6485945,-100943,-13.5634
6490945,-100956,-13.5634
6495945,-100970,-14.6067
6500945,-100983,-13.5634
6505945,-100996,-13.5634
6510945,-101010,-14.6067
6515945,-101023,-13.5634
6520945,-101036,-13.5634
6525945,-101050,-14.6067
6530945,-101063,-13.5634
6535945,-101076,-13.5634
6540945,-101089,-13.5634
6545945,-101102,-13.5634
6550945,-101116,-14.6067
6555945,-101129,-13.5634
6560945,-101142,-13.5634
6565945,-101155,-13.5634
6570945,-101168,-13.5634
6575945,-101181,-13.5634
6580945,-101193,-12.5200
6585945,-101206,-13.5634
6590945,-101219,-13.5634
6595945,-101232,-13.5634
6600945,-101244,-12.5200
6605945,-101257,-13.5634
6610945,-101270,-13.5634
6615945,-101283,-13.5634
6620945,-101295,-12.5200
6625945,-101308,-13.5634
6630945,-101321,-13.5634
6635945,-101334,-13.5634
6640945,-101346,-12.5200
6645945,-101359,-13.5634
6650945,-101372,-13.5634
6655945,-101385,-13.5634
6660945,-101398,-13.5634
6665945,-101410,-12.5200
6670945,-101423,-13.5634
6675945,-101436,-13.5634
6680945,-101449,-13.5634
6685945,-101462,-13.5634
6690945,-101474,-12.5200
6695945,-101487,-13.5634
6700945,-101500,-13.5634
6705945,-101513,-13.5634
6710945,-101526,-13.5634
6715945,-101539,-13.5634
6720945,-101552,-13.5634
6725945,-101565,-13.5634
6730945,-101578,-13.5634
6735945,-101591,-13.5634
6740945,-101604,-13.5634
6745945,-101618,-14.6067
6750945,-101631,-13.5634
6755945,-101644,-13.5634
6760945,-101657,-13.5634
6765945,-101670,-13.5634
6770945,-101683,-13.5634
6775945,-101696,-13.5634
6780945,-101710,-14.6067
6785945,-101723,-13.5634
6790945,-101736,-13.5634
6795945,-101749,-13.5634
6800945,-101762,-13.5634
6805945,-101775,-13.5634
6810945,-101788,-13.5634
6815945,-101802,-14.6067
6820945,-101815,-13.5634
6825945,-101828,-13.5634
6830945,-101841,-13.5634
6835945,-101854,-13.5634
6840945,-101868,-14.6067
6845945,-101881,-13.5634
6850945,-101894,-13.5634
6855945,-101907,-13.5634
6860945,-101921,-14.6067
6865945,-101934,-13.5634
6870945,-101947,-13.5634
6875945,-101960,-13.5634
6880945,-101974,-14.6067
6885945,-101987,-13.5634
6890945,-102000,-13.5634
6895945,-102014,-14.6067
6900945,-102027,-13.5634
6905945,-102040,-13.5634
6910945,-102054,-14.6067
6915945,-102067,-13.5634
6920945,-102081,-14.6067
6925945,-102094,-13.5634
6930945,-102107,-13.5634
6935945,-102121,-14.6067
6940945,-102134,-13.5634
6945945,-102147,-13.5634
6950945,-102161,-14.6067
6955945,-102174,-13.5634
6960945,-102188,-14.6067
6965945,-102201,-13.5634
6970945,-102214,-13.5634
6975945,-102228,-14.6067
6980945,-102241,-13.5634
6985945,-102254,-13.5634
6990945,-102268,-14.6067
6995945,-102281,-13.5634
7000945,-102295,-14.6067
7005945,-102308,-13.5634
7010945,-102321,-13.5634
7015945,-102334,-13.5634
7020945,-102348,-14.6067
7025945,-102361,-13.5634
7030945,-102374,-13.5634
7035945,-102387,-13.5634
7040945,-102400,-13.5634
7045945,-102413,-13.5634
7050945,-102426,-13.5634
7055945,-102440,-14.6067
7060945,-102453,-13.5634
7065945,-102466,-13.5634
7070945,-102479,-13.5634
7075945,-102492,-13.5634
7080945,-102505,-13.5634
7085945,-102519,-14.6067
7090945,-102532,-13.5634
7095945,-102545,-13.5634
7100945,-102558,-13.5634
7105945,-102572,-14.6067
7110945,-102585,-13.5634
7115945,-102598,-13.5634
7120945,-102611,-13.5634
7125945,-102625,-14.6067
7130945,-102638,-13.5634
7135945,-102651,-13.5634
7140945,-102664,-13.5634
7145945,-102678,-14.6067
7150945,-102691,-13.5634
7155945,-102704,-13.5634
7160945,-102718,-14.6067
7165945,-102731,-13.5634
7170945,-102744,-13.5634
7175945,-102758,-14.6067
7180945,-102771,-13.5634
7185945,-102785,-14.6067
7190945,-102798,-13.5634
7195945,-102811,-13.5634
7200945,-102825,-14.6067
7205945,-102838,-13.5634
7210945,-102852,-14.6067
7215945,-102865,-13.5634
7220945,-102879,-14.6067
7225945,-102892,-13.5634
7230945,-102906,-14.6067
7235945,-102919,-13.5634
7240945,-102933,-14.6067
7245945,-102947,-14.6067
7250945,-102960,-13.5634
7255945,-102974,-14.6067
7260945,-102987,-13.5634
7265945,-103001,-14.6067
7270945,-103015,-14.6067
7275945,-103029,-14.6067
7280945,-103042,-13.5634
7285945,-103056,-14.6067
7290945,-103070,-14.6067
7295945,-103083,-13.5634
7300945,-103097,-14.6067
7305945,-103111,-14.6067
7310945,-103125,-14.6067
7315945,-103138,-13.5634
7320945,-103152,-14.6067
7325945,-103166,-14.6067
7330945,-103179,-13.5634
7335945,-103193,-14.6067
7340945,-103207,-14.6067
7345945,-103221,-14.6067
7350945,-103234,-13.5634
7355945,-103248,-14.6067
7360945,-103262,-14.6067
7365945,-103276,-14.6067
7370945,-103289,-13.5634
7375945,-103303,-14.6067
7380945,-103317,-14.6067
7385945,-103331,-14.6067
7390945,-103345,-14.6067
7395945,-103358,-13.5634
7400945,-103372,-14.6067
7405945,-103386,-14.6067
7410945,-103400,-14.6067
7415945,-103413,-13.5634
7420945,-103427,-14.6067
7425945,-103441,-14.6067
7430945,-103454,-13.5634
7435945,-103468,-14.6067
7440945,-103481,-13.5634
7445945,-103495,-14.6067
7450945,-103508,-13.5634
7455945,-103522,-14.6067
7460945,-103535,-13.5634
7465945,-103548,-13.5634
7470945,-103562,-14.6067
7475945,-103575,-13.5634
7480945,-103588,-13.5634
7485945,-103601,-13.5634
7490945,-103614,-13.5634
7495945,-103627,-13.5634
7500945,-103640,-13.5634
7505945,-103654,-14.6067
7510945,-103667,-13.5634
7515945,-103680,-13.5634
7520945,-103693,-13.5634
7525945,-103706,-13.5634
7530945,-103719,-13.5634
7535945,-103732,-13.5634
7540945,-103745,-13.5634
7545945,-103758,-13.5634
7550945,-103771,-13.5634
7555945,-103784,-13.5634
7560945,-103798,-14.6067
7565945,-103811,-13.5634
7570945,-103824,-13.5634
7575945,-103837,-13.5634
7580945,-103850,-13.5634
7585945,-103863,-13.5634
7590945,-103876,-13.5634
7595945,-103890,-14.6067
7600945,-103903,-13.5634
7605945,-103916,-13.5634
7610945,-103929,-13.5634
7615945,-103942,-13.5634
7620945,-103955,-13.5634
7625945,-103969,-14.6067
7630945,-103982,-13.5634
7635945,-103995,-13.5634
7640945,-104008,-13.5634
7645945,-104021,-13.5634
7650945,-104034,-13.5634
7655945,-104048,-14.6067
7660945,-104061,-13.5634
7665945,-104074,-13.5634
7670945,-104087,-13.5634
7675945,-104101,-14.6067
7680945,-104114,-13.5634
7685945,-104127,-13.5634
7690945,-104141,-14.6067
7695945,-104154,-13.5634
7700945,-104167,-13.5634
7705945,-104181,-14.6067
7710945,-104194,-13.5634
7715945,-104207,-13.5634
7720945,-104221,-14.6067
7725945,-104234,-13.5634
7730945,-104247,-13.5634
7735945,-104261,-14.6067
7740945,-104274,-13.5634
7745945,-104288,-14.6067
7750945,-104301,-13.5634
7755945,-104314,-13.5634
7760945,-104328,-14.6067
7765945,-104341,-13.5634
7770945,-104355,-14.6067
7775945,-104368,-13.5634
7780945,-104382,-14.6067
7785945,-104395,-13.5634
7790945,-104409,-14.6067
7795945,-104422,-13.5634
7800945,-104436,-14.6067
7805945,-104450,-14.6067
7810945,-104463,-13.5634
7815945,-104477,-14.6067
7820945,-104491,-14.6067
7825945,-104504,-13.5634
7830945,-104518,-14.6067
7835945,-104531,-13.5634
7840945,-104545,-14.6067
7845945,-104559,-14.6067
7850945,-104572,-13.5634
7855945,-104586,-14.6067
7860945,-104600,-14.6067
7865945,-104613,-13.5634
7870945,-104627,-14.6067
7875945,-104640,-13.5634
7880945,-104654,-14.6067
7885945,-104668,-14.6067
7890945,-104681,-13.5634
7895945,-104695,-14.6067
7900945,-104708,-13.5634
7905945,-104722,-14.6067
7910945,-104735,-13.5634
7915945,-104748,-13.5634
7920945,-104762,-14.6067
7925945,-104775,-13.5634
7930945,-104788,-13.5634
7935945,-104801,-13.5634
7940945,-104815,-14.6067
7945945,-104828,-13.5634
7950945,-104841,-13.5634
7955945,-104854,-13.5634
7960945,-104867,-13.5634
7965945,-104880,-13.5634
7970945,-104894,-14.6067
7975945,-104907,-13.5634
7980945,-104920,-13.5634
7985945,-104933,-13.5634
7990945,-104947,-14.6067
7995945,-104960,-13.5634
8000945,-104973,-13.5634
8005945,-104986,-13.5634
8010945,-104999,-13.5634
8015945,-105012,-13.5634
8020945,-105026,-14.6067
8025945,-105039,-13.5634
8030945,-105052,-13.5634
8035945,-105065,-13.5634
8040945,-105079,-14.6067
8045945,-105092,-13.5634
8050945,-105105,-13.5634
8055945,-105118,-13.5634
8060945,-105132,-14.6067
8065945,-105145,-13.5634
8070945,-105158,-13.5634
8075945,-105171,-13.5634
8080945,-105185,-14.6067
8085945,-105198,-13.5634
8090945,-105211,-13.5634
8095945,-105225,-14.6067
8100945,-105238,-13.5634
8105945,-105251,-13.5634
8110945,-105265,-14.6067
8115945,-105278,-13.5634
8120945,-105292,-14.6067
8125945,-105305,-13.5634
8130945,-105319,-14.6067
8135945,-105332,-13.5634
8140945,-105346,-14.6067
8145945,-105359,-13.5634
8150945,-105372,-13.5634
8155945,-105386,-14.6067
8160945,-105399,-13.5634
8165945,-105413,-14.6067
8170945,-105427,-14.6067
8175945,-105440,-13.5634
8180945,-105454,-14.6067
8185945,-105467,-13.5634
8190945,-105481,-14.6067
8195945,-105494,-13.5634
8200945,-105508,-14.6067
8205945,-105522,-14.6067
8210945,-105535,-13.5634
8215945,-105549,-14.6067
8220945,-105563,-14.6067
8225945,-105576,-13.5634
8230945,-105590,-14.6067
8235945,-105604,-14.6067
8240945,-105617,-13.5634
8245945,-105631,-14.6067
8250945,-105645,-14.6067
8255945,-105658,-13.5634
8260945,-105672,-14.6067
8265945,-105686,-14.6067
8270945,-105699,-13.5634
8275945,-105713,-14.6067
8280945,-105727,-14.6067
8285945,-105741,-14.6067
8290945,-105754,-13.5634
8295945,-105768,-14.6067
8300945,-105782,-14.6067
8305945,-105795,-13.5634
8310945,-105809,-14.6067
8315945,-105823,-14.6067
8320945,-105836,-13.5634
8325945,-105850,-14.6067
8330945,-105863,-13.5634
8335945,-105877,-14.6067
8340945,-105890,-13.5634
8345945,-105904,-14.6067
8350945,-105917,-13.5634
8355945,-105930,-13.5634
8360945,-105944,-14.6067
8365945,-105957,-13.5634
8370945,-105970,-13.5634
8375945,-105983,-13.5634
8380945,-105997,-14.6067
8385945,-106010,-13.5634
8390945,-106023,-13.5634
8395945,-106036,-13.5634
8400945,-106049,-13.5634
8405945,-106062,-13.5634
8410945,-106075,-13.5634
8415945,-106088,-13.5634
8420945,-106101,-13.5634
8425945,-106114,-13.5634
8430945,-106127,-13.5634
8435945,-106140,-13.5634
8440945,-106153,-13.5634
8445945,-106166,-13.5634
8450945,-106178,-12.5200
8455945,-106191,-13.5634
8460945,-106204,-13.5634
8465945,-106217,-13.5634
8470945,-106230,-13.5634
8475945,-106243,-13.5634
8480945,-106256,-13.5634
8485945,-106269,-13.5634
8490945,-106282,-13.5634
8495945,-106295,-13.5634
8500945,-106308,-13.5634
8505945,-106322,-14.6067
8510945,-106335,-13.5634
8515945,-106348,-13.5634
8520945,-106361,-13.5634
8525945,-106374,-13.5634
8530945,-106387,-13.5634
8535945,-106400,-13.5634
8540945,-106413,-13.5634
8545945,-106426,-13.5634
8550945,-106439,-13.5634
8555945,-106452,-13.5634
8560945,-106466,-14.6067
8565945,-106479,-13.5634
8570945,-106492,-13.5634
8575945,-106505,-13.5634
8580945,-106518,-13.5634
8585945,-106531,-13.5634
8590945,-106545,-14.6067
8595945,-106558,-13.5634
8600945,-106571,-13.5634
8605945,-106584,-13.5634
8610945,-106597,-13.5634
8615945,-106610,-13.5634
8620945,-106624,-14.6067
8625945,-106637,-13.5634
8630945,-106650,-13.5634
8635945,-106663,-13.5634
8640945,-106677,-14.6067
8645945,-106690,-13.5634
8650945,-106703,-13.5634
8655945,-106716,-13.5634
8660945,-106729,-13.5634
8665945,-106743,-14.6067
8670945,-106756,-13.5634
8675945,-106769,-13.5634
8680945,-106783,-14.6067
8685945,-106796,-13.5634
8690945,-106809,-13.5634
8695945,-106822,-13.5634
8700945,-106836,-14.6067
8705945,-106849,-13.5634
8710945,-106862,-13.5634
8715945,-106876,-14.6067
8720945,-106889,-13.5634
8725945,-106902,-13.5634
8730945,-106916,-14.6067
8735945,-106929,-13.5634
8740945,-106942,-13.5634
8745945,-106956,-14.6067
8750945,-106969,-13.5634
8755945,-106982,-13.5634
8760945,-106996,-14.6067
8765945,-107009,-13.5634
8770945,-107022,-13.5634
8775945,-107036,-14.6067
8780945,-107049,-13.5634
8785945,-107062,-13.5634
8790945,-107075,-13.5634
8795945,-107088,-13.5634
8800945,-107102,-14.6067
8805945,-107115,-13.5634
8810945,-107128,-13.5634
8815945,-107141,-13.5634
8820945,-107154,-13.5634
8825945,-107167,-13.5634
8830945,-107180,-13.5634
8835945,-107193,-13.5634
8840945,-107206,-13.5634
8845945,-107218,-12.5200
8850945,-107231,-13.5634
8855945,-107244,-13.5634
8860945,-107257,-13.5634
8865945,-107270,-13.5634
8870945,-107283,-13.5634
8875945,-107295,-12.5200
8880945,-107308,-13.5634
8885945,-107321,-13.5634
8890945,-107334,-13.5634
8895945,-107347,-13.5634
8900945,-107360,-13.5634
8905945,-107373,-13.5634
8910945,-107385,-12.5200
8915945,-107398,-13.5634
8920945,-107411,-13.5634
8925945,-107424,-13.5634
8930945,-107437,-13.5634
8935945,-107450,-13.5634
8940945,-107463,-13.5634
8945945,-107475,-12.5200
8950945,-107488,-13.5634
8955945,-107501,-13.5634
8960945,-107514,-13.5634
8965945,-107527,-13.5634
8970945,-107540,-13.5634
8975945,-107553,-13.5634
8980945,-107566,-13.5634
8985945,-107579,-13.5634
8990945,-107592,-13.5634
8995945,-107605,-13.5634
9000945,-107618,-13.5634
9005945,-107631,-13.5634
9010945,-107644,-13.5634
9015945,-107657,-13.5634
9020945,-107670,-13.5634
9025945,-107683,-13.5634
9030945,-107696,-13.5634
9035945,-107709,-13.5634
9040945,-107722,-13.5634
9045945,-107736,-14.6067
9050945,-107749,-13.5634
9055945,-107762,-13.5634
9060945,-107775,-13.5634
9065945,-107788,-13.5634
9070945,-107801,-13.5634
9075945,-107814,-13.5634
9080945,-107827,-13.5634
9085945,-107840,-13.5634
9090945,-107853,-13.5634
9095945,-107866,-13.5634
9100945,-107879,-13.5634
9105945,-107892,-13.5634
9110945,-107905,-13.5634
9115945,-107919,-14.6067
9120945,-107932,-13.5634
9125945,-107945,-13.5634
9130945,-107958,-13.5634
9135945,-107971,-13.5634
9140945,-107984,-13.5634
9145945,-107997,-13.5634
9150945,-108010,-13.5634
9155945,-108023,-13.5634
9160945,-108036,-13.5634
9165945,-108049,-13.5634
9170945,-108062,-13.5634
9175945,-108075,-13.5634
9180945,-108089,-14.6067
9185945,-108102,-13.5634
9190945,-108115,-13.5634
9195945,-108128,-13.5634
9200945,-108141,-13.5634
9205945,-108154,-13.5634
9210945,-108167,-13.5634
9215945,-108180,-13.5634
9220945,-108193,-13.5634
9225945,-108206,-13.5634
9230945,-108219,-13.5634
9235945,-108232,-13.5634
9240945,-108245,-13.5634
9245945,-108258,-13.5634
9250945,-108271,-13.5634
9255945,-108284,-13.5634
9260945,-108297,-13.5634
9265945,-108310,-13.5634
9270945,-108323,-13.5634
9275945,-108336,-13.5634
9280945,-108348,-12.5200
9285945,-108361,-13.5634
9290945,-108374,-13.5634
9295945,-108386,-12.5200
9300945,-108399,-13.5634
9305945,-108412,-13.5634
9310945,-108424,-12.5200
9315945,-108437,-13.5634
9320945,-108449,-12.5200
9325945,-108462,-13.5634
9330945,-108474,-12.5200
9335945,-108487,-13.5634
9340945,-108499,-12.5200
9345945,-108512,-13.5634
9350945,-108524,-12.5200
9355945,-108537,-13.5634
9360945,-108549,-12.5200
9365945,-108562,-13.5634
9370945,-108574,-12.5200
9375945,-108587,-13.5634
9380945,-108599,-12.5200
9385945,-108612,-13.5634
9390945,-108624,-12.5200
9395945,-108637,-13.5634
9400945,-108649,-12.5200
9405945,-108662,-13.5634
9410945,-108675,-13.5634
9415945,-108687,-12.5200
9420945,-108700,-13.5634
9425945,-108713,-13.5634
9430945,-108725,-12.5200
9435945,-108738,-13.5634
9440945,-108751,-13.5634
9445945,-108764,-13.5634
9450945,-108776,-12.5200
9455945,-108789,-13.5634
9460945,-108802,-13.5634
9465945,-108815,-13.5634
9470945,-108828,-13.5634
9475945,-108841,-13.5634
9480945,-108854,-13.5634
9485945,-108867,-13.5634
9490945,-108880,-13.5634
9495945,-108893,-13.5634
9500945,-108906,-13.5634
9505945,-108919,-13.5634
9510945,-108932,-13.5634
9515945,-108945,-13.5634
9520945,-108958,-13.5634
9525945,-108971,-13.5634
9530945,-108984,-13.5634
9535945,-108997,-13.5634
9540945,-109010,-13.5634
9545945,-109023,-13.5634
9550945,-109036,-13.5634
9555945,-109049,-13.5634
9560945,-109062,-13.5634
9565945,-109075,-13.5634
9570945,-109088,-13.5634
9575945,-109101,-13.5634
9580945,-109114,-13.5634
9585945,-109127,-13.5634
9590945,-109140,-13.5634
9595945,-109153,-13.5634
9600945,-109166,-13.5634
9605945,-109179,-13.5634
9610945,-109192,-13.5634
9615945,-109205,-13.5634
9620945,-109219,-14.6067
9625945,-109232,-13.5634
9630945,-109245,-13.5634
9635945,-109258,-13.5634
9640945,-109271,-13.5634
9645945,-109284,-13.5634
9650945,-109297,-13.5634
9655945,-109310,-13.5634
9660945,-109323,-13.5634
9665945,-109336,-13.5634
9670945,-109349,-13.5634
9675945,-109362,-13.5634
9680945,-109375,-13.5634
9685945,-109388,-13.5634
9690945,-109401,-13.5634
9695945,-109414,-13.5634
9700945,-109427,-13.5634
9705945,-109440,-13.5634
9710945,-109453,-13.5634
9715945,-109466,-13.5634
9720945,-109479,-13.5634
9725945,-109492,-13.5634
9730945,-109505,-13.5634
9735945,-109518,-13.5634
9740945,-109531,-13.5634
9745945,-109543,-12.5200
9750945,-109556,-13.5634
9755945,-109569,-13.5634
9760945,-109582,-13.5634
9765945,-109594,-12.5200
9770945,-109607,-13.5634
9775945,-109619,-12.5200
9780945,-109632,-13.5634
9785945,-109644,-12.5200
9790945,-109657,-13.5634
9795945,-109670,-13.5634
9800945,-109682,-12.5200
9805945,-109695,-13.5634
9810945,-109707,-12.5200
9815945,-109720,-13.5634
9820945,-109732,-12.5200
9825945,-109745,-13.5634
9830945,-109757,-12.5200
9835945,-109770,-13.5634
9840945,-109782,-12.5200
9845945,-109795,-13.5634
9850945,-109807,-12.5200
9855945,-109820,-13.5634
9860945,-109833,-13.5634
9865945,-109845,-12.5200
9870945,-109858,-13.5634
9875945,-109870,-12.5200
9880945,-109883,-13.5634
9885945,-109896,-13.5634
9890945,-109908,-12.5200
9895945,-109921,-13.5634
9900945,-109934,-13.5634
9905945,-109947,-13.5634
9910945,-109959,-12.5200
9915945,-109972,-13.5634
9920945,-109985,-13.5634
9925945,-109998,-13.5634
9930945,-110011,-13.5634
9935945,-110024,-13.5634
9940945,-110036,-12.5200
9945945,-110049,-13.5634
9950945,-110062,-13.5634
9955945,-110075,-13.5634
9960945,-110088,-13.5634
9965945,-110101,-13.5634
9970945,-110114,-13.5634
9975945,-110127,-13.5634
9980945,-110140,-13.5634
9985945,-110153,-13.5634
9990945,-110166,-13.5634
9995945,-110179,-13.5634
