Time(us),Position(counts),Speed(rad/s)
2,-60303,0.0000
5004,-60304,-1.0429
10004,-60305,-1.0433
15005,-60307,-2.0863
20006,-60309,-2.0863
25009,-60311,-2.0854
30012,-60314,-3.1281
35012,-60317,-3.1300
40013,-60321,-4.1725
45015,-60325,-4.1717
50017,-60329,-4.1717
55018,-60334,-5.2156
60019,-60338,-4.1725
65020,-60344,-6.2588
70021,-60349,-5.2156
75021,-60355,-6.2600
80021,-60360,-5.2167
85022,-60366,-6.2588
90023,-60373,-7.3019
95023,-60379,-6.2600
100025,-60386,-7.3004
105026,-60393,-7.3019
110026,-60400,-7.3034
115028,-60407,-7.3004
120029,-60414,-7.3019
125030,-60421,-7.3019
130031,-60429,-8.3450
135032,-60436,-7.3019
140033,-60444,-8.3450
145034,-60452,-8.3450
150035,-60460,-8.3450
155036,-60468,-8.3450
160037,-60476,-8.3450
165039,-60485,-9.3863
170039,-60493,-8.3467
175041,-60502,-9.3863
180042,-60510,-8.3450
185042,-60519,-9.3900
190044,-60528,-9.3863
195045,-60536,-8.3450
200045,-60545,-9.3900
205047,-60554,-9.3863
210048,-60563,-9.3882
215049,-60572,-9.3882
220050,-60581,-9.3882
225051,-60591,-10.4313
230052,-60600,-9.3882
235053,-60609,-9.3882
240054,-60619,-10.4313
245055,-60628,-9.3882
250056,-60638,-10.4313
255056,-60647,-9.3900
260056,-60657,-10.4334
265057,-60667,-10.4313
270058,-60677,-10.4313
275060,-60687,-10.4292
280060,-60697,-10.4334
285061,-60707,-10.4313
290061,-60717,-10.4334
295062,-60727,-10.4313
300064,-60737,-10.4292
305064,-60747,-10.4334
310066,-60757,-10.4292
315067,-60768,-11.4744
320068,-60778,-10.4313
325069,-60788,-10.4313
330070,-60799,-11.4744
335071,-60809,-10.4313
340072,-60820,-11.4744
345074,-60830,-10.4292
350074,-60841,-11.4767
355075,-60852,-11.4744
360077,-60862,-10.4292
365077,-60873,-11.4767
370078,-60884,-11.4744
375080,-60894,-10.4292
380080,-60905,-11.4767
385082,-60916,-11.4721
390083,-60927,-11.4744
395084,-60938,-11.4744
400085,-60949,-11.4744
405086,-60960,-11.4744
410087,-60972,-12.5175
415088,-60983,-11.4744
420088,-60994,-11.4767
425090,-61005,-11.4721
430092,-61016,-11.4721
435095,-61028,-12.5125
440096,-61039,-11.4744
445098,-61050,-11.4721
450098,-61062,-12.5200
455099,-61073,-11.4744
460101,-61085,-12.5150
465101,-61096,-11.4767
470102,-61108,-12.5175
475103,-61119,-11.4744
480104,-61131,-12.5175
485106,-61142,-11.4721
490107,-61154,-12.5175
495107,-61165,-11.4767
500108,-61177,-12.5175
505109,-61189,-12.5175
510110,-61200,-11.4744
515110,-61212,-12.5200
520110,-61224,-12.5200
525112,-61235,-11.4721
530114,-61247,-12.5150
535114,-61258,-11.4767
540115,-61270,-12.5175
545115,-61282,-12.5200
550117,-61294,-12.5150
555118,-61305,-11.4744
560119,-61317,-12.5175
565120,-61328,-11.4744
570120,-61340,-12.5200
575120,-61352,-12.5200
580121,-61363,-11.4744
585123,-61375,-12.5150
590123,-61386,-11.4767
595124,-61398,-12.5175
600125,-61409,-11.4744
605126,-61421,-12.5175
610128,-61432,-11.4721
615130,-61444,-12.5150
620133,-61455,-11.4698
625134,-61467,-12.5175
630134,-61478,-11.4767
635136,-61489,-11.4721
640137,-61500,-11.4744
645138,-61512,-12.5175
650139,-61523,-11.4744
655139,-61534,-11.4767
660141,-61546,-12.5150
665142,-61557,-11.4744
670143,-61568,-11.4744
675144,-61579,-11.4744
680145,-61590,-11.4744
685147,-61602,-12.5150
690147,-61613,-11.4767
695148,-61624,-11.4744
700150,-61636,-12.5150
705150,-61647,-11.4767
710151,-61658,-11.4744
715153,-61669,-11.4721
720153,-61681,-12.5200
725155,-61692,-11.4721
730155,-61703,-11.4767
735156,-61714,-11.4744
740158,-61726,-12.5150
745158,-61737,-11.4767
750159,-61748,-11.4744
755160,-61760,-12.5175
760161,-61771,-11.4744
765161,-61783,-12.5200
770161,-61794,-11.4767
775161,-61805,-11.4767
780163,-61817,-12.5150
785164,-61828,-11.4744
790166,-61840,-12.5150
795166,-61851,-11.4767
800167,-61863,-12.5175
805169,-61874,-11.4721
810171,-61886,-12.5150
815171,-61898,-12.5200
820171,-61909,-11.4767
825172,-61921,-12.5175
830174,-61933,-12.5150
835175,-61944,-11.4744
840177,-61956,-12.5150
845177,-61968,-12.5200
850177,-61980,-12.5200
855177,-61992,-12.5200
860179,-62004,-12.5150
865180,-62015,-11.4744
870182,-62027,-12.5150
875182,-62039,-12.5200
880184,-62052,-13.5580
885185,-62064,-12.5175
890185,-62076,-12.5200
895187,-62088,-12.5150
900188,-62100,-12.5175
905188,-62112,-12.5200
910190,-62124,-12.5150
915191,-62137,-13.5607
920192,-62149,-12.5175
925193,-62161,-12.5175
930194,-62174,-13.5607
935195,-62186,-12.5175
940196,-62198,-12.5175
945197,-62211,-13.5607
950198,-62223,-12.5175
955199,-62235,-12.5175
960201,-62248,-13.5580
965201,-62260,-12.5200
970203,-62273,-13.5580
975204,-62285,-12.5175
980204,-62298,-13.5634
985206,-62310,-12.5150
990207,-62322,-12.5175
995208,-62335,-13.5607
1000209,-62347,-12.5175
1005210,-62360,-13.5607
1010211,-62372,-12.5175
1015212,-62385,-13.5607
1020213,-62397,-12.5175
1025214,-62410,-13.5607
1030215,-62422,-12.5175
1035217,-62434,-12.5150
1040217,-62447,-13.5634
1045219,-62459,-12.5150
1050220,-62472,-13.5607
1055220,-62484,-12.5200
1060222,-62496,-12.5150
1065223,-62509,-13.5607
1070223,-62521,-12.5200
1075225,-62533,-12.5150
1080226,-62546,-13.5607
1085227,-62558,-12.5175
1090228,-62570,-12.5175
1095229,-62582,-12.5175
1100230,-62594,-12.5175
1105231,-62607,-13.5607
1110232,-62619,-12.5175
1115233,-62631,-12.5175
1120234,-62643,-12.5175
1125236,-62655,-12.5150
1130236,-62667,-12.5200
1135238,-62679,-12.5150
1140239,-62691,-12.5175
1145239,-62703,-12.5200
1150241,-62714,-11.4721
1155241,-62726,-12.5200
1160244,-62738,-12.5125
1165245,-62750,-12.5175
1170247,-62761,-11.4721
1175248,-62773,-12.5175
1180249,-62785,-12.5175
1185250,-62796,-11.4744
1190250,-62808,-12.5200
1195250,-62820,-12.5200
1200252,-62831,-11.4721
1205254,-62843,-12.5150
1210257,-62854,-11.4698
1215258,-62866,-12.5175
1220258,-62878,-12.5200
1225260,-62890,-12.5150
1230261,-62901,-11.4744
1235262,-62913,-12.5175
1240263,-62925,-12.5175
1245264,-62936,-11.4744
1250265,-62948,-12.5175
1255266,-62960,-12.5175
1260267,-62972,-12.5175
1265268,-62984,-12.5175
1270269,-62996,-12.5175
1275271,-63007,-11.4721
1280271,-63019,-12.5200
1285273,-63031,-12.5150
1290274,-63043,-12.5175
1295274,-63055,-12.5200
1300276,-63067,-12.5150
1305277,-63078,-11.4744
1310277,-63090,-12.5200
1315279,-63102,-12.5150
1320280,-63115,-13.5607
1325281,-63127,-12.5175
1330282,-63139,-12.5175
1335283,-63151,-12.5175
1340284,-63163,-12.5175
1345285,-63175,-12.5175
1350286,-63188,-13.5607
1355287,-63200,-12.5175
1360288,-63212,-12.5175
1365290,-63224,-12.5150
1370290,-63237,-13.5634
1375292,-63249,-12.5150
1380293,-63261,-12.5175
1385293,-63274,-13.5634
1390295,-63286,-12.5150
1395296,-63299,-13.5607
1400297,-63311,-12.5175
1405298,-63324,-13.5607
1410299,-63336,-12.5175
1415300,-63349,-13.5607
1420301,-63361,-12.5175
1425302,-63374,-13.5607
1430303,-63386,-12.5175
1435304,-63399,-13.5607
1440306,-63412,-13.5580
1445306,-63424,-12.5200
1450308,-63437,-13.5580
1455309,-63449,-12.5175
1460309,-63462,-13.5634
1465311,-63474,-12.5150
1470312,-63487,-13.5607
1475312,-63500,-13.5634
1480314,-63512,-12.5150
1485315,-63525,-13.5607
1490316,-63538,-13.5607
1495317,-63550,-12.5175
1500318,-63563,-13.5607
1505319,-63575,-12.5175
1510320,-63588,-13.5607
1515321,-63600,-12.5175
1520322,-63613,-13.5607
1525323,-63625,-12.5175
1530325,-63638,-13.5580
1535325,-63650,-12.5200
1540327,-63663,-13.5580
1545328,-63676,-13.5607
1550328,-63688,-12.5200
1555330,-63700,-12.5150
1560331,-63713,-13.5607
1565331,-63725,-12.5200
1570333,-63738,-13.5580
1575334,-63750,-12.5175
1580335,-63762,-12.5175
1585336,-63774,-12.5175
1590337,-63787,-13.5607
1595338,-63799,-12.5175
1600339,-63811,-12.5175
1605341,-63824,-13.5580
1610341,-63836,-12.5200
1615342,-63848,-12.5175
1620344,-63860,-12.5150
1625344,-63872,-12.5200
1630346,-63884,-12.5150
1635347,-63896,-12.5175
1640347,-63908,-12.5200
1645349,-63920,-12.5150
1650350,-63932,-12.5175
1655351,-63944,-12.5175
1660352,-63956,-12.5175
1665353,-63968,-12.5175
1670354,-63979,-11.4744
1675355,-63991,-12.5175
1680357,-64003,-12.5150
1685358,-64015,-12.5175
1690360,-64026,-11.4721
1695362,-64038,-12.5150
1700365,-64050,-12.5125
1705368,-64062,-12.5125
1710368,-64074,-12.5200
1715369,-64086,-12.5175
1720371,-64097,-11.4721
1725372,-64109,-12.5175
1730373,-64121,-12.5175
1735374,-64133,-12.5175
1740375,-64145,-12.5175
1745376,-64157,-12.5175
1750377,-64169,-12.5175
1755379,-64181,-12.5150
1760379,-64193,-12.5200
1765381,-64204,-11.4721
1770384,-64216,-12.5125
1775387,-64229,-13.5553
1780388,-64241,-12.5175
1785390,-64253,-12.5150
1790392,-64265,-12.5150
1795393,-64277,-12.5175
1800395,-64289,-12.5150
1805396,-64301,-12.5175
1810398,-64313,-12.5150
1815399,-64325,-12.5175
1820401,-64337,-12.5150
1825403,-64350,-13.5580
1830404,-64362,-12.5175
1835406,-64374,-12.5150
1840408,-64386,-12.5150
1845409,-64399,-13.5607
1850411,-64411,-12.5150
1855412,-64423,-12.5175
1860414,-64436,-13.5580
1865415,-64448,-12.5175
1870417,-64460,-12.5150
1875418,-64473,-13.5607
1880420,-64486,-13.5580
1885422,-64498,-12.5150
1890423,-64511,-13.5607
1895425,-64523,-12.5150
1900427,-64536,-13.5580
1905428,-64549,-13.5607
1910430,-64561,-12.5150
1915431,-64574,-13.5607
1920433,-64587,-13.5580
1925434,-64599,-12.5175
1930436,-64612,-13.5580
1935438,-64625,-13.5580
1940439,-64637,-12.5175
1945441,-64650,-13.5580
1950442,-64663,-13.5607
1955444,-64675,-12.5150
1960446,-64688,-13.5580
1965447,-64701,-13.5607
1970449,-64713,-12.5150
1975450,-64726,-13.5607
1980452,-64739,-13.5580
1985453,-64752,-13.5607
1990455,-64764,-12.5150
1995457,-64777,-13.5580
2000458,-64790,-13.5607
2005460,-64803,-13.5580
2010462,-64815,-12.5150
2015463,-64828,-13.5607
2020465,-64841,-13.5580
2025466,-64853,-12.5175
2030468,-64866,-13.5580
2035469,-64879,-13.5607
2040471,-64892,-13.5580
2045473,-64904,-12.5150
2050474,-64917,-13.5607
2055476,-64929,-12.5150
2060477,-64942,-13.5607
2065479,-64954,-12.5150
2070481,-64967,-13.5580
2075482,-64980,-13.5607
2080484,-64992,-12.5150
2085485,-65004,-12.5175
2090487,-65017,-13.5580
2095488,-65029,-12.5175
2100490,-65042,-13.5580
2105492,-65054,-12.5150
2110493,-65066,-12.5175
2115495,-65079,-13.5580
2120497,-65091,-12.5150
2125498,-65103,-12.5175
2130500,-65115,-12.5150
2135501,-65127,-12.5175
2140503,-65139,-12.5150
2145504,-65152,-13.5607
2150506,-65164,-12.5150
2155507,-65176,-12.5175
2160509,-65188,-12.5150
2165511,-65200,-12.5150
2170512,-65212,-12.5175
2175514,-65224,-12.5150
2180516,-65236,-12.5150
2185517,-65248,-12.5175
2190519,-65260,-12.5150
2195520,-65272,-12.5175
2200522,-65284,-12.5150
2205523,-65296,-12.5175
2210525,-65308,-12.5150
2215527,-65320,-12.5150
2220528,-65332,-12.5175
2225530,-65344,-12.5150
2230531,-65356,-12.5175
2235533,-65368,-12.5150
2240535,-65380,-12.5150
2245536,-65392,-12.5175
2250538,-65404,-12.5150
2255539,-65416,-12.5175
2260541,-65428,-12.5150
2265542,-65440,-12.5175
2270544,-65452,-12.5150
2275546,-65464,-12.5150
2280547,-65476,-12.5175
2285549,-65488,-12.5150
2290551,-65500,-12.5150
2295552,-65513,-13.5607
2300554,-65525,-12.5150
2305555,-65537,-12.5175
2310557,-65550,-13.5580
2315558,-65562,-12.5175
2320560,-65574,-12.5150
2325562,-65587,-13.5580
2330563,-65599,-12.5175
2335565,-65612,-13.5580
2340566,-65624,-12.5175
2345568,-65637,-13.5580
2350570,-65649,-12.5150
2355571,-65662,-13.5607
2360573,-65674,-12.5150
2365574,-65687,-13.5607
2370576,-65700,-13.5580
2375577,-65712,-12.5175
2380579,-65725,-13.5580
2385581,-65738,-13.5580
2390582,-65750,-12.5175
2395584,-65763,-13.5580
2400586,-65776,-13.5580
2405587,-65788,-12.5175
2410589,-65801,-13.5580
2415590,-65814,-13.5607
2420592,-65826,-12.5150
2425593,-65839,-13.5607
2430595,-65852,-13.5580
2435596,-65864,-12.5175
2440598,-65877,-13.5580
2445600,-65890,-13.5580
2450601,-65903,-13.5607
2455603,-65916,-13.5580
2460605,-65928,-12.5150
2465606,-65941,-13.5607
2470608,-65954,-13.5580
2475609,-65967,-13.5607
2480611,-65980,-13.5580
2485612,-65992,-12.5175
2490614,-66005,-13.5580
2495616,-66018,-13.5580
2500617,-66030,-12.5175
2505619,-66043,-13.5580
2510620,-66056,-13.5607
2515622,-66069,-13.5580
2520624,-66081,-12.5150
2525625,-66094,-13.5607
2530627,-66107,-13.5580
2535628,-66119,-12.5175
2540630,-66132,-13.5580
2545631,-66144,-12.5175
2550633,-66157,-13.5580
2555635,-66170,-13.5580
2560636,-66182,-12.5175
2565638,-66195,-13.5580
2570640,-66207,-12.5150
2575641,-66220,-13.5607
2580643,-66232,-12.5150
2585644,-66245,-13.5607
2590646,-66257,-12.5150
2595647,-66270,-13.5607
2600649,-66282,-12.5150
2605651,-66294,-12.5150
2610652,-66306,-12.5175
2615654,-66319,-13.5580
2620655,-66331,-12.5175
2625657,-66343,-12.5150
2630659,-66355,-12.5150
2635660,-66368,-13.5607
2640662,-66380,-12.5150
2645663,-66392,-12.5175
2650665,-66404,-12.5150
2655666,-66416,-12.5175
2660668,-66428,-12.5150
2665670,-66441,-13.5580
2670671,-66453,-12.5175
2675673,-66465,-12.5150
2680675,-66477,-12.5150
2685676,-66490,-13.5607
2690678,-66502,-12.5150
2695679,-66514,-12.5175
2700681,-66526,-12.5150
2705682,-66538,-12.5175
2710684,-66551,-13.5580
2715685,-66563,-12.5175
2720687,-66575,-12.5150
2725689,-66588,-13.5580
2730690,-66600,-12.5175
2735692,-66612,-12.5150
2740694,-66625,-13.5580
2745695,-66637,-12.5175
2750697,-66649,-12.5150
2755698,-66662,-13.5607
2760700,-66674,-12.5150
2765701,-66687,-13.5607
2770703,-66699,-12.5150
2775705,-66712,-13.5580
2780706,-66724,-12.5175
2785708,-66736,-12.5150
2790709,-66749,-13.5607
2795711,-66762,-13.5580
2800713,-66774,-12.5150
2805714,-66787,-13.5607
2810716,-66799,-12.5150
2815717,-66812,-13.5607
2820719,-66824,-12.5150
2825720,-66837,-13.5607
2830722,-66850,-13.5580
2835724,-66862,-12.5150
2840725,-66875,-13.5607
2845727,-66888,-13.5580
2850729,-66900,-12.5150
2855730,-66913,-13.5607
2860732,-66926,-13.5580
2865733,-66939,-13.5607
2870735,-66951,-12.5150
2875736,-66964,-13.5607
2880738,-66977,-13.5580
2885740,-66990,-13.5580
2890741,-67002,-12.5175
2895743,-67015,-13.5580
2900744,-67028,-13.5607
2905746,-67041,-13.5580
2910748,-67054,-13.5580
2915749,-67067,-13.5607
2920751,-67079,-12.5150
2925752,-67092,-13.5607
2930754,-67105,-13.5580
2935755,-67118,-13.5607
2940757,-67130,-12.5150
2945759,-67143,-13.5580
2950760,-67156,-13.5607
2955762,-67168,-12.5150
2960764,-67181,-13.5580
2965765,-67194,-13.5607
2970767,-67207,-13.5580
2975768,-67219,-12.5175
2980770,-67232,-13.5580
2985771,-67245,-13.5607
2990773,-67258,-13.5580
2995774,-67270,-12.5175
3000776,-67283,-13.5580
3005778,-67296,-13.5580
3010779,-67308,-12.5175
3015781,-67321,-13.5580
3020783,-67334,-13.5580
3025784,-67346,-12.5175
3030786,-67359,-13.5580
3035787,-67372,-13.5607
3040789,-67384,-12.5150
3045790,-67397,-13.5607
3050792,-67409,-12.5150
3055794,-67422,-13.5580
3060795,-67434,-12.5175
3065797,-67447,-13.5580
3070798,-67459,-12.5175
3075800,-67472,-13.5580
3080802,-67484,-12.5150
3085803,-67496,-12.5175
3090805,-67509,-13.5580
3095806,-67521,-12.5175
3100808,-67533,-12.5150
3105809,-67546,-13.5607
3110811,-67558,-12.5150
3115813,-67570,-12.5150
3120814,-67582,-12.5175
3125816,-67595,-13.5580
3130818,-67607,-12.5150
3135819,-67619,-12.5175
3140821,-67632,-13.5580
3145822,-67644,-12.5175
3150824,-67656,-12.5150
3155825,-67669,-13.5607
3160827,-67681,-12.5150
3165829,-67693,-12.5150
3170830,-67706,-13.5607
3175832,-67718,-12.5150
3180833,-67731,-13.5607
3185835,-67743,-12.5150
3190837,-67755,-12.5150
3195838,-67768,-13.5607
3200840,-67780,-12.5150
3205841,-67793,-13.5607
3210843,-67805,-12.5150
3215844,-67818,-13.5607
3220846,-67830,-12.5150
3225848,-67843,-13.5580
3230849,-67855,-12.5175
3235851,-67868,-13.5580
3240853,-67880,-12.5150
3245854,-67893,-13.5607
3250856,-67905,-12.5150
3255857,-67918,-13.5607
3260859,-67931,-13.5580
3265860,-67943,-12.5175
3270862,-67956,-13.5580
3275863,-67969,-13.5607
3280865,-67981,-12.5150
3285867,-67994,-13.5580
3290868,-68007,-13.5607
3295870,-68019,-12.5150
3300872,-68032,-13.5580
3305873,-68045,-13.5607
3310875,-68057,-12.5150
3315876,-68070,-13.5607
3320878,-68083,-13.5580
3325879,-68096,-13.5607
3330881,-68108,-12.5150
3335883,-68121,-13.5580
3340884,-68134,-13.5607
3345886,-68147,-13.5580
3350887,-68159,-12.5175
3355889,-68172,-13.5580
3360891,-68185,-13.5580
3365892,-68198,-13.5607
3370894,-68210,-12.5150
3375895,-68223,-13.5607
3380897,-68236,-13.5580
3385898,-68249,-13.5607
3390900,-68262,-13.5580
3395902,-68274,-12.5150
3400903,-68287,-13.5607
3405905,-68300,-13.5580
3410907,-68312,-12.5150
3415908,-68325,-13.5607
3420910,-68338,-13.5580
3425911,-68351,-13.5607
3430913,-68363,-12.5150
3435914,-68376,-13.5607
3440916,-68389,-13.5580
3445918,-68402,-13.5580
3450919,-68414,-12.5175
3455921,-68427,-13.5580
3460922,-68440,-13.5607
3465924,-68452,-12.5150
3470926,-68465,-13.5580
3475927,-68478,-13.5607
3480929,-68490,-12.5150
3485930,-68503,-13.5607
3490932,-68516,-13.5580
3495933,-68528,-12.5175
3500935,-68541,-13.5580
3505937,-68553,-12.5150
3510938,-68566,-13.5607
3515940,-68578,-12.5150
3520940,-68591,-13.5634
3525940,-68603,-12.5200
3530940,-68616,-13.5634
3535940,-68628,-12.5200
3540940,-68641,-13.5634
3545940,-68653,-12.5200
3550940,-68666,-13.5634
3555940,-68678,-12.5200
3560940,-68690,-12.5200
3565940,-68702,-12.5200
3570940,-68715,-13.5634
3575940,-68727,-12.5200
3580940,-68739,-12.5200
3585940,-68751,-12.5200
3590940,-68764,-13.5634
3595940,-68776,-12.5200
3600940,-68788,-12.5200
3605940,-68800,-12.5200
3610940,-68812,-12.5200
3615940,-68824,-12.5200
3620940,-68837,-13.5634
3625940,-68849,-12.5200
3630940,-68861,-12.5200
3635940,-68873,-12.5200
3640940,-68886,-13.5634
3645940,-68898,-12.5200
3650940,-68910,-12.5200
3655940,-68922,-12.5200
3660940,-68935,-13.5634
3665940,-68947,-12.5200
3670940,-68960,-13.5634
3675940,-68972,-12.5200
3680940,-68984,-12.5200
3685940,-68997,-13.5634
3690940,-69009,-12.5200
3695940,-69022,-13.5634
3700940,-69034,-12.5200
3705940,-69046,-12.5200
3710940,-69059,-13.5634
3715940,-69072,-13.5634
3720940,-69084,-12.5200
3725940,-69096,-12.5200
3730940,-69109,-13.5634
3735940,-69122,-13.5634
3740940,-69134,-12.5200
3745940,-69147,-13.5634
3750940,-69159,-12.5200
3755940,-69172,-13.5634
3760940,-69185,-13.5634
3765940,-69197,-12.5200
3770940,-69210,-13.5634
3775940,-69223,-13.5634
3780940,-69235,-12.5200
3785940,-69248,-13.5634
3790940,-69261,-13.5634
3795940,-69274,-13.5634
3800940,-69286,-12.5200
3805940,-69299,-13.5634
3810940,-69312,-13.5634
3815940,-69324,-12.5200
3820940,-69337,-13.5634
3825940,-69350,-13.5634
3830940,-69363,-13.5634
3835940,-69376,-13.5634
3840940,-69388,-12.5200
3845940,-69401,-13.5634
3850940,-69414,-13.5634
3855940,-69427,-13.5634
3860940,-69440,-13.5634
3865940,-69453,-13.5634
3870940,-69465,-12.5200
3875940,-69478,-13.5634
3880940,-69491,-13.5634
3885940,-69504,-13.5634
3890940,-69517,-13.5634
3895940,-69530,-13.5634
3900940,-69542,-12.5200
3905940,-69555,-13.5634
3910940,-69568,-13.5634
3915940,-69581,-13.5634
3920940,-69594,-13.5634
3925940,-69606,-12.5200
3930940,-69619,-13.5634
3935940,-69632,-13.5634
3940940,-69645,-13.5634
3945940,-69657,-12.5200
3950940,-69670,-13.5634
3955940,-69683,-13.5634
3960940,-69696,-13.5634
3965940,-69708,-12.5200
3970940,-69721,-13.5634
3975940,-69734,-13.5634
3980940,-69746,-12.5200
3985940,-69759,-13.5634
3990940,-69771,-12.5200
3995940,-69784,-13.5634
4000940,-69797,-13.5634
4005940,-69809,-12.5200
4010940,-69822,-13.5634
4015940,-69834,-12.5200
4020940,-69847,-13.5634
4025940,-69860,-13.5634
4030940,-69872,-12.5200
4035940,-69884,-12.5200
4040940,-69897,-13.5634
4045940,-69910,-13.5634
4050940,-69922,-12.5200
4055940,-69934,-12.5200
4060940,-69947,-13.5634
4065940,-69959,-12.5200
4070940,-69972,-13.5634
4075940,-69984,-12.5200
4080940,-69996,-12.5200
4085940,-70009,-13.5634
4090940,-70021,-12.5200
4095940,-70034,-13.5634
4100940,-70046,-12.5200
4105940,-70058,-12.5200
4110940,-70071,-13.5634
4115940,-70083,-12.5200
4120940,-70096,-13.5634
4125940,-70108,-12.5200
4130940,-70120,-12.5200
4135940,-70133,-13.5634
4140940,-70146,-13.5634
4145940,-70158,-12.5200
4150940,-70170,-12.5200
4155940,-70183,-13.5634
4160940,-70196,-13.5634
4165940,-70208,-12.5200
4170940,-70221,-13.5634
4175940,-70233,-12.5200
4180940,-70246,-13.5634
4185940,-70259,-13.5634
4190940,-70271,-12.5200
4195940,-70284,-13.5634
4200940,-70297,-13.5634
4205940,-70309,-12.5200
4210940,-70322,-13.5634
4215940,-70335,-13.5634
4220940,-70347,-12.5200
4225940,-70360,-13.5634
4230940,-70373,-13.5634
4235940,-70385,-12.5200
4240940,-70398,-13.5634
4245940,-70411,-13.5634
4250940,-70424,-13.5634
4255940,-70436,-12.5200
4260940,-70449,-13.5634
4265940,-70462,-13.5634
4270940,-70474,-12.5200
4275940,-70487,-13.5634
4280940,-70500,-13.5634
4285940,-70512,-12.5200
4290940,-70525,-13.5634
4295940,-70538,-13.5634
4300940,-70551,-13.5634
4305940,-70563,-12.5200
4310940,-70576,-13.5634
4315940,-70589,-13.5634
4320940,-70602,-13.5634
4325940,-70614,-12.5200
4330940,-70627,-13.5634
4335940,-70640,-13.5634
4340940,-70652,-12.5200
4345940,-70665,-13.5634
4350940,-70678,-13.5634
4355940,-70691,-13.5634
4360940,-70703,-12.5200
4365940,-70716,-13.5634
4370940,-70729,-13.5634
4375940,-70742,-13.5634
4380940,-70754,-12.5200
4385940,-70767,-13.5634
4390940,-70780,-13.5634
4395940,-70792,-12.5200
4400940,-70805,-13.5634
4405940,-70818,-13.5634
4410940,-70831,-13.5634
4415940,-70843,-12.5200
4420940,-70856,-13.5634
4425940,-70869,-13.5634
4430940,-70882,-13.5634
4435940,-70894,-12.5200
4440940,-70907,-13.5634
4445940,-70920,-13.5634
4450940,-70932,-12.5200
4455940,-70945,-13.5634
4460940,-70957,-12.5200
4465940,-70970,-13.5634
4470940,-70982,-12.5200
4475940,-70995,-13.5634
4480940,-71007,-12.5200
4485940,-71020,-13.5634
4490940,-71032,-12.5200
4495940,-71045,-13.5634
4500940,-71057,-12.5200
4505940,-71070,-13.5634
4510940,-71082,-12.5200
4515940,-71094,-12.5200
4520940,-71107,-13.5634
4525940,-71119,-12.5200
4530940,-71131,-12.5200
4535940,-71144,-13.5634
4540940,-71156,-12.5200
4545940,-71168,-12.5200
4550940,-71181,-13.5634
4555940,-71193,-12.5200
4560940,-71205,-12.5200
4565940,-71218,-13.5634
4570940,-71230,-12.5200
4575940,-71242,-12.5200
4580940,-71255,-13.5634
4585940,-71267,-12.5200
4590940,-71280,-13.5634
4595940,-71292,-12.5200
4600940,-71305,-13.5634
4605940,-71317,-12.5200
4610940,-71330,-13.5634
4615940,-71342,-12.5200
4620940,-71355,-13.5634
4625940,-71367,-12.5200
4630940,-71380,-13.5634
4635940,-71392,-12.5200
4640940,-71405,-13.5634
4645940,-71417,-12.5200
4650940,-71430,-13.5634
4655940,-71442,-12.5200
4660940,-71455,-13.5634
4665940,-71468,-13.5634
4670940,-71480,-12.5200
4675940,-71493,-13.5634
4680940,-71506,-13.5634
4685940,-71518,-12.5200
4690940,-71531,-13.5634
4695940,-71544,-13.5634
4700940,-71557,-13.5634
4705940,-71569,-12.5200
4710940,-71582,-13.5634
4715940,-71595,-13.5634
4720940,-71608,-13.5634
4725940,-71620,-12.5200
4730940,-71633,-13.5634
4735940,-71646,-13.5634
4740940,-71659,-13.5634
4745940,-71672,-13.5634
4750940,-71684,-12.5200
4755940,-71697,-13.5634
4760940,-71710,-13.5634
4765940,-71723,-13.5634
4770940,-71736,-13.5634
4775940,-71749,-13.5634
4780940,-71761,-12.5200
4785940,-71774,-13.5634
4790940,-71787,-13.5634
4795940,-71800,-13.5634
4800940,-71813,-13.5634
4805940,-71826,-13.5634
4810940,-71838,-12.5200
4815940,-71851,-13.5634
4820940,-71864,-13.5634
4825940,-71877,-13.5634
4830940,-71890,-13.5634
4835940,-71902,-12.5200
4840940,-71915,-13.5634
4845940,-71928,-13.5634
4850940,-71941,-13.5634
4855940,-71954,-13.5634
4860940,-71967,-13.5634
4865940,-71980,-13.5634
4870940,-71992,-12.5200
4875940,-72005,-13.5634
4880940,-72018,-13.5634
4885940,-72031,-13.5634
4890940,-72044,-13.5634
4895940,-72056,-12.5200
4900940,-72069,-13.5634
4905940,-72082,-13.5634
4910940,-72095,-13.5634
4915940,-72108,-13.5634
4920940,-72120,-12.5200
4925940,-72133,-13.5634
4930940,-72146,-13.5634
4935940,-72158,-12.5200
4940940,-72171,-13.5634
4945940,-72184,-13.5634
4950940,-72196,-12.5200
4955940,-72209,-13.5634
4960940,-72221,-12.5200
4965940,-72234,-13.5634
4970940,-72246,-12.5200
4975940,-72259,-13.5634
4980940,-72272,-13.5634
4985940,-72284,-12.5200
4990940,-72296,-12.5200
4995940,-72309,-13.5634
5000940,-72321,-12.5200
5005940,-72334,-13.5634
5010940,-72346,-12.5200
5015940,-72358,-12.5200
5020940,-72371,-13.5634
5025940,-72383,-12.5200
5030940,-72395,-12.5200
5035940,-72408,-13.5634
5040940,-72420,-12.5200
5045940,-72433,-13.5634
5050940,-72445,-12.5200
5055940,-72458,-13.5634
5060940,-72470,-12.5200
5065940,-72482,-12.5200
5070940,-72495,-13.5634
5075940,-72508,-13.5634
5080940,-72520,-12.5200
5085940,-72532,-12.5200
5090940,-72545,-13.5634
5095940,-72558,-13.5634
5100940,-72570,-12.5200
5105940,-72582,-12.5200
5110940,-72595,-13.5634
5115940,-72608,-13.5634
5120940,-72620,-12.5200
5125940,-72633,-13.5634
5130940,-72645,-12.5200
5135940,-72658,-13.5634
5140940,-72670,-12.5200
5145940,-72683,-13.5634
5150940,-72696,-13.5634
5155940,-72708,-12.5200
5160940,-72721,-13.5634
5165940,-72734,-13.5634
5170940,-72746,-12.5200
5175940,-72759,-13.5634
5180940,-72772,-13.5634
5185940,-72784,-12.5200
5190940,-72797,-13.5634
5195940,-72810,-13.5634
5200940,-72823,-13.5634
5205940,-72836,-13.5634
5210940,-72848,-12.5200
5215940,-72861,-13.5634
5220940,-72874,-13.5634
5225940,-72887,-13.5634
5230940,-72900,-13.5634
5235940,-72912,-12.5200
5240940,-72925,-13.5634
5245940,-72938,-13.5634
5250940,-72951,-13.5634
5255940,-72964,-13.5634
5260940,-72977,-13.5634
5265940,-72990,-13.5634
5270940,-73002,-12.5200
5275940,-73016,-14.6067
5280940,-73028,-12.5200
5285940,-73041,-13.5634
5290940,-73054,-13.5634
5295940,-73067,-13.5634
5300940,-73080,-13.5634
5305940,-73092,-12.5200
5310940,-73105,-13.5634
5315940,-73118,-13.5634
5320940,-73131,-13.5634
5325940,-73144,-13.5634
5330940,-73157,-13.5634
5335940,-73170,-13.5634
5340940,-73182,-12.5200
5345940,-73195,-13.5634
5350940,-73208,-13.5634
5355940,-73221,-13.5634
5360940,-73234,-13.5634
5365940,-73246,-12.5200
5370940,-73259,-13.5634
5375940,-73272,-13.5634
5380940,-73285,-13.5634
5385940,-73298,-13.5634
5390940,-73310,-12.5200
5395940,-73323,-13.5634
5400940,-73336,-13.5634
5405940,-73349,-13.5634
5410940,-73362,-13.5634
5415940,-73374,-12.5200
5420940,-73387,-13.5634
5425940,-73400,-13.5634
5430940,-73412,-12.5200
5435940,-73425,-13.5634
5440940,-73437,-12.5200
5445940,-73450,-13.5634
5450940,-73462,-12.5200
5455940,-73475,-13.5634
5460940,-73488,-13.5634
5465940,-73500,-12.5200
5470940,-73512,-12.5200
5475940,-73525,-13.5634
5480940,-73537,-12.5200
5485940,-73550,-13.5634
5490940,-73562,-12.5200
5495940,-73574,-12.5200
5500940,-73587,-13.5634
5505940,-73599,-12.5200
5510940,-73612,-13.5634
5515940,-73624,-12.5200
5520940,-73636,-12.5200
5525940,-73649,-13.5634
5530940,-73661,-12.5200
5535940,-73674,-13.5634
5540940,-73686,-12.5200
5545940,-73699,-13.5634
5550940,-73712,-13.5634
5555940,-73724,-12.5200
5560940,-73737,-13.5634
5565940,-73749,-12.5200
5570940,-73762,-13.5634
5575940,-73774,-12.5200
5580940,-73787,-13.5634
5585940,-73800,-13.5634
5590940,-73812,-12.5200
5595940,-73825,-13.5634
5600940,-73838,-13.5634
5605940,-73850,-12.5200
5610940,-73863,-13.5634
5615940,-73875,-12.5200
5620940,-73888,-13.5634
5625940,-73901,-13.5634
5630940,-73913,-12.5200
5635940,-73926,-13.5634
5640940,-73939,-13.5634
5645940,-73952,-13.5634
5650940,-73964,-12.5200
5655940,-73977,-13.5634
5660940,-73990,-13.5634
5665940,-74002,-12.5200
5670940,-74015,-13.5634
5675940,-74028,-13.5634
5680940,-74041,-13.5634
5685940,-74054,-13.5634
5690940,-74067,-13.5634
5695940,-74079,-12.5200
5700940,-74092,-13.5634
5705940,-74105,-13.5634
5710940,-74118,-13.5634
5715940,-74131,-13.5634
5720940,-74144,-13.5634
5725940,-74156,-12.5200
5730940,-74169,-13.5634
5735940,-74182,-13.5634
5740940,-74195,-13.5634
5745940,-74208,-13.5634
5750940,-74221,-13.5634
5755940,-74234,-13.5634
5760940,-74247,-13.5634
5765940,-74259,-12.5200
5770940,-74272,-13.5634
5775940,-74285,-13.5634
5780940,-74298,-13.5634
5785940,-74311,-13.5634
5790940,-74324,-13.5634
5795940,-74337,-13.5634
5800940,-74350,-13.5634
5805940,-74362,-12.5200
5810940,-74375,-13.5634
5815940,-74388,-13.5634
5820940,-74401,-13.5634
5825940,-74414,-13.5634
5830940,-74426,-12.5200
5835940,-74439,-13.5634
5840940,-74452,-13.5634
5845940,-74465,-13.5634
5850940,-74478,-13.5634
5855940,-74491,-13.5634
5860940,-74504,-13.5634
5865940,-74516,-12.5200
5870940,-74529,-13.5634
5875940,-74542,-13.5634
5880940,-74555,-13.5634
5885940,-74568,-13.5634
5890940,-74580,-12.5200
5895940,-74593,-13.5634
5900940,-74606,-13.5634
5905940,-74618,-12.5200
5910940,-74631,-13.5634
5915940,-74644,-13.5634
5920940,-74656,-12.5200
5925940,-74669,-13.5634
5930940,-74682,-13.5634
5935940,-74694,-12.5200
5940940,-74707,-13.5634
5945940,-74719,-12.5200
5950940,-74732,-13.5634
5955940,-74744,-12.5200
5960940,-74757,-13.5634
5965940,-74770,-13.5634
5970940,-74782,-12.5200
5975940,-74794,-12.5200
5980940,-74807,-13.5634
5985940,-74820,-13.5634
5990940,-74832,-12.5200
5995940,-74845,-13.5634
6000940,-74857,-12.5200
6005940,-74870,-13.5634
6010940,-74882,-12.5200
6015940,-74895,-13.5634
6020940,-74908,-13.5634
6025940,-74920,-12.5200
6030940,-74933,-13.5634
6035940,-74946,-13.5634
6040940,-74958,-12.5200
6045940,-74971,-13.5634
6050940,-74984,-13.5634
6055940,-74996,-12.5200
6060940,-75009,-13.5634
6065940,-75022,-13.5634
6070940,-75034,-12.5200
6075940,-75047,-13.5634
6080940,-75060,-13.5634
6085940,-75072,-12.5200
6090940,-75085,-13.5634
6095940,-75098,-13.5634
6100940,-75111,-13.5634
6105940,-75123,-12.5200
6110940,-75136,-13.5634
6115940,-75149,-13.5634
6120940,-75162,-13.5634
6125940,-75174,-12.5200
6130940,-75187,-13.5634
6135940,-75200,-13.5634
6140940,-75213,-13.5634
6145940,-75226,-13.5634
6150940,-75239,-13.5634
6155940,-75252,-13.5634
6160940,-75264,-12.5200
6165940,-75277,-13.5634
6170940,-75290,-13.5634
6175940,-75303,-13.5634
6180940,-75316,-13.5634
6185940,-75329,-13.5634
6190940,-75342,-13.5634
6195940,-75355,-13.5634
6200940,-75368,-13.5634
6205940,-75381,-13.5634
6210940,-75394,-13.5634
6215940,-75406,-12.5200
6220940,-75419,-13.5634
6225940,-75432,-13.5634
6230940,-75445,-13.5634
6235940,-75458,-13.5634
6240940,-75471,-13.5634
6245940,-75484,-13.5634
6250940,-75497,-13.5634
6255940,-75510,-13.5634
6260940,-75522,-12.5200
6265940,-75535,-13.5634
6270940,-75548,-13.5634
6275940,-75561,-13.5634
6280940,-75574,-13.5634
6285940,-75587,-13.5634
6290940,-75600,-13.5634
6295940,-75612,-12.5200
6300940,-75625,-13.5634
6305940,-75638,-13.5634
6310940,-75651,-13.5634
6315940,-75664,-13.5634
6320940,-75677,-13.5634
6325940,-75690,-13.5634
6330940,-75702,-12.5200
6335940,-75715,-13.5634
6340940,-75728,-13.5634
6345940,-75741,-13.5634
6350940,-75754,-13.5634
6355940,-75766,-12.5200
6360940,-75779,-13.5634
6365940,-75792,-13.5634
6370940,-75804,-12.5200
6375940,-75817,-13.5634
6380940,-75830,-13.5634
6385940,-75842,-12.5200
6390940,-75855,-13.5634
6395940,-75868,-13.5634
6400940,-75880,-12.5200
6405940,-75893,-13.5634
6410940,-75905,-12.5200
6415940,-75918,-13.5634
6420940,-75930,-12.5200
6425940,-75943,-13.5634
6430940,-75956,-13.5634
6435940,-75968,-12.5200
6440940,-75981,-13.5634
6445940,-75993,-12.5200
6450940,-76006,-13.5634
6455940,-76018,-12.5200
6460940,-76031,-13.5634
6465940,-76043,-12.5200
6470940,-76056,-13.5634
6475940,-76068,-12.5200
6480940,-76081,-13.5634
6485940,-76093,-12.5200
6490940,-76106,-13.5634
6495940,-76118,-12.5200
6500940,-76131,-13.5634
6505940,-76144,-13.5634
6510940,-76156,-12.5200
6515940,-76169,-13.5634
6520940,-76181,-12.5200
6525940,-76194,-13.5634
6530940,-76207,-13.5634
6535940,-76220,-13.5634
6540940,-76232,-12.5200
6545940,-76245,-13.5634
6550940,-76258,-13.5634
6555940,-76270,-12.5200
6560940,-76283,-13.5634
6565940,-76296,-13.5634
6570940,-76308,-12.5200
6575940,-76321,-13.5634
6580940,-76334,-13.5634
6585940,-76347,-13.5634
6590940,-76360,-13.5634
6595940,-76372,-12.5200
6600940,-76385,-13.5634
6605940,-76398,-13.5634
6610940,-76411,-13.5634
6615940,-76424,-13.5634
6620940,-76436,-12.5200
6625940,-76449,-13.5634
6630940,-76462,-13.5634
6635940,-76475,-13.5634
6640940,-76488,-13.5634
6645940,-76501,-13.5634
6650940,-76514,-13.5634
6655940,-76527,-13.5634
6660940,-76540,-13.5634
6665940,-76552,-12.5200
6670940,-76565,-13.5634
6675940,-76578,-13.5634
6680940,-76591,-13.5634
6685940,-76604,-13.5634
6690940,-76617,-13.5634
6695940,-76630,-13.5634
6700940,-76643,-13.5634
6705940,-76656,-13.5634
6710940,-76669,-13.5634
6715940,-76682,-13.5634
6720940,-76694,-12.5200
6725940,-76708,-14.6067
6730940,-76720,-12.5200
6735940,-76733,-13.5634
6740940,-76746,-13.5634
6745940,-76759,-13.5634
6750940,-76772,-13.5634
6755940,-76785,-13.5634
6760940,-76798,-13.5634
6765940,-76811,-13.5634
6770940,-76824,-13.5634
6775940,-76837,-13.5634
6780940,-76850,-13.5634
6785940,-76863,-13.5634
6790940,-76876,-13.5634
6795940,-76888,-12.5200
6800940,-76901,-13.5634
6805940,-76914,-13.5634
6810940,-76927,-13.5634
6815940,-76940,-13.5634
6820940,-76953,-13.5634
6825940,-76966,-13.5634
6830940,-76978,-12.5200
6835940,-76991,-13.5634
6840940,-77004,-13.5634
6845940,-77016,-12.5200
6850940,-77029,-13.5634
6855940,-77042,-13.5634
6860940,-77055,-13.5634
6865940,-77067,-12.5200
6870940,-77080,-13.5634
6875940,-77092,-12.5200
6880940,-77105,-13.5634
6885940,-77118,-13.5634
6890940,-77130,-12.5200
6895940,-77142,-12.5200
6900940,-77155,-13.5634
6905940,-77168,-13.5634
6910940,-77180,-12.5200
6915940,-77192,-12.5200
6920940,-77205,-13.5634
6925940,-77217,-12.5200
6930940,-77230,-13.5634
6935940,-77242,-12.5200
6940940,-77255,-13.5634
6945940,-77267,-12.5200
6950940,-77280,-13.5634
6955940,-77292,-12.5200
6960940,-77305,-13.5634
6965940,-77317,-12.5200
6970940,-77330,-13.5634
6975940,-77342,-12.5200
6980940,-77355,-13.5634
6985940,-77368,-13.5634
6990940,-77380,-12.5200
6995940,-77393,-13.5634
7000940,-77405,-12.5200
7005940,-77418,-13.5634
7010940,-77431,-13.5634
7015940,-77443,-12.5200
7020940,-77456,-13.5634
7025940,-77469,-13.5634
7030940,-77481,-12.5200
7035940,-77494,-13.5634
7040940,-77507,-13.5634
7045940,-77520,-13.5634
7050940,-77532,-12.5200
7055940,-77545,-13.5634
7060940,-77558,-13.5634
7065940,-77571,-13.5634
7070940,-77584,-13.5634
7075940,-77596,-12.5200
7080940,-77609,-13.5634
7085940,-77622,-13.5634
7090940,-77635,-13.5634
7095940,-77648,-13.5634
7100940,-77660,-12.5200
7105940,-77673,-13.5634
7110940,-77686,-13.5634
7115940,-77699,-13.5634
7120940,-77712,-13.5634
7125940,-77725,-13.5634
7130940,-77738,-13.5634
7135940,-77751,-13.5634
7140940,-77764,-13.5634
7145940,-77777,-13.5634
7150940,-77790,-13.5634
7155940,-77803,-13.5634
7160940,-77816,-13.5634
7165940,-77829,-13.5634
7170940,-77842,-13.5634
7175940,-77855,-13.5634
7180940,-77868,-13.5634
7185940,-77881,-13.5634
7190940,-77894,-13.5634
7195940,-77907,-13.5634
7200940,-77920,-13.5634
7205940,-77932,-12.5200
7210940,-77946,-14.6067
7215940,-77958,-12.5200
7220940,-77971,-13.5634
7225940,-77984,-13.5634
7230940,-77997,-13.5634
7235940,-78010,-13.5634
7240940,-78023,-13.5634
7245940,-78036,-13.5634
7250940,-78049,-13.5634
7255940,-78062,-13.5634
7260940,-78075,-13.5634
7265940,-78088,-13.5634
7270940,-78101,-13.5634
7275940,-78114,-13.5634
7280940,-78126,-12.5200
7285940,-78139,-13.5634
7290940,-78152,-13.5634
7295940,-78165,-13.5634
7300940,-78178,-13.5634
7305940,-78190,-12.5200
7310940,-78203,-13.5634
7315940,-78216,-13.5634
7320940,-78228,-12.5200
7325940,-78241,-13.5634
7330940,-78254,-13.5634
7335940,-78266,-12.5200
7340940,-78279,-13.5634
7345940,-78292,-13.5634
7350940,-78304,-12.5200
7355940,-78317,-13.5634
7360940,-78329,-12.5200
7365940,-78342,-13.5634
7370940,-78354,-12.5200
7375940,-78367,-13.5634
7380940,-78379,-12.5200
7385940,-78392,-13.5634
7390940,-78404,-12.5200
7395940,-78416,-12.5200
7400940,-78429,-13.5634
7405940,-78441,-12.5200
7410940,-78454,-13.5634
7415940,-78466,-12.5200
7420940,-78478,-12.5200
7425940,-78491,-13.5634
7430940,-78504,-13.5634
7435940,-78516,-12.5200
7440940,-78528,-12.5200
7445940,-78541,-13.5634
7450940,-78554,-13.5634
7455940,-78566,-12.5200
7460940,-78579,-13.5634
7465940,-78591,-12.5200
7470940,-78604,-13.5634
7475940,-78616,-12.5200
7480940,-78629,-13.5634
7485940,-78642,-13.5634
7490940,-78654,-12.5200
7495940,-78667,-13.5634
7500940,-78680,-13.5634
7505940,-78692,-12.5200
7510940,-78705,-13.5634
7515940,-78718,-13.5634
7520940,-78730,-12.5200
7525940,-78743,-13.5634
7530940,-78756,-13.5634
7535940,-78769,-13.5634
7540940,-78781,-12.5200
7545940,-78794,-13.5634
7550940,-78807,-13.5634
7555940,-78820,-13.5634
7560940,-78833,-13.5634
7565940,-78846,-13.5634
7570940,-78858,-12.5200
7575940,-78871,-13.5634
7580940,-78884,-13.5634
7585940,-78897,-13.5634
7590940,-78910,-13.5634
7595940,-78923,-13.5634
7600940,-78936,-13.5634
7605940,-78948,-12.5200
7610940,-78961,-13.5634
7615940,-78974,-13.5634
7620940,-78987,-13.5634
7625940,-79000,-13.5634
7630940,-79013,-13.5634
7635940,-79026,-13.5634
7640940,-79039,-13.5634
7645940,-79052,-13.5634
7650940,-79065,-13.5634
7655940,-79078,-13.5634
7660940,-79091,-13.5634
7665940,-79104,-13.5634
7670940,-79117,-13.5634
7675940,-79130,-13.5634
7680940,-79143,-13.5634
7685940,-79156,-13.5634
7690940,-79169,-13.5634
7695940,-79182,-13.5634
7700940,-79194,-12.5200
7705940,-79208,-14.6067
7710940,-79220,-12.5200
7715940,-79233,-13.5634
7720940,-79246,-13.5634
7725940,-79259,-13.5634
7730940,-79272,-13.5634
7735940,-79285,-13.5634
7740940,-79298,-13.5634
7745940,-79311,-13.5634
7750940,-79324,-13.5634
7755940,-79337,-13.5634
7760940,-79350,-13.5634
7765940,-79362,-12.5200
7770940,-79375,-13.5634
7775940,-79388,-13.5634
7780940,-79401,-13.5634
7785940,-79414,-13.5634
7790940,-79426,-12.5200
7795940,-79439,-13.5634
7800940,-79452,-13.5634
7805940,-79464,-12.5200
7810940,-79477,-13.5634
7815940,-79490,-13.5634
7820940,-79502,-12.5200
7825940,-79515,-13.5634
7830940,-79528,-13.5634
7835940,-79540,-12.5200
7840940,-79553,-13.5634
7845940,-79565,-12.5200
7850940,-79578,-13.5634
7855940,-79590,-12.5200
7860940,-79602,-12.5200
7865940,-79615,-13.5634
7870940,-79627,-12.5200
7875940,-79640,-13.5634
7880940,-79652,-12.5200
7885940,-79665,-13.5634
7890940,-79677,-12.5200
7895940,-79690,-13.5634
7900940,-79702,-12.5200
7905940,-79715,-13.5634
7910940,-79728,-13.5634
7915940,-79740,-12.5200
7920940,-79753,-13.5634
7925940,-79765,-12.5200
7930940,-79778,-13.5634
7935940,-79791,-13.5634
7940940,-79803,-12.5200
7945940,-79816,-13.5634
7950940,-79829,-13.5634
7955940,-79842,-13.5634
7960940,-79854,-12.5200
7965940,-79867,-13.5634
7970940,-79880,-13.5634
7975940,-79892,-12.5200
7980940,-79905,-13.5634
7985940,-79918,-13.5634
7990940,-79930,-12.5200
7995940,-79943,-13.5634
8000940,-79956,-13.5634
8005940,-79969,-13.5634
8010940,-79982,-13.5634
8015940,-79995,-13.5634
8020940,-80008,-13.5634
8025940,-80020,-12.5200
8030940,-80033,-13.5634
8035940,-80046,-13.5634
8040940,-80059,-13.5634
8045940,-80072,-13.5634
8050940,-80085,-13.5634
8055940,-80098,-13.5634
8060940,-80110,-12.5200
8065940,-80123,-13.5634
8070940,-80136,-13.5634
8075940,-80149,-13.5634
8080940,-80162,-13.5634
8085940,-80175,-13.5634
8090940,-80188,-13.5634
8095940,-80201,-13.5634
8100940,-80214,-13.5634
8105940,-80227,-13.5634
8110940,-80240,-13.5634
8115940,-80253,-13.5634
8120940,-80266,-13.5634
8125940,-80278,-12.5200
8130940,-80291,-13.5634
8135940,-80304,-13.5634
8140940,-80317,-13.5634
8145940,-80330,-13.5634
8150940,-80343,-13.5634
8155940,-80356,-13.5634
8160940,-80369,-13.5634
8165940,-80382,-13.5634
8170940,-80395,-13.5634
8175940,-80408,-13.5634
8180940,-80421,-13.5634
8185940,-80434,-13.5634
8190940,-80446,-12.5200
8195940,-80460,-14.6067
8200940,-80472,-12.5200
8205940,-80485,-13.5634
8210940,-80498,-13.5634
8215940,-80511,-13.5634
8220940,-80524,-13.5634
8225940,-80537,-13.5634
8230940,-80550,-13.5634
8235940,-80562,-12.5200
8240940,-80575,-13.5634
8245940,-80588,-13.5634
8250940,-80600,-12.5200
8255940,-80613,-13.5634
8260940,-80626,-13.5634
8265940,-80639,-13.5634
8270940,-80651,-12.5200
8275940,-80664,-13.5634
8280940,-80676,-12.5200
8285940,-80689,-13.5634
8290940,-80702,-13.5634
8295940,-80714,-12.5200
8300940,-80727,-13.5634
8305940,-80739,-12.5200
8310940,-80752,-13.5634
8315940,-80764,-12.5200
8320940,-80777,-13.5634
8325940,-80789,-12.5200
8330940,-80801,-12.5200
8335940,-80814,-13.5634
8340940,-80826,-12.5200
8345940,-80838,-12.5200
8350940,-80850,-12.5200
8355940,-80863,-13.5634
8360940,-80875,-12.5200
8365940,-80888,-13.5634
8370940,-80900,-12.5200
8375940,-80912,-12.5200
8380940,-80924,-12.5200
8385940,-80937,-13.5634
8390940,-80949,-12.5200
8395940,-80962,-13.5634
8400940,-80974,-12.5200
8405940,-80987,-13.5634
8410940,-80999,-12.5200
8415940,-81012,-13.5634
8420940,-81024,-12.5200
8425940,-81037,-13.5634
8430940,-81049,-12.5200
8435940,-81062,-13.5634
8440940,-81074,-12.5200
8445940,-81087,-13.5634
8450940,-81099,-12.5200
8455940,-81112,-13.5634
8460940,-81124,-12.5200
8465940,-81137,-13.5634
8470940,-81150,-13.5634
8475940,-81162,-12.5200
8480940,-81175,-13.5634
8485940,-81188,-13.5634
8490940,-81200,-12.5200
8495940,-81213,-13.5634
8500940,-81226,-13.5634
8505940,-81238,-12.5200
8510940,-81251,-13.5634
8515940,-81264,-13.5634
8520940,-81277,-13.5634
8525940,-81289,-12.5200
8530940,-81302,-13.5634
8535940,-81315,-13.5634
8540940,-81328,-13.5634
8545940,-81341,-13.5634
8550940,-81354,-13.5634
8555940,-81366,-12.5200
8560940,-81379,-13.5634
8565940,-81392,-13.5634
8570940,-81405,-13.5634
8575940,-81418,-13.5634
8580940,-81431,-13.5634
8585940,-81444,-13.5634
8590940,-81457,-13.5634
8595940,-81470,-13.5634
8600940,-81483,-13.5634
8605940,-81496,-13.5634
8610940,-81509,-13.5634
8615940,-81522,-13.5634
8620940,-81535,-13.5634
8625940,-81548,-13.5634
8630940,-81561,-13.5634
8635940,-81574,-13.5634
8640940,-81588,-14.6067
8645940,-81601,-13.5634
8650940,-81614,-13.5634
8655940,-81627,-13.5634
8660940,-81640,-13.5634
8665940,-81654,-14.6067
8670940,-81667,-13.5634
8675940,-81680,-13.5634
8680940,-81693,-13.5634
8685940,-81706,-13.5634
8690940,-81720,-14.6067
8695940,-81733,-13.5634
8700940,-81746,-13.5634
8705940,-81759,-13.5634
8710940,-81772,-13.5634
8715940,-81785,-13.5634
8720940,-81798,-13.5634
8725940,-81811,-13.5634
8730940,-81824,-13.5634
8735940,-81837,-13.5634
8740940,-81850,-13.5634
8745940,-81864,-14.6067
8750940,-81876,-12.5200
8755940,-81890,-14.6067
8760940,-81903,-13.5634
8765940,-81916,-13.5634
8770940,-81929,-13.5634
8775940,-81942,-13.5634
8780940,-81954,-12.5200
8785940,-81968,-14.6067
8790940,-81980,-12.5200
8795940,-81993,-13.5634
8800940,-82006,-13.5634
8805940,-82019,-13.5634
8810940,-82032,-13.5634
8815940,-82045,-13.5634
8820940,-82058,-13.5634
8825940,-82071,-13.5634
8830940,-82084,-13.5634
8835940,-82096,-12.5200
8840940,-82109,-13.5634
8845940,-82122,-13.5634
8850940,-82135,-13.5634
8855940,-82148,-13.5634
8860940,-82161,-13.5634
8865940,-82174,-13.5634
8870940,-82187,-13.5634
8875940,-82200,-13.5634
8880940,-82213,-13.5634
8885940,-82226,-13.5634
8890940,-82239,-13.5634
8895940,-82252,-13.5634
8900940,-82265,-13.5634
8905940,-82278,-13.5634
8910940,-82291,-13.5634
8915940,-82304,-13.5634
8920940,-82316,-12.5200
8925940,-82329,-13.5634
8930940,-82342,-13.5634
8935940,-82355,-13.5634
8940940,-82368,-13.5634
8945940,-82381,-13.5634
8950940,-82394,-13.5634
8955940,-82407,-13.5634
8960940,-82420,-13.5634
8965940,-82432,-12.5200
8970940,-82445,-13.5634
8975940,-82458,-13.5634
8980940,-82471,-13.5634
8985940,-82484,-13.5634
8990940,-82497,-13.5634
8995940,-82511,-14.6067
9000940,-82524,-13.5634
9005940,-82537,-13.5634
9010940,-82550,-13.5634
9015940,-82563,-13.5634
9020940,-82576,-13.5634
9025940,-82590,-14.6067
9030940,-82603,-13.5634
9035940,-82616,-13.5634
9040940,-82629,-13.5634
9045940,-82643,-14.6067
9050940,-82656,-13.5634
9055940,-82669,-13.5634
9060940,-82682,-13.5634
9065940,-82695,-13.5634
9070940,-82708,-13.5634
9075940,-82722,-14.6067
9080940,-82735,-13.5634
9085940,-82748,-13.5634
9090940,-82761,-13.5634
9095940,-82774,-13.5634
9100940,-82787,-13.5634
9105940,-82801,-14.6067
9110940,-82814,-13.5634
9115940,-82827,-13.5634
9120940,-82840,-13.5634
9125940,-82854,-14.6067
9130940,-82867,-13.5634
9135940,-82880,-13.5634
9140940,-82893,-13.5634
9145940,-82907,-14.6067
9150940,-82920,-13.5634
9155940,-82933,-13.5634
9160940,-82947,-14.6067
9165940,-82960,-13.5634
9170940,-82973,-13.5634
9175940,-82986,-13.5634
9180940,-83000,-14.6067
9185940,-83013,-13.5634
9190940,-83026,-13.5634
9195940,-83039,-13.5634
9200940,-83052,-13.5634
9205940,-83065,-13.5634
9210940,-83079,-14.6067
9215940,-83092,-13.5634
9220940,-83105,-13.5634
9225940,-83118,-13.5634
9230940,-83131,-13.5634
9235940,-83144,-13.5634
9240940,-83157,-13.5634
9245940,-83170,-13.5634
9250940,-83184,-14.6067
9255940,-83196,-12.5200
9260940,-83210,-14.6067
9265940,-83223,-13.5634
9270940,-83236,-13.5634
9275940,-83249,-13.5634
9280940,-83262,-13.5634
9285940,-83275,-13.5634
9290940,-83288,-13.5634
9295940,-83301,-13.5634
9300940,-83314,-13.5634
9305940,-83327,-13.5634
9310940,-83340,-13.5634
9315940,-83353,-13.5634
9320940,-83366,-13.5634
9325940,-83379,-13.5634
9330940,-83392,-13.5634
9335940,-83405,-13.5634
9340940,-83418,-13.5634
9345940,-83431,-13.5634
9350940,-83444,-13.5634
9355940,-83457,-13.5634
9360940,-83470,-13.5634
9365940,-83483,-13.5634
9370940,-83496,-13.5634
9375940,-83510,-14.6067
9380940,-83523,-13.5634
9385940,-83536,-13.5634
9390940,-83549,-13.5634
9395940,-83563,-14.6067
9400940,-83576,-13.5634
9405940,-83589,-13.5634
9410940,-83602,-13.5634
9415940,-83616,-14.6067
9420940,-83629,-13.5634
9425940,-83642,-13.5634
9430940,-83656,-14.6067
9435940,-83669,-13.5634
9440940,-83682,-13.5634
9445940,-83696,-14.6067
9450940,-83709,-13.5634
9455940,-83722,-13.5634
9460940,-83735,-13.5634
9465940,-83748,-13.5634
9470940,-83761,-13.5634
9475940,-83774,-13.5634
9480940,-83787,-13.5634
9485940,-83800,-13.5634
9490940,-83813,-13.5634
9495940,-83826,-13.5634
9500940,-83839,-13.5634
9505940,-83852,-13.5634
9510940,-83865,-13.5634
9515940,-83878,-13.5634
9520940,-83891,-13.5634
9525940,-83904,-13.5634
9530940,-83917,-13.5634
9535940,-83930,-13.5634
9540940,-83943,-13.5634
9545940,-83957,-14.6067
9550940,-83970,-13.5634
9555940,-83983,-13.5634
9560940,-83996,-13.5634
9565940,-84010,-14.6067
9570940,-84023,-13.5634
9575940,-84036,-13.5634
9580940,-84049,-13.5634
9585940,-84063,-14.6067
9590940,-84076,-13.5634
9595940,-84089,-13.5634
9600940,-84102,-13.5634
9605940,-84116,-14.6067
9610940,-84129,-13.5634
9615940,-84142,-13.5634
9620940,-84155,-13.5634
9625940,-84168,-13.5634
9630940,-84181,-13.5634
9635940,-84194,-13.5634
9640940,-84208,-14.6067
9645940,-84221,-13.5634
9650940,-84234,-13.5634
9655940,-84247,-13.5634
9660940,-84260,-13.5634
9665940,-84273,-13.5634
9670940,-84286,-13.5634
9675940,-84299,-13.5634
9680940,-84312,-13.5634
9685940,-84326,-14.6067
9690940,-84339,-13.5634
9695940,-84352,-13.5634
9700940,-84365,-13.5634
9705940,-84378,-13.5634
9710940,-84391,-13.5634
9715940,-84404,-13.5634
9720940,-84417,-13.5634
9725940,-84430,-13.5634
9730940,-84443,-13.5634
9735940,-84456,-13.5634
9740940,-84469,-13.5634
9745940,-84482,-13.5634
9750940,-84495,-13.5634
9755940,-84508,-13.5634
9760940,-84521,-13.5634
9765940,-84534,-13.5634
9770940,-84547,-13.5634
9775940,-84560,-13.5634
9780940,-84573,-13.5634
9785940,-84586,-13.5634
9790940,-84599,-13.5634
9795940,-84612,-13.5634
9800940,-84626,-14.6067
9805940,-84639,-13.5634
9810940,-84652,-13.5634
9815940,-84665,-13.5634
9820940,-84678,-13.5634
9825940,-84692,-14.6067
9830940,-84705,-13.5634
9835940,-84718,-13.5634
9840940,-84731,-13.5634
9845940,-84745,-14.6067
9850940,-84758,-13.5634
9855940,-84771,-13.5634
9860940,-84785,-14.6067
9865940,-84798,-13.5634
9870940,-84811,-13.5634
9875940,-84825,-14.6067
9880940,-84838,-13.5634
9885940,-84852,-14.6067
9890940,-84865,-13.5634
9895940,-84878,-13.5634
9900940,-84892,-14.6067
9905940,-84905,-13.5634
9910940,-84919,-14.6067
9915940,-84932,-13.5634
9920940,-84946,-14.6067
9925940,-84959,-13.5634
9930940,-84973,-14.6067
9935940,-84986,-13.5634
9940940,-85000,-14.6067
9945940,-85013,-13.5634
9950940,-85027,-14.6067
9955940,-85041,-14.6067
9960940,-85054,-13.5634
9965940,-85068,-14.6067
9970940,-85081,-13.5634
9975940,-85095,-14.6067
9980940,-85108,-13.5634
9985940,-85122,-14.6067
9990940,-85135,-13.5634
9995940,-85148,-13.5634
