Time(us),Position(counts),Speed(rad/s)
2,2,0.0000
5003,0,-2.0863
10004,-8,-8.3450
15004,-20,-12.5200
20006,-36,-16.6867
25007,-54,-18.7763
30008,-74,-20.8626
35009,-96,-22.9488
40011,-119,-23.9872
45012,-143,-25.0351
50012,-168,-26.0834
55014,-193,-26.0730
60015,-218,-26.0782
65016,-244,-27.1213
70017,-269,-26.0782
75018,-295,-27.1213
80019,-320,-26.0782
85020,-346,-27.1213
90022,-371,-26.0730
95023,-397,-27.1213
100024,-422,-26.0782
105025,-448,-27.1213
110026,-474,-27.1213
115027,-500,-27.1213
120028,-526,-27.1213
125029,-552,-27.1213
130030,-579,-28.1645
135031,-605,-27.1213
140032,-632,-28.1645
145033,-658,-27.1213
150035,-685,-28.1588
155036,-712,-28.1645
160037,-738,-27.1213
165038,-765,-28.1645
170039,-792,-28.1645
175040,-819,-28.1645
180041,-846,-28.1645
185042,-873,-28.1645
190043,-900,-28.1645
195044,-927,-28.1645
200045,-954,-28.1645
205046,-981,-28.1645
210047,-1008,-28.1645
215048,-1034,-27.1213
220049,-1061,-28.1645
225051,-1088,-28.1588
230052,-1116,-29.2076
235053,-1143,-28.1645
240054,-1170,-28.1645
245055,-1196,-27.1213
250056,-1224,-29.2076
255057,-1250,-27.1213
260058,-1278,-29.2076
265059,-1305,-28.1645
270060,-1332,-28.1645
275061,-1359,-28.1645
280062,-1386,-28.1645
285063,-1413,-28.1645
290064,-1440,-28.1645
295065,-1467,-28.1645
300067,-1494,-28.1588
305068,-1522,-29.2076
310069,-1549,-28.1645
315070,-1576,-28.1645
320071,-1603,-28.1645
325072,-1631,-29.2076
330073,-1658,-28.1645
335074,-1685,-28.1645
340075,-1712,-28.1645
345076,-1740,-29.2076
350077,-1767,-28.1645
355078,-1795,-29.2076
360080,-1822,-28.1588
365081,-1850,-29.2076
370082,-1877,-28.1645
375083,-1905,-29.2076
380084,-1933,-29.2076
385085,-1961,-29.2076
390086,-1989,-29.2076
395087,-2017,-29.2076
400088,-2045,-29.2076
405089,-2073,-29.2076
410090,-2101,-29.2076
415091,-2129,-29.2076
420092,-2157,-29.2076
425093,-2185,-29.2076
430094,-2213,-29.2076
435096,-2241,-29.2018
440097,-2269,-29.2076
445098,-2297,-29.2076
450099,-2326,-30.2507
455100,-2354,-29.2076
460101,-2382,-29.2076
465102,-2410,-29.2076
470103,-2438,-29.2076
475104,-2466,-29.2076
480105,-2494,-29.2076
485106,-2522,-29.2076
490107,-2550,-29.2076
495108,-2578,-29.2076
500109,-2606,-29.2076
505110,-2634,-29.2076
510112,-2662,-29.2018
515113,-2690,-29.2076
520114,-2718,-29.2076
525115,-2746,-29.2076
530116,-2775,-30.2507
535117,-2803,-29.2076
540118,-2831,-29.2076
545119,-2859,-29.2076
550120,-2887,-29.2076
555121,-2915,-29.2076
560122,-2943,-29.2076
565123,-2972,-30.2507
570125,-3000,-29.2018
575126,-3028,-29.2076
580127,-3056,-29.2076
585128,-3084,-29.2076
590129,-3113,-30.2507
595130,-3141,-29.2076
600131,-3169,-29.2076
605132,-3197,-29.2076
610133,-3226,-30.2507
615134,-3254,-29.2076
620135,-3282,-29.2076
625136,-3310,-29.2076
630137,-3339,-30.2507
635138,-3367,-29.2076
640139,-3395,-29.2076
645141,-3423,-29.2018
650142,-3452,-30.2507
655143,-3480,-29.2076
660144,-3508,-29.2076
665145,-3536,-29.2076
670146,-3565,-30.2507
675147,-3593,-29.2076
680148,-3621,-29.2076
685149,-3649,-29.2076
690150,-3678,-30.2507
695151,-3706,-29.2076
700152,-3734,-29.2076
705153,-3762,-29.2076
710154,-3790,-29.2076
715155,-3819,-30.2507
720157,-3847,-29.2018
725158,-3875,-29.2076
730159,-3904,-30.2507
735160,-3932,-29.2076
740161,-3960,-29.2076
745162,-3988,-29.2076
750163,-4017,-30.2507
755164,-4045,-29.2076
760165,-4073,-29.2076
765166,-4102,-30.2507
770167,-4130,-29.2076
775168,-4158,-29.2076
780170,-4187,-30.2447
785171,-4215,-29.2076
790172,-4244,-30.2507
795173,-4272,-29.2076
800174,-4300,-29.2076
805175,-4329,-30.2507
810176,-4357,-29.2076
815177,-4386,-30.2507
820178,-4414,-29.2076
825179,-4442,-29.2076
830180,-4470,-29.2076
835181,-4499,-30.2507
840182,-4527,-29.2076
845183,-4556,-30.2507
850184,-4584,-29.2076
855186,-4612,-29.2018
860187,-4640,-29.2076
865188,-4669,-30.2507
870189,-4697,-29.2076
875190,-4726,-30.2507
880191,-4754,-29.2076
885192,-4782,-29.2076
890193,-4811,-30.2507
895194,-4839,-29.2076
900195,-4868,-30.2507
905196,-4896,-29.2076
910197,-4924,-29.2076
915198,-4953,-30.2507
920199,-4981,-29.2076
925200,-5009,-29.2076
930202,-5038,-30.2447
935203,-5066,-29.2076
940204,-5094,-29.2076
945205,-5122,-29.2076
950206,-5151,-30.2507
955207,-5179,-29.2076
960208,-5208,-30.2507
965209,-5236,-29.2076
970210,-5264,-29.2076
975211,-5293,-30.2507
980212,-5321,-29.2076
985213,-5350,-30.2507
990215,-5378,-29.2018
995216,-5407,-30.2507
1000217,-5435,-29.2076
1005218,-5464,-30.2507
1010219,-5492,-29.2076
1015220,-5521,-30.2507
1020221,-5549,-29.2076
1025222,-5578,-30.2507
1030223,-5606,-29.2076
1035224,-5635,-30.2507
1040225,-5663,-29.2076
1045226,-5692,-30.2507
1050227,-5720,-29.2076
1055228,-5749,-30.2507
1060229,-5777,-29.2076
1065231,-5806,-30.2447
1070232,-5834,-29.2076
1075233,-5862,-29.2076
1080234,-5891,-30.2507
1085235,-5919,-29.2076
1090236,-5948,-30.2507
1095237,-5976,-29.2076
1100238,-6004,-29.2076
1105239,-6033,-30.2507
1110240,-6061,-29.2076
1115241,-6089,-29.2076
1120242,-6118,-30.2507
1125243,-6146,-29.2076
1130244,-6175,-30.2507
1135245,-6203,-29.2076
1140247,-6232,-30.2447
1145248,-6260,-29.2076
1150249,-6289,-30.2507
1155250,-6317,-29.2076
1160251,-6346,-30.2507
1165252,-6374,-29.2076
1170253,-6403,-30.2507
1175254,-6432,-30.2507
1180255,-6460,-29.2076
1185256,-6489,-30.2507
1190257,-6518,-30.2507
1195258,-6546,-29.2076
1200260,-6575,-30.2447
1205261,-6604,-30.2507
1210262,-6633,-30.2507
1215263,-6661,-29.2076
1220264,-6690,-30.2507
1225265,-6719,-30.2507
1230266,-6748,-30.2507
1235267,-6777,-30.2507
1240268,-6805,-29.2076
1245269,-6834,-30.2507
1250270,-6863,-30.2507
1255271,-6892,-30.2507
1260272,-6921,-30.2507
1265273,-6950,-30.2507
1270274,-6979,-30.2507
1275276,-7008,-30.2447
1280277,-7036,-29.2076
1285278,-7065,-30.2507
1290279,-7094,-30.2507
1295280,-7123,-30.2507
1300281,-7152,-30.2507
1305282,-7181,-30.2507
1310283,-7209,-29.2076
1315284,-7238,-30.2507
1320285,-7267,-30.2507
1325286,-7296,-30.2507
1330287,-7324,-29.2076
1335288,-7353,-30.2507
1340289,-7382,-30.2507
1345290,-7410,-29.2076
1350292,-7439,-30.2447
1355293,-7468,-30.2507
1360294,-7496,-29.2076
1365295,-7525,-30.2507
1370296,-7554,-30.2507
1375297,-7583,-30.2507
1380298,-7611,-29.2076
1385299,-7640,-30.2507
1390300,-7669,-30.2507
1395301,-7698,-30.2507
1400302,-7727,-30.2507
1405303,-7755,-29.2076
1410305,-7784,-30.2447
1415306,-7813,-30.2507
1420307,-7842,-30.2507
1425308,-7871,-30.2507
1430309,-7900,-30.2507
1435310,-7928,-29.2076
1440311,-7957,-30.2507
1445312,-7986,-30.2507
1450313,-8014,-29.2076
1455314,-8043,-30.2507
1460315,-8072,-30.2507
1465316,-8101,-30.2507
1470317,-8129,-29.2076
1475318,-8158,-30.2507
1480319,-8187,-30.2507
1485321,-8216,-30.2447
1490322,-8244,-29.2076
1495323,-8273,-30.2507
1500324,-8301,-29.2076
1505325,-8330,-30.2507
1510326,-8359,-30.2507
1515327,-8387,-29.2076
1520328,-8416,-30.2507
1525329,-8445,-30.2507
1530330,-8473,-29.2076
1535331,-8502,-30.2507
1540332,-8530,-29.2076
1545333,-8559,-30.2507
1550334,-8588,-30.2507
1555335,-8616,-29.2076
1560337,-8645,-30.2447
1565338,-8674,-30.2507
1570339,-8702,-29.2076
1575340,-8731,-30.2507
1580341,-8760,-30.2507
1585342,-8789,-30.2507
1590343,-8817,-29.2076
1595344,-8846,-30.2507
1600345,-8875,-30.2507
1605346,-8904,-30.2507
1610347,-8933,-30.2507
1615348,-8962,-30.2507
1620350,-8990,-29.2018
1625351,-9019,-30.2507
1630352,-9048,-30.2507
1635353,-9077,-30.2507
1640354,-9106,-30.2507
1645355,-9135,-30.2507
1650356,-9164,-30.2507
1655357,-9193,-30.2507
1660358,-9222,-30.2507
1665359,-9250,-29.2076
1670360,-9279,-30.2507
1675361,-9308,-30.2507
1680362,-9337,-30.2507
1685363,-9366,-30.2507
1690364,-9395,-30.2507
1695366,-9424,-30.2447
1700367,-9453,-30.2507
1705368,-9482,-30.2507
1710369,-9511,-30.2507
1715370,-9540,-30.2507
1720371,-9569,-30.2507
1725372,-9598,-30.2507
1730373,-9627,-30.2507
1735374,-9656,-30.2507
1740375,-9685,-30.2507
1745376,-9714,-30.2507
1750377,-9742,-29.2076
1755378,-9771,-30.2507
1760379,-9800,-30.2507
1765380,-9829,-30.2507
1770382,-9858,-30.2447
1775383,-9887,-30.2507
1780384,-9916,-30.2507
1785385,-9944,-29.2076
1790386,-9974,-31.2939
1795387,-10002,-29.2076
1800388,-10032,-31.2939
1805389,-10061,-30.2507
1810390,-10090,-30.2507
1815391,-10119,-30.2507
1820392,-10148,-30.2507
1825393,-10178,-31.2939
1830395,-10207,-30.2447
1835396,-10236,-30.2507
1840397,-10266,-31.2939
1845398,-10296,-31.2939
1850399,-10325,-30.2507
1855400,-10355,-31.2939
1860401,-10385,-31.2939
1865402,-10414,-30.2507
1870403,-10444,-31.2939
1875404,-10474,-31.2939
1880405,-10504,-31.2939
1885406,-10533,-30.2507
1890407,-10563,-31.2939
1895408,-10593,-31.2939
1900409,-10623,-31.2939
1905411,-10653,-31.2876
1910412,-10683,-31.2939
1915413,-10712,-30.2507
1920414,-10742,-31.2939
1925415,-10772,-31.2939
1930416,-10802,-31.2939
1935417,-10832,-31.2939
1940418,-10861,-30.2507
1945419,-10891,-31.2939
1950420,-10921,-31.2939
1955421,-10950,-30.2507
1960422,-10980,-31.2939
1965423,-11010,-31.2939
1970424,-11039,-30.2507
1975425,-11069,-31.2939
1980427,-11099,-31.2876
1985428,-11128,-30.2507
1990429,-11158,-31.2939
1995430,-11188,-31.2939
2000431,-11218,-31.2939
2005432,-11248,-31.2939
2010433,-11277,-30.2507
2015434,-11307,-31.2939
2020435,-11337,-31.2939
2025436,-11367,-31.2939
2030437,-11396,-30.2507
2035438,-11426,-31.2939
2040440,-11456,-31.2876
2045441,-11486,-31.2939
2050442,-11515,-30.2507
2055443,-11545,-31.2939
2060444,-11574,-30.2507
2065445,-11604,-31.2939
2070446,-11633,-30.2507
2075447,-11662,-30.2507
2080448,-11692,-31.2939
2085449,-11721,-30.2507
2090450,-11751,-31.2939
2095451,-11780,-30.2507
2100452,-11810,-31.2939
2105453,-11839,-30.2507
2110454,-11869,-31.2939
2115456,-11898,-30.2447
2120457,-11928,-31.2939
2125458,-11957,-30.2507
2130459,-11987,-31.2939
2135460,-12016,-30.2507
2140461,-12046,-31.2939
2145462,-12075,-30.2507
2150463,-12105,-31.2939
2155464,-12134,-30.2507
2160465,-12164,-31.2939
2165466,-12194,-31.2939
2170467,-12223,-30.2507
2175468,-12253,-31.2939
2180469,-12282,-30.2507
2185470,-12312,-31.2939
2190472,-12342,-31.2876
2195473,-12372,-31.2939
2200474,-12402,-31.2939
2205475,-12432,-31.2939
2210476,-12461,-30.2507
2215477,-12491,-31.2939
2220478,-12521,-31.2939
2225479,-12551,-31.2939
2230480,-12580,-30.2507
2235481,-12610,-31.2939
2240482,-12640,-31.2939
2245483,-12669,-30.2507
2250485,-12699,-31.2876
2255486,-12729,-31.2939
2260487,-12759,-31.2939
2265488,-12789,-31.2939
2270489,-12819,-31.2939
2275490,-12849,-31.2939
2280491,-12878,-30.2507
2285492,-12908,-31.2939
2290493,-12938,-31.2939
2295494,-12968,-31.2939
2300495,-12998,-31.2939
2305496,-13028,-31.2939
2310497,-13058,-31.2939
2315498,-13087,-30.2507
2320499,-13117,-31.2939
2325501,-13147,-31.2876
2330502,-13177,-31.2939
2335503,-13207,-31.2939
2340504,-13237,-31.2939
2345505,-13267,-31.2939
2350506,-13296,-30.2507
2355507,-13326,-31.2939
2360508,-13356,-31.2939
2365509,-13386,-31.2939
2370510,-13415,-30.2507
2375511,-13445,-31.2939
2380512,-13475,-31.2939
2385513,-13504,-30.2507
2390514,-13534,-31.2939
2395515,-13564,-31.2939
2400517,-13594,-31.2876
2405518,-13623,-30.2507
2410519,-13653,-31.2939
2415520,-13683,-31.2939
2420521,-13713,-31.2939
2425522,-13743,-31.2939
2430523,-13772,-30.2507
2435524,-13802,-31.2939
2440525,-13832,-31.2939
2445526,-13862,-31.2939
2450527,-13892,-31.2939
2455528,-13922,-31.2939
2460530,-13952,-31.2876
2465531,-13982,-31.2939
2470532,-14012,-31.2939
2475533,-14042,-31.2939
2480534,-14072,-31.2939
2485535,-14101,-30.2507
2490536,-14131,-31.2939
2495537,-14161,-31.2939
2500538,-14190,-30.2507
2505539,-14220,-31.2939
2510540,-14250,-31.2939
2515541,-14280,-31.2939
2520542,-14309,-30.2507
2525543,-14339,-31.2939
2530544,-14369,-31.2939
2535546,-14398,-30.2447
2540547,-14428,-31.2939
2545548,-14457,-30.2507
2550549,-14487,-31.2939
2555550,-14516,-30.2507
2560551,-14546,-31.2939
2565552,-14575,-30.2507
2570553,-14604,-30.2507
2575554,-14634,-31.2939
2580555,-14664,-31.2939
2585556,-14693,-30.2507
2590557,-14723,-31.2939
2595558,-14752,-30.2507
2600559,-14782,-31.2939
2605560,-14812,-31.2939
2610562,-14841,-30.2447
2615563,-14871,-31.2939
2620564,-14901,-31.2939
2625565,-14931,-31.2939
2630566,-14961,-31.2939
2635567,-14990,-30.2507
2640568,-15020,-31.2939
2645569,-15050,-31.2939
2650570,-15080,-31.2939
2655571,-15110,-31.2939
2660572,-15140,-31.2939
2665573,-15170,-31.2939
2670575,-15200,-31.2876
2675576,-15230,-31.2939
2680577,-15260,-31.2939
2685578,-15290,-31.2939
2690579,-15320,-31.2939
2695580,-15350,-31.2939
2700581,-15380,-31.2939
2705582,-15410,-31.2939
2710583,-15439,-30.2507
2715584,-15469,-31.2939
2720585,-15499,-31.2939
2725586,-15529,-31.2939
2730587,-15559,-31.2939
2735588,-15589,-31.2939
2740589,-15619,-31.2939
2745591,-15648,-30.2447
2750592,-15678,-31.2939
2755593,-15708,-31.2939
2760594,-15738,-31.2939
2765595,-15768,-31.2939
2770596,-15798,-31.2939
2775597,-15828,-31.2939
2780598,-15858,-31.2939
2785599,-15888,-31.2939
2790600,-15917,-30.2507
2795601,-15947,-31.2939
2800602,-15977,-31.2939
2805603,-16007,-31.2939
2810604,-16037,-31.2939
2815605,-16067,-31.2939
2820607,-16097,-31.2876
2825608,-16127,-31.2939
2830609,-16157,-31.2939
2835610,-16187,-31.2939
2840611,-16217,-31.2939
2845612,-16247,-31.2939
2850613,-16277,-31.2939
2855614,-16307,-31.2939
2860615,-16337,-31.2939
2865616,-16368,-32.3370
2870616,-16398,-31.3001
2875617,-16428,-31.2939
2880618,-16458,-31.2939
2885620,-16488,-31.2876
2890621,-16518,-31.2939
2895622,-16548,-31.2939
2900623,-16578,-31.2939
2905624,-16608,-31.2939
2910625,-16638,-31.2939
2915626,-16669,-32.3370
2920626,-16699,-31.3001
2925627,-16729,-31.2939
2930628,-16758,-30.2507
2935629,-16788,-31.2939
2940630,-16818,-31.2939
2945631,-16848,-31.2939
2950632,-16878,-31.2939
2955633,-16907,-30.2507
2960634,-16937,-31.2939
2965636,-16967,-31.2876
2970637,-16996,-30.2507
2975638,-17026,-31.2939
2980639,-17056,-31.2939
2985640,-17085,-30.2507
2990641,-17115,-31.2939
2995642,-17144,-30.2507
3000643,-17174,-31.2939
3005644,-17204,-31.2939
3010645,-17234,-31.2939
3015646,-17263,-30.2507
3020647,-17293,-31.2939
3025648,-17323,-31.2939
3030649,-17352,-30.2507
3035650,-17382,-31.2939
3040652,-17412,-31.2876
3045653,-17442,-31.2939
3050654,-17472,-31.2939
3055655,-17501,-30.2507
3060656,-17531,-31.2939
3065657,-17561,-31.2939
3070658,-17590,-30.2507
3075659,-17620,-31.2939
3080660,-17650,-31.2939
3085661,-17680,-31.2939
3090662,-17710,-31.2939
3095663,-17740,-31.2939
3100665,-17769,-30.2447
3105666,-17799,-31.2939
3110667,-17829,-31.2939
3115668,-17859,-31.2939
3120669,-17889,-31.2939
3125670,-17919,-31.2939
3130671,-17949,-31.2939
3135672,-17978,-30.2507
3140673,-18008,-31.2939
3145674,-18038,-31.2939
3150675,-18068,-31.2939
3155676,-18098,-31.2939
3160677,-18128,-31.2939
3165678,-18157,-30.2507
3170679,-18187,-31.2939
3175681,-18217,-31.2876
3180682,-18247,-31.2939
3185683,-18277,-31.2939
3190684,-18306,-30.2507
3195685,-18336,-31.2939
3200686,-18366,-31.2939
3205687,-18396,-31.2939
3210688,-18426,-31.2939
3215689,-18456,-31.2939
3220690,-18486,-31.2939
3225691,-18516,-31.2939
3230692,-18546,-31.2939
3235693,-18576,-31.2939
3240694,-18606,-31.2939
3245695,-18636,-31.2939
3250697,-18666,-31.2876
3255698,-18696,-31.2939
3260699,-18726,-31.2939
3265700,-18756,-31.2939
3270701,-18786,-31.2939
3275702,-18816,-31.2939
3280703,-18846,-31.2939
3285704,-18876,-31.2939
3290705,-18906,-31.2939
3295706,-18936,-31.2939
3300707,-18966,-31.2939
3305708,-18995,-30.2507
3310710,-19025,-31.2876
3315711,-19055,-31.2939
3320712,-19085,-31.2939
3325713,-19114,-30.2507
3330714,-19144,-31.2939
3335715,-19174,-31.2939
3340716,-19203,-30.2507
3345717,-19233,-31.2939
3350718,-19262,-30.2507
3355719,-19292,-31.2939
3360720,-19321,-30.2507
3365721,-19351,-31.2939
3370722,-19380,-30.2507
3375723,-19410,-31.2939
3380724,-19440,-31.2939
3385726,-19469,-30.2447
3390727,-19499,-31.2939
3395728,-19529,-31.2939
3400729,-19558,-30.2507
3405730,-19588,-31.2939
3410731,-19618,-31.2939
3415732,-19648,-31.2939
3420733,-19678,-31.2939
3425734,-19707,-30.2507
3430735,-19737,-31.2939
3435736,-19767,-31.2939
3440737,-19797,-31.2939
3445738,-19827,-31.2939
3450739,-19857,-31.2939
3455740,-19887,-31.2939
3460742,-19917,-31.2876
3465743,-19946,-30.2507
3470744,-19976,-31.2939
3475745,-20006,-31.2939
3480746,-20036,-31.2939
3485747,-20066,-31.2939
3490748,-20096,-31.2939
3495749,-20126,-31.2939
3500750,-20156,-31.2939
3505751,-20185,-30.2507
3510752,-20215,-31.2939
3515753,-20245,-31.2939
3520755,-20275,-31.2876
3525756,-20305,-31.2939
3530757,-20334,-30.2507
3535758,-20364,-31.2939
3540759,-20394,-31.2939
3545760,-20424,-31.2939
3550761,-20453,-30.2507
3555762,-20483,-31.2939
3560763,-20513,-31.2939
3565764,-20542,-30.2507
3570765,-20572,-31.2939
3575766,-20602,-31.2939
3580767,-20632,-31.2939
3585768,-20662,-31.2939
3590769,-20692,-31.2939
3595771,-20721,-30.2447
3600772,-20751,-31.2939
3605773,-20781,-31.2939
3610774,-20811,-31.2939
3615775,-20841,-31.2939
3620776,-20870,-30.2507
3625777,-20900,-31.2939
3630778,-20930,-31.2939
3635779,-20960,-31.2939
3640780,-20990,-31.2939
3645781,-21021,-32.3370
3650783,-21051,-31.2876
3655785,-21081,-31.2876
3660785,-21111,-31.3001
3665787,-21141,-31.2876
3670788,-21171,-31.2939
3675789,-21202,-32.3370
3680790,-21232,-31.2939
3685790,-21262,-31.3001
3690792,-21292,-31.2876
3695793,-21322,-31.2939
3700794,-21352,-31.2939
3705795,-21382,-31.2939
3710796,-21412,-31.2939
3715797,-21442,-31.2939
3720798,-21472,-31.2939
3725800,-21502,-31.2876
3730801,-21532,-31.2939
3735802,-21562,-31.2939
3740803,-21592,-31.2939
3745804,-21621,-30.2507
3750805,-21651,-31.2939
3755806,-21681,-31.2939
3760807,-21710,-30.2507
3765808,-21740,-31.2939
3770809,-21769,-30.2507
3775810,-21799,-31.2939
3780811,-21828,-30.2507
3785812,-21858,-31.2939
3790813,-21887,-30.2507
3795814,-21917,-31.2939
3800816,-21947,-31.2876
3805817,-21976,-30.2507
3810818,-22006,-31.2939
3815819,-22036,-31.2939
3820820,-22066,-31.2939
3825821,-22096,-31.2939
3830822,-22125,-30.2507
3835823,-22155,-31.2939
3840824,-22185,-31.2939
3845825,-22215,-31.2939
3850826,-22245,-31.2939
3855827,-22275,-31.2939
3860828,-22304,-30.2507
3865829,-22335,-32.3370
3870831,-22365,-31.2876
3875833,-22394,-30.2447
3880834,-22424,-31.2939
3885835,-22454,-31.2939
3890836,-22484,-31.2939
3895837,-22514,-31.2939
3900838,-22544,-31.2939
3905839,-22574,-31.2939
3910840,-22604,-31.2939
3915841,-22634,-31.2939
3920842,-22664,-31.2939
3925843,-22694,-31.2939
3930845,-22724,-31.2876
3935846,-22755,-32.3370
3940848,-22784,-30.2447
3945849,-22815,-32.3370
3950851,-22845,-31.2876
3955852,-22875,-31.2939
3960853,-22905,-31.2939
3965854,-22935,-31.2939
3970855,-22965,-31.2939
3975856,-22995,-31.2939
3980857,-23025,-31.2939
3985858,-23055,-31.2939
3990859,-23085,-31.2939
3995861,-23115,-31.2876
4000862,-23145,-31.2939
4005863,-23175,-31.2939
4010864,-23204,-30.2507
4015865,-23235,-32.3370
4020867,-23264,-30.2447
4025868,-23294,-31.2939
4030869,-23324,-31.2939
4035870,-23355,-32.3370
4040870,-23385,-31.3001
4045871,-23415,-31.2939
4050872,-23445,-31.2939
4055873,-23475,-31.2939
4060874,-23505,-31.2939
4065875,-23535,-31.2939
4070877,-23565,-31.2876
4075878,-23595,-31.2939
4080879,-23625,-31.2939
4085880,-23656,-32.3370
4090880,-23686,-31.3001
4095881,-23716,-31.2939
4100882,-23746,-31.2939
4105883,-23776,-31.2939
4110884,-23806,-31.2939
4115885,-23836,-31.2939
4120886,-23866,-31.2939
4125887,-23896,-31.2939
4130888,-23925,-30.2507
4135890,-23955,-31.2876
4140891,-23985,-31.2939
4145892,-24015,-31.2939
4150893,-24044,-30.2507
4155894,-24074,-31.2939
4160895,-24104,-31.2939
4165896,-24134,-31.2939
4170897,-24164,-31.2939
4175898,-24193,-30.2507
4180899,-24223,-31.2939
4185900,-24253,-31.2939
4190901,-24283,-31.2939
4195902,-24312,-30.2507
4200903,-24342,-31.2939
4205904,-24372,-31.2939
4210906,-24402,-31.2876
4215907,-24432,-31.2939
4220908,-24462,-31.2939
4225909,-24492,-31.2939
4230910,-24522,-31.2939
4235911,-24552,-31.2939
4240912,-24582,-31.2939
4245913,-24612,-31.2939
4250914,-24642,-31.2939
4255915,-24672,-31.2939
4260916,-24702,-31.2939
4265917,-24732,-31.2939
4270918,-24762,-31.2939
4275919,-24792,-31.2939
4280920,-24822,-31.2939
4285922,-24852,-31.2876
4290923,-24882,-31.2939
4295924,-24912,-31.2939
4300925,-24942,-31.2939
4305926,-24972,-31.2939
4310927,-25002,-31.2939
4315928,-25032,-31.2939
4320929,-25062,-31.2939
4325930,-25092,-31.2939
4330931,-25122,-31.2939
4335932,-25153,-32.3370
4340934,-25183,-31.2876
4345936,-25213,-31.2876
4350937,-25243,-31.2939
4355938,-25273,-31.2939
4360939,-25303,-31.2939
4365940,-25333,-31.2939
4370941,-25363,-31.2939
4375942,-25393,-31.2939
4380942,-25423,-31.3001
4385944,-25453,-31.2876
4390944,-25483,-31.3001
4395945,-25513,-31.2939
4400945,-25543,-31.3001
4405945,-25573,-31.3001
4410945,-25603,-31.3001
4415945,-25633,-31.3001
4420945,-25663,-31.3001
4425945,-25693,-31.3001
4430945,-25724,-32.3435
4435945,-25754,-31.3001
4440945,-25784,-31.3001
4445945,-25814,-31.3001
4450945,-25844,-31.3001
4455945,-25874,-31.3001
4460945,-25904,-31.3001
4465945,-25935,-32.3435
4470945,-25965,-31.3001
4475945,-25995,-31.3001
4480945,-26025,-31.3001
4485945,-26055,-31.3001
4490945,-26086,-32.3435
4495945,-26116,-31.3001
4500945,-26146,-31.3001
4505945,-26176,-31.3001
4510945,-26206,-31.3001
4515945,-26237,-32.3435
4520945,-26267,-31.3001
4525945,-26297,-31.3001
4530945,-26327,-31.3001
4535945,-26358,-32.3435
4540945,-26388,-31.3001
4545945,-26418,-31.3001
4550945,-26448,-31.3001
4555945,-26478,-31.3001
4560945,-26507,-30.2568
4565945,-26537,-31.3001
4570945,-26567,-31.3001
4575945,-26597,-31.3001
4580945,-26626,-30.2568
4585945,-26656,-31.3001
4590945,-26686,-31.3001
4595945,-26716,-31.3001
4600945,-26746,-31.3001
4605945,-26776,-31.3001
4610945,-26806,-31.3001
4615945,-26836,-31.3001
4620945,-26866,-31.3001
4625945,-26896,-31.3001
4630945,-26926,-31.3001
4635945,-26956,-31.3001
4640945,-26986,-31.3001
4645945,-27016,-31.3001
4650945,-27047,-32.3435
4655945,-27077,-31.3001
4660945,-27107,-31.3001
4665945,-27137,-31.3001
4670945,-27167,-31.3001
4675945,-27197,-31.3001
4680945,-27227,-31.3001
4685945,-27257,-31.3001
4690945,-27287,-31.3001
4695945,-27317,-31.3001
4700945,-27348,-32.3435
4705945,-27378,-31.3001
4710945,-27408,-31.3001
4715945,-27438,-31.3001
4720945,-27469,-32.3435
4725945,-27499,-31.3001
4730945,-27529,-31.3001
4735945,-27560,-32.3435
4740945,-27590,-31.3001
4745945,-27620,-31.3001
4750945,-27650,-31.3001
4755945,-27681,-32.3435
4760945,-27711,-31.3001
4765945,-27741,-31.3001
4770945,-27771,-31.3001
4775945,-27801,-31.3001
4780945,-27832,-32.3435
4785945,-27862,-31.3001
4790945,-27892,-31.3001
4795945,-27922,-31.3001
4800945,-27952,-31.3001
4805945,-27983,-32.3435
4810945,-28013,-31.3001
4815945,-28043,-31.3001
4820945,-28073,-31.3001
4825945,-28104,-32.3435
4830945,-28134,-31.3001
4835945,-28164,-31.3001
4840945,-28194,-31.3001
4845945,-28225,-32.3435
4850945,-28255,-31.3001
4855945,-28285,-31.3001
4860945,-28316,-32.3435
4865945,-28346,-31.3001
4870945,-28376,-31.3001
4875945,-28407,-32.3435
4880945,-28437,-31.3001
4885945,-28467,-31.3001
4890945,-28498,-32.3435
4895945,-28528,-31.3001
4900945,-28558,-31.3001
4905945,-28589,-32.3435
4910945,-28619,-31.3001
4915945,-28649,-31.3001
4920945,-28679,-31.3001
4925945,-28710,-32.3435
4930945,-28740,-31.3001
4935945,-28770,-31.3001
4940945,-28801,-32.3435
4945945,-28831,-31.3001
4950945,-28861,-31.3001
4955945,-28891,-31.3001
4960945,-28921,-31.3001
4965945,-28951,-31.3001
4970945,-28982,-32.3435
4975945,-29012,-31.3001
4980945,-29042,-31.3001
4985945,-29072,-31.3001
4990945,-29102,-31.3001
4995945,-29132,-31.3001
5000945,-29163,-32.3435
5005945,-29193,-31.3001
5010945,-29223,-31.3001
5015945,-29254,-32.3435
5020945,-29284,-31.3001
5025945,-29314,-31.3001
5030945,-29344,-31.3001
5035945,-29375,-32.3435
5040945,-29405,-31.3001
5045945,-29435,-31.3001
5050945,-29466,-32.3435
5055945,-29496,-31.3001
5060945,-29526,-31.3001
5065945,-29556,-31.3001
5070945,-29587,-32.3435
5075945,-29617,-31.3001
5080945,-29647,-31.3001
5085945,-29678,-32.3435
5090945,-29708,-31.3001
5095945,-29738,-31.3001
5100945,-29768,-31.3001
5105945,-29798,-31.3001
5110945,-29829,-32.3435
5115945,-29859,-31.3001
5120945,-29889,-31.3001
5125945,-29920,-32.3435
5130945,-29950,-31.3001
5135945,-29980,-31.3001
5140945,-30010,-31.3001
5145945,-30040,-31.3001
5150945,-30070,-31.3001
5155945,-30100,-31.3001
5160945,-30131,-32.3435
5165945,-30161,-31.3001
5170945,-30191,-31.3001
5175945,-30221,-31.3001
5180945,-30251,-31.3001
5185945,-30281,-31.3001
5190945,-30311,-31.3001
5195945,-30341,-31.3001
5200945,-30371,-31.3001
5205945,-30401,-31.3001
5210945,-30431,-31.3001
5215945,-30461,-31.3001
5220945,-30492,-32.3435
5225945,-30522,-31.3001
5230945,-30552,-31.3001
5235945,-30582,-31.3001
5240945,-30613,-32.3435
5245945,-30643,-31.3001
5250945,-30673,-31.3001
5255945,-30704,-32.3435
5260945,-30734,-31.3001
5265945,-30764,-31.3001
5270945,-30795,-32.3435
5275945,-30825,-31.3001
5280945,-30856,-32.3435
5285945,-30886,-31.3001
5290945,-30917,-32.3435
5295945,-30947,-31.3001
5300945,-30978,-32.3435
5305945,-31008,-31.3001
5310945,-31039,-32.3435
5315945,-31069,-31.3001
5320945,-31100,-32.3435
5325945,-31130,-31.3001
5330945,-31161,-32.3435
5335945,-31191,-31.3001
5340945,-31222,-32.3435
5345945,-31252,-31.3001
5350945,-31282,-31.3001
5355945,-31313,-32.3435
5360945,-31343,-31.3001
5365945,-31373,-31.3001
5370945,-31404,-32.3435
5375945,-31434,-31.3001
5380945,-31464,-31.3001
5385945,-31494,-31.3001
5390945,-31525,-32.3435
5395945,-31555,-31.3001
5400945,-31585,-31.3001
5405945,-31616,-32.3435
5410945,-31646,-31.3001
5415945,-31676,-31.3001
5420945,-31706,-31.3001
5425945,-31737,-32.3435
5430945,-31767,-31.3001
5435945,-31797,-31.3001
5440945,-31828,-32.3435
5445945,-31858,-31.3001
5450945,-31888,-31.3001
5455945,-31919,-32.3435
5460945,-31949,-31.3001
5465945,-31980,-32.3435
5470945,-32010,-31.3001
5475945,-32040,-31.3001
5480945,-32071,-32.3435
5485945,-32102,-32.3435
5490945,-32132,-31.3001
5495945,-32163,-32.3435
5500945,-32193,-31.3001
5505945,-32224,-32.3435
5510945,-32254,-31.3001
5515945,-32285,-32.3435
5520945,-32315,-31.3001
5525945,-32346,-32.3435
5530945,-32376,-31.3001
5535945,-32407,-32.3435
5540945,-32437,-31.3001
5545945,-32468,-32.3435
5550945,-32498,-31.3001
5555945,-32529,-32.3435
5560945,-32559,-31.3001
5565945,-32590,-32.3435
5570945,-32620,-31.3001
5575945,-32650,-31.3001
5580945,-32681,-32.3435
5585945,-32711,-31.3001
5590945,-32741,-31.3001
5595945,-32772,-32.3435
5600945,-32802,-31.3001
5605945,-32832,-31.3001
5610945,-32863,-32.3435
5615945,-32893,-31.3001
5620945,-32924,-32.3435
5625945,-32954,-31.3001
5630945,-32984,-31.3001
5635945,-33015,-32.3435
5640945,-33045,-31.3001
5645945,-33075,-31.3001
5650945,-33106,-32.3435
5655945,-33136,-31.3001
5660945,-33167,-32.3435
5665945,-33197,-31.3001
5670945,-33227,-31.3001
5675945,-33258,-32.3435
5680945,-33288,-31.3001
5685945,-33318,-31.3001
5690945,-33349,-32.3435
5695945,-33379,-31.3001
5700945,-33410,-32.3435
5705945,-33440,-31.3001
5710945,-33470,-31.3001
5715945,-33501,-32.3435
5720945,-33531,-31.3001
5725945,-33562,-32.3435
5730945,-33592,-31.3001
5735945,-33623,-32.3435
5740945,-33653,-31.3001
5745945,-33684,-32.3435
5750945,-33714,-31.3001
5755945,-33745,-32.3435
5760945,-33775,-31.3001
5765945,-33805,-31.3001
5770945,-33836,-32.3435
5775945,-33866,-31.3001
5780945,-33896,-31.3001
5785945,-33927,-32.3435
5790945,-33957,-31.3001
5795945,-33987,-31.3001
5800945,-34018,-32.3435
5805945,-34048,-31.3001
5810945,-34078,-31.3001
5815945,-34109,-32.3435
5820945,-34139,-31.3001
5825945,-34170,-32.3435
5830945,-34200,-31.3001
5835945,-34230,-31.3001
5840945,-34261,-32.3435
5845945,-34291,-31.3001
5850945,-34322,-32.3435
5855945,-34352,-31.3001
5860945,-34383,-32.3435
5865945,-34413,-31.3001
5870945,-34444,-32.3435
5875945,-34474,-31.3001
5880945,-34505,-32.3435
5885945,-34535,-31.3001
5890945,-34566,-32.3435
5895945,-34596,-31.3001
5900945,-34627,-32.3435
5905945,-34657,-31.3001
5910945,-34688,-32.3435
5915945,-34718,-31.3001
5920945,-34749,-32.3435
5925945,-34779,-31.3001
5930945,-34810,-32.3435
5935945,-34840,-31.3001
5940945,-34871,-32.3435
5945945,-34901,-31.3001
5950945,-34932,-32.3435
5955945,-34962,-31.3001
5960945,-34992,-31.3001
5965945,-35023,-32.3435
5970945,-35053,-31.3001
5975945,-35084,-32.3435
5980945,-35114,-31.3001
5985945,-35144,-31.3001
5990945,-35175,-32.3435
5995945,-35205,-31.3001
6000945,-35236,-32.3435
6005945,-35266,-31.3001
6010945,-35297,-32.3435
6015945,-35327,-31.3001
6020945,-35358,-32.3435
6025945,-35388,-31.3001
6030945,-35419,-32.3435
6035945,-35449,-31.3001
6040945,-35480,-32.3435
6045945,-35510,-31.3001
6050945,-35541,-32.3435
6055945,-35572,-32.3435
6060945,-35602,-31.3001
6065945,-35633,-32.3435
6070945,-35663,-31.3001
6075945,-35694,-32.3435
6080945,-35724,-31.3001
6085945,-35755,-32.3435
6090945,-35785,-31.3001
6095945,-35816,-32.3435
6100945,-35847,-32.3435
6105945,-35877,-31.3001
6110945,-35908,-32.3435
6115945,-35938,-31.3001
6120945,-35969,-32.3435
6125945,-36000,-32.3435
6130945,-36030,-31.3001
6135945,-36061,-32.3435
6140945,-36092,-32.3435
6145945,-36122,-31.3001
6150945,-36153,-32.3435
6155945,-36183,-31.3001
6160945,-36214,-32.3435
6165945,-36244,-31.3001
6170945,-36274,-31.3001
6175945,-36305,-32.3435
6180945,-36335,-31.3001
6185945,-36366,-32.3435
6190945,-36396,-31.3001
6195945,-36426,-31.3001
6200945,-36457,-32.3435
6205945,-36487,-31.3001
6210945,-36517,-31.3001
6215945,-36548,-32.3435
6220945,-36578,-31.3001
6225945,-36609,-32.3435
6230945,-36639,-31.3001
6235945,-36670,-32.3435
6240945,-36700,-31.3001
6245945,-36731,-32.3435
6250945,-36761,-31.3001
6255945,-36792,-32.3435
6260945,-36822,-31.3001
6265945,-36852,-31.3001
6270945,-36883,-32.3435
6275945,-36914,-32.3435
6280945,-36944,-31.3001
6285945,-36975,-32.3435
6290945,-37005,-31.3001
6295945,-37036,-32.3435
6300945,-37066,-31.3001
6305945,-37096,-31.3001
6310945,-37127,-32.3435
6315945,-37157,-31.3001
6320945,-37188,-32.3435
6325945,-37218,-31.3001
6330945,-37249,-32.3435
6335945,-37279,-31.3001
6340945,-37309,-31.3001
6345945,-37340,-32.3435
6350945,-37370,-31.3001
6355945,-37400,-31.3001
6360945,-37431,-32.3435
6365945,-37461,-31.3001
6370945,-37491,-31.3001
6375945,-37521,-31.3001
6380945,-37552,-32.3435
6385945,-37582,-31.3001
6390945,-37612,-31.3001
6395945,-37643,-32.3435
6400945,-37673,-31.3001
6405945,-37703,-31.3001
6410945,-37734,-32.3435
6415945,-37764,-31.3001
6420945,-37794,-31.3001
6425945,-37825,-32.3435
6430945,-37855,-31.3001
6435945,-37886,-32.3435
6440945,-37916,-31.3001
6445945,-37947,-32.3435
6450945,-37977,-31.3001
6455945,-38008,-32.3435
6460945,-38038,-31.3001
6465945,-38068,-31.3001
6470945,-38099,-32.3435
6475945,-38130,-32.3435
6480945,-38160,-31.3001
6485945,-38190,-31.3001
6490945,-38221,-32.3435
6495945,-38252,-32.3435
6500945,-38282,-31.3001
6505945,-38313,-32.3435
6510945,-38343,-31.3001
6515945,-38374,-32.3435
6520945,-38404,-31.3001
6525945,-38435,-32.3435
6530945,-38465,-31.3001
6535945,-38496,-32.3435
6540945,-38526,-31.3001
6545945,-38556,-31.3001
6550945,-38587,-32.3435
6555945,-38617,-31.3001
6560945,-38648,-32.3435
6565945,-38678,-31.3001
6570945,-38708,-31.3001
6575945,-38739,-32.3435
6580945,-38769,-31.3001
6585945,-38799,-31.3001
6590945,-38829,-31.3001
6595945,-38860,-32.3435
6600945,-38890,-31.3001
6605945,-38920,-31.3001
6610945,-38950,-31.3001
6615945,-38981,-32.3435
6620945,-39011,-31.3001
6625945,-39041,-31.3001
6630945,-39071,-31.3001
6635945,-39101,-31.3001
6640945,-39131,-31.3001
6645945,-39161,-31.3001
6650945,-39191,-31.3001
6655945,-39221,-31.3001
6660945,-39252,-32.3435
6665945,-39282,-31.3001
6670945,-39312,-31.3001
6675945,-39342,-31.3001
6680945,-39372,-31.3001
6685945,-39402,-31.3001
6690945,-39432,-31.3001
6695945,-39462,-31.3001
6700945,-39492,-31.3001
6705945,-39523,-32.3435
6710945,-39553,-31.3001
6715945,-39583,-31.3001
6720945,-39613,-31.3001
6725945,-39643,-31.3001
6730945,-39673,-31.3001
6735945,-39703,-31.3001
6740945,-39733,-31.3001
6745945,-39763,-31.3001
6750945,-39793,-31.3001
6755945,-39823,-31.3001
6760945,-39852,-30.2568
6765945,-39882,-31.3001
6770945,-39912,-31.3001
6775945,-39942,-31.3001
6780945,-39971,-30.2568
6785945,-40001,-31.3001
6790945,-40031,-31.3001
6795945,-40061,-31.3001
6800945,-40090,-30.2568
6805945,-40120,-31.3001
6810945,-40150,-31.3001
6815945,-40180,-31.3001
6820945,-40210,-31.3001
6825945,-40240,-31.3001
6830945,-40270,-31.3001
6835945,-40299,-30.2568
6840945,-40329,-31.3001
6845945,-40359,-31.3001
6850945,-40389,-31.3001
6855945,-40419,-31.3001
6860945,-40449,-31.3001
6865945,-40480,-32.3435
6870945,-40510,-31.3001
6875945,-40540,-31.3001
6880945,-40570,-31.3001
6885945,-40600,-31.3001
6890945,-40630,-31.3001
6895945,-40660,-31.3001
6900945,-40690,-31.3001
6905945,-40720,-31.3001
6910945,-40750,-31.3001
6915945,-40780,-31.3001
6920945,-40810,-31.3001
6925945,-40840,-31.3001
6930945,-40870,-31.3001
6935945,-40900,-31.3001
6940945,-40930,-31.3001
6945945,-40960,-31.3001
6950945,-40990,-31.3001
6955945,-41020,-31.3001
6960945,-41050,-31.3001
6965945,-41080,-31.3001
6970945,-41110,-31.3001
6975945,-41140,-31.3001
6980945,-41170,-31.3001
6985945,-41200,-31.3001
6990945,-41230,-31.3001
6995945,-41260,-31.3001
7000945,-41290,-31.3001
7005945,-41320,-31.3001
7010945,-41350,-31.3001
7015945,-41380,-31.3001
7020945,-41410,-31.3001
7025945,-41441,-32.3435
7030945,-41471,-31.3001
7035945,-41501,-31.3001
7040945,-41531,-31.3001
7045945,-41561,-31.3001
7050945,-41591,-31.3001
7055945,-41622,-32.3435
7060945,-41652,-31.3001
7065945,-41682,-31.3001
7070945,-41713,-32.3435
7075945,-41743,-31.3001
7080945,-41774,-32.3435
7085945,-41804,-31.3001
7090945,-41834,-31.3001
7095945,-41865,-32.3435
7100945,-41895,-31.3001
7105945,-41926,-32.3435
7110945,-41956,-31.3001
7115945,-41986,-31.3001
7120945,-42017,-32.3435
7125945,-42047,-31.3001
7130945,-42078,-32.3435
7135945,-42108,-31.3001
7140945,-42139,-32.3435
7145945,-42169,-31.3001
7150945,-42199,-31.3001
7155945,-42230,-32.3435
7160945,-42260,-31.3001
7165945,-42290,-31.3001
7170945,-42321,-32.3435
7175945,-42351,-31.3001
7180945,-42382,-32.3435
7185945,-42412,-31.3001
7190945,-42442,-31.3001
7195945,-42473,-32.3435
7200945,-42503,-31.3001
7205945,-42533,-31.3001
7210945,-42564,-32.3435
7215945,-42594,-31.3001
7220945,-42624,-31.3001
7225945,-42655,-32.3435
7230945,-42685,-31.3001
7235945,-42716,-32.3435
7240945,-42746,-31.3001
7245945,-42776,-31.3001
7250945,-42807,-32.3435
7255945,-42837,-31.3001
7260945,-42868,-32.3435
7265945,-42898,-31.3001
7270945,-42929,-32.3435
7275945,-42960,-32.3435
7280945,-42990,-31.3001
7285945,-43021,-32.3435
7290945,-43051,-31.3001
7295945,-43082,-32.3435
7300945,-43112,-31.3001
7305945,-43143,-32.3435
7310945,-43173,-31.3001
7315945,-43204,-32.3435
7320945,-43234,-31.3001
7325945,-43265,-32.3435
7330945,-43295,-31.3001
7335945,-43325,-31.3001
7340945,-43356,-32.3435
7345945,-43386,-31.3001
7350945,-43416,-31.3001
7355945,-43446,-31.3001
7360945,-43477,-32.3435
7365945,-43507,-31.3001
7370945,-43537,-31.3001
7375945,-43568,-32.3435
7380945,-43598,-31.3001
7385945,-43628,-31.3001
7390945,-43658,-31.3001
7395945,-43689,-32.3435
7400945,-43719,-31.3001
7405945,-43749,-31.3001
7410945,-43780,-32.3435
7415945,-43810,-31.3001
7420945,-43840,-31.3001
7425945,-43871,-32.3435
7430945,-43902,-32.3435
7435945,-43932,-31.3001
7440945,-43962,-31.3001
7445945,-43993,-32.3435
7450945,-44024,-32.3435
7455945,-44054,-31.3001
7460945,-44085,-32.3435
7465945,-44115,-31.3001
7470945,-44146,-32.3435
7475945,-44177,-32.3435
7480945,-44207,-31.3001
7485945,-44238,-32.3435
7490945,-44268,-31.3001
7495945,-44299,-32.3435
7500945,-44330,-32.3435
7505945,-44360,-31.3001
7510945,-44391,-32.3435
7515945,-44422,-32.3435
7520945,-44453,-32.3435
7525945,-44483,-31.3001
7530945,-44514,-32.3435
7535945,-44545,-32.3435
7540945,-44575,-31.3001
7545945,-44606,-32.3435
7550945,-44636,-31.3001
7555945,-44667,-32.3435
7560945,-44698,-32.3435
7565945,-44728,-31.3001
7570945,-44759,-32.3435
7575945,-44789,-31.3001
7580945,-44820,-32.3435
7585945,-44850,-31.3001
7590945,-44881,-32.3435
7595945,-44912,-32.3435
7600945,-44942,-31.3001
7605945,-44973,-32.3435
7610945,-45003,-31.3001
7615945,-45034,-32.3435
7620945,-45064,-31.3001
7625945,-45095,-32.3435
7630945,-45126,-32.3435
7635945,-45156,-31.3001
7640945,-45187,-32.3435
7645945,-45217,-31.3001
7650945,-45248,-32.3435
7655945,-45278,-31.3001
7660945,-45309,-32.3435
7665945,-45340,-32.3435
7670945,-45370,-31.3001
7675945,-45401,-32.3435
7680945,-45431,-31.3001
7685945,-45462,-32.3435
7690945,-45493,-32.3435
7695945,-45523,-31.3001
7700945,-45554,-32.3435
7705945,-45584,-31.3001
7710945,-45615,-32.3435
7715945,-45646,-32.3435
7720945,-45676,-31.3001
7725945,-45707,-32.3435
7730945,-45737,-31.3001
7735945,-45768,-32.3435
7740945,-45798,-31.3001
7745945,-45829,-32.3435
7750945,-45859,-31.3001
7755945,-45890,-32.3435
7760945,-45920,-31.3001
7765945,-45951,-32.3435
7770945,-45981,-31.3001
7775945,-46012,-32.3435
7780945,-46042,-31.3001
7785945,-46072,-31.3001
7790945,-46103,-32.3435
7795945,-46133,-31.3001
7800945,-46164,-32.3435
7805945,-46194,-31.3001
7810945,-46225,-32.3435
7815945,-46255,-31.3001
7820945,-46286,-32.3435
7825945,-46316,-31.3001
7830945,-46347,-32.3435
7835945,-46377,-31.3001
7840945,-46408,-32.3435
7845945,-46438,-31.3001
7850945,-46468,-31.3001
7855945,-46498,-31.3001
7860945,-46529,-32.3435
7865945,-46559,-31.3001
7870945,-46590,-32.3435
7875945,-46620,-31.3001
7880945,-46650,-31.3001
7885945,-46681,-32.3435
7890945,-46711,-31.3001
7895945,-46741,-31.3001
7900945,-46772,-32.3435
7905945,-46802,-31.3001
7910945,-46832,-31.3001
7915945,-46863,-32.3435
7920945,-46893,-31.3001
7925945,-46924,-32.3435
7930945,-46954,-31.3001
7935945,-46984,-31.3001
7940945,-47015,-32.3435
7945945,-47045,-31.3001
7950945,-47075,-31.3001
7955945,-47106,-32.3435
7960945,-47136,-31.3001
7965945,-47166,-31.3001
7970945,-47196,-31.3001
7975945,-47227,-32.3435
7980945,-47257,-31.3001
7985945,-47288,-32.3435
7990945,-47318,-31.3001
7995945,-47348,-31.3001
8000945,-47379,-32.3435
8005945,-47409,-31.3001
8010945,-47440,-32.3435
8015945,-47470,-31.3001
8020945,-47501,-32.3435
8025945,-47531,-31.3001
8030945,-47562,-32.3435
8035945,-47592,-31.3001
8040945,-47623,-32.3435
8045945,-47653,-31.3001
8050945,-47684,-32.3435
8055945,-47714,-31.3001
8060945,-47745,-32.3435
8065945,-47776,-32.3435
8070945,-47806,-31.3001
8075945,-47837,-32.3435
8080945,-47868,-32.3435
8085945,-47898,-31.3001
8090945,-47929,-32.3435
8095945,-47959,-31.3001
8100945,-47990,-32.3435
8105945,-48021,-32.3435
8110945,-48051,-31.3001
8115945,-48082,-32.3435
8120945,-48112,-31.3001
8125945,-48143,-32.3435
8130945,-48174,-32.3435
8135945,-48204,-31.3001
8140945,-48235,-32.3435
8145945,-48265,-31.3001
8150945,-48296,-32.3435
8155945,-48326,-31.3001
8160945,-48357,-32.3435
8165945,-48388,-32.3435
8170945,-48418,-31.3001
8175945,-48448,-31.3001
8180945,-48479,-32.3435
8185945,-48510,-32.3435
8190945,-48540,-31.3001
8195945,-48571,-32.3435
8200945,-48601,-31.3001
8205945,-48632,-32.3435
8210945,-48662,-31.3001
8215945,-48693,-32.3435
8220945,-48724,-32.3435
8225945,-48754,-31.3001
8230945,-48785,-32.3435
8235945,-48815,-31.3001
8240945,-48846,-32.3435
8245945,-48877,-32.3435
8250945,-48907,-31.3001
8255945,-48938,-32.3435
8260945,-48969,-32.3435
8265945,-48999,-31.3001
8270945,-49030,-32.3435
8275945,-49061,-32.3435
8280945,-49092,-32.3435
8285945,-49122,-31.3001
8290945,-49153,-32.3435
8295945,-49184,-32.3435
8300945,-49214,-31.3001
8305945,-49245,-32.3435
8310945,-49276,-32.3435
8315945,-49306,-31.3001
8320945,-49337,-32.3435
8325945,-49368,-32.3435
8330945,-49398,-31.3001
8335945,-49429,-32.3435
8340945,-49459,-31.3001
8345945,-49490,-32.3435
8350945,-49520,-31.3001
8355945,-49551,-32.3435
8360945,-49582,-32.3435
8365945,-49612,-31.3001
8370945,-49643,-32.3435
8375945,-49673,-31.3001
8380945,-49704,-32.3435
8385945,-49734,-31.3001
8390945,-49765,-32.3435
8395945,-49796,-32.3435
8400945,-49826,-31.3001
8405945,-49857,-32.3435
8410945,-49887,-31.3001
8415945,-49918,-32.3435
8420945,-49948,-31.3001
8425945,-49979,-32.3435
8430945,-50009,-31.3001
8435945,-50040,-32.3435
8440945,-50070,-31.3001
8445945,-50101,-32.3435
8450945,-50131,-31.3001
8455945,-50162,-32.3435
8460945,-50192,-31.3001
8465945,-50223,-32.3435
8470945,-50253,-31.3001
8475945,-50284,-32.3435
8480945,-50314,-31.3001
8485945,-50345,-32.3435
8490945,-50375,-31.3001
8495945,-50406,-32.3435
8500945,-50436,-31.3001
8505945,-50467,-32.3435
8510945,-50498,-32.3435
8515945,-50528,-31.3001
8520945,-50559,-32.3435
8525945,-50589,-31.3001
8530945,-50620,-32.3435
8535945,-50650,-31.3001
8540945,-50681,-32.3435
8545945,-50711,-31.3001
8550945,-50742,-32.3435
8555945,-50772,-31.3001
8560945,-50803,-32.3435
8565945,-50833,-31.3001
8570945,-50864,-32.3435
8575945,-50894,-31.3001
8580945,-50925,-32.3435
8585945,-50955,-31.3001
8590945,-50986,-32.3435
8595945,-51016,-31.3001
8600945,-51047,-32.3435
8605945,-51078,-32.3435
8610945,-51108,-31.3001
8615945,-51139,-32.3435
8620945,-51170,-32.3435
8625945,-51200,-31.3001
8630945,-51231,-32.3435
8635945,-51262,-32.3435
8640945,-51293,-32.3435
8645945,-51323,-31.3001
8650945,-51353,-31.3001
8655945,-51383,-31.3001
8660945,-51413,-31.3001
8665945,-51442,-30.2568
8670945,-51472,-31.3001
8675945,-51502,-31.3001
8680945,-51532,-31.3001
8685945,-51561,-30.2568
8690945,-51591,-31.3001
8695945,-51621,-31.3001
8700945,-51651,-31.3001
8705945,-51680,-30.2568
8710945,-51710,-31.3001
8715945,-51741,-32.3435
8720945,-51771,-31.3001
8725945,-51801,-31.3001
8730945,-51831,-31.3001
8735945,-51862,-32.3435
8740945,-51892,-31.3001
8745945,-51922,-31.3001
8750945,-51953,-32.3435
8755945,-51983,-31.3001
8760945,-52013,-31.3001
8765945,-52044,-32.3435
8770945,-52074,-31.3001
8775945,-52105,-32.3435
8780945,-52135,-31.3001
8785945,-52166,-32.3435
8790945,-52196,-31.3001
8795945,-52227,-32.3435
8800945,-52257,-31.3001
8805945,-52288,-32.3435
8810945,-52319,-32.3435
8815945,-52350,-32.3435
8820945,-52380,-31.3001
8825945,-52411,-32.3435
8830945,-52442,-32.3435
8835945,-52472,-31.3001
8840945,-52503,-32.3435
8845945,-52534,-32.3435
8850945,-52565,-32.3435
8855945,-52596,-32.3435
8860945,-52626,-31.3001
8865945,-52657,-32.3435
8870945,-52688,-32.3435
8875945,-52719,-32.3435
8880945,-52750,-32.3435
8885945,-52781,-32.3435
8890945,-52811,-31.3001
8895945,-52842,-32.3435
8900945,-52873,-32.3435
8905945,-52903,-31.3001
8910945,-52934,-32.3435
8915945,-52965,-32.3435
8920945,-52996,-32.3435
8925945,-53026,-31.3001
8930945,-53057,-32.3435
8935945,-53088,-32.3435
8940945,-53118,-31.3001
8945945,-53149,-32.3435
8950945,-53180,-32.3435
8955945,-53211,-32.3435
8960945,-53241,-31.3001
8965945,-53272,-32.3435
8970945,-53303,-32.3435
8975945,-53334,-32.3435
8980945,-53364,-31.3001
8985945,-53395,-32.3435
8990945,-53426,-32.3435
8995945,-53457,-32.3435
9000945,-53488,-32.3435
9005945,-53519,-32.3435
9010945,-53550,-32.3435
9015945,-53580,-31.3001
9020945,-53611,-32.3435
9025945,-53642,-32.3435
9030945,-53673,-32.3435
9035945,-53704,-32.3435
9040945,-53735,-32.3435
9045945,-53766,-32.3435
9050945,-53797,-32.3435
9055945,-53828,-32.3435
9060945,-53859,-32.3435
9065945,-53890,-32.3435
9070945,-53921,-32.3435
9075945,-53952,-32.3435
9080945,-53983,-32.3435
9085945,-54014,-32.3435
9090945,-54045,-32.3435
9095945,-54076,-32.3435
9100945,-54107,-32.3435
9105945,-54138,-32.3435
9110945,-54169,-32.3435
9115945,-54200,-32.3435
9120945,-54230,-31.3001
9125945,-54261,-32.3435
9130945,-54292,-32.3435
9135945,-54323,-32.3435
9140945,-54354,-32.3435
9145945,-54385,-32.3435
9150945,-54415,-31.3001
9155945,-54446,-32.3435
9160945,-54477,-32.3435
9165945,-54508,-32.3435
9170945,-54539,-32.3435
9175945,-54570,-32.3435
9180945,-54600,-31.3001
9185945,-54631,-32.3435
9190945,-54662,-32.3435
9195945,-54693,-32.3435
9200945,-54724,-32.3435
9205945,-54755,-32.3435
9210945,-54786,-32.3435
9215945,-54817,-32.3435
9220945,-54848,-32.3435
9225945,-54879,-32.3435
9230945,-54910,-32.3435
9235945,-54941,-32.3435
9240945,-54972,-32.3435
9245945,-55003,-32.3435
9250945,-55034,-32.3435
9255945,-55065,-32.3435
9260945,-55096,-32.3435
9265945,-55127,-32.3435
9270945,-55158,-32.3435
9275945,-55189,-32.3435
9280945,-55220,-32.3435
9285945,-55251,-32.3435
9290945,-55282,-32.3435
9295945,-55312,-31.3001
9300945,-55343,-32.3435
9305945,-55374,-32.3435
9310945,-55405,-32.3435
9315945,-55436,-32.3435
9320945,-55467,-32.3435
9325945,-55497,-31.3001
9330945,-55528,-32.3435
9335945,-55559,-32.3435
9340945,-55589,-31.3001
9345945,-55620,-32.3435
9350945,-55651,-32.3435
9355945,-55681,-31.3001
9360945,-55712,-32.3435
9365945,-55743,-32.3435
9370945,-55773,-31.3001
9375945,-55804,-32.3435
9380945,-55835,-32.3435
9385945,-55865,-31.3001
9390945,-55896,-32.3435
9395945,-55927,-32.3435
9400945,-55958,-32.3435
9405945,-55988,-31.3001
9410945,-56019,-32.3435
9415945,-56050,-32.3435
9420945,-56081,-32.3435
9425945,-56111,-31.3001
9430945,-56142,-32.3435
9435945,-56173,-32.3435
9440945,-56204,-32.3435
9445945,-56235,-32.3435
9450945,-56265,-31.3001
9455945,-56296,-32.3435
9460945,-56327,-32.3435
9465945,-56358,-32.3435
9470945,-56388,-31.3001
9475945,-56419,-32.3435
9480945,-56450,-32.3435
9485945,-56480,-31.3001
9490945,-56511,-32.3435
9495945,-56542,-32.3435
9500945,-56573,-32.3435
9505945,-56604,-32.3435
9510945,-56634,-31.3001
9515945,-56665,-32.3435
9520945,-56696,-32.3435
9525945,-56726,-31.3001
9530945,-56757,-32.3435
9535945,-56788,-32.3435
9540945,-56818,-31.3001
9545945,-56849,-32.3435
9550945,-56880,-32.3435
9555945,-56910,-31.3001
9560945,-56941,-32.3435
9565945,-56972,-32.3435
9570945,-57002,-31.3001
9575945,-57033,-32.3435
9580945,-57064,-32.3435
9585945,-57095,-32.3435
9590945,-57125,-31.3001
9595945,-57156,-32.3435
9600945,-57187,-32.3435
9605945,-57218,-32.3435
9610945,-57248,-31.3001
9615945,-57279,-32.3435
9620945,-57310,-32.3435
9625945,-57341,-32.3435
9630945,-57371,-31.3001
9635945,-57402,-32.3435
9640945,-57433,-32.3435
9645945,-57464,-32.3435
9650945,-57495,-32.3435
9655945,-57526,-32.3435
9660945,-57556,-31.3001
9665945,-57587,-32.3435
9670945,-57618,-32.3435
9675945,-57649,-32.3435
9680945,-57680,-32.3435
9685945,-57710,-31.3001
9690945,-57741,-32.3435
9695945,-57772,-32.3435
9700945,-57802,-31.3001
9705945,-57833,-32.3435
9710945,-57864,-32.3435
9715945,-57894,-31.3001
9720945,-57925,-32.3435
9725945,-57956,-32.3435
9730945,-57986,-31.3001
9735945,-58017,-32.3435
9740945,-58048,-32.3435
9745945,-58078,-31.3001
9750945,-58109,-32.3435
9755945,-58140,-32.3435
9760945,-58170,-31.3001
9765945,-58201,-32.3435
9770945,-58232,-32.3435
9775945,-58263,-32.3435
9780945,-58293,-31.3001
9785945,-58324,-32.3435
9790945,-58355,-32.3435
9795945,-58386,-32.3435
9800945,-58416,-31.3001
9805945,-58447,-32.3435
9810945,-58478,-32.3435
9815945,-58509,-32.3435
9820945,-58539,-31.3001
9825945,-58570,-32.3435
9830945,-58601,-32.3435
9835945,-58632,-32.3435
9840945,-58662,-31.3001
9845945,-58693,-32.3435
9850945,-58724,-32.3435
9855945,-58754,-31.3001
9860945,-58785,-32.3435
9865945,-58815,-31.3001
9870945,-58846,-32.3435
9875945,-58876,-31.3001
9880945,-58906,-31.3001
9885945,-58937,-32.3435
9890945,-58967,-31.3001
9895945,-58998,-32.3435
9900945,-59028,-31.3001
9905945,-59058,-31.3001
9910945,-59088,-31.3001
9915945,-59119,-32.3435
9920945,-59149,-31.3001
9925945,-59179,-31.3001
9930945,-59209,-31.3001
9935945,-59240,-32.3435
9940945,-59270,-31.3001
9945945,-59300,-31.3001
9950945,-59330,-31.3001
9955945,-59361,-32.3435
9960945,-59391,-31.3001
9965945,-59422,-32.3435
9970945,-59452,-31.3001
9975945,-59482,-31.3001
9980945,-59513,-32.3435
9985945,-59543,-31.3001
9990945,-59574,-32.3435
9995945,-59604,-31.3001
