Time(us),Position(counts),Speed(rad/s)
2,-304621,0.0000
5002,-304622,1.0433
10003,-304622,0.0000
15005,-304622,0.0000
20007,-304623,1.0429
25007,-304624,1.0433
30009,-304624,0.0000
35010,-304625,1.0431
40012,-304626,1.0429
45013,-304628,2.0863
50015,-304629,1.0429
55016,-304631,2.0863
60016,-304633,2.0867
65018,-304635,2.0858
70020,-304637,2.0858
75021,-304639,2.0863
80023,-304642,3.1288
85023,-304644,2.0867
90024,-304647,3.1294
95026,-304650,3.1288
100027,-304652,2.0863
105029,-304656,4.1717
110029,-304658,2.0867
115031,-304662,4.1717
120032,-304665,3.1294
125034,-304669,4.1717
130035,-304672,3.1294
135036,-304676,4.1725
140037,-304680,4.1725
145039,-304683,3.1288
150040,-304687,4.1725
155042,-304691,4.1717
160042,-304695,4.1733
165044,-304700,5.2146
170045,-304704,4.1725
175047,-304708,4.1717
180048,-304712,4.1725
185050,-304717,5.2146
190051,-304721,4.1725
195052,-304726,5.2156
200053,-304731,5.2156
205055,-304735,4.1717
210056,-304740,5.2156
215058,-304745,5.2146
220060,-304750,5.2146
225061,-304755,5.2156
230063,-304760,5.2146
235064,-304765,5.2156
240066,-304770,5.2146
245068,-304775,5.2146
250069,-304780,5.2156
255071,-304785,5.2146
260072,-304790,5.2156
265074,-304796,6.2575
270076,-304801,5.2146
275077,-304806,5.2156
280079,-304812,6.2575
285080,-304818,6.2588
290082,-304823,5.2146
295083,-304829,6.2588
300083,-304835,6.2600
305085,-304840,5.2146
310087,-304846,6.2575
315088,-304852,6.2588
320090,-304858,6.2575
325091,-304864,6.2588
330093,-304870,6.2575
335093,-304876,6.2600
340095,-304882,6.2575
345096,-304888,6.2588
350098,-304895,7.3004
355099,-304901,6.2588
360099,-304907,6.2600
365101,-304914,7.3004
370103,-304920,6.2575
375104,-304926,6.2588
380105,-304933,7.3019
385106,-304939,6.2588
390107,-304946,7.3019
395109,-304952,6.2575
400110,-304959,7.3019
405112,-304966,7.3004
410112,-304972,6.2600
415114,-304979,7.3004
420115,-304985,6.2588
425117,-304992,7.3004
430118,-304999,7.3019
435119,-305006,7.3019
440120,-305012,6.2588
445122,-305019,7.3004
450123,-305026,7.3019
455125,-305033,7.3004
460125,-305040,7.3034
465127,-305046,6.2575
470128,-305053,7.3019
475129,-305060,7.3019
480131,-305067,7.3004
485131,-305074,7.3034
490133,-305081,7.3004
495134,-305088,7.3019
500136,-305095,7.3004
505137,-305102,7.3019
510138,-305109,7.3019
515139,-305116,7.3019
520141,-305123,7.3004
525142,-305130,7.3019
530144,-305137,7.3004
535144,-305144,7.3034
540146,-305151,7.3004
545147,-305158,7.3019
550149,-305165,7.3004
555150,-305172,7.3019
560150,-305180,8.3467
565152,-305186,6.2575
570154,-305193,7.3004
575155,-305200,7.3019
580157,-305206,6.2575
585157,-305213,7.3034
590158,-305219,6.2588
595160,-305226,7.3004
600161,-305232,6.2588
605163,-305239,7.3004
610163,-305246,7.3034
615165,-305252,6.2575
620166,-305259,7.3019
625168,-305265,6.2575
630169,-305272,7.3019
635170,-305278,6.2588
640171,-305285,7.3019
645173,-305292,7.3004
650174,-305298,6.2588
655176,-305305,7.3004
660176,-305311,6.2600
665178,-305318,7.3004
670179,-305324,6.2588
675181,-305331,7.3004
680182,-305337,6.2588
685182,-305344,7.3034
690184,-305350,6.2575
695185,-305356,6.2588
700187,-305363,7.3004
705188,-305369,6.2588
710189,-305375,6.2588
715190,-305381,6.2588
720192,-305388,7.3004
725193,-305394,6.2588
730195,-305400,6.2575
735195,-305406,6.2600
740197,-305412,6.2575
745198,-305418,6.2588
750200,-305425,7.3004
755201,-305431,6.2588
760202,-305437,6.2588
765203,-305443,6.2588
770205,-305449,6.2575
775206,-305456,7.3019
780208,-305462,6.2575
785208,-305468,6.2600
790210,-305474,6.2575
795211,-305480,6.2588
800212,-305486,6.2588
805214,-305492,6.2575
810214,-305499,7.3034
815216,-305505,6.2575
820217,-305511,6.2588
825219,-305517,6.2575
830220,-305524,7.3019
835221,-305530,6.2588
840222,-305536,6.2588
845224,-305542,6.2575
850225,-305548,6.2588
855227,-305555,7.3004
860227,-305561,6.2600
865229,-305567,6.2575
870230,-305574,7.3019
875232,-305580,6.2575
880233,-305586,6.2588
885233,-305593,7.3034
890235,-305599,6.2575
895237,-305606,7.3004
900238,-305612,6.2588
905239,-305618,6.2588
910240,-305625,7.3019
915241,-305632,7.3019
920243,-305638,6.2575
925244,-305644,6.2588
930246,-305651,7.3004
935246,-305657,6.2600
940248,-305664,7.3004
945249,-305670,6.2588
950251,-305677,7.3004
955252,-305684,7.3019
960253,-305690,6.2588
965254,-305696,6.2588
970256,-305703,7.3004
975257,-305710,7.3019
980259,-305716,6.2575
985259,-305723,7.3034
990261,-305729,6.2575
995262,-305736,7.3019
1000263,-305742,6.2588
1005265,-305749,7.3004
1010265,-305755,6.2600
1015267,-305762,7.3004
1020268,-305768,6.2588
1025270,-305775,7.3004
1030271,-305781,6.2588
1035272,-305788,7.3019
1040273,-305795,7.3019
1045275,-305801,6.2575
1050276,-305808,7.3019
1055278,-305814,6.2575
1060278,-305821,7.3034
1065280,-305828,7.3004
1070281,-305835,7.3019
1075283,-305841,6.2575
1080284,-305848,7.3019
1085284,-305855,7.3034
1090286,-305862,7.3004
1095288,-305869,7.3004
1100289,-305876,7.3019
1105291,-305883,7.3004
1110291,-305890,7.3034
1115292,-305896,6.2588
1120294,-305903,7.3004
1125295,-305910,7.3019
1130297,-305917,7.3004
1135297,-305924,7.3034
1140299,-305931,7.3004
1145300,-305938,7.3019
1150302,-305945,7.3004
1155303,-305952,7.3019
1160304,-305959,7.3019
1165305,-305966,7.3019
1170307,-305974,8.3434
1175308,-305981,7.3019
1180310,-305988,7.3004
1185310,-305994,6.2600
1190312,-306002,8.3434
1195313,-306008,6.2588
1200315,-306015,7.3004
1205316,-306022,7.3019
1210316,-306029,7.3034
1215318,-306036,7.3004
1220319,-306043,7.3019
1225321,-306050,7.3004
1230322,-306057,7.3019
1235323,-306064,7.3019
1240324,-306071,7.3019
1245326,-306078,7.3004
1250327,-306085,7.3019
1255329,-306092,7.3004
1260329,-306099,7.3034
1265331,-306106,7.3004
1270332,-306113,7.3019
1275334,-306120,7.3004
1280335,-306127,7.3019
1285336,-306134,7.3019
1290337,-306141,7.3019
1295339,-306148,7.3004
1300340,-306155,7.3019
1305342,-306162,7.3004
1310342,-306169,7.3034
1315344,-306176,7.3004
1320345,-306183,7.3019
1325346,-306190,7.3019
1330348,-306198,8.3434
1335348,-306205,7.3034
1340350,-306212,7.3004
1345351,-306219,7.3019
1350353,-306226,7.3004
1355354,-306233,7.3019
1360355,-306240,7.3019
1365356,-306248,8.3450
1370358,-306255,7.3004
1375359,-306262,7.3019
1380361,-306269,7.3004
1385361,-306276,7.3034
1390363,-306284,8.3434
1395364,-306291,7.3019
1400366,-306298,7.3004
1405367,-306305,7.3019
1410367,-306313,8.3467
1415369,-306320,7.3004
1420371,-306327,7.3004
1425372,-306334,7.3019
1430373,-306342,8.3450
1435374,-306349,7.3019
1440375,-306356,7.3019
1445377,-306363,7.3004
1450378,-306370,7.3019
1455380,-306378,8.3434
1460380,-306385,7.3034
1465382,-306392,7.3004
1470383,-306399,7.3019
1475385,-306406,7.3004
1480386,-306412,6.2588
1485387,-306419,7.3019
1490388,-306426,7.3019
1495390,-306433,7.3004
1500391,-306439,6.2588
1505393,-306446,7.3004
1510393,-306453,7.3034
1515395,-306460,7.3004
1520396,-306466,6.2588
1525397,-306473,7.3019
1530399,-306480,7.3004
1535399,-306486,6.2600
1540401,-306493,7.3004
1545402,-306500,7.3019
1550404,-306506,6.2575
1555405,-306513,7.3019
1560406,-306520,7.3019
1565407,-306526,6.2588
1570409,-306533,7.3004
1575410,-306540,7.3019
1580412,-306546,6.2575
1585412,-306553,7.3034
1590414,-306559,6.2575
1595415,-306566,7.3019
1600417,-306572,6.2575
1605418,-306579,7.3019
1610418,-306585,6.2600
1615420,-306591,6.2575
1620422,-306598,7.3004
1625423,-306604,6.2588
1630425,-306610,6.2575
1635425,-306617,7.3034
1640426,-306623,6.2588
1645428,-306629,6.2575
1650429,-306635,6.2588
1655431,-306642,7.3004
1660431,-306648,6.2600
1665433,-306654,6.2575
1670434,-306660,6.2588
1675436,-306666,6.2575
1680437,-306672,6.2588
1685438,-306679,7.3019
1690439,-306685,6.2588
1695441,-306691,6.2575
1700442,-306697,6.2588
1705444,-306704,7.3004
1710444,-306710,6.2600
1715446,-306716,6.2575
1720447,-306722,6.2588
1725449,-306728,6.2575
1730450,-306735,7.3019
1735450,-306741,6.2600
1740452,-306747,6.2575
1745453,-306754,7.3019
1750455,-306760,6.2575
1755456,-306766,6.2588
1760457,-306772,6.2588
1765458,-306779,7.3019
1770460,-306785,6.2575
1775461,-306792,7.3019
1780463,-306798,6.2575
1785463,-306804,6.2600
1790465,-306811,7.3004
1795466,-306817,6.2588
1800468,-306824,7.3004
1805469,-306830,6.2588
1810470,-306836,6.2588
1815471,-306843,7.3019
1820473,-306850,7.3004
1825474,-306856,6.2588
1830476,-306863,7.3004
1835476,-306869,6.2600
1840478,-306876,7.3004
1845479,-306882,6.2588
1850480,-306889,7.3019
1855482,-306896,7.3004
1860482,-306902,6.2600
1865484,-306909,7.3004
1870485,-306916,7.3019
1875487,-306923,7.3004
1880488,-306930,7.3019
1885489,-306936,6.2588
1890490,-306943,7.3019
1895492,-306950,7.3004
1900493,-306957,7.3019
1905495,-306964,7.3004
1910495,-306971,7.3034
1915497,-306978,7.3004
1920498,-306984,6.2588
1925500,-306991,7.3004
1930501,-306998,7.3019
1935501,-307005,7.3034
1940503,-307012,7.3004
1945505,-307018,6.2575
1950506,-307025,7.3019
1955507,-307032,7.3019
1960508,-307039,7.3019
1965509,-307046,7.3019
1970511,-307052,6.2575
1975512,-307059,7.3019
1980514,-307066,7.3004
1985514,-307072,6.2600
1990516,-307079,7.3004
1995517,-307086,7.3019
2000519,-307092,6.2575
2005520,-307099,7.3019
2010521,-307106,7.3019
2015522,-307113,7.3019
2020524,-307120,7.3004
2025525,-307126,6.2588
2030527,-307133,7.3004
2035527,-307140,7.3034
2040529,-307147,7.3004
2045530,-307153,6.2588
2050531,-307160,7.3019
2055533,-307167,7.3004
2060533,-307174,7.3034
2065535,-307181,7.3004
2070536,-307188,7.3019
2075538,-307195,7.3004
2080539,-307202,7.3019
2085540,-307209,7.3019
2090541,-307216,7.3019
2095543,-307223,7.3004
2100544,-307230,7.3019
2105546,-307237,7.3004
2110546,-307244,7.3034
2115548,-307251,7.3004
2120549,-307258,7.3019
2125551,-307265,7.3004
2130552,-307272,7.3019
2135552,-307279,7.3034
2140554,-307286,7.3004
2145556,-307293,7.3004
2150557,-307300,7.3019
2155559,-307307,7.3004
2160559,-307314,7.3034
2165560,-307322,8.3450
2170562,-307328,6.2575
2175563,-307336,8.3450
2180565,-307342,6.2575
2185565,-307349,7.3034
2190567,-307356,7.3004
2195568,-307363,7.3019
2200570,-307370,7.3004
2205571,-307377,7.3019
2210572,-307384,7.3019
2215573,-307391,7.3019
2220575,-307398,7.3004
2225576,-307405,7.3019
2230578,-307412,7.3004
2235578,-307419,7.3034
2240580,-307426,7.3004
2245581,-307433,7.3019
2250583,-307440,7.3004
2255584,-307447,7.3019
2260584,-307454,7.3034
2265586,-307461,7.3004
2270587,-307468,7.3019
2275589,-307475,7.3004
2280590,-307482,7.3019
2285591,-307489,7.3019
2290592,-307496,7.3019
2295594,-307503,7.3004
2300595,-307510,7.3019
2305597,-307517,7.3004
2310597,-307524,7.3034
2315599,-307531,7.3004
2320600,-307538,7.3019
2325602,-307545,7.3004
2330603,-307552,7.3019
2335604,-307560,8.3450
2340605,-307566,6.2588
2345607,-307574,8.3434
2350608,-307580,6.2588
2355610,-307588,8.3434
2360610,-307594,6.2600
2365612,-307601,7.3004
2370613,-307607,6.2588
2375614,-307614,7.3019
2380616,-307620,6.2575
2385616,-307626,6.2600
2390618,-307633,7.3004
2395619,-307639,6.2588
2400621,-307645,6.2575
2405622,-307652,7.3019
2410623,-307658,6.2588
2415624,-307664,6.2588
2420626,-307671,7.3004
2425627,-307677,6.2588
2430629,-307684,7.3004
2435629,-307690,6.2600
2440631,-307696,6.2575
2445632,-307703,7.3019
2450634,-307709,6.2575
2455635,-307715,6.2588
2460635,-307722,7.3034
2465637,-307728,6.2575
2470639,-307734,6.2575
2475640,-307740,6.2588
2480641,-307746,6.2588
2485642,-307753,7.3019
2490643,-307759,6.2588
2495645,-307765,6.2575
2500646,-307771,6.2588
2505648,-307777,6.2575
2510648,-307783,6.2600
2515650,-307789,6.2575
2520651,-307795,6.2588
2525653,-307801,6.2575
2530654,-307806,5.2156
2535655,-307812,6.2588
2540656,-307818,6.2588
2545658,-307824,6.2575
2550659,-307830,6.2588
2555661,-307836,6.2575
2560661,-307842,6.2600
2565663,-307848,6.2575
2570664,-307854,6.2588
2575665,-307860,6.2588
2580667,-307865,5.2146
2585667,-307871,6.2600
2590669,-307877,6.2575
2595670,-307883,6.2588
2600672,-307889,6.2575
2605673,-307895,6.2588
2610674,-307901,6.2588
2615675,-307907,6.2588
2620677,-307913,6.2575
2625678,-307919,6.2588
2630680,-307924,5.2146
2635680,-307930,6.2600
2640682,-307936,6.2575
2645683,-307942,6.2588
2650685,-307949,7.3004
2655686,-307955,6.2588
2660686,-307961,6.2600
2665688,-307967,6.2575
2670690,-307973,6.2575
2675691,-307979,6.2588
2680693,-307985,6.2575
2685693,-307991,6.2600
2690694,-307998,7.3019
2695696,-308004,6.2575
2700697,-308010,6.2588
2705699,-308016,6.2575
2710699,-308022,6.2600
2715701,-308029,7.3004
2720702,-308035,6.2588
2725704,-308041,6.2575
2730705,-308048,7.3019
2735706,-308054,6.2588
2740707,-308060,6.2588
2745709,-308066,6.2575
2750710,-308073,7.3019
2755712,-308080,7.3004
2760712,-308086,6.2600
2765714,-308092,6.2575
2770715,-308099,7.3019
2775717,-308105,6.2575
2780718,-308112,7.3019
2785718,-308118,6.2600
2790720,-308125,7.3004
2795721,-308132,7.3019
2800723,-308138,6.2575
2805724,-308145,7.3019
2810725,-308152,7.3019
2815726,-308158,6.2588
2820728,-308165,7.3004
2825729,-308172,7.3019
2830731,-308178,6.2575
2835731,-308185,7.3034
2840733,-308192,7.3004
2845734,-308198,6.2588
2850736,-308205,7.3004
2855737,-308212,7.3019
2860738,-308219,7.3019
2865739,-308226,7.3019
2870741,-308233,7.3004
2875742,-308240,7.3019
2880744,-308246,6.2575
2885744,-308253,7.3034
2890746,-308260,7.3004
2895747,-308267,7.3019
2900748,-308274,7.3019
2905750,-308281,7.3004
2910750,-308288,7.3034
2915752,-308295,7.3004
2920753,-308302,7.3019
2925755,-308309,7.3004
2930756,-308316,7.3019
2935757,-308323,7.3019
2940758,-308330,7.3019
2945760,-308336,6.2575
2950761,-308343,7.3019
2955763,-308350,7.3004
2960763,-308356,6.2600
2965765,-308363,7.3004
2970766,-308370,7.3019
2975768,-308377,7.3004
2980769,-308383,6.2588
2985769,-308390,7.3034
2990771,-308396,6.2575
2995773,-308403,7.3004
3000774,-308410,7.3019
3005775,-308416,6.2588
3010776,-308423,7.3019
3015777,-308429,6.2588
3020779,-308436,7.3004
3025780,-308442,6.2588
3030782,-308449,7.3004
3035782,-308455,6.2600
3040784,-308462,7.3004
3045785,-308468,6.2588
3050787,-308475,7.3004
3055788,-308481,6.2588
3060789,-308488,7.3019
3065790,-308495,7.3019
3070792,-308501,6.2575
3075793,-308508,7.3019
3080795,-308515,7.3004
3085795,-308522,7.3034
3090797,-308528,6.2575
3095798,-308535,7.3019
3100799,-308542,7.3019
3105801,-308549,7.3004
3110801,-308556,7.3034
3115803,-308562,6.2575
3120804,-308569,7.3019
3125806,-308576,7.3004
3130807,-308583,7.3019
3135808,-308590,7.3019
3140809,-308597,7.3019
3145811,-308604,7.3004
3150812,-308611,7.3019
3155814,-308618,7.3004
3160814,-308624,6.2600
3165816,-308632,8.3434
3170817,-308638,6.2588
3175819,-308645,7.3004
3180820,-308652,7.3019
3185820,-308660,8.3467
3190822,-308666,6.2575
3195824,-308674,8.3434
3200825,-308681,7.3019
3205827,-308688,7.3004
3210827,-308694,6.2600
3215828,-308701,7.3019
3220830,-308708,7.3004
3225831,-308715,7.3019
3230833,-308722,7.3004
3235833,-308728,6.2600
3240835,-308735,7.3004
3245836,-308742,7.3019
3250838,-308749,7.3004
3255839,-308756,7.3019
3260840,-308762,6.2588
3265841,-308769,7.3019
3270843,-308776,7.3004
3275844,-308782,6.2588
3280846,-308789,7.3004
3285846,-308796,7.3034
3290848,-308802,6.2575
3295849,-308808,6.2588
3300851,-308814,6.2575
3305852,-308820,6.2588
3310852,-308826,6.2600
3315854,-308832,6.2575
3320855,-308838,6.2588
3325857,-308844,6.2575
3330858,-308850,6.2588
3335859,-308856,6.2588
3340860,-308862,6.2588
3345862,-308868,6.2575
3350863,-308874,6.2588
3355865,-308880,6.2575
3360865,-308886,6.2600
3365867,-308892,6.2575
3370868,-308899,7.3019
3375870,-308905,6.2575
3380871,-308911,6.2588
3385872,-308917,6.2588
3390873,-308923,6.2588
3395875,-308929,6.2575
3400876,-308935,6.2588
3405878,-308941,6.2575
3410878,-308946,5.2167
3415880,-308952,6.2575
3420881,-308958,6.2588
3425882,-308964,6.2588
3430884,-308970,6.2575
3435884,-308976,6.2600
3440886,-308982,6.2575
3445887,-308988,6.2588
3450889,-308993,5.2146
3455890,-308999,6.2588
3460891,-309005,6.2588
3465892,-309011,6.2588
3470894,-309016,5.2146
3475895,-309022,6.2588
3480897,-309028,6.2575
3485898,-309034,6.2588
3490900,-309039,5.2146
3495900,-309045,6.2600
3500902,-309051,6.2575
3505903,-309056,5.2156
3510905,-309062,6.2575
3515907,-309068,6.2575
3520908,-309073,5.2156
3525909,-309079,6.2588
3530910,-309085,6.2588
3535911,-309090,5.2156
3540913,-309096,6.2575
3545915,-309102,6.2575
3550916,-309107,5.2156
3555918,-309113,6.2575
3560919,-309119,6.2588
3565921,-309124,5.2146
3570922,-309130,6.2588
3575923,-309135,5.2156
3580924,-309141,6.2588
3585926,-309146,5.2146
3590927,-309152,6.2588
3595929,-309158,6.2575
3600930,-309163,5.2156
3605932,-309168,5.2146
3610932,-309174,6.2600
3615934,-309180,6.2575
3620935,-309185,5.2156
3625937,-309190,5.2146
3630938,-309196,6.2588
3635940,-309201,5.2146
3640940,-309207,6.2600
3645942,-309213,6.2575
3650945,-309218,5.2136
3655945,-309224,6.2600
3660945,-309230,6.2600
3665945,-309235,5.2167
3670945,-309241,6.2600
3675945,-309247,6.2600
3680945,-309253,6.2600
3685945,-309259,6.2600
3690945,-309265,6.2600
3695945,-309271,6.2600
3700945,-309277,6.2600
3705945,-309283,6.2600
3710945,-309289,6.2600
3715945,-309295,6.2600
3720945,-309302,7.3034
3725945,-309308,6.2600
3730945,-309314,6.2600
3735945,-309320,6.2600
3740945,-309327,7.3034
3745945,-309333,6.2600
3750945,-309340,7.3034
3755945,-309346,6.2600
3760945,-309353,7.3034
3765945,-309359,6.2600
3770945,-309366,7.3034
3775945,-309372,6.2600
3780945,-309379,7.3034
3785945,-309386,7.3034
3790945,-309392,6.2600
3795945,-309399,7.3034
3800945,-309406,7.3034
3805945,-309413,7.3034
3810945,-309420,7.3034
3815945,-309427,7.3034
3820945,-309434,7.3034
3825945,-309440,6.2600
3830945,-309447,7.3034
3835945,-309454,7.3034
3840945,-309461,7.3034
3845945,-309468,7.3034
3850945,-309475,7.3034
3855945,-309482,7.3034
3860945,-309489,7.3034
3865945,-309496,7.3034
3870945,-309503,7.3034
3875945,-309510,7.3034
3880945,-309518,8.3467
3885945,-309524,6.2600
3890945,-309532,8.3467
3895945,-309539,7.3034
3900945,-309546,7.3034
3905945,-309553,7.3034
3910945,-309560,7.3034
3915945,-309567,7.3034
3920945,-309575,8.3467
3925945,-309582,7.3034
3930945,-309589,7.3034
3935945,-309596,7.3034
3940945,-309603,7.3034
3945945,-309611,8.3467
3950945,-309618,7.3034
3955945,-309625,7.3034
3960945,-309632,7.3034
3965945,-309640,8.3467
3970945,-309647,7.3034
3975945,-309654,7.3034
3980945,-309661,7.3034
3985945,-309668,7.3034
3990945,-309676,8.3467
3995945,-309683,7.3034
4000945,-309690,7.3034
4005945,-309696,6.2600
4010945,-309703,7.3034
4015945,-309710,7.3034
4020945,-309717,7.3034
4025945,-309723,6.2600
4030945,-309730,7.3034
4035945,-309736,6.2600
4040945,-309743,7.3034
4045945,-309750,7.3034
4050945,-309756,6.2600
4055945,-309762,6.2600
4060945,-309768,6.2600
4065945,-309775,7.3034
4070945,-309781,6.2600
4075945,-309787,6.2600
4080945,-309793,6.2600
4085945,-309800,7.3034
4090945,-309806,6.2600
4095945,-309812,6.2600
4100945,-309818,6.2600
4105945,-309824,6.2600
4110945,-309830,6.2600
4115945,-309836,6.2600
4120945,-309843,7.3034
4125945,-309849,6.2600
4130945,-309855,6.2600
4135945,-309862,7.3034
4140945,-309868,6.2600
4145945,-309874,6.2600
4150945,-309881,7.3034
4155945,-309887,6.2600
4160945,-309894,7.3034
4165945,-309900,6.2600
4170945,-309906,6.2600
4175945,-309913,7.3034
4180945,-309920,7.3034
4185945,-309926,6.2600
4190945,-309933,7.3034
4195945,-309940,7.3034
4200945,-309946,6.2600
4205945,-309953,7.3034
4210945,-309959,6.2600
4215945,-309966,7.3034
4220945,-309973,7.3034
4225945,-309979,6.2600
4230945,-309986,7.3034
4235945,-309993,7.3034
4240945,-309999,6.2600
4245945,-310006,7.3034
4250945,-310012,6.2600
4255945,-310018,6.2600
4260945,-310023,5.2167
4265945,-310029,6.2600
4270945,-310035,6.2600
4275945,-310041,6.2600
4280945,-310047,6.2600
4285945,-310053,6.2600
4290945,-310058,5.2167
4295945,-310064,6.2600
4300945,-310070,6.2600
4305945,-310076,6.2600
4310945,-310082,6.2600
4315945,-310088,6.2600
4320945,-310093,5.2167
4325945,-310099,6.2600
4330945,-310105,6.2600
4335945,-310111,6.2600
4340945,-310116,5.2167
4345945,-310122,6.2600
4350945,-310128,6.2600
4355945,-310134,6.2600
4360945,-310140,6.2600
4365945,-310146,6.2600
4370945,-310151,5.2167
4375945,-310157,6.2600
4380945,-310163,6.2600
4385945,-310169,6.2600
4390945,-310174,5.2167
4395945,-310180,6.2600
4400945,-310186,6.2600
4405945,-310192,6.2600
4410945,-310197,5.2167
4415945,-310203,6.2600
4420945,-310209,6.2600
4425945,-310215,6.2600
4430945,-310220,5.2167
4435945,-310226,6.2600
4440945,-310232,6.2600
4445945,-310238,6.2600
4450945,-310244,6.2600
4455945,-310250,6.2600
4460945,-310255,5.2167
4465945,-310261,6.2600
4470945,-310267,6.2600
4475945,-310273,6.2600
4480945,-310279,6.2600
4485945,-310285,6.2600
4490945,-310291,6.2600
4495945,-310297,6.2600
4500945,-310303,6.2600
4505945,-310309,6.2600
4510945,-310315,6.2600
4515945,-310321,6.2600
4520945,-310327,6.2600
4525945,-310333,6.2600
4530945,-310339,6.2600
4535945,-310345,6.2600
4540945,-310351,6.2600
4545945,-310357,6.2600
4550945,-310364,7.3034
4555945,-310370,6.2600
4560945,-310376,6.2600
4565945,-310382,6.2600
4570945,-310388,6.2600
4575945,-310395,7.3034
4580945,-310401,6.2600
4585945,-310407,6.2600
4590945,-310414,7.3034
4595945,-310420,6.2600
4600945,-310426,6.2600
4605945,-310433,7.3034
4610945,-310439,6.2600
4615945,-310446,7.3034
4620945,-310452,6.2600
4625945,-310458,6.2600
4630945,-310465,7.3034
4635945,-310472,7.3034
4640945,-310478,6.2600
4645945,-310485,7.3034
4650945,-310491,6.2600
4655945,-310498,7.3034
4660945,-310504,6.2600
4665945,-310511,7.3034
4670945,-310518,7.3034
4675945,-310525,7.3034
4680945,-310532,7.3034
4685945,-310538,6.2600
4690945,-310545,7.3034
4695945,-310552,7.3034
4700945,-310559,7.3034
4705945,-310566,7.3034
4710945,-310573,7.3034
4715945,-310580,7.3034
4720945,-310587,7.3034
4725945,-310594,7.3034
4730945,-310601,7.3034
4735945,-310608,7.3034
4740945,-310615,7.3034
4745945,-310622,7.3034
4750945,-310629,7.3034
4755945,-310636,7.3034
4760945,-310643,7.3034
4765945,-310650,7.3034
4770945,-310658,8.3467
4775945,-310665,7.3034
4780945,-310672,7.3034
4785945,-310679,7.3034
4790945,-310686,7.3034
4795945,-310693,7.3034
4800945,-310701,8.3467
4805945,-310708,7.3034
4810945,-310715,7.3034
4815945,-310722,7.3034
4820945,-310730,8.3467
4825945,-310737,7.3034
4830945,-310744,7.3034
4835945,-310751,7.3034
4840945,-310759,8.3467
4845945,-310766,7.3034
4850945,-310773,7.3034
4855945,-310780,7.3034
4860945,-310788,8.3467
4865945,-310795,7.3034
4870945,-310802,7.3034
4875945,-310810,8.3467
4880945,-310817,7.3034
4885945,-310824,7.3034
4890945,-310832,8.3467
4895945,-310839,7.3034
4900945,-310847,8.3467
4905945,-310854,7.3034
4910945,-310861,7.3034
4915945,-310869,8.3467
4920945,-310876,7.3034
4925945,-310884,8.3467
4930945,-310891,7.3034
4935945,-310898,7.3034
4940945,-310906,8.3467
4945945,-310913,7.3034
4950945,-310921,8.3467
4955945,-310928,7.3034
4960945,-310936,8.3467
4965945,-310943,7.3034
4970945,-310950,7.3034
4975945,-310958,8.3467
4980945,-310965,7.3034
4985945,-310973,8.3467
4990945,-310980,7.3034
4995945,-310987,7.3034
5000945,-310994,7.3034
5005945,-311001,7.3034
5010945,-311008,7.3034
5015945,-311015,7.3034
5020945,-311022,7.3034
5025945,-311028,6.2600
5030945,-311035,7.3034
5035945,-311041,6.2600
5040945,-311048,7.3034
5045945,-311054,6.2600
5050945,-311060,6.2600
5055945,-311066,6.2600
5060945,-311072,6.2600
5065945,-311078,6.2600
5070945,-311084,6.2600
5075945,-311090,6.2600
5080945,-311096,6.2600
5085945,-311101,5.2167
5090945,-311107,6.2600
5095945,-311113,6.2600
5100945,-311119,6.2600
5105945,-311124,5.2167
5110945,-311130,6.2600
5115945,-311136,6.2600
5120945,-311141,5.2167
5125945,-311147,6.2600
5130945,-311153,6.2600
5135945,-311158,5.2167
5140945,-311164,6.2600
5145945,-311170,6.2600
5150945,-311176,6.2600
5155945,-311182,6.2600
5160945,-311188,6.2600
5165945,-311194,6.2600
5170945,-311200,6.2600
5175945,-311206,6.2600
5180945,-311211,5.2167
5185945,-311217,6.2600
5190945,-311222,5.2167
5195945,-311228,6.2600
5200945,-311233,5.2167
5205945,-311238,5.2167
5210948,-311244,6.2563
5215948,-311249,5.2167
5220948,-311254,5.2167
5225950,-311259,5.2146
5230953,-311264,5.2136
5235953,-311270,6.2600
5240954,-311275,5.2156
5245954,-311281,6.2600
5250954,-311286,5.2167
5255954,-311291,5.2167
5260954,-311297,6.2600
5265955,-311302,5.2156
5270957,-311308,6.2575
5275958,-311313,5.2156
5280960,-311318,5.2146
5285961,-311324,6.2588
5290962,-311329,5.2156
5295964,-311334,5.2146
5300964,-311339,5.2167
5305964,-311345,6.2600
5310964,-311350,5.2167
5315964,-311355,5.2167
5320964,-311360,5.2167
5325964,-311366,6.2600
5330964,-311371,5.2167
5335964,-311376,5.2167
5340964,-311381,5.2167
5345964,-311387,6.2600
5350964,-311392,5.2167
5355964,-311397,5.2167
5360964,-311402,5.2167
5365964,-311408,6.2600
5370964,-311413,5.2167
5375964,-311418,5.2167
5380964,-311423,5.2167
5385964,-311429,6.2600
5390964,-311434,5.2167
5395964,-311439,5.2167
5400964,-311445,6.2600
5405964,-311450,5.2167
5410964,-311456,6.2600
5415964,-311461,5.2167
5420964,-311466,5.2167
5425964,-311472,6.2600
5430964,-311477,5.2167
5435964,-311483,6.2600
5440964,-311488,5.2167
5445964,-311494,6.2600
5450964,-311500,6.2600
5455964,-311505,5.2167
5460964,-311511,6.2600
5465964,-311517,6.2600
5470964,-311522,5.2167
5475964,-311528,6.2600
5480964,-311534,6.2600
5485964,-311540,6.2600
5490964,-311546,6.2600
5495964,-311551,5.2167
5500964,-311557,6.2600
5505964,-311563,6.2600
5510964,-311569,6.2600
5515964,-311575,6.2600
5520964,-311581,6.2600
5525964,-311587,6.2600
5530964,-311593,6.2600
5535964,-311600,7.3034
5540964,-311606,6.2600
5545964,-311612,6.2600
5550964,-311618,6.2600
5555964,-311624,6.2600
5560964,-311630,6.2600
5565964,-311637,7.3034
5570964,-311643,6.2600
5575964,-311649,6.2600
5580964,-311656,7.3034
5585964,-311662,6.2600
5590964,-311669,7.3034
5595964,-311675,6.2600
5600964,-311682,7.3034
5605964,-311688,6.2600
5610964,-311695,7.3034
5615964,-311701,6.2600
5620964,-311708,7.3034
5625964,-311714,6.2600
5630964,-311721,7.3034
5635964,-311728,7.3034
5640964,-311735,7.3034
5645964,-311741,6.2600
5650964,-311748,7.3034
5655964,-311755,7.3034
5660964,-311762,7.3034
5665964,-311768,6.2600
5670964,-311775,7.3034
5675964,-311782,7.3034
5680964,-311789,7.3034
5685964,-311796,7.3034
5690964,-311803,7.3034
5695964,-311810,7.3034
5700964,-311817,7.3034
5705964,-311824,7.3034
5710964,-311831,7.3034
5715964,-311838,7.3034
5720964,-311845,7.3034
5725964,-311852,7.3034
5730964,-311859,7.3034
5735964,-311866,7.3034
5740964,-311873,7.3034
5745964,-311880,7.3034
5750964,-311888,8.3467
5755964,-311895,7.3034
5760964,-311902,7.3034
5765964,-311909,7.3034
5770964,-311916,7.3034
5775964,-311924,8.3467
5780966,-311931,7.3004
5785967,-311938,7.3019
5790967,-311945,7.3034
5795967,-311952,7.3034
5800967,-311960,8.3467
5805967,-311967,7.3034
5810967,-311974,7.3034
5815969,-311982,8.3434
5820970,-311989,7.3019
5825970,-311996,7.3034
5830970,-312004,8.3467
5835970,-312011,7.3034
5840972,-312018,7.3004
5845974,-312026,8.3434
5850974,-312033,7.3034
5855974,-312040,7.3034
5860974,-312048,8.3467
5865974,-312055,7.3034
5870974,-312062,7.3034
5875974,-312070,8.3467
5880974,-312077,7.3034
5885974,-312084,7.3034
5890974,-312092,8.3467
5895974,-312099,7.3034
5900974,-312107,8.3467
5905974,-312114,7.3034
5910974,-312122,8.3467
5915974,-312129,7.3034
5920974,-312137,8.3467
5925974,-312144,7.3034
5930974,-312152,8.3467
5935974,-312159,7.3034
5940974,-312166,7.3034
5945974,-312174,8.3467
5950974,-312182,8.3467
5955974,-312189,7.3034
5960974,-312196,7.3034
5965974,-312204,8.3467
5970974,-312212,8.3467
5975974,-312219,7.3034
5980974,-312226,7.3034
5985974,-312233,7.3034
5990974,-312240,7.3034
5995974,-312247,7.3034
6000974,-312254,7.3034
6005974,-312260,6.2600
6010974,-312267,7.3034
6015974,-312273,6.2600
6020974,-312280,7.3034
6025974,-312286,6.2600
6030974,-312292,6.2600
6035974,-312298,6.2600
6040974,-312304,6.2600
6045974,-312310,6.2600
6050974,-312315,5.2167
6055974,-312321,6.2600
6060974,-312326,5.2167
6065974,-312332,6.2600
6070974,-312337,5.2167
6075974,-312342,5.2167
6080974,-312348,6.2600
6085974,-312353,5.2167
6090974,-312359,6.2600
6095974,-312364,5.2167
6100974,-312369,5.2167
6105974,-312374,5.2167
6110974,-312379,5.2167
6115974,-312384,5.2167
6120974,-312390,6.2600
6125974,-312395,5.2167
6130974,-312400,5.2167
6135974,-312405,5.2167
6140974,-312411,6.2600
6145974,-312416,5.2167
6150974,-312420,4.1733
6155974,-312425,5.2167
6160974,-312430,5.2167
6165974,-312434,4.1733
6170974,-312439,5.2167
6175974,-312444,5.2167
6180974,-312449,5.2167
6185974,-312454,5.2167
6190974,-312459,5.2167
6195974,-312464,5.2167
6200974,-312469,5.2167
6205974,-312474,5.2167
6210974,-312478,4.1733
6215974,-312483,5.2167
6220974,-312488,5.2167
6225974,-312492,4.1733
6230974,-312497,5.2167
6235974,-312502,5.2167
6240974,-312507,5.2167
6245974,-312512,5.2167
6250974,-312517,5.2167
6255974,-312522,5.2167
6260974,-312526,4.1733
6265974,-312531,5.2167
6270974,-312536,5.2167
6275974,-312541,5.2167
6280974,-312546,5.2167
6285974,-312551,5.2167
6290974,-312556,5.2167
6295974,-312560,4.1733
6300974,-312565,5.2167
6305974,-312570,5.2167
6310974,-312575,5.2167
6315974,-312580,5.2167
6320974,-312584,4.1733
6325974,-312589,5.2167
6330974,-312594,5.2167
6335974,-312598,4.1733
6340974,-312603,5.2167
6345974,-312608,5.2167
6350974,-312613,5.2167
6355974,-312617,4.1733
6360974,-312622,5.2167
6365974,-312627,5.2167
6370974,-312632,5.2167
6375974,-312637,5.2167
6380974,-312642,5.2167
6385974,-312646,4.1733
6390974,-312652,6.2600
6395974,-312656,4.1733
6400974,-312662,6.2600
6405974,-312667,5.2167
6410974,-312672,5.2167
6415974,-312677,5.2167
6420974,-312682,5.2167
6425974,-312687,5.2167
6430974,-312692,5.2167
6435974,-312697,5.2167
6440974,-312703,6.2600
6445974,-312708,5.2167
6450974,-312713,5.2167
6455974,-312719,6.2600
6460974,-312724,5.2167
6465974,-312729,5.2167
6470974,-312735,6.2600
6475974,-312740,5.2167
6480974,-312746,6.2600
6485974,-312751,5.2167
6490974,-312757,6.2600
6495974,-312762,5.2167
6500974,-312768,6.2600
6505974,-312774,6.2600
6510974,-312779,5.2167
6515974,-312785,6.2600
6520974,-312791,6.2600
6525974,-312796,5.2167
6530974,-312802,6.2600
6535974,-312808,6.2600
6540974,-312814,6.2600
6545974,-312820,6.2600
6550974,-312826,6.2600
6555974,-312832,6.2600
6560974,-312838,6.2600
6565974,-312844,6.2600
6570974,-312850,6.2600
6575974,-312856,6.2600
6580974,-312862,6.2600
6585974,-312869,7.3034
6590974,-312875,6.2600
6595974,-312881,6.2600
6600974,-312888,7.3034
6605974,-312894,6.2600
6610974,-312900,6.2600
6615974,-312907,7.3034
6620974,-312913,6.2600
6625974,-312920,7.3034
6630974,-312926,6.2600
6635974,-312933,7.3034
6640974,-312939,6.2600
6645974,-312946,7.3034
6650974,-312953,7.3034
6655974,-312959,6.2600
6660974,-312966,7.3034
6665974,-312973,7.3034
6670974,-312980,7.3034
6675974,-312986,6.2600
6680974,-312993,7.3034
6685974,-313000,7.3034
6690974,-313007,7.3034
6695974,-313014,7.3034
6700974,-313021,7.3034
6705974,-313028,7.3034
6710974,-313035,7.3034
6715974,-313042,7.3034
6720974,-313049,7.3034
6725974,-313056,7.3034
6730974,-313063,7.3034
6735974,-313070,7.3034
6740974,-313077,7.3034
6745974,-313084,7.3034
6750974,-313091,7.3034
6755974,-313098,7.3034
6760974,-313106,8.3467
6765974,-313113,7.3034
6770974,-313120,7.3034
6775974,-313127,7.3034
6780974,-313134,7.3034
6785974,-313142,8.3467
6790974,-313149,7.3034
6795974,-313156,7.3034
6800974,-313163,7.3034
6805974,-313170,7.3034
6810974,-313178,8.3467
6815974,-313185,7.3034
6820974,-313192,7.3034
6825974,-313200,8.3467
6830974,-313207,7.3034
6835974,-313214,7.3034
6840974,-313222,8.3467
6845974,-313229,7.3034
6850974,-313236,7.3034
6855974,-313244,8.3467
6860974,-313251,7.3034
6865974,-313258,7.3034
6870974,-313266,8.3467
6875974,-313273,7.3034
6880974,-313281,8.3467
6885974,-313288,7.3034
6890974,-313296,8.3467
6895974,-313303,7.3034
6900974,-313310,7.3034
6905974,-313318,8.3467
6910974,-313325,7.3034
6915974,-313333,8.3467
6920974,-313340,7.3034
6925974,-313348,8.3467
6930974,-313355,7.3034
6935974,-313363,8.3467
6940974,-313370,7.3034
6945974,-313378,8.3467
6950974,-313385,7.3034
6955974,-313393,8.3467
6960974,-313400,7.3034
6965974,-313408,8.3467
6970974,-313415,7.3034
6975974,-313423,8.3467
6980974,-313430,7.3034
6985974,-313438,8.3467
6990974,-313445,7.3034
6995974,-313453,8.3467
7000974,-313460,7.3034
7005974,-313467,7.3034
7010974,-313475,8.3467
7015974,-313482,7.3034
7020974,-313489,7.3034
7025974,-313496,7.3034
7030974,-313502,6.2600
7035974,-313509,7.3034
7040974,-313515,6.2600
7045974,-313521,6.2600
7050974,-313528,7.3034
7055974,-313534,6.2600
7060974,-313540,6.2600
7065974,-313546,6.2600
7070974,-313552,6.2600
7075974,-313557,5.2167
7080974,-313563,6.2600
7085974,-313568,5.2167
7090974,-313574,6.2600
7095974,-313579,5.2167
7100974,-313584,5.2167
7105974,-313590,6.2600
7110974,-313595,5.2167
7115974,-313600,5.2167
7120974,-313605,5.2167
7125974,-313610,5.2167
7130974,-313616,6.2600
7135974,-313620,4.1733
7140974,-313625,5.2167
7145974,-313629,4.1733
7150974,-313633,4.1733
7155974,-313638,5.2167
7160974,-313642,4.1733
7165974,-313646,4.1733
7170974,-313651,5.2167
7175974,-313655,4.1733
7180974,-313660,5.2167
7185974,-313664,4.1733
7190974,-313669,5.2167
7195974,-313674,5.2167
7200974,-313679,5.2167
7205974,-313683,4.1733
7210974,-313688,5.2167
7215974,-313693,5.2167
7220974,-313698,5.2167
7225974,-313703,5.2167
7230974,-313708,5.2167
7235974,-313713,5.2167
7240974,-313718,5.2167
7245974,-313723,5.2167
7250974,-313728,5.2167
7255974,-313733,5.2167
7260974,-313738,5.2167
7265974,-313742,4.1733
7270974,-313747,5.2167
7275974,-313752,5.2167
7280974,-313757,5.2167
7285974,-313762,5.2167
7290974,-313766,4.1733
7295974,-313771,5.2167
7300974,-313776,5.2167
7305974,-313781,5.2167
7310974,-313786,5.2167
7315974,-313790,4.1733
7320974,-313795,5.2167
7325974,-313800,5.2167
7330974,-313804,4.1733
7335974,-313809,5.2167
7340974,-313814,5.2167
7345974,-313818,4.1733
7350974,-313823,5.2167
7355974,-313828,5.2167
7360974,-313832,4.1733
7365974,-313837,5.2167
7370974,-313842,5.2167
7375974,-313846,4.1733
7380974,-313851,5.2167
7385974,-313856,5.2167
7390974,-313861,5.2167
7395974,-313866,5.2167
7400974,-313871,5.2167
7405974,-313876,5.2167
7410974,-313881,5.2167
7415974,-313886,5.2167
7420974,-313891,5.2167
7425974,-313896,5.2167
7430974,-313901,5.2167
7435974,-313906,5.2167
7440974,-313911,5.2167
7445974,-313916,5.2167
7450974,-313922,6.2600
7455974,-313927,5.2167
7460974,-313932,5.2167
7465974,-313938,6.2600
7470974,-313943,5.2167
7475974,-313948,5.2167
7480974,-313954,6.2600
7485974,-313959,5.2167
7490974,-313965,6.2600
7495974,-313970,5.2167
7500974,-313976,6.2600
7505974,-313982,6.2600
7510974,-313987,5.2167
7515974,-313993,6.2600
7520974,-313998,5.2167
7525974,-314004,6.2600
7530974,-314010,6.2600
7535974,-314016,6.2600
7540974,-314022,6.2600
7545974,-314028,6.2600
7550974,-314033,5.2167
7555974,-314039,6.2600
7560974,-314045,6.2600
7565974,-314051,6.2600
7570974,-314057,6.2600
7575974,-314063,6.2600
7580974,-314070,7.3034
7585974,-314076,6.2600
7590974,-314082,6.2600
7595974,-314088,6.2600
7600974,-314094,6.2600
7605974,-314101,7.3034
7610974,-314107,6.2600
7615974,-314114,7.3034
7620974,-314120,6.2600
7625974,-314127,7.3034
7630974,-314133,6.2600
7635974,-314140,7.3034
7640974,-314146,6.2600
7645974,-314153,7.3034
7650974,-314160,7.3034
7655974,-314166,6.2600
7660974,-314173,7.3034
7665974,-314180,7.3034
7670974,-314187,7.3034
7675974,-314193,6.2600
7680974,-314200,7.3034
7685974,-314207,7.3034
7690974,-314214,7.3034
7695974,-314221,7.3034
7700974,-314228,7.3034
7705974,-314234,6.2600
7710974,-314241,7.3034
7715974,-314248,7.3034
7720974,-314255,7.3034
7725974,-314262,7.3034
7730974,-314269,7.3034
7735974,-314276,7.3034
7740974,-314283,7.3034
7745974,-314290,7.3034
7750974,-314297,7.3034
7755974,-314304,7.3034
7760974,-314311,7.3034
7765974,-314318,7.3034
7770974,-314326,8.3467
7775974,-314333,7.3034
7780974,-314340,7.3034
7785974,-314347,7.3034
7790974,-314354,7.3034
7795974,-314361,7.3034
7800974,-314369,8.3467
7805974,-314376,7.3034
7810974,-314383,7.3034
7815974,-314390,7.3034
7820974,-314398,8.3467
7825974,-314405,7.3034
7830974,-314412,7.3034
7835974,-314420,8.3467
7840974,-314427,7.3034
7845974,-314434,7.3034
7850974,-314441,7.3034
7855974,-314449,8.3467
7860974,-314456,7.3034
7865974,-314464,8.3467
7870974,-314471,7.3034
7875974,-314478,7.3034
7880974,-314486,8.3467
7885974,-314493,7.3034
7890974,-314500,7.3034
7895974,-314508,8.3467
7900974,-314515,7.3034
7905974,-314522,7.3034
7910974,-314530,8.3467
7915974,-314537,7.3034
7920974,-314545,8.3467
7925974,-314552,7.3034
7930974,-314560,8.3467
7935974,-314567,7.3034
7940974,-314574,7.3034
7945974,-314582,8.3467
7950974,-314589,7.3034
7955974,-314597,8.3467
7960974,-314604,7.3034
7965974,-314612,8.3467
7970974,-314619,7.3034
7975974,-314627,8.3467
7980974,-314634,7.3034
7985974,-314642,8.3467
7990974,-314649,7.3034
7995974,-314657,8.3467
8000974,-314664,7.3034
8005974,-314672,8.3467
8010974,-314679,7.3034
8015974,-314687,8.3467
8020974,-314694,7.3034
8025974,-314702,8.3467
8030974,-314709,7.3034
8035974,-314716,7.3034
8040974,-314723,7.3034
8045974,-314730,7.3034
8050974,-314737,7.3034
8055974,-314744,7.3034
8060974,-314750,6.2600
8065974,-314756,6.2600
8070974,-314762,6.2600
8075974,-314769,7.3034
8080974,-314774,5.2167
8085974,-314780,6.2600
8090974,-314786,6.2600
8095974,-314792,6.2600
8100974,-314798,6.2600
8105974,-314803,5.2167
8110974,-314808,5.2167
8115974,-314813,5.2167
8120974,-314818,5.2167
8125974,-314823,5.2167
8130974,-314828,5.2167
8135974,-314832,4.1733
8140974,-314836,4.1733
8145974,-314840,4.1733
8150974,-314844,4.1733
8155974,-314848,4.1733
8160974,-314852,4.1733
8165974,-314856,4.1733
8170974,-314860,4.1733
8175974,-314864,4.1733
8180974,-314868,4.1733
8185974,-314871,3.1300
8190974,-314875,4.1733
8195974,-314879,4.1733
8200974,-314883,4.1733
8205974,-314887,4.1733
8210974,-314891,4.1733
8215974,-314895,4.1733
8220974,-314899,4.1733
8225974,-314903,4.1733
8230974,-314908,5.2167
8235974,-314912,4.1733
8240974,-314916,4.1733
8245974,-314920,4.1733
8250974,-314925,5.2167
8255974,-314929,4.1733
8260974,-314934,5.2167
8265974,-314938,4.1733
8270974,-314942,4.1733
8275974,-314947,5.2167
8280974,-314951,4.1733
8285974,-314956,5.2167
8290974,-314960,4.1733
8295974,-314965,5.2167
8300974,-314969,4.1733
8305974,-314973,4.1733
8310974,-314978,5.2167
8315974,-314982,4.1733
8320974,-314986,4.1733
8325974,-314990,4.1733
8330974,-314995,5.2167
8335974,-314999,4.1733
8340974,-315003,4.1733
8345974,-315008,5.2167
8350974,-315012,4.1733
8355974,-315017,5.2167
8360974,-315021,4.1733
8365974,-315026,5.2167
8370974,-315030,4.1733
8375974,-315034,4.1733
8380974,-315039,5.2167
8385974,-315044,5.2167
8390974,-315048,4.1733
8395974,-315052,4.1733
8400974,-315057,5.2167
8405974,-315061,4.1733
8410974,-315066,5.2167
8415974,-315070,4.1733
8420974,-315075,5.2167
8425974,-315079,4.1733
8430974,-315084,5.2167
8435974,-315089,5.2167
8440974,-315093,4.1733
8445974,-315098,5.2167
8450974,-315103,5.2167
8455974,-315108,5.2167
8460974,-315113,5.2167
8465974,-315118,5.2167
8470974,-315122,4.1733
8475974,-315128,6.2600
8480974,-315132,4.1733
8485974,-315138,6.2600
8490974,-315143,5.2167
8495974,-315148,5.2167
8500974,-315153,5.2167
8505974,-315158,5.2167
8510974,-315164,6.2600
8515974,-315169,5.2167
8520974,-315174,5.2167
8525974,-315180,6.2600
8530974,-315185,5.2167
8535974,-315190,5.2167
8540974,-315196,6.2600
8545974,-315201,5.2167
8550974,-315207,6.2600
8555974,-315212,5.2167
8560974,-315218,6.2600
8565974,-315224,6.2600
8570974,-315229,5.2167
8575974,-315235,6.2600
8580974,-315241,6.2600
8585974,-315246,5.2167
8590974,-315252,6.2600
8595974,-315258,6.2600
8600974,-315264,6.2600
8605974,-315270,6.2600
8610974,-315276,6.2600
8615974,-315282,6.2600
8620974,-315288,6.2600
8625974,-315294,6.2600
8630974,-315300,6.2600
8635974,-315306,6.2600
8640974,-315312,6.2600
8645974,-315318,6.2600
8650974,-315325,7.3034
8655974,-315331,6.2600
8660974,-315338,7.3034
8665974,-315344,6.2600
8670974,-315350,6.2600
8675974,-315357,7.3034
8680974,-315363,6.2600
8685974,-315370,7.3034
8690974,-315376,6.2600
8695974,-315383,7.3034
8700974,-315389,6.2600
8705974,-315396,7.3034
8710974,-315402,6.2600
8715974,-315409,7.3034
8720974,-315416,7.3034
8725974,-315422,6.2600
8730974,-315429,7.3034
8735974,-315436,7.3034
8740974,-315443,7.3034
8745974,-315450,7.3034
8750974,-315456,6.2600
8755974,-315463,7.3034
8760974,-315470,7.3034
8765974,-315477,7.3034
8770974,-315484,7.3034
8775974,-315491,7.3034
8780974,-315498,7.3034
8785974,-315505,7.3034
8790974,-315512,7.3034
8795974,-315518,6.2600
8800974,-315526,8.3467
8805974,-315532,6.2600
8810974,-315540,8.3467
8815974,-315547,7.3034
8820974,-315554,7.3034
8825974,-315561,7.3034
8830974,-315568,7.3034
8835974,-315575,7.3034
8840974,-315582,7.3034
8845974,-315589,7.3034
8850974,-315596,7.3034
8855974,-315604,8.3467
8860974,-315611,7.3034
8865974,-315618,7.3034
8870974,-315625,7.3034
8875974,-315632,7.3034
8880974,-315640,8.3467
8885974,-315647,7.3034
8890974,-315654,7.3034
8895974,-315662,8.3467
8900974,-315669,7.3034
8905974,-315676,7.3034
8910974,-315684,8.3467
8915974,-315691,7.3034
8920974,-315698,7.3034
8925974,-315706,8.3467
8930974,-315713,7.3034
8935974,-315720,7.3034
8940974,-315728,8.3467
8945974,-315735,7.3034
8950974,-315742,7.3034
8955974,-315750,8.3467
8960974,-315757,7.3034
8965974,-315765,8.3467
8970974,-315772,7.3034
8975974,-315780,8.3467
8980974,-315787,7.3034
8985974,-315794,7.3034
8990974,-315802,8.3467
8995974,-315809,7.3034
9000974,-315817,8.3467
9005974,-315824,7.3034
9010974,-315832,8.3467
9015974,-315839,7.3034
9020974,-315847,8.3467
9025974,-315854,7.3034
9030974,-315862,8.3467
9035974,-315869,7.3034
9040974,-315876,7.3034
9045974,-315884,8.3467
9050974,-315892,8.3467
9055974,-315899,7.3034
9060974,-315906,7.3034
9065974,-315914,8.3467
9070974,-315922,8.3467
9075974,-315929,7.3034
9080974,-315936,7.3034
9085974,-315944,8.3467
9090974,-315951,7.3034
9095974,-315958,7.3034
9100974,-315965,7.3034
9105974,-315972,7.3034
9110974,-315979,7.3034
9115974,-315985,6.2600
9120974,-315992,7.3034
9125974,-315998,6.2600
9130974,-316004,6.2600
9135974,-316010,6.2600
9140974,-316016,6.2600
9145974,-316022,6.2600
9150974,-316028,6.2600
9155974,-316033,5.2167
9160974,-316038,5.2167
9165974,-316043,5.2167
9170974,-316048,5.2167
9175974,-316052,4.1733
9180974,-316057,5.2167
9185974,-316061,4.1733
9190974,-316066,5.2167
9195974,-316070,4.1733
9200974,-316074,4.1733
9205974,-316079,5.2167
9210974,-316083,4.1733
9215974,-316087,4.1733
9220974,-316092,5.2167
9225974,-316096,4.1733
9230974,-316100,4.1733
9235974,-316105,5.2167
9240974,-316109,4.1733
9245974,-316113,4.1733
9250974,-316117,4.1733
9255974,-316122,5.2167
9260974,-316126,4.1733
9265974,-316130,4.1733
9270974,-316135,5.2167
9275974,-316139,4.1733
9280974,-316144,5.2167
9285974,-316148,4.1733
9290974,-316153,5.2167
9295974,-316157,4.1733
9300974,-316162,5.2167
9305974,-316167,5.2167
9310974,-316171,4.1733
9315974,-316176,5.2167
9320974,-316181,5.2167
9325974,-316186,5.2167
9330974,-316190,4.1733
9335974,-316195,5.2167
9340974,-316200,5.2167
9345974,-316204,4.1733
9350974,-316209,5.2167
9355974,-316214,5.2167
9360974,-316218,4.1733
9365974,-316222,4.1733
9370974,-316227,5.2167
9375974,-316232,5.2167
9380974,-316236,4.1733
9385974,-316241,5.2167
9390974,-316246,5.2167
9395974,-316250,4.1733
9400974,-316255,5.2167
9405974,-316260,5.2167
9410974,-316265,5.2167
9415974,-316270,5.2167
9420974,-316274,4.1733
9425974,-316279,5.2167
9430974,-316284,5.2167
9435974,-316289,5.2167
9440974,-316294,5.2167
9445974,-316298,4.1733
9450974,-316303,5.2167
9455974,-316308,5.2167
9460974,-316313,5.2167
9465974,-316318,5.2167
9470974,-316323,5.2167
9475974,-316328,5.2167
9480974,-316333,5.2167
9485974,-316338,5.2167
9490974,-316343,5.2167
9495974,-316348,5.2167
9500974,-316354,6.2600
9505974,-316359,5.2167
9510974,-316364,5.2167
9515974,-316369,5.2167
9520974,-316374,5.2167
9525974,-316380,6.2600
9530974,-316385,5.2167
9535974,-316390,5.2167
9540974,-316396,6.2600
9545974,-316401,5.2167
9550974,-316407,6.2600
9555974,-316412,5.2167
9560974,-316418,6.2600
9565974,-316424,6.2600
9570974,-316429,5.2167
9575974,-316435,6.2600
9580974,-316441,6.2600
9585974,-316446,5.2167
9590974,-316452,6.2600
9595974,-316458,6.2600
9600974,-316464,6.2600
9605974,-316470,6.2600
9610974,-316476,6.2600
9615974,-316482,6.2600
9620974,-316488,6.2600
9625974,-316494,6.2600
9630974,-316500,6.2600
9635974,-316507,7.3034
9640974,-316513,6.2600
9645974,-316519,6.2600
9650974,-316526,7.3034
9655974,-316532,6.2600
9660974,-316538,6.2600
9665974,-316545,7.3034
9670974,-316552,7.3034
9675974,-316558,6.2600
9680974,-316565,7.3034
9685974,-316571,6.2600
9690974,-316578,7.3034
9695974,-316585,7.3034
9700974,-316591,6.2600
9705974,-316598,7.3034
9710974,-316605,7.3034
9715974,-316612,7.3034
9720974,-316618,6.2600
9725974,-316625,7.3034
9730974,-316632,7.3034
9735974,-316639,7.3034
9740974,-316646,7.3034
9745974,-316653,7.3034
9750974,-316660,7.3034
9755974,-316667,7.3034
9760974,-316674,7.3034
9765974,-316681,7.3034
9770974,-316688,7.3034
9775974,-316695,7.3034
9780974,-316702,7.3034
9785974,-316709,7.3034
9790974,-316716,7.3034
9795974,-316723,7.3034
9800974,-316730,7.3034
9805974,-316738,8.3467
9810974,-316745,7.3034
9815974,-316752,7.3034
9820974,-316759,7.3034
9825974,-316766,7.3034
9830974,-316774,8.3467
9835974,-316781,7.3034
9840974,-316788,7.3034
9845974,-316795,7.3034
9850974,-316803,8.3467
9855974,-316810,7.3034
9860974,-316817,7.3034
9865974,-316825,8.3467
9870974,-316832,7.3034
9875974,-316839,7.3034
9880974,-316847,8.3467
9885974,-316854,7.3034
9890974,-316862,8.3467
9895974,-316869,7.3034
9900974,-316876,7.3034
9905974,-316884,8.3467
9910974,-316891,7.3034
9915974,-316899,8.3467
9920974,-316906,7.3034
9925974,-316914,8.3467
9930974,-316921,7.3034
9935974,-316928,7.3034
9940974,-316936,8.3467
9945974,-316944,8.3467
9950974,-316951,7.3034
9955974,-316959,8.3467
9960974,-316966,7.3034
9965974,-316974,8.3467
9970974,-316981,7.3034
9975974,-316989,8.3467
9980974,-316996,7.3034
9985974,-317004,8.3467
9990974,-317012,8.3467
9995974,-317019,7.3034
