starting
idx,t_us,dL_mm,dDL_mm,dF_mm,dDR_mm,dR_mm,curL,curR,curF,nextL,nextR,nextF,service_us,walls_us
0,2,500,500,500,500,500,0,0,0,0,0,0,1506,14
1,15003,500,85,500,500,500,0,0,0,1,0,0,1509,14
2,30003,500,85,165,500,500,0,0,0,1,0,1,1521,13
3,45003,500,85,165,500,500,0,0,0,1,0,1,1509,14
4,60003,500,85,165,500,1104,0,0,0,1,0,1,1509,14
5,75003,500,85,165,500,1104,0,0,0,1,0,1,1506,14
6,90004,500,78,165,500,1104,0,0,0,1,0,1,1509,13
7,105004,500,78,154,500,1104,0,0,0,1,0,1,1521,13
8,120005,500,78,154,500,1104,0,0,0,1,0,1,1509,14
9,135005,500,78,154,500,1099,0,0,0,1,0,1,1508,14
10,150005,500,78,154,500,1099,0,0,0,1,0,1,1506,14
11,165006,500,81,154,500,1099,0,0,0,1,0,1,1509,13
12,180006,500,81,157,500,1099,0,0,0,1,0,1,1520,14
13,195006,500,81,157,500,1099,0,0,0,1,0,1,1509,14
14,210007,500,81,157,500,1091,0,0,0,1,0,1,1509,13
15,225008,500,81,157,500,1091,0,0,0,1,0,1,1507,13
16,240008,500,82,157,500,1091,0,0,0,1,0,1,1509,13
17,255008,500,82,154,500,1091,0,0,0,1,0,1,1520,14
18,270008,500,82,154,500,1091,0,0,0,1,0,1,1509,14
19,285008,500,82,154,500,1091,0,0,0,1,0,1,1508,14
20,300008,500,82,154,500,1091,0,0,0,1,0,1,1507,13
21,315008,500,81,154,500,1091,0,0,0,1,0,1,1509,13
22,330008,500,81,153,500,1091,0,0,0,1,0,1,1520,14
23,345008,500,81,153,500,1091,0,0,0,1,0,1,1509,14
24,360008,500,81,153,500,1091,0,0,0,1,0,1,1508,14
25,375008,500,81,153,500,1091,0,0,0,1,0,1,1507,13
26,390008,500,80,153,500,1091,0,0,0,1,0,1,1509,14
27,405008,500,80,159,500,1091,0,0,0,1,0,1,1521,14
28,420008,500,80,159,500,1091,0,0,0,1,0,1,1509,14
29,435008,500,80,159,500,1091,0,0,0,1,0,1,1509,13
30,450008,500,80,159,500,1091,0,0,0,1,0,1,1507,13
31,465008,500,77,159,500,1091,0,0,0,1,0,1,1509,13
32,480008,500,77,156,500,1091,0,0,0,1,0,1,1520,14
33,495008,500,77,156,500,1091,0,0,0,1,0,1,1509,14
34,510008,500,77,156,500,1083,0,0,0,1,0,1,1509,13
35,525008,500,77,156,500,1083,0,0,0,1,0,1,1506,14
36,540008,500,78,156,500,1083,0,0,0,1,0,1,1509,13
37,555008,500,78,153,500,1083,0,0,0,1,0,1,1520,14
38,570008,500,78,153,500,1083,0,0,0,1,0,1,1509,14
39,585008,500,78,153,500,1083,0,0,0,1,0,1,1508,14
40,600008,500,78,153,500,1083,0,0,0,1,0,1,1507,14
41,615008,500,77,153,500,1083,0,0,0,1,0,1,1509,13
42,630008,500,77,154,500,1083,0,0,0,1,0,1,1521,14
43,645008,500,77,154,500,1083,0,0,0,1,0,1,1510,13
44,660008,500,77,154,500,1080,0,0,0,1,0,1,1509,14
45,675008,500,77,154,500,1080,0,0,0,1,0,1,1507,13
46,690008,500,76,154,500,1080,0,0,0,1,0,1,1509,13
47,705008,500,76,153,500,1080,0,0,0,1,0,1,1520,14
48,720008,500,76,153,500,1080,0,0,0,1,0,1,1509,14
49,735008,500,76,153,500,1080,0,0,0,1,0,1,1508,14
50,750008,500,76,153,500,1080,0,0,0,1,0,1,1506,14
51,765008,500,80,153,500,1080,0,0,0,1,0,1,1509,13
52,780008,500,80,152,500,1080,0,0,0,1,0,1,1520,14
53,795008,500,80,152,500,1080,0,0,0,1,0,1,1509,14
54,810008,500,80,152,500,1080,0,0,0,1,0,1,1509,13
55,825008,500,80,152,500,1080,0,0,0,1,0,1,1507,13
56,840008,500,80,152,500,1080,0,0,0,1,0,1,1509,13
57,855008,500,80,155,500,1080,0,0,0,1,0,1,1520,14
58,870008,500,80,155,500,1080,0,0,0,1,0,1,1509,14
59,885008,500,80,155,500,1096,0,0,0,1,0,1,1509,13
60,900008,500,80,155,500,1096,0,0,0,1,0,1,1506,14
61,915008,500,83,155,500,1096,0,0,0,1,0,1,1509,14
62,930008,500,83,157,500,1096,0,0,0,1,0,1,1521,14
63,945008,500,83,157,500,1096,0,0,0,1,0,1,1509,14
64,960008,500,83,157,500,1096,0,0,0,1,0,1,1509,13
65,975008,500,83,157,500,1096,0,0,0,1,0,1,1507,13
66,990008,500,80,157,500,1096,0,0,0,1,0,1,1509,13
67,1005008,500,80,160,500,1096,0,0,0,1,0,1,1520,14
68,1020008,500,80,160,500,1096,0,0,0,1,0,1,1509,14
69,1035008,500,80,160,500,1096,0,0,0,1,0,1,1508,14
70,1050008,500,80,160,500,1096,0,0,0,1,0,1,1506,14
71,1065008,500,81,160,500,1096,0,0,0,1,0,1,1509,13
72,1080008,500,81,154,500,1096,0,0,0,1,0,1,1520,14
73,1095008,500,81,154,500,1096,0,0,0,1,0,1,1509,14
74,1110008,500,81,154,500,1096,0,0,0,1,0,1,1508,14
75,1125008,500,81,154,500,1096,0,0,0,1,0,1,1507,13
76,1140008,500,80,154,500,1096,0,0,0,1,0,1,1509,14
77,1155008,500,80,156,500,1096,0,0,0,1,0,1,1521,14
78,1170008,500,80,156,500,1096,0,0,0,1,0,1,1509,14
79,1185008,500,80,156,500,1096,0,0,0,1,0,1,1508,14
80,1200008,500,80,156,500,1096,0,0,0,1,0,1,1506,14
81,1215008,500,78,156,500,1096,0,0,0,1,0,1,1509,13
82,1230008,500,78,151,500,1096,0,0,0,1,0,1,1520,14
83,1245008,500,78,151,500,1096,0,0,0,1,0,1,1509,14
84,1260008,500,78,151,500,1096,0,0,0,1,0,1,1508,14
85,1275008,500,78,151,500,1096,0,0,0,1,0,1,1507,13
86,1290008,500,82,151,500,1096,0,0,0,1,0,1,1509,13
87,1305008,500,82,157,500,1096,0,0,0,1,0,1,1520,14
88,1320008,500,82,157,500,1096,0,0,0,1,0,1,1509,14
89,1335008,500,82,157,500,1096,0,0,0,1,0,1,1508,14
90,1350008,500,82,157,500,1096,0,0,0,1,0,1,1506,14
91,1365008,500,81,157,500,1096,0,0,0,1,0,1,1509,13
92,1380008,500,81,150,500,1096,0,0,0,1,0,1,1520,14
93,1395008,500,81,150,500,1096,0,0,0,1,0,1,1509,14
94,1410008,500,81,150,500,1096,0,0,0,1,0,1,1508,14
95,1425008,500,81,150,500,1096,0,0,0,1,0,1,1506,14
96,1440008,500,76,150,500,1096,0,0,0,1,0,1,1509,13
97,1455008,500,76,155,500,1096,0,0,0,1,0,1,1520,14
98,1470008,500,76,155,500,1096,0,0,0,1,0,1,1509,14
99,1485008,500,76,155,500,1096,0,0,0,1,0,1,1508,14
100,1500008,500,76,155,500,1096,0,0,0,1,0,1,1507,13
101,1515008,500,79,155,500,1096,0,0,0,1,0,1,1509,13
102,1530008,500,79,153,500,1096,0,0,0,1,0,1,1520,14
103,1545008,500,79,153,500,1096,0,0,0,1,0,1,1509,14
104,1560008,500,79,153,500,1096,0,0,0,1,0,1,1509,13
105,1575008,500,79,153,500,1096,0,0,0,1,0,1,1507,13
106,1590008,500,79,153,500,1096,0,0,0,1,0,1,1509,13
107,1605008,500,79,155,500,1096,0,0,0,1,0,1,1520,14
108,1620008,500,79,155,500,1096,0,0,0,1,0,1,1510,13
109,1635008,500,79,155,500,1096,0,0,0,1,0,1,1509,14
110,1650008,500,79,155,500,1096,0,0,0,1,0,1,1506,14
111,1665008,500,76,155,500,1096,0,0,0,1,0,1,1509,13
112,1680008,500,76,152,500,1096,0,0,0,1,0,1,1520,14
113,1695008,500,76,152,500,1096,0,0,0,1,0,1,1509,14
114,1710008,500,76,152,500,1070,0,0,0,1,0,1,1509,13
115,1725008,500,76,152,500,1070,0,0,0,1,0,1,1506,14
116,1740008,500,79,152,500,1070,0,0,0,1,0,1,1509,13
117,1755008,500,79,157,500,1070,0,0,0,1,0,1,1520,14
118,1770008,500,79,157,500,1070,0,0,0,1,0,1,1509,14
119,1785008,500,79,157,500,1070,0,0,0,1,0,1,1508,14
120,1800008,500,79,157,500,1070,0,0,0,1,0,1,1507,13
121,1815008,500,80,157,500,1070,0,0,0,1,0,1,1509,14
122,1830008,500,80,154,500,1070,0,0,0,1,0,1,1521,14
123,1845008,500,80,154,500,1070,0,0,0,1,0,1,1509,14
124,1860008,500,80,154,500,1070,0,0,0,1,0,1,1509,13
125,1875008,500,80,154,500,1070,0,0,0,1,0,1,1506,14
126,1890008,500,81,154,500,1070,0,0,0,1,0,1,1509,13
127,1905008,500,81,155,500,1070,0,0,0,1,0,1,1520,14
128,1920008,500,81,155,500,1070,0,0,0,1,0,1,1508,14
129,1935008,500,81,155,500,1092,0,0,0,1,0,1,1509,14
130,1950008,500,81,155,500,1092,0,0,0,1,0,1,1506,14
131,1965008,500,78,155,500,1092,0,0,0,1,0,1,1509,13
132,1980008,500,78,150,500,1092,0,0,0,1,0,1,1520,14
133,1995008,500,78,150,500,1092,0,0,0,1,0,1,1509,14
134,2010008,500,78,150,500,1114,0,0,0,1,0,1,1509,13
135,2025008,500,78,150,500,1114,0,0,0,1,0,1,1506,14
136,2040008,500,81,150,500,1114,0,0,0,1,0,1,1509,14
137,2055008,500,81,156,500,1114,0,0,0,1,0,1,1521,14
138,2070008,500,81,156,500,1114,0,0,0,1,0,1,1509,14
139,2085008,500,81,156,500,1101,0,0,0,1,0,1,1509,13
140,2100008,500,81,156,500,1101,0,0,0,1,0,1,1505,14
141,2115008,500,80,156,500,1101,0,0,0,1,0,1,1509,14
142,2130008,500,80,155,500,1101,0,0,0,1,0,1,1521,14
143,2145008,500,80,155,500,1101,0,0,0,1,0,1,1509,14
144,2160008,500,80,155,500,1102,0,0,0,1,0,1,1509,13
145,2175008,500,80,155,500,1102,0,0,0,1,0,1,1505,14
146,2190008,500,78,155,500,1102,0,0,0,1,0,1,1509,14
147,2205008,500,78,157,500,1102,0,0,0,1,0,1,1521,14
148,2220008,500,78,157,500,1102,0,0,0,1,0,1,1509,14
149,2235008,500,78,157,500,1102,0,0,0,1,0,1,1509,13
150,2250008,500,78,157,500,1102,0,0,0,1,0,1,1506,14
151,2265008,500,79,157,500,1102,0,0,0,1,0,1,1509,13
152,2280008,500,79,151,500,1102,0,0,0,1,0,1,1520,14
153,2295008,500,79,151,500,1102,0,0,0,1,0,1,1509,14
154,2310008,500,79,151,500,1094,0,0,0,1,0,1,1509,13
155,2325008,500,79,151,500,1094,0,0,0,1,0,1,1506,14
156,2340008,500,80,151,500,1094,0,0,0,1,0,1,1509,13
157,2355008,500,80,156,500,1094,0,0,0,1,0,1,1520,14
158,2370008,500,80,156,500,1094,0,0,0,1,0,1,1509,14
159,2385008,500,80,156,500,1094,0,0,0,1,0,1,1508,14
160,2400008,500,80,156,500,1094,0,0,0,1,0,1,1506,14
161,2415008,500,80,156,500,1094,0,0,0,1,0,1,1509,13
162,2430008,500,80,151,500,1094,0,0,0,1,0,1,1520,14
163,2445008,500,80,151,500,1094,0,0,0,1,0,1,1510,13
164,2460008,500,80,151,500,1094,0,0,0,1,0,1,1508,14
165,2475008,500,80,151,500,1094,0,0,0,1,0,1,1506,14
166,2490008,500,80,151,500,1094,0,0,0,1,0,1,1509,13
167,2505008,500,80,158,500,1094,0,0,0,1,0,1,1520,14
168,2520008,500,80,158,500,1094,0,0,0,1,0,1,1509,14
169,2535008,500,80,158,500,1094,0,0,0,1,0,1,1508,14
170,2550008,500,80,158,500,1094,0,0,0,1,0,1,1507,13
171,2565008,500,78,158,500,1094,0,0,0,1,0,1,1509,13
172,2580008,500,78,158,500,1094,0,0,0,1,0,1,1520,14
173,2595008,500,78,158,500,1094,0,0,0,1,0,1,1509,14
174,2610008,500,78,158,500,1074,0,0,0,1,0,1,1509,13
175,2625008,500,78,158,500,1074,0,0,0,1,0,1,1505,14
176,2640008,500,77,158,500,1074,0,0,0,1,0,1,1509,14
177,2655008,500,77,152,500,1074,0,0,0,1,0,1,1521,14
178,2670008,500,77,152,500,1074,0,0,0,1,0,1,1510,13
179,2685008,500,77,152,500,1074,0,0,0,1,0,1,1508,14
180,2700008,500,77,152,500,1074,0,0,0,1,0,1,1507,13
181,2715008,500,78,152,500,1074,0,0,0,1,0,1,1509,13
182,2730008,500,78,153,500,1074,0,0,0,1,0,1,1520,14
183,2745008,500,78,153,500,1074,0,0,0,1,0,1,1509,14
184,2760008,500,78,153,500,1074,0,0,0,1,0,1,1508,14
185,2775008,500,78,153,500,1074,0,0,0,1,0,1,1506,14
186,2790008,500,79,153,500,1074,0,0,0,1,0,1,1509,13
187,2805008,500,79,156,500,1074,0,0,0,1,0,1,1520,14
188,2820008,500,79,156,500,1074,0,0,0,1,0,1,1509,14
189,2835008,500,79,156,500,1086,0,0,0,1,0,1,1509,13
190,2850008,500,79,156,500,1086,0,0,0,1,0,1,1506,13
191,2865008,500,80,156,500,1086,0,0,0,1,0,1,1509,14
192,2880008,500,80,154,500,1086,0,0,0,1,0,1,1521,14
193,2895008,500,80,154,500,1086,0,0,0,1,0,1,1510,13
194,2910008,500,80,154,500,1086,0,0,0,1,0,1,1509,14
195,2925008,500,80,154,500,1086,0,0,0,1,0,1,1506,14
196,2940008,500,81,154,500,1086,0,0,0,1,0,1,1509,13
197,2955008,500,81,156,500,1086,0,0,0,1,0,1,1520,14
198,2970008,500,81,156,500,1086,0,0,0,1,0,1,1509,14
199,2985008,500,81,156,500,1086,0,0,0,1,0,1,1509,13

tof_service avg_us=1510 max_us=1521
wall_check avg_us=13 max_us=14
DONE
