Time(us),Position(counts),Speed(rad/s)
2,-210336,0.0000
5002,-210336,0.0000
10004,-210336,0.0000
15007,-210336,0.0000
20008,-210337,1.0431
25010,-210338,1.0429
30010,-210338,0.0000
35010,-210338,0.0000
40011,-210338,0.0000
45013,-210338,0.0000
50015,-210339,1.0429
55016,-210339,0.0000
60018,-210339,0.0000
65019,-210339,0.0000
70021,-210339,0.0000
75023,-210339,0.0000
80024,-210339,0.0000
85026,-210339,0.0000
90027,-210339,0.0000
95029,-210339,0.0000
100031,-210339,0.0000
105032,-210339,0.0000
110034,-210339,0.0000
115035,-210339,0.0000
120037,-210339,0.0000
125038,-210339,0.0000
130040,-210339,0.0000
135042,-210339,0.0000
140043,-210339,0.0000
145045,-210339,0.0000
150047,-210339,0.0000
155048,-210339,0.0000
160050,-210339,0.0000
165051,-210339,0.0000
170053,-210339,0.0000
175054,-210339,0.0000
180056,-210339,0.0000
185058,-210339,0.0000
190059,-210339,0.0000
195061,-210339,0.0000
200062,-210339,0.0000
205064,-210339,0.0000
210066,-210339,0.0000
215067,-210339,0.0000
220069,-210339,0.0000
225070,-210339,0.0000
230072,-210339,0.0000
235074,-210339,0.0000
240075,-210339,0.0000
245077,-210339,0.0000
250078,-210339,0.0000
255080,-210339,0.0000
260082,-210339,0.0000
265083,-210339,0.0000
270085,-210339,0.0000
275086,-210339,0.0000
280088,-210339,0.0000
285090,-210339,0.0000
290091,-210339,0.0000
295093,-210339,0.0000
300094,-210339,0.0000
305096,-210339,0.0000
310098,-210339,0.0000
315099,-210339,0.0000
320101,-210339,0.0000
325102,-210339,0.0000
330104,-210339,0.0000
335105,-210339,0.0000
340107,-210339,0.0000
345109,-210339,0.0000
350110,-210339,0.0000
355112,-210339,0.0000
360114,-210339,0.0000
365115,-210339,0.0000
370117,-210339,0.0000
375118,-210339,0.0000
380120,-210339,0.0000
385121,-210339,0.0000
390123,-210339,0.0000
395125,-210339,0.0000
400126,-210339,0.0000
405128,-210339,0.0000
410129,-210339,0.0000
415131,-210339,0.0000
420133,-210339,0.0000
425134,-210339,0.0000
430136,-210339,0.0000
435137,-210339,0.0000
440139,-210339,0.0000
445141,-210339,0.0000
450142,-210339,0.0000
455144,-210339,0.0000
460145,-210339,0.0000
465147,-210339,0.0000
470149,-210339,0.0000
475150,-210339,0.0000
480152,-210339,0.0000
485153,-210339,0.0000
490155,-210339,0.0000
495157,-210339,0.0000
500158,-210339,0.0000
505160,-210339,0.0000
510161,-210339,0.0000
515163,-210339,0.0000
520165,-210339,0.0000
525166,-210339,0.0000
530168,-210339,0.0000
535169,-210339,0.0000
540171,-210339,0.0000
545172,-210339,0.0000
550174,-210339,0.0000
555176,-210339,0.0000
560177,-210339,0.0000
565179,-210339,0.0000
570181,-210339,0.0000
575182,-210339,0.0000
580184,-210339,0.0000
585185,-210339,0.0000
590187,-210339,0.0000
595188,-210339,0.0000
600190,-210339,0.0000
605192,-210339,0.0000
610193,-210339,0.0000
615195,-210339,0.0000
620196,-210339,0.0000
625198,-210339,0.0000
630200,-210339,0.0000
635201,-210339,0.0000
640203,-210339,0.0000
645204,-210339,0.0000
650206,-210339,0.0000
655208,-210339,0.0000
660209,-210339,0.0000
665211,-210339,0.0000
670212,-210339,0.0000
675214,-210339,0.0000
680216,-210339,0.0000
685217,-210339,0.0000
690219,-210339,0.0000
695220,-210339,0.0000
700222,-210339,0.0000
705224,-210339,0.0000
710225,-210339,0.0000
715227,-210339,0.0000
720228,-210339,0.0000
725230,-210339,0.0000
730232,-210339,0.0000
735233,-210339,0.0000
740235,-210339,0.0000
745236,-210339,0.0000
750238,-210339,0.0000
755239,-210339,0.0000
760241,-210339,0.0000
765243,-210339,0.0000
770244,-210339,0.0000
775246,-210339,0.0000
780248,-210339,0.0000
785249,-210339,0.0000
790251,-210339,0.0000
795252,-210339,0.0000
800254,-210339,0.0000
805255,-210339,0.0000
810257,-210339,0.0000
815259,-210339,0.0000
820260,-210339,0.0000
825262,-210339,0.0000
830263,-210339,0.0000
835265,-210339,0.0000
840267,-210339,0.0000
845268,-210339,0.0000
850270,-210339,0.0000
855271,-210339,0.0000
860273,-210339,0.0000
865275,-210339,0.0000
870276,-210339,0.0000
875278,-210339,0.0000
880279,-210339,0.0000
885281,-210339,0.0000
890283,-210339,0.0000
895284,-210339,0.0000
900286,-210339,0.0000
905287,-210339,0.0000
910289,-210339,0.0000
915291,-210339,0.0000
920292,-210339,0.0000
925294,-210339,0.0000
930295,-210339,0.0000
935297,-210339,0.0000
940299,-210339,0.0000
945300,-210339,0.0000
950302,-210339,0.0000
955303,-210339,0.0000
960305,-210339,0.0000
965306,-210339,0.0000
970308,-210339,0.0000
975310,-210339,0.0000
980311,-210339,0.0000
985313,-210339,0.0000
990315,-210339,0.0000
995316,-210339,0.0000
1000318,-210339,0.0000
1005319,-210339,0.0000
1010321,-210339,0.0000
1015322,-210339,0.0000
1020324,-210339,0.0000
1025326,-210339,0.0000
1030327,-210339,0.0000
1035329,-210339,0.0000
1040330,-210339,0.0000
1045332,-210339,0.0000
1050334,-210339,0.0000
1055335,-210339,0.0000
1060337,-210339,0.0000
1065338,-210339,0.0000
1070340,-210339,0.0000
1075342,-210339,0.0000
1080343,-210339,0.0000
1085345,-210339,0.0000
1090346,-210339,0.0000
1095348,-210339,0.0000
1100350,-210339,0.0000
1105351,-210339,0.0000
1110353,-210339,0.0000
1115354,-210339,0.0000
1120356,-210339,0.0000
1125358,-210339,0.0000
1130359,-210339,0.0000
1135361,-210339,0.0000
1140362,-210339,0.0000
1145364,-210339,0.0000
1150366,-210339,0.0000
1155367,-210339,0.0000
1160369,-210339,0.0000
1165370,-210339,0.0000
1170372,-210339,0.0000
1175373,-210339,0.0000
1180375,-210339,0.0000
1185377,-210339,0.0000
1190378,-210339,0.0000
1195380,-210339,0.0000
1200382,-210339,0.0000
1205383,-210339,0.0000
1210385,-210339,0.0000
1215386,-210339,0.0000
1220388,-210339,0.0000
1225389,-210339,0.0000
1230391,-210339,0.0000
1235393,-210339,0.0000
1240394,-210339,0.0000
1245396,-210339,0.0000
1250397,-210339,0.0000
1255399,-210339,0.0000
1260401,-210339,0.0000
1265402,-210339,0.0000
1270404,-210339,0.0000
1275405,-210339,0.0000
1280407,-210339,0.0000
1285409,-210339,0.0000
1290410,-210339,0.0000
1295412,-210339,0.0000
1300413,-210339,0.0000
1305415,-210339,0.0000
1310417,-210339,0.0000
1315418,-210339,0.0000
1320420,-210339,0.0000
1325421,-210339,0.0000
1330423,-210339,0.0000
1335425,-210339,0.0000
1340426,-210339,0.0000
1345428,-210339,0.0000
1350429,-210339,0.0000
1355431,-210339,0.0000
1360433,-210339,0.0000
1365434,-210339,0.0000
1370436,-210339,0.0000
1375437,-210339,0.0000
1380439,-210339,0.0000
1385440,-210339,0.0000
1390442,-210339,0.0000
1395444,-210339,0.0000
1400445,-210339,0.0000
1405447,-210339,0.0000
1410449,-210339,0.0000
1415450,-210339,0.0000
1420452,-210339,0.0000
1425453,-210339,0.0000
1430455,-210339,0.0000
1435456,-210339,0.0000
1440458,-210339,0.0000
1445460,-210339,0.0000
1450461,-210339,0.0000
1455463,-210339,0.0000
1460464,-210339,0.0000
1465466,-210339,0.0000
1470468,-210339,0.0000
1475469,-210339,0.0000
1480471,-210339,0.0000
1485472,-210339,0.0000
1490474,-210339,0.0000
1495476,-210339,0.0000
1500477,-210339,0.0000
1505479,-210339,0.0000
1510480,-210339,0.0000
1515482,-210339,0.0000
1520484,-210339,0.0000
1525485,-210339,0.0000
1530487,-210339,0.0000
1535488,-210339,0.0000
1540490,-210339,0.0000
1545492,-210339,0.0000
1550493,-210339,0.0000
1555495,-210339,0.0000
1560496,-210339,0.0000
1565498,-210339,0.0000
1570500,-210339,0.0000
1575501,-210339,0.0000
1580503,-210339,0.0000
1585504,-210339,0.0000
1590506,-210339,0.0000
1595507,-210339,0.0000
1600509,-210339,0.0000
1605511,-210339,0.0000
1610512,-210339,0.0000
1615514,-210339,0.0000
1620516,-210339,0.0000
1625517,-210339,0.0000
1630519,-210339,0.0000
1635520,-210339,0.0000
1640522,-210339,0.0000
1645523,-210339,0.0000
1650525,-210339,0.0000
1655527,-210339,0.0000
1660528,-210339,0.0000
1665530,-210339,0.0000
1670531,-210339,0.0000
1675533,-210339,0.0000
1680535,-210339,0.0000
1685536,-210339,0.0000
1690538,-210339,0.0000
1695539,-210339,0.0000
1700541,-210339,0.0000
1705543,-210339,0.0000
1710544,-210339,0.0000
1715546,-210339,0.0000
1720547,-210339,0.0000
1725549,-210339,0.0000
1730551,-210339,0.0000
1735552,-210339,0.0000
1740554,-210339,0.0000
1745555,-210339,0.0000
1750557,-210339,0.0000
1755559,-210339,0.0000
1760560,-210339,0.0000
1765562,-210339,0.0000
1770563,-210339,0.0000
1775565,-210339,0.0000
1780567,-210339,0.0000
1785568,-210339,0.0000
1790570,-210339,0.0000
1795571,-210339,0.0000
1800573,-210339,0.0000
1805574,-210339,0.0000
1810576,-210339,0.0000
1815578,-210339,0.0000
1820579,-210339,0.0000
1825581,-210339,0.0000
1830583,-210339,0.0000
1835584,-210339,0.0000
1840586,-210339,0.0000
1845587,-210339,0.0000
1850589,-210339,0.0000
1855590,-210339,0.0000
1860592,-210339,0.0000
1865594,-210339,0.0000
1870595,-210339,0.0000
1875597,-210339,0.0000
1880598,-210339,0.0000
1885600,-210339,0.0000
1890602,-210339,0.0000
1895603,-210339,0.0000
1900605,-210339,0.0000
1905606,-210339,0.0000
1910608,-210339,0.0000
1915610,-210339,0.0000
1920611,-210339,0.0000
1925613,-210339,0.0000
1930614,-210339,0.0000
1935616,-210339,0.0000
1940618,-210339,0.0000
1945619,-210339,0.0000
1950621,-210339,0.0000
1955622,-210339,0.0000
1960624,-210339,0.0000
1965626,-210339,0.0000
1970627,-210339,0.0000
1975629,-210339,0.0000
1980630,-210339,0.0000
1985632,-210339,0.0000
1990634,-210339,0.0000
1995635,-210339,0.0000
2000637,-210339,0.0000
2005638,-210339,0.0000
2010640,-210339,0.0000
2015641,-210339,0.0000
2020643,-210339,0.0000
2025645,-210339,0.0000
2030646,-210339,0.0000
2035648,-210339,0.0000
2040650,-210339,0.0000
2045651,-210339,0.0000
2050653,-210339,0.0000
2055654,-210339,0.0000
2060656,-210339,0.0000
2065657,-210339,0.0000
2070659,-210339,0.0000
2075661,-210339,0.0000
2080662,-210339,0.0000
2085664,-210339,0.0000
2090665,-210339,0.0000
2095667,-210339,0.0000
2100669,-210339,0.0000
2105670,-210339,0.0000
2110672,-210339,0.0000
2115673,-210339,0.0000
2120675,-210339,0.0000
2125677,-210339,0.0000
2130678,-210339,0.0000
2135680,-210339,0.0000
2140681,-210339,0.0000
2145683,-210339,0.0000
2150685,-210339,0.0000
2155686,-210339,0.0000
2160688,-210339,0.0000
2165689,-210339,0.0000
2170691,-210339,0.0000
2175693,-210339,0.0000
2180694,-210339,0.0000
2185696,-210339,0.0000
2190697,-210339,0.0000
2195699,-210339,0.0000
2200701,-210339,0.0000
2205702,-210339,0.0000
2210704,-210339,0.0000
2215705,-210339,0.0000
2220707,-210339,0.0000
2225708,-210339,0.0000
2230710,-210339,0.0000
2235712,-210339,0.0000
2240713,-210339,0.0000
2245715,-210339,0.0000
2250717,-210339,0.0000
2255718,-210339,0.0000
2260720,-210339,0.0000
2265721,-210339,0.0000
2270723,-210339,0.0000
2275724,-210339,0.0000
2280726,-210339,0.0000
2285728,-210339,0.0000
2290729,-210339,0.0000
2295731,-210339,0.0000
2300732,-210339,0.0000
2305734,-210339,0.0000
2310736,-210339,0.0000
2315737,-210339,0.0000
2320739,-210339,0.0000
2325740,-210339,0.0000
2330742,-210339,0.0000
2335744,-210339,0.0000
2340745,-210339,0.0000
2345747,-210339,0.0000
2350748,-210339,0.0000
2355750,-210339,0.0000
2360752,-210339,0.0000
2365753,-210339,0.0000
2370755,-210339,0.0000
2375756,-210339,0.0000
2380758,-210339,0.0000
2385760,-210339,0.0000
2390761,-210339,0.0000
2395763,-210339,0.0000
2400764,-210339,0.0000
2405766,-210339,0.0000
2410768,-210339,0.0000
2415769,-210339,0.0000
2420771,-210339,0.0000
2425772,-210339,0.0000
2430774,-210339,0.0000
2435775,-210339,0.0000
2440777,-210339,0.0000
2445779,-210339,0.0000
2450780,-210339,0.0000
2455782,-210339,0.0000
2460784,-210339,0.0000
2465785,-210339,0.0000
2470787,-210339,0.0000
2475788,-210339,0.0000
2480790,-210339,0.0000
2485791,-210339,0.0000
2490793,-210339,0.0000
2495795,-210339,0.0000
2500796,-210339,0.0000
2505798,-210339,0.0000
2510799,-210339,0.0000
2515801,-210339,0.0000
2520803,-210339,0.0000
2525804,-210339,0.0000
2530806,-210339,0.0000
2535807,-210339,0.0000
2540809,-210339,0.0000
2545811,-210339,0.0000
2550812,-210339,0.0000
2555814,-210339,0.0000
2560815,-210339,0.0000
2565817,-210339,0.0000
2570819,-210339,0.0000
2575820,-210339,0.0000
2580822,-210339,0.0000
2585823,-210339,0.0000
2590825,-210339,0.0000
2595827,-210339,0.0000
2600828,-210339,0.0000
2605830,-210339,0.0000
2610831,-210339,0.0000
2615833,-210339,0.0000
2620835,-210339,0.0000
2625836,-210339,0.0000
2630838,-210339,0.0000
2635839,-210339,0.0000
2640841,-210339,0.0000
2645842,-210339,0.0000
2650844,-210339,0.0000
2655846,-210339,0.0000
2660847,-210339,0.0000
2665849,-210339,0.0000
2670851,-210339,0.0000
2675852,-210339,0.0000
2680854,-210339,0.0000
2685855,-210339,0.0000
2690857,-210339,0.0000
2695858,-210339,0.0000
2700860,-210339,0.0000
2705862,-210339,0.0000
2710863,-210339,0.0000
2715865,-210339,0.0000
2720866,-210339,0.0000
2725868,-210339,0.0000
2730870,-210339,0.0000
2735871,-210339,0.0000
2740873,-210339,0.0000
2745874,-210339,0.0000
2750876,-210339,0.0000
2755878,-210339,0.0000
2760879,-210339,0.0000
2765881,-210339,0.0000
2770882,-210339,0.0000
2775884,-210339,0.0000
2780886,-210339,0.0000
2785887,-210339,0.0000
2790889,-210339,0.0000
2795890,-210339,0.0000
2800892,-210339,0.0000
2805894,-210339,0.0000
2810895,-210339,0.0000
2815897,-210339,0.0000
2820898,-210339,0.0000
2825900,-210339,0.0000
2830902,-210339,0.0000
2835903,-210339,0.0000
2840905,-210339,0.0000
2845906,-210339,0.0000
2850908,-210339,0.0000
2855909,-210339,0.0000
2860911,-210339,0.0000
2865913,-210339,0.0000
2870914,-210339,0.0000
2875916,-210339,0.0000
2880918,-210339,0.0000
2885919,-210339,0.0000
2890921,-210339,0.0000
2895922,-210339,0.0000
2900924,-210339,0.0000
2905925,-210339,0.0000
2910927,-210339,0.0000
2915929,-210339,0.0000
2920930,-210339,0.0000
2925932,-210339,0.0000
2930933,-210339,0.0000
2935935,-210339,0.0000
2940937,-210339,0.0000
2945938,-210339,0.0000
2950940,-210339,0.0000
2955941,-210339,0.0000
2960943,-210339,0.0000
2965945,-210339,0.0000
2970946,-210339,0.0000
2975948,-210339,0.0000
2980949,-210339,0.0000
2985951,-210339,0.0000
2990953,-210339,0.0000
2995954,-210339,0.0000
3000956,-210339,0.0000
3005957,-210339,0.0000
3010959,-210339,0.0000
3015961,-210339,0.0000
3020962,-210339,0.0000
3025964,-210339,0.0000
3030966,-210339,0.0000
3035967,-210339,0.0000
3040969,-210339,0.0000
3045970,-210339,0.0000
3050972,-210339,0.0000
3055974,-210339,0.0000
3060975,-210339,0.0000
3065976,-210339,0.0000
3070978,-210339,0.0000
3075980,-210339,0.0000
3080981,-210339,0.0000
3085981,-210339,0.0000
3090983,-210339,0.0000
3095985,-210339,0.0000
3100985,-210339,0.0000
3105985,-210339,0.0000
3110985,-210339,0.0000
3115985,-210339,0.0000
3120985,-210339,0.0000
3125985,-210339,0.0000
3130985,-210339,0.0000
3135985,-210339,0.0000
3140985,-210339,0.0000
3145985,-210339,0.0000
3150985,-210339,0.0000
3155985,-210339,0.0000
3160985,-210339,0.0000
3165985,-210339,0.0000
3170985,-210339,0.0000
3175985,-210339,0.0000
3180985,-210339,0.0000
3185985,-210339,0.0000
3190985,-210339,0.0000
3195985,-210339,0.0000
3200985,-210339,0.0000
3205985,-210339,0.0000
3210985,-210339,0.0000
3215985,-210339,0.0000
3220985,-210339,0.0000
3225985,-210339,0.0000
3230985,-210339,0.0000
3235985,-210339,0.0000
3240985,-210339,0.0000
3245985,-210339,0.0000
3250985,-210339,0.0000
3255985,-210339,0.0000
3260985,-210339,0.0000
3265985,-210339,0.0000
3270985,-210339,0.0000
3275985,-210339,0.0000
3280985,-210339,0.0000
3285985,-210339,0.0000
3290985,-210339,0.0000
3295985,-210339,0.0000
3300985,-210339,0.0000
3305985,-210339,0.0000
3310985,-210339,0.0000
3315985,-210339,0.0000
3320985,-210339,0.0000
3325985,-210339,0.0000
3330985,-210339,0.0000
3335985,-210339,0.0000
3340985,-210339,0.0000
3345985,-210339,0.0000
3350985,-210339,0.0000
3355985,-210339,0.0000
3360985,-210339,0.0000
3365985,-210339,0.0000
3370985,-210339,0.0000
3375985,-210339,0.0000
3380985,-210339,0.0000
3385985,-210339,0.0000
3390985,-210339,0.0000
3395985,-210339,0.0000
3400985,-210339,0.0000
3405985,-210339,0.0000
3410985,-210339,0.0000
3415985,-210339,0.0000
3420985,-210339,0.0000
3425985,-210339,0.0000
3430985,-210339,0.0000
3435985,-210339,0.0000
3440985,-210339,0.0000
3445985,-210339,0.0000
3450985,-210339,0.0000
3455985,-210339,0.0000
3460985,-210339,0.0000
3465985,-210339,0.0000
3470985,-210339,0.0000
3475985,-210339,0.0000
3480985,-210339,0.0000
3485985,-210339,0.0000
3490985,-210339,0.0000
3495985,-210339,0.0000
3500985,-210339,0.0000
3505985,-210339,0.0000
3510985,-210339,0.0000
3515985,-210339,0.0000
3520985,-210339,0.0000
3525985,-210339,0.0000
3530985,-210339,0.0000
3535985,-210339,0.0000
3540985,-210339,0.0000
3545985,-210339,0.0000
3550985,-210339,0.0000
3555985,-210339,0.0000
3560985,-210339,0.0000
3565985,-210339,0.0000
3570985,-210339,0.0000
3575985,-210339,0.0000
3580985,-210339,0.0000
3585985,-210339,0.0000
3590985,-210339,0.0000
3595985,-210339,0.0000
3600985,-210339,0.0000
3605985,-210339,0.0000
3610985,-210339,0.0000
3615985,-210339,0.0000
3620985,-210339,0.0000
3625985,-210339,0.0000
3630985,-210339,0.0000
3635985,-210339,0.0000
3640985,-210339,0.0000
3645985,-210339,0.0000
3650985,-210339,0.0000
3655985,-210339,0.0000
3660985,-210339,0.0000
3665985,-210339,0.0000
3670985,-210339,0.0000
3675985,-210339,0.0000
3680985,-210339,0.0000
3685985,-210339,0.0000
3690985,-210339,0.0000
3695985,-210339,0.0000
3700985,-210339,0.0000
3705985,-210339,0.0000
3710985,-210339,0.0000
3715985,-210339,0.0000
3720985,-210339,0.0000
3725985,-210339,0.0000
3730985,-210339,0.0000
3735985,-210339,0.0000
3740985,-210339,0.0000
3745985,-210339,0.0000
3750985,-210339,0.0000
3755985,-210339,0.0000
3760985,-210339,0.0000
3765985,-210339,0.0000
3770985,-210339,0.0000
3775985,-210339,0.0000
3780985,-210339,0.0000
3785985,-210339,0.0000
3790985,-210339,0.0000
3795985,-210339,0.0000
3800985,-210339,0.0000
3805985,-210339,0.0000
3810985,-210339,0.0000
3815985,-210339,0.0000
3820985,-210339,0.0000
3825985,-210339,0.0000
3830985,-210339,0.0000
3835985,-210339,0.0000
3840985,-210339,0.0000
3845985,-210339,0.0000
3850985,-210339,0.0000
3855985,-210339,0.0000
3860985,-210339,0.0000
3865985,-210339,0.0000
3870985,-210339,0.0000
3875985,-210339,0.0000
3880985,-210339,0.0000
3885985,-210339,0.0000
3890985,-210339,0.0000
3895985,-210339,0.0000
3900985,-210339,0.0000
3905985,-210339,0.0000
3910985,-210339,0.0000
3915985,-210339,0.0000
3920985,-210339,0.0000
3925985,-210339,0.0000
3930985,-210339,0.0000
3935985,-210339,0.0000
3940985,-210339,0.0000
3945985,-210339,0.0000
3950985,-210339,0.0000
3955985,-210339,0.0000
3960985,-210339,0.0000
3965985,-210339,0.0000
3970985,-210339,0.0000
3975985,-210339,0.0000
3980985,-210339,0.0000
3985985,-210339,0.0000
3990985,-210339,0.0000
3995985,-210339,0.0000
4000985,-210339,0.0000
4005985,-210339,0.0000
4010985,-210339,0.0000
4015985,-210339,0.0000
4020985,-210339,0.0000
4025985,-210339,0.0000
4030985,-210339,0.0000
4035985,-210339,0.0000
4040985,-210339,0.0000
4045985,-210339,0.0000
4050985,-210339,0.0000
4055985,-210339,0.0000
4060985,-210339,0.0000
4065985,-210339,0.0000
4070985,-210339,0.0000
4075985,-210339,0.0000
4080985,-210339,0.0000
4085985,-210339,0.0000
4090985,-210339,0.0000
4095985,-210339,0.0000
4100985,-210339,0.0000
4105985,-210339,0.0000
4110985,-210339,0.0000
4115985,-210339,0.0000
4120985,-210339,0.0000
4125985,-210339,0.0000
4130985,-210339,0.0000
4135985,-210339,0.0000
4140985,-210339,0.0000
4145985,-210339,0.0000
4150985,-210339,0.0000
4155985,-210339,0.0000
4160985,-210339,0.0000
4165985,-210339,0.0000
4170985,-210339,0.0000
4175985,-210339,0.0000
4180985,-210339,0.0000
4185985,-210339,0.0000
4190985,-210339,0.0000
4195985,-210339,0.0000
4200985,-210339,0.0000
4205985,-210339,0.0000
4210985,-210339,0.0000
4215985,-210339,0.0000
4220985,-210339,0.0000
4225985,-210339,0.0000
4230985,-210339,0.0000
4235985,-210339,0.0000
4240985,-210339,0.0000
4245985,-210339,0.0000
4250985,-210339,0.0000
4255985,-210339,0.0000
4260985,-210339,0.0000
4265985,-210339,0.0000
4270985,-210339,0.0000
4275985,-210339,0.0000
4280985,-210339,0.0000
4285985,-210339,0.0000
4290985,-210339,0.0000
4295985,-210339,0.0000
4300985,-210339,0.0000
4305985,-210339,0.0000
4310985,-210339,0.0000
4315985,-210339,0.0000
4320985,-210339,0.0000
4325985,-210339,0.0000
4330985,-210339,0.0000
4335985,-210339,0.0000
4340985,-210339,0.0000
4345985,-210339,0.0000
4350985,-210339,0.0000
4355985,-210339,0.0000
4360985,-210339,0.0000
4365985,-210339,0.0000
4370985,-210339,0.0000
4375985,-210339,0.0000
4380985,-210339,0.0000
4385985,-210339,0.0000
4390985,-210339,0.0000
4395985,-210339,0.0000
4400985,-210339,0.0000
4405985,-210339,0.0000
4410985,-210339,0.0000
4415985,-210339,0.0000
4420985,-210339,0.0000
4425985,-210339,0.0000
4430985,-210339,0.0000
4435985,-210339,0.0000
4440985,-210339,0.0000
4445985,-210339,0.0000
4450985,-210339,0.0000
4455985,-210339,0.0000
4460985,-210339,0.0000
4465985,-210339,0.0000
4470985,-210339,0.0000
4475985,-210339,0.0000
4480985,-210339,0.0000
4485985,-210339,0.0000
4490985,-210339,0.0000
4495985,-210339,0.0000
4500985,-210339,0.0000
4505985,-210339,0.0000
4510985,-210339,0.0000
4515985,-210339,0.0000
4520985,-210339,0.0000
4525985,-210339,0.0000
4530985,-210339,0.0000
4535985,-210339,0.0000
4540985,-210339,0.0000
4545985,-210339,0.0000
4550985,-210339,0.0000
4555985,-210339,0.0000
4560985,-210339,0.0000
4565985,-210339,0.0000
4570985,-210339,0.0000
4575985,-210339,0.0000
4580985,-210339,0.0000
4585985,-210339,0.0000
4590985,-210339,0.0000
4595985,-210339,0.0000
4600985,-210339,0.0000
4605985,-210339,0.0000
4610985,-210339,0.0000
4615985,-210339,0.0000
4620985,-210339,0.0000
4625985,-210339,0.0000
4630985,-210339,0.0000
4635985,-210339,0.0000
4640985,-210339,0.0000
4645985,-210339,0.0000
4650985,-210339,0.0000
4655985,-210339,0.0000
4660985,-210339,0.0000
4665985,-210339,0.0000
4670985,-210339,0.0000
4675985,-210339,0.0000
4680985,-210339,0.0000
4685985,-210339,0.0000
4690985,-210339,0.0000
4695985,-210339,0.0000
4700985,-210339,0.0000
4705985,-210339,0.0000
4710985,-210339,0.0000
4715985,-210339,0.0000
4720985,-210339,0.0000
4725985,-210339,0.0000
4730985,-210339,0.0000
4735985,-210339,0.0000
4740985,-210339,0.0000
4745985,-210339,0.0000
4750985,-210339,0.0000
4755985,-210339,0.0000
4760985,-210339,0.0000
4765985,-210339,0.0000
4770985,-210339,0.0000
4775985,-210339,0.0000
4780985,-210339,0.0000
4785985,-210339,0.0000
4790985,-210339,0.0000
4795985,-210339,0.0000
4800985,-210339,0.0000
4805985,-210339,0.0000
4810985,-210339,0.0000
4815985,-210339,0.0000
4820985,-210339,0.0000
4825985,-210339,0.0000
4830985,-210339,0.0000
4835985,-210339,0.0000
4840985,-210339,0.0000
4845985,-210339,0.0000
4850985,-210339,0.0000
4855985,-210339,0.0000
4860985,-210339,0.0000
4865985,-210339,0.0000
4870985,-210339,0.0000
4875985,-210339,0.0000
4880985,-210339,0.0000
4885985,-210339,0.0000
4890985,-210339,0.0000
4895985,-210339,0.0000
4900985,-210339,0.0000
4905985,-210339,0.0000
4910985,-210339,0.0000
4915985,-210339,0.0000
4920985,-210339,0.0000
4925985,-210339,0.0000
4930985,-210339,0.0000
4935985,-210339,0.0000
4940985,-210339,0.0000
4945985,-210339,0.0000
4950985,-210339,0.0000
4955985,-210339,0.0000
4960985,-210339,0.0000
4965985,-210339,0.0000
4970985,-210339,0.0000
4975985,-210339,0.0000
4980985,-210339,0.0000
4985985,-210339,0.0000
4990985,-210339,0.0000
4995985,-210339,0.0000
5000985,-210339,0.0000
5005985,-210339,0.0000
5010985,-210339,0.0000
5015985,-210339,0.0000
5020985,-210339,0.0000
5025985,-210339,0.0000
5030985,-210339,0.0000
5035985,-210339,0.0000
5040985,-210339,0.0000
5045985,-210339,0.0000
5050985,-210339,0.0000
5055985,-210339,0.0000
5060985,-210339,0.0000
5065985,-210339,0.0000
5070985,-210339,0.0000
5075985,-210339,0.0000
5080985,-210339,0.0000
5085985,-210339,0.0000
5090985,-210339,0.0000
5095985,-210339,0.0000
5100985,-210339,0.0000
5105985,-210339,0.0000
5110985,-210339,0.0000
5115985,-210339,0.0000
5120985,-210339,0.0000
5125985,-210339,0.0000
5130985,-210339,0.0000
5135985,-210339,0.0000
5140985,-210339,0.0000
5145985,-210339,0.0000
5150985,-210339,0.0000
5155985,-210339,0.0000
5160985,-210339,0.0000
5165985,-210339,0.0000
5170985,-210339,0.0000
5175985,-210339,0.0000
5180985,-210339,0.0000
5185985,-210339,0.0000
5190985,-210339,0.0000
5195985,-210339,0.0000
5200985,-210339,0.0000
5205985,-210339,0.0000
5210985,-210339,0.0000
5215985,-210339,0.0000
5220985,-210339,0.0000
5225985,-210339,0.0000
5230985,-210339,0.0000
5235985,-210339,0.0000
5240985,-210339,0.0000
5245985,-210339,0.0000
5250985,-210339,0.0000
5255985,-210339,0.0000
5260985,-210339,0.0000
5265985,-210339,0.0000
5270985,-210339,0.0000
5275985,-210339,0.0000
5280985,-210339,0.0000
5285985,-210339,0.0000
5290985,-210339,0.0000
5295985,-210339,0.0000
5300985,-210339,0.0000
5305985,-210339,0.0000
5310985,-210339,0.0000
5315985,-210339,0.0000
5320985,-210339,0.0000
5325985,-210339,0.0000
5330985,-210339,0.0000
5335985,-210339,0.0000
5340985,-210339,0.0000
5345985,-210339,0.0000
5350985,-210339,0.0000
5355985,-210339,0.0000
5360985,-210339,0.0000
5365985,-210339,0.0000
5370985,-210339,0.0000
5375985,-210339,0.0000
5380985,-210339,0.0000
5385985,-210339,0.0000
5390985,-210339,0.0000
5395985,-210339,0.0000
5400985,-210339,0.0000
5405985,-210339,0.0000
5410985,-210339,0.0000
5415985,-210339,0.0000
5420985,-210339,0.0000
5425985,-210339,0.0000
5430985,-210339,0.0000
5435985,-210339,0.0000
5440985,-210339,0.0000
5445985,-210339,0.0000
5450985,-210339,0.0000
5455985,-210339,0.0000
5460985,-210339,0.0000
5465985,-210339,0.0000
5470985,-210339,0.0000
5475985,-210339,0.0000
5480985,-210339,0.0000
5485985,-210339,0.0000
5490985,-210339,0.0000
5495985,-210339,0.0000
5500985,-210339,0.0000
5505985,-210339,0.0000
5510985,-210339,0.0000
5515985,-210339,0.0000
5520985,-210339,0.0000
5525985,-210339,0.0000
5530985,-210339,0.0000
5535985,-210339,0.0000
5540985,-210339,0.0000
5545985,-210339,0.0000
5550985,-210339,0.0000
5555985,-210339,0.0000
5560985,-210339,0.0000
5565985,-210339,0.0000
5570985,-210339,0.0000
5575985,-210339,0.0000
5580985,-210339,0.0000
5585985,-210339,0.0000
5590985,-210339,0.0000
5595985,-210339,0.0000
5600985,-210339,0.0000
5605985,-210339,0.0000
5610985,-210339,0.0000
5615985,-210339,0.0000
5620985,-210339,0.0000
5625985,-210339,0.0000
5630985,-210339,0.0000
5635985,-210339,0.0000
5640985,-210339,0.0000
5645985,-210339,0.0000
5650985,-210339,0.0000
5655985,-210339,0.0000
5660985,-210339,0.0000
5665985,-210339,0.0000
5670985,-210339,0.0000
5675985,-210339,0.0000
5680985,-210339,0.0000
5685985,-210339,0.0000
5690985,-210339,0.0000
5695985,-210339,0.0000
5700985,-210339,0.0000
5705985,-210339,0.0000
5710985,-210339,0.0000
5715985,-210339,0.0000
5720985,-210339,0.0000
5725985,-210339,0.0000
5730985,-210339,0.0000
5735985,-210339,0.0000
5740985,-210339,0.0000
5745985,-210339,0.0000
5750985,-210339,0.0000
5755985,-210339,0.0000
5760985,-210339,0.0000
5765985,-210339,0.0000
5770985,-210339,0.0000
5775985,-210339,0.0000
5780985,-210339,0.0000
5785985,-210339,0.0000
5790985,-210339,0.0000
5795985,-210339,0.0000
5800985,-210339,0.0000
5805985,-210339,0.0000
5810985,-210339,0.0000
5815985,-210339,0.0000
5820985,-210339,0.0000
5825985,-210339,0.0000
5830985,-210339,0.0000
5835985,-210339,0.0000
5840985,-210339,0.0000
5845985,-210339,0.0000
5850985,-210339,0.0000
5855985,-210339,0.0000
5860985,-210339,0.0000
5865985,-210339,0.0000
5870985,-210339,0.0000
5875985,-210339,0.0000
5880985,-210339,0.0000
5885985,-210339,0.0000
5890985,-210339,0.0000
5895985,-210339,0.0000
5900985,-210339,0.0000
5905985,-210339,0.0000
5910985,-210339,0.0000
5915985,-210339,0.0000
5920985,-210339,0.0000
5925985,-210339,0.0000
5930985,-210339,0.0000
5935985,-210339,0.0000
5940985,-210339,0.0000
5945985,-210339,0.0000
5950985,-210339,0.0000
5955985,-210339,0.0000
5960985,-210339,0.0000
5965985,-210339,0.0000
5970985,-210339,0.0000
5975985,-210339,0.0000
5980985,-210339,0.0000
5985985,-210339,0.0000
5990985,-210339,0.0000
5995985,-210339,0.0000
6000985,-210339,0.0000
6005985,-210339,0.0000
6010985,-210339,0.0000
6015985,-210339,0.0000
6020985,-210339,0.0000
6025985,-210339,0.0000
6030985,-210339,0.0000
6035985,-210339,0.0000
6040985,-210339,0.0000
6045985,-210339,0.0000
6050985,-210339,0.0000
6055985,-210339,0.0000
6060985,-210339,0.0000
6065985,-210339,0.0000
6070985,-210339,0.0000
6075985,-210339,0.0000
6080985,-210339,0.0000
6085985,-210339,0.0000
6090985,-210339,0.0000
6095985,-210339,0.0000
6100985,-210339,0.0000
6105985,-210339,0.0000
6110985,-210339,0.0000
6115985,-210339,0.0000
6120985,-210339,0.0000
6125985,-210339,0.0000
6130985,-210339,0.0000
6135985,-210339,0.0000
6140985,-210339,0.0000
6145985,-210339,0.0000
6150985,-210339,0.0000
6155985,-210339,0.0000
6160985,-210339,0.0000
6165985,-210339,0.0000
6170985,-210339,0.0000
6175985,-210339,0.0000
6180985,-210339,0.0000
6185985,-210339,0.0000
6190985,-210339,0.0000
6195985,-210339,0.0000
6200985,-210339,0.0000
6205985,-210339,0.0000
6210985,-210339,0.0000
6215985,-210339,0.0000
6220985,-210339,0.0000
6225985,-210339,0.0000
6230985,-210339,0.0000
6235985,-210339,0.0000
6240985,-210339,0.0000
6245985,-210339,0.0000
6250985,-210339,0.0000
6255985,-210339,0.0000
6260985,-210339,0.0000
6265985,-210339,0.0000
6270985,-210339,0.0000
6275985,-210339,0.0000
6280985,-210339,0.0000
6285985,-210339,0.0000
6290985,-210339,0.0000
6295985,-210339,0.0000
6300985,-210339,0.0000
6305985,-210339,0.0000
6310985,-210339,0.0000
6315985,-210339,0.0000
6320985,-210339,0.0000
6325985,-210339,0.0000
6330985,-210339,0.0000
6335985,-210339,0.0000
6340985,-210339,0.0000
6345985,-210339,0.0000
6350985,-210339,0.0000
6355985,-210339,0.0000
6360985,-210339,0.0000
6365985,-210339,0.0000
6370985,-210339,0.0000
6375985,-210339,0.0000
6380985,-210339,0.0000
6385985,-210339,0.0000
6390985,-210339,0.0000
6395985,-210339,0.0000
6400985,-210339,0.0000
6405985,-210339,0.0000
6410985,-210339,0.0000
6415985,-210339,0.0000
6420985,-210339,0.0000
6425985,-210339,0.0000
6430985,-210339,0.0000
6435985,-210339,0.0000
6440985,-210339,0.0000
6445985,-210339,0.0000
6450985,-210339,0.0000
6455985,-210339,0.0000
6460985,-210339,0.0000
6465985,-210339,0.0000
6470985,-210339,0.0000
6475985,-210339,0.0000
6480985,-210339,0.0000
6485985,-210339,0.0000
6490985,-210339,0.0000
6495985,-210339,0.0000
6500985,-210339,0.0000
6505985,-210339,0.0000
6510985,-210339,0.0000
6515985,-210339,0.0000
6520985,-210339,0.0000
6525985,-210339,0.0000
6530985,-210339,0.0000
6535985,-210339,0.0000
6540985,-210339,0.0000
6545985,-210339,0.0000
6550985,-210339,0.0000
6555985,-210339,0.0000
6560985,-210339,0.0000
6565985,-210339,0.0000
6570985,-210339,0.0000
6575985,-210339,0.0000
6580985,-210339,0.0000
6585985,-210339,0.0000
6590985,-210339,0.0000
6595985,-210339,0.0000
6600985,-210339,0.0000
6605985,-210339,0.0000
6610985,-210339,0.0000
6615985,-210339,0.0000
6620985,-210339,0.0000
6625985,-210339,0.0000
6630985,-210339,0.0000
6635985,-210339,0.0000
6640985,-210339,0.0000
6645985,-210339,0.0000
6650985,-210339,0.0000
6655985,-210339,0.0000
6660985,-210339,0.0000
6665985,-210339,0.0000
6670985,-210339,0.0000
6675985,-210339,0.0000
6680985,-210339,0.0000
6685985,-210339,0.0000
6690985,-210339,0.0000
6695985,-210339,0.0000
6700985,-210339,0.0000
6705985,-210339,0.0000
6710985,-210339,0.0000
6715985,-210339,0.0000
6720985,-210339,0.0000
6725985,-210339,0.0000
6730985,-210339,0.0000
6735985,-210339,0.0000
6740985,-210339,0.0000
6745985,-210339,0.0000
6750985,-210339,0.0000
6755985,-210339,0.0000
6760985,-210339,0.0000
6765985,-210339,0.0000
6770985,-210339,0.0000
6775985,-210339,0.0000
6780985,-210339,0.0000
6785985,-210339,0.0000
6790985,-210339,0.0000
6795985,-210339,0.0000
6800985,-210339,0.0000
6805985,-210339,0.0000
6810985,-210339,0.0000
6815985,-210339,0.0000
6820985,-210339,0.0000
6825985,-210339,0.0000
6830985,-210339,0.0000
6835985,-210339,0.0000
6840985,-210339,0.0000
6845985,-210339,0.0000
6850985,-210339,0.0000
6855985,-210339,0.0000
6860985,-210339,0.0000
6865985,-210339,0.0000
6870985,-210339,0.0000
6875985,-210339,0.0000
6880985,-210339,0.0000
6885985,-210339,0.0000
6890985,-210339,0.0000
6895985,-210339,0.0000
6900985,-210339,0.0000
6905985,-210339,0.0000
6910985,-210339,0.0000
6915985,-210339,0.0000
6920985,-210339,0.0000
6925985,-210339,0.0000
6930985,-210339,0.0000
6935985,-210339,0.0000
6940985,-210339,0.0000
6945985,-210339,0.0000
6950985,-210339,0.0000
6955985,-210339,0.0000
6960985,-210339,0.0000
6965985,-210339,0.0000
6970985,-210339,0.0000
6975985,-210339,0.0000
6980985,-210339,0.0000
6985985,-210339,0.0000
6990985,-210339,0.0000
6995985,-210339,0.0000
7000985,-210339,0.0000
7005985,-210339,0.0000
7010985,-210339,0.0000
7015985,-210339,0.0000
7020985,-210339,0.0000
7025985,-210339,0.0000
7030985,-210339,0.0000
7035985,-210339,0.0000
7040985,-210339,0.0000
7045985,-210339,0.0000
7050985,-210339,0.0000
7055985,-210339,0.0000
7060985,-210339,0.0000
7065985,-210339,0.0000
7070985,-210339,0.0000
7075985,-210339,0.0000
7080985,-210339,0.0000
7085985,-210339,0.0000
7090985,-210339,0.0000
7095985,-210339,0.0000
7100985,-210339,0.0000
7105985,-210339,0.0000
7110985,-210339,0.0000
7115985,-210339,0.0000
7120985,-210339,0.0000
7125985,-210339,0.0000
7130985,-210339,0.0000
7135985,-210339,0.0000
7140985,-210339,0.0000
7145985,-210339,0.0000
7150985,-210339,0.0000
7155985,-210339,0.0000
7160985,-210339,0.0000
7165985,-210339,0.0000
7170985,-210339,0.0000
7175985,-210339,0.0000
7180985,-210339,0.0000
7185985,-210339,0.0000
7190985,-210339,0.0000
7195985,-210339,0.0000
7200985,-210339,0.0000
7205985,-210339,0.0000
7210985,-210339,0.0000
7215985,-210339,0.0000
7220985,-210339,0.0000
7225985,-210339,0.0000
7230985,-210339,0.0000
7235985,-210339,0.0000
7240985,-210339,0.0000
7245985,-210339,0.0000
7250985,-210339,0.0000
7255985,-210339,0.0000
7260985,-210339,0.0000
7265985,-210339,0.0000
7270985,-210339,0.0000
7275985,-210339,0.0000
7280985,-210339,0.0000
7285985,-210339,0.0000
7290985,-210339,0.0000
7295985,-210339,0.0000
7300985,-210339,0.0000
7305985,-210339,0.0000
7310985,-210339,0.0000
7315985,-210339,0.0000
7320985,-210339,0.0000
7325985,-210339,0.0000
7330985,-210339,0.0000
7335985,-210339,0.0000
7340985,-210339,0.0000
7345985,-210339,0.0000
7350985,-210339,0.0000
7355985,-210339,0.0000
7360985,-210339,0.0000
7365985,-210339,0.0000
7370985,-210339,0.0000
7375985,-210339,0.0000
7380985,-210339,0.0000
7385985,-210339,0.0000
7390985,-210339,0.0000
7395985,-210339,0.0000
7400985,-210339,0.0000
7405985,-210339,0.0000
7410985,-210339,0.0000
7415985,-210339,0.0000
7420985,-210339,0.0000
7425985,-210339,0.0000
7430985,-210339,0.0000
7435985,-210339,0.0000
7440985,-210339,0.0000
7445985,-210339,0.0000
7450985,-210339,0.0000
7455985,-210339,0.0000
7460985,-210339,0.0000
7465985,-210339,0.0000
7470985,-210339,0.0000
7475985,-210339,0.0000
7480985,-210339,0.0000
7485985,-210339,0.0000
7490985,-210339,0.0000
7495985,-210339,0.0000
7500985,-210339,0.0000
7505985,-210339,0.0000
7510985,-210339,0.0000
7515985,-210339,0.0000
7520985,-210339,0.0000
7525985,-210339,0.0000
7530985,-210339,0.0000
7535985,-210339,0.0000
7540985,-210339,0.0000
7545985,-210339,0.0000
7550985,-210339,0.0000
7555985,-210339,0.0000
7560985,-210339,0.0000
7565985,-210339,0.0000
7570985,-210339,0.0000
7575985,-210339,0.0000
7580985,-210339,0.0000
7585985,-210339,0.0000
7590985,-210339,0.0000
7595985,-210339,0.0000
7600985,-210339,0.0000
7605985,-210339,0.0000
7610985,-210339,0.0000
7615985,-210339,0.0000
7620985,-210339,0.0000
7625985,-210339,0.0000
7630985,-210339,0.0000
7635985,-210339,0.0000
7640985,-210339,0.0000
7645985,-210339,0.0000
7650985,-210339,0.0000
7655985,-210339,0.0000
7660985,-210339,0.0000
7665985,-210339,0.0000
7670985,-210339,0.0000
7675985,-210339,0.0000
7680985,-210339,0.0000
7685985,-210339,0.0000
7690985,-210339,0.0000
7695985,-210339,0.0000
7700985,-210339,0.0000
7705985,-210339,0.0000
7710985,-210339,0.0000
7715985,-210339,0.0000
7720985,-210339,0.0000
7725985,-210339,0.0000
7730985,-210339,0.0000
7735985,-210339,0.0000
7740985,-210339,0.0000
7745985,-210339,0.0000
7750985,-210339,0.0000
7755985,-210339,0.0000
7760985,-210339,0.0000
7765985,-210339,0.0000
7770985,-210339,0.0000
7775985,-210339,0.0000
7780985,-210339,0.0000
7785985,-210339,0.0000
7790985,-210339,0.0000
7795985,-210339,0.0000
7800985,-210339,0.0000
7805985,-210339,0.0000
7810985,-210339,0.0000
7815985,-210339,0.0000
7820985,-210339,0.0000
7825985,-210339,0.0000
7830985,-210339,0.0000
7835985,-210339,0.0000
7840985,-210339,0.0000
7845985,-210339,0.0000
7850985,-210339,0.0000
7855985,-210339,0.0000
7860985,-210339,0.0000
7865985,-210339,0.0000
7870985,-210339,0.0000
7875985,-210339,0.0000
7880985,-210339,0.0000
7885985,-210339,0.0000
7890985,-210339,0.0000
7895985,-210339,0.0000
7900985,-210339,0.0000
7905985,-210339,0.0000
7910985,-210339,0.0000
7915985,-210339,0.0000
7920985,-210339,0.0000
7925985,-210339,0.0000
7930985,-210339,0.0000
7935985,-210339,0.0000
7940985,-210339,0.0000
7945985,-210339,0.0000
7950985,-210339,0.0000
7955985,-210339,0.0000
7960985,-210339,0.0000
7965985,-210339,0.0000
7970985,-210339,0.0000
7975985,-210339,0.0000
7980985,-210339,0.0000
7985985,-210339,0.0000
7990985,-210339,0.0000
7995985,-210339,0.0000
8000985,-210339,0.0000
8005985,-210339,0.0000
8010985,-210339,0.0000
8015985,-210339,0.0000
8020985,-210339,0.0000
8025985,-210339,0.0000
8030985,-210339,0.0000
8035985,-210339,0.0000
8040985,-210339,0.0000
8045985,-210339,0.0000
8050985,-210339,0.0000
8055985,-210339,0.0000
8060985,-210339,0.0000
8065985,-210339,0.0000
8070985,-210339,0.0000
8075985,-210339,0.0000
8080985,-210339,0.0000
8085985,-210339,0.0000
8090985,-210339,0.0000
8095985,-210339,0.0000
8100985,-210339,0.0000
8105985,-210339,0.0000
8110985,-210339,0.0000
8115985,-210339,0.0000
8120985,-210339,0.0000
8125985,-210339,0.0000
8130985,-210339,0.0000
8135985,-210339,0.0000
8140985,-210339,0.0000
8145985,-210339,0.0000
8150985,-210339,0.0000
8155985,-210339,0.0000
8160985,-210339,0.0000
8165985,-210339,0.0000
8170985,-210339,0.0000
8175985,-210339,0.0000
8180985,-210339,0.0000
8185985,-210339,0.0000
8190985,-210339,0.0000
8195985,-210339,0.0000
8200985,-210339,0.0000
8205985,-210339,0.0000
8210985,-210339,0.0000
8215985,-210339,0.0000
8220985,-210339,0.0000
8225985,-210339,0.0000
8230985,-210339,0.0000
8235985,-210339,0.0000
8240985,-210339,0.0000
8245985,-210339,0.0000
8250985,-210339,0.0000
8255985,-210339,0.0000
8260985,-210339,0.0000
8265985,-210339,0.0000
8270985,-210339,0.0000
8275985,-210339,0.0000
8280985,-210339,0.0000
8285985,-210339,0.0000
8290985,-210339,0.0000
8295985,-210339,0.0000
8300985,-210339,0.0000
8305985,-210339,0.0000
8310985,-210339,0.0000
8315985,-210339,0.0000
8320985,-210339,0.0000
8325985,-210339,0.0000
8330985,-210339,0.0000
8335985,-210339,0.0000
8340985,-210339,0.0000
8345985,-210339,0.0000
8350985,-210339,0.0000
8355985,-210339,0.0000
8360985,-210339,0.0000
8365985,-210339,0.0000
8370985,-210339,0.0000
8375985,-210339,0.0000
8380985,-210339,0.0000
8385985,-210339,0.0000
8390985,-210339,0.0000
8395985,-210339,0.0000
8400985,-210339,0.0000
8405985,-210339,0.0000
8410985,-210339,0.0000
8415985,-210339,0.0000
8420985,-210339,0.0000
8425985,-210339,0.0000
8430985,-210339,0.0000
8435985,-210339,0.0000
8440985,-210339,0.0000
8445985,-210339,0.0000
8450985,-210339,0.0000
8455985,-210339,0.0000
8460985,-210339,0.0000
8465985,-210339,0.0000
8470985,-210339,0.0000
8475985,-210339,0.0000
8480985,-210339,0.0000
8485985,-210339,0.0000
8490985,-210339,0.0000
8495985,-210339,0.0000
8500985,-210339,0.0000
8505985,-210339,0.0000
8510985,-210339,0.0000
8515985,-210339,0.0000
8520985,-210339,0.0000
8525985,-210339,0.0000
8530985,-210339,0.0000
8535985,-210339,0.0000
8540985,-210339,0.0000
8545985,-210339,0.0000
8550985,-210339,0.0000
8555985,-210339,0.0000
8560985,-210339,0.0000
8565985,-210339,0.0000
8570985,-210339,0.0000
8575985,-210339,0.0000
8580985,-210339,0.0000
8585985,-210339,0.0000
8590985,-210339,0.0000
8595985,-210339,0.0000
8600985,-210339,0.0000
8605985,-210339,0.0000
8610985,-210339,0.0000
8615985,-210339,0.0000
8620985,-210339,0.0000
8625985,-210339,0.0000
8630985,-210339,0.0000
8635985,-210339,0.0000
8640985,-210339,0.0000
8645985,-210339,0.0000
8650985,-210339,0.0000
8655985,-210339,0.0000
8660985,-210339,0.0000
8665985,-210339,0.0000
8670985,-210339,0.0000
8675985,-210339,0.0000
8680985,-210339,0.0000
8685985,-210339,0.0000
8690985,-210339,0.0000
8695985,-210339,0.0000
8700985,-210339,0.0000
8705985,-210339,0.0000
8710985,-210339,0.0000
8715985,-210339,0.0000
8720985,-210339,0.0000
8725985,-210339,0.0000
8730985,-210339,0.0000
8735985,-210339,0.0000
8740985,-210339,0.0000
8745985,-210339,0.0000
8750985,-210339,0.0000
8755985,-210339,0.0000
8760985,-210339,0.0000
8765985,-210339,0.0000
8770985,-210339,0.0000
8775985,-210339,0.0000
8780985,-210339,0.0000
8785985,-210339,0.0000
8790985,-210339,0.0000
8795985,-210339,0.0000
8800985,-210339,0.0000
8805985,-210339,0.0000
8810985,-210339,0.0000
8815985,-210339,0.0000
8820985,-210339,0.0000
8825985,-210339,0.0000
8830985,-210339,0.0000
8835985,-210339,0.0000
8840985,-210339,0.0000
8845985,-210339,0.0000
8850985,-210339,0.0000
8855985,-210339,0.0000
8860985,-210339,0.0000
8865985,-210339,0.0000
8870985,-210339,0.0000
8875985,-210339,0.0000
8880985,-210339,0.0000
8885985,-210339,0.0000
8890985,-210339,0.0000
8895985,-210339,0.0000
8900985,-210339,0.0000
8905985,-210339,0.0000
8910985,-210339,0.0000
8915985,-210339,0.0000
8920985,-210339,0.0000
8925985,-210339,0.0000
8930985,-210339,0.0000
8935985,-210339,0.0000
8940985,-210339,0.0000
8945985,-210339,0.0000
8950985,-210339,0.0000
8955985,-210339,0.0000
8960985,-210339,0.0000
8965985,-210339,0.0000
8970985,-210339,0.0000
8975985,-210339,0.0000
8980985,-210339,0.0000
8985985,-210339,0.0000
8990985,-210339,0.0000
8995985,-210339,0.0000
9000985,-210339,0.0000
9005985,-210339,0.0000
9010985,-210339,0.0000
9015985,-210339,0.0000
9020985,-210339,0.0000
9025985,-210339,0.0000
9030985,-210339,0.0000
9035985,-210339,0.0000
9040985,-210339,0.0000
9045985,-210339,0.0000
9050985,-210339,0.0000
9055985,-210339,0.0000
9060985,-210339,0.0000
9065985,-210339,0.0000
9070985,-210339,0.0000
9075985,-210339,0.0000
9080985,-210339,0.0000
9085985,-210339,0.0000
9090985,-210339,0.0000
9095985,-210339,0.0000
9100985,-210339,0.0000
9105985,-210339,0.0000
9110985,-210339,0.0000
9115985,-210339,0.0000
9120985,-210339,0.0000
9125985,-210339,0.0000
9130985,-210339,0.0000
9135985,-210339,0.0000
9140985,-210339,0.0000
9145985,-210339,0.0000
9150985,-210339,0.0000
9155985,-210339,0.0000
9160985,-210339,0.0000
9165985,-210339,0.0000
9170985,-210339,0.0000
9175985,-210339,0.0000
9180985,-210339,0.0000
9185985,-210339,0.0000
9190985,-210339,0.0000
9195985,-210339,0.0000
9200985,-210339,0.0000
9205985,-210339,0.0000
9210985,-210339,0.0000
9215985,-210339,0.0000
9220985,-210339,0.0000
9225985,-210339,0.0000
9230985,-210339,0.0000
9235985,-210339,0.0000
9240985,-210339,0.0000
9245985,-210339,0.0000
9250985,-210339,0.0000
9255985,-210339,0.0000
9260985,-210339,0.0000
9265985,-210339,0.0000
9270985,-210339,0.0000
9275985,-210339,0.0000
9280985,-210339,0.0000
9285985,-210339,0.0000
9290985,-210339,0.0000
9295985,-210339,0.0000
9300985,-210339,0.0000
9305985,-210339,0.0000
9310985,-210339,0.0000
9315985,-210339,0.0000
9320985,-210339,0.0000
9325985,-210339,0.0000
9330985,-210339,0.0000
9335985,-210339,0.0000
9340985,-210339,0.0000
9345985,-210339,0.0000
9350985,-210339,0.0000
9355985,-210339,0.0000
9360985,-210339,0.0000
9365985,-210339,0.0000
9370985,-210339,0.0000
9375985,-210339,0.0000
9380985,-210339,0.0000
9385985,-210339,0.0000
9390985,-210339,0.0000
9395985,-210339,0.0000
9400985,-210339,0.0000
9405985,-210339,0.0000
9410985,-210339,0.0000
9415985,-210339,0.0000
9420985,-210339,0.0000
9425985,-210339,0.0000
9430985,-210339,0.0000
9435985,-210339,0.0000
9440985,-210339,0.0000
9445985,-210339,0.0000
9450985,-210339,0.0000
9455985,-210339,0.0000
9460985,-210339,0.0000
9465985,-210339,0.0000
9470985,-210339,0.0000
9475985,-210339,0.0000
9480985,-210339,0.0000
9485985,-210339,0.0000
9490985,-210339,0.0000
9495985,-210339,0.0000
9500985,-210339,0.0000
9505985,-210339,0.0000
9510985,-210339,0.0000
9515985,-210339,0.0000
9520985,-210339,0.0000
9525985,-210339,0.0000
9530985,-210339,0.0000
9535985,-210339,0.0000
9540985,-210339,0.0000
9545985,-210339,0.0000
9550985,-210339,0.0000
9555985,-210339,0.0000
9560985,-210339,0.0000
9565985,-210339,0.0000
9570985,-210339,0.0000
9575985,-210339,0.0000
9580985,-210339,0.0000
9585985,-210339,0.0000
9590985,-210339,0.0000
9595985,-210339,0.0000
9600985,-210339,0.0000
9605985,-210339,0.0000
9610985,-210339,0.0000
9615985,-210339,0.0000
9620985,-210339,0.0000
9625985,-210339,0.0000
9630985,-210339,0.0000
9635985,-210339,0.0000
9640985,-210339,0.0000
9645985,-210339,0.0000
9650985,-210339,0.0000
9655985,-210339,0.0000
9660985,-210339,0.0000
9665985,-210339,0.0000
9670985,-210339,0.0000
9675985,-210339,0.0000
9680985,-210339,0.0000
9685985,-210339,0.0000
9690985,-210339,0.0000
9695985,-210339,0.0000
9700985,-210339,0.0000
9705985,-210339,0.0000
9710985,-210339,0.0000
9715985,-210339,0.0000
9720985,-210339,0.0000
9725985,-210339,0.0000
9730985,-210339,0.0000
9735985,-210339,0.0000
9740985,-210339,0.0000
9745985,-210339,0.0000
9750985,-210339,0.0000
9755985,-210339,0.0000
9760985,-210339,0.0000
9765985,-210339,0.0000
9770985,-210339,0.0000
9775985,-210339,0.0000
9780985,-210339,0.0000
9785985,-210339,0.0000
9790985,-210339,0.0000
9795985,-210339,0.0000
9800985,-210339,0.0000
9805985,-210339,0.0000
9810985,-210339,0.0000
9815985,-210339,0.0000
9820985,-210339,0.0000
9825985,-210339,0.0000
9830985,-210339,0.0000
9835985,-210339,0.0000
9840985,-210339,0.0000
9845985,-210339,0.0000
9850985,-210339,0.0000
9855985,-210339,0.0000
9860985,-210339,0.0000
9865985,-210339,0.0000
9870985,-210339,0.0000
9875985,-210339,0.0000
9880985,-210339,0.0000
9885985,-210339,0.0000
9890985,-210339,0.0000
9895985,-210339,0.0000
9900985,-210339,0.0000
9905985,-210339,0.0000
9910985,-210339,0.0000
9915985,-210339,0.0000
9920985,-210339,0.0000
9925985,-210339,0.0000
9930985,-210339,0.0000
9935985,-210339,0.0000
9940985,-210339,0.0000
9945985,-210339,0.0000
9950985,-210339,0.0000
9955985,-210339,0.0000
9960985,-210339,0.0000
9965985,-210339,0.0000
9970985,-210339,0.0000
9975985,-210339,0.0000
9980985,-210339,0.0000
9985985,-210339,0.0000
9990985,-210339,0.0000
9995985,-210339,0.0000
