
MultiSensor PCA9548
ToF 1 - Status =   0, Distance =    16 mm, Signal =     11 kcps/spad

ToF 2 - Status =   0, Distance =    23 mm, Signal =   7240 kcps/spad

ToF 1 - Status =   0, Distance =    11 mm, Signal =     11 kcps/spad

ToF 2 - Status =   0, Distance =    24 mm, Signal =   7384 kcps/spad

ToF 1 - Status =   0, Distance =    16 mm, Signal =     11 kcps/spad

ToF 2 - Status =   0, Distance =    23 mm, Signal =   7368 kcps/spad

ToF 1 - Status =   0, Distance =    11 mm, Signal =     11 kcps/spad

ToF 2 - Status =   0, Distance =    25 mm, Signal =   7496 kcps/spad

ToF 1 - Status =   0, Distance =    17 mm, Signal =     11 kcps/spad

ToF 2 - Status =   0, Distance =    23 mm, Signal =   7376 kcps/spad

ToF 1 - Status =   0, Distance =    10 mm, Signal =     11 kcps/spad

ToF 2 - Status =   0, Distance =    23 mm, Signal =   7536 kcps/spad

ToF 1 - Status =   0, Distance =    16 mm, Signal =     11 kcps/spad

ToF 2 - Status =   0, Distance =    23 mm, Signal =   7416 kcps/spad

ToF 1 - Status =   0, Distance =    10 mm, Signal =     11 kcps/spad

ToF 2 - Status =   0, Distance =    24 mm, Signal =   7632 kcps/spad

ToF 1 - Status =   0, Distance =    15 mm, Signal =     11 kcps/spad

ToF 2 - Status =   0, Distance =    23 mm, Signal =   7424 kcps/spad

ToF 1 - Status =   0, Distance =    13 mm, Signal =     11 kcps/spad

ToF 2 - Status =   0, Distance =    24 mm, Signal =   7688 kcps/spad

ToF 1 - Status =   0, Distance =    17 mm, Signal =     11 kcps/spad

ToF 2 - Status =   0, Distance =    25 mm, Signal =   7632 kcps/spad

ToF 1 - Status =   0, Distance =    10 mm, Signal =     11 kcps/spad

ToF 2 - Status =   0, Distance =    24 mm, Signal =   7688 kcps/spad

ToF 1 - Status =   0, Distance =    16 mm, Signal =     11 kcps/spad

ToF 2 - Status =   0, Distance =    25 mm, Signal =   7672 kcps/spad

ToF 1 - Status =   0, Distance =    10 mm, Signal =     11 kcps/spad

ToF 2 - Status =   0, Distance =    24 mm, Signal =   7632 kcps/spad

ToF 1 - Status =   0, Distance =    16 mm, Signal =     11 kcps/spad

ToF 2 - Status =   0, Distance =    25 mm, Signal =   7656 kcps/spad

ToF 1 - Status =   0, Distance =     9 mm, Signal =     11 kcps/spad

ToF 2 - Status =   0, Distance =    24 mm, Signal =   7704 kcps/spad

ToF 1 - Status =   0, Distance =    16 mm, Signal =     11 kcps/spad

ToF 2 - Status =   0, Distance =    25 mm, Signal =   7616 kcps/spad

ToF 1 - Status =   0, Distance =    11 mm, Signal =     11 kcps/spad

ToF 2 - Status =   0, Distance =    23 mm, Signal =   7744 kcps/spad

ToF 1 - Status =   0, Distance =    17 mm, Signal =     11 kcps/spad

ToF 2 - Status =   0, Distance =    25 mm, Signal =   7600 kcps/spad

ToF 1 - Status =   0, Distance =     9 mm, Signal =     11 kcps/spad

ToF 2 - Status =   0, Distance =    23 mm, Signal =   7696 kcps/spad

ToF 1 - Status =   0, Distance =    15 mm, Signal =     11 kcps/spad

ToF 2 - Status =   0, Distance =    24 mm, Signal =   7584 kcps/spad

ToF 1 - Status =   0, Distance =    10 mm, Signal =     11 kcps/spad

ToF 2 - Status =   0, Distance =    22 mm, Signal =   7784 kcps/spad

ToF 1 - Status =   0, Distance =    17 mm, Signal =     11 kcps/spad

ToF 2 - Status =   0, Distance =    25 mm, Signal =   7608 kcps/spad

ToF 1 - Status =   0, Distance =    10 mm, Signal =     11 kcps/spad

ToF 2 - Status =   0, Distance =    24 mm, Signal =   7792 kcps/spad

ToF 1 - Status =   0, Distance =    15 mm, Signal =     11 kcps/spad

ToF 2 - Status =   0, Distance =    24 mm, Signal =   7632 kcps/spad

ToF 1 - Status =   0, Distance =    11 mm, Signal =     11 kcps/spad

ToF 2 - Status =   0, Distance =    23 mm, Signal =   7832 kcps/spad

ToF 1 - Status =   0, Distance =    16 mm, Signal =     11 kcps/spad

ToF 2 - Status =   0, Distance =    24 mm, Signal =   7688 kcps/spad

ToF 1 - Status =   0, Distance =    10 mm, Signal =     11 kcps/spad

ToF 2 - Status =   0, Distance =    22 mm, Signal =   7864 kcps/spad

ToF 1 - Status =   0, Distance =    17 mm, Signal =     11 kcps/spad

ToF 2 - Status =   0, Distance =    24 mm, Signal =   7672 kcps/spad

ToF 1 - Status =   0, Distance =     9 mm, Signal =     11 kcps/spad

ToF 2 - Status =   0, Distance =    22 mm, Signal =   7816 kcps/spad

ToF 1 - Status =   0, Distance =    18 mm, Signal =     11 kcps/spad

ToF 2 - Status =   0, Distance =    24 mm, Signal =   7704 kcps/spad

ToF 1 - Status =   0, Distance =    10 mm, Signal =     11 kcps/spad

ToF 2 - Status =   0, Distance =    20 mm, Signal =   7712 kcps/spad

ToF 1 - Status =   0, Distance =    18 mm, Signal =     11 kcps/spad

ToF 2 - Status =   0, Distance =    23 mm, Signal =   7712 kcps/spad

ToF 1 - Status =   0, Distance =    10 mm, Signal =     11 kcps/spad

ToF 2 - Status =   0, Distance =    20 mm, Signal =   7632 kcps/spad

ToF 1 - Status =   0, Distance =    17 mm, Signal =     11 kcps/spad

ToF 2 - Status =   0, Distance =    24 mm, Signal =   7744 kcps/spad

ToF 1 - Status =   0, Distance =    11 mm, Signal =     11 kcps/spad

ToF 2 - Status =   0, Distance =    21 mm, Signal =   7616 kcps/spad

ToF 1 - Status =   0, Distance =    18 mm, Signal =     11 kcps/spad

ToF 2 - Status =   0, Distance =    22 mm, Signal =   7752 kcps/spad

ToF 1 - Status =   0, Distance =    12 mm, Signal =     11 kcps/spad

ToF 2 - Status =   0, Distance =    22 mm, Signal =   7560 kcps/spad

ToF 1 - Status =   0, Distance =    18 mm, Signal =     11 kcps/spad

ToF 2 - Status =   0, Distance =    22 mm, Signal =   7600 kcps/spad

ToF 1 - Status =   0, Distance =    11 mm, Signal =     11 kcps/spad

ToF 2 - Status =   0, Distance =    22 mm, Signal =   7552 kcps/spad

ToF 1 - Status =   0, Distance =    17 mm, Signal =     11 kcps/spad

ToF 2 - Status =   0, Distance =    22 mm, Signal =   7584 kcps/spad

ToF 1 - Status =   0, Distance =    11 mm, Signal =     11 kcps/spad

ToF 2 - Status =   0, Distance =    22 mm, Signal =   7504 kcps/spad

ToF 1 - Status =   0, Distance =    19 mm, Signal =     11 kcps/spad

ToF 2 - Status =   0, Distance =    23 mm, Signal =   7592 kcps/spad

ToF 1 - Status =   0, Distance =    12 mm, Signal =     11 kcps/spad

ToF 2 - Status =   0, Distance =    20 mm, Signal =   7440 kcps/spad

ToF 1 - Status =   0, Distance =    19 mm, Signal =     11 kcps/spad

ToF 2 - Status =   0, Distance =    22 mm, Signal =   7568 kcps/spad

ToF 1 - Status =   0, Distance =    10 mm, Signal =     11 kcps/spad

ToF 2 - Status =   0, Distance =    21 mm, Signal =   7472 kcps/spad

ToF 1 - Status =   0, Distance =    18 mm, Signal =     11 kcps/spad

ToF 2 - Status =   0, Distance =    22 mm, Signal =   7552 kcps/spad

ToF 1 - Status =   0, Distance =    11 mm, Signal =     11 kcps/spad

ToF 2 - Status =   0, Distance =    22 mm, Signal =   7464 kcps/spad

ToF 1 - Status =   0, Distance =    17 mm, Signal =     11 kcps/spad

ToF 2 - Status =   0, Distance =    21 mm, Signal =   7512 kcps/spad

ToF 1 - Status =   0, Distance =     9 mm, Signal =     11 kcps/spad

ToF 2 - Status =   0, Distance =    22 mm, Signal =   7384 kcps/spad

ToF 1 - Status =   0, Distance =    18 mm, Signal =     11 kcps/spad

ToF 2 - Status =   0, Distance =    21 mm, Signal =   7520 kcps/spad

ToF 1 - Status =   0, Distance =    13 mm, Signal =     11 kcps/spad

ToF 2 - Status =   0, Distance =    23 mm, Signal =   7384 kcps/spad

ToF 1 - Status =   0, Distance =    18 mm, Signal =     11 kcps/spad

ToF 2 - Status =   0, Distance =    21 mm, Signal =   7552 kcps/spad

ToF 1 - Status =   0, Distance =    13 mm, Signal =     11 kcps/spad

ToF 2 - Status =   0, Distance =    22 mm, Signal =   7320 kcps/spad

ToF 1 - Status =   0, Distance =    17 mm, Signal =     11 kcps/spad

ToF 2 - Status =   0, Distance =    23 mm, Signal =   7504 kcps/spad

ToF 1 - Status =   0, Distance =    11 mm, Signal =     11 kcps/spad

ToF 2 - Status =   0, Distance =    22 mm, Signal =   7280 kcps/spad

ToF 1 - Status =   0, Distance =    19 mm, Signal =     11 kcps/spad

ToF 2 - Status =   0, Distance =    21 mm, Signal =   7464 kcps/spad

ToF 1 - Status =   0, Distance =    13 mm, Signal =     11 kcps/spad

ToF 2 - Status =   0, Distance =    22 mm, Signal =   7296 kcps/spad

ToF 1 - Status =   0, Distance =    17 mm, Signal =     11 kcps/spad

ToF 2 - Status =   0, Distance =    21 mm, Signal =   7432 kcps/spad

ToF 1 - Status =   0, Distance =    10 mm, Signal =     11 kcps/spad

ToF 2 - Status =   0, Distance =    21 mm, Signal =   7288 kcps/spad

ToF 1 - Status =   0, Distance =    19 mm, Signal =     11 kcps/spad

ToF 2 - Status =   0, Distance =    21 mm, Signal =   7432 kcps/spad

ToF 1 - Status =   0, Distance =    13 mm, Signal =     11 kcps/spad

ToF 2 - Status =   0, Distance =    22 mm, Signal =   7280 kcps/spad

ToF 1 - Status =   0, Distance =    17 mm, Signal =     11 kcps/spad

ToF 2 - Status =   0, Distance =    21 mm, Signal =   7464 kcps/spad

ToF 1 - Status =   0, Distance =    13 mm, Signal =     11 kcps/spad

ToF 2 - Status =   0, Distance =    21 mm, Signal =   7296 kcps/spad

ToF 1 - Status =   0, Distance =    18 mm, Signal =     11 kcps/spad

ToF 2 - Status =   0, Distance =    22 mm, Signal =   7456 kcps/spad

ToF 1 - Status =   0, Distance =    11 mm, Signal =     11 kcps/spad

ToF 2 - Status =   0, Distance =    21 mm, Signal =   7256 kcps/spad

ToF 1 - Status =   0, Distance =    18 mm, Signal =     11 kcps/spad

ToF 2 - Status =   0, Distance =    21 mm, Signal =   7432 kcps/spad

ToF 1 - Status =   0, Distance =    11 mm, Signal =     11 kcps/spad

ToF 2 - Status =   0, Distance =    23 mm, Signal =   6240 kcps/spad

ToF 1 - Status =   0, Distance =    19 mm, Signal =     12 kcps/spad

ToF 2 - Status =   0, Distance =    23 mm, Signal =   6624 kcps/spad

ToF 1 - Status =   0, Distance =    10 mm, Signal =      9 kcps/spad

ToF 2 - Status =   0, Distance =    38 mm, Signal =   4224 kcps/spad

ToF 1 - Status =   0, Distance =    15 mm, Signal =      8 kcps/spad

ToF 2 - Status =   0, Distance =    47 mm, Signal =    744 kcps/spad

ToF 1 - Status =   0, Distance =    12 mm, Signal =      7 kcps/spad

ToF 2 - Status =   0, Distance =    21 mm, Signal =   7937 kcps/spad

ToF 1 - Status =   0, Distance =    27 mm, Signal =     11 kcps/spad

ToF 2 - Status =   0, Distance =    22 mm, Signal =   6776 kcps/spad

ToF 1 - Status =   0, Distance =     8 mm, Signal =    261 kcps/spad

ToF 2 - Status =   0, Distance =    23 mm, Signal =   4680 kcps/spad

ToF 1 - Status =   2, Distance =    22 mm, Signal =     13 kcps/spad

ToF 2 - Status =   0, Distance =    22 mm, Signal =   6024 kcps/spad

ToF 1 - Status =   0, Distance =    18 mm, Signal =     10 kcps/spad

ToF 2 - Status =   0, Distance =    22 mm, Signal =   5400 kcps/spad

ToF 1 - Status =   0, Distance =    59 mm, Signal =     59 kcps/spad

ToF 2 - Status =   0, Distance =    20 mm, Signal =   4528 kcps/spad

ToF 1 - Status =   0, Distance =    79 mm, Signal =    292 kcps/spad

ToF 2 - Status =   0, Distance =    45 mm, Signal =   3056 kcps/spad

ToF 1 - Status =   0, Distance =    85 mm, Signal =    404 kcps/spad

ToF 2 - Status =   0, Distance =    77 mm, Signal =    464 kcps/spad

ToF 1 - Status =   0, Distance =   156 mm, Signal =    341 kcps/spad

ToF 2 - Status =   0, Distance =    99 mm, Signal =    157 kcps/spad

ToF 1 - Status =   0, Distance =   166 mm, Signal =    509 kcps/spad

ToF 2 - Status =   0, Distance =    84 mm, Signal =    230 kcps/spad

ToF 1 - Status =   0, Distance =    32 mm, Signal =   1399 kcps/spad

ToF 2 - Status =   0, Distance =    60 mm, Signal =    540 kcps/spad

ToF 1 - Status =   0, Distance =    40 mm, Signal =   1045 kcps/spad

ToF 2 - Status =   0, Distance =    56 mm, Signal =    756 kcps/spad

ToF 1 - Status =   0, Distance =   129 mm, Signal =    284 kcps/spad

ToF 2 - Status =   2, Distance =   117 mm, Signal =     92 kcps/spad

ToF 1 - Status =   0, Distance =    26 mm, Signal =    224 kcps/spad

ToF 2 - Status =   0, Distance =   129 mm, Signal =     70 kcps/spad

ToF 1 - Status =   0, Distance =     3 mm, Signal =    809 kcps/spad

ToF 2 - Status =   0, Distance =   105 mm, Signal =    110 kcps/spad

ToF 1 - Status =   0, Distance =    22 mm, Signal =   1128 kcps/spad

ToF 2 - Status =   0, Distance =   100 mm, Signal =    137 kcps/spad

ToF 1 - Status =   0, Distance =    31 mm, Signal =   1166 kcps/spad

ToF 2 - Status =   0, Distance =   108 mm, Signal =    117 kcps/spad

ToF 1 - Status =   2, Distance =    19 mm, Signal =      8 kcps/spad

ToF 2 - Status =   0, Distance =    89 mm, Signal =    189 kcps/spad

ToF 1 - Status =   0, Distance =    23 mm, Signal =      7 kcps/spad

ToF 2 - Status =   0, Distance =    77 mm, Signal =    259 kcps/spad

ToF 1 - Status =   0, Distance =    68 mm, Signal =     12 kcps/spad

ToF 2 - Status =   0, Distance =    82 mm, Signal =    207 kcps/spad

ToF 1 - Status =   0, Distance =    72 mm, Signal =     10 kcps/spad

ToF 2 - Status =   0, Distance =    76 mm, Signal =    249 kcps/spad

ToF 1 - Status =   0, Distance =    89 mm, Signal =     13 kcps/spad

ToF 2 - Status =   0, Distance =    63 mm, Signal =    361 kcps/spad

ToF 1 - Status =   0, Distance =    90 mm, Signal =     12 kcps/spad

ToF 2 - Status =   0, Distance =    45 mm, Signal =    746 kcps/spad

ToF 1 - Status =   0, Distance =    92 mm, Signal =     14 kcps/spad

ToF 2 - Status =   0, Distance =    63 mm, Signal =    307 kcps/spad

ToF 1 - Status =   0, Distance =    89 mm, Signal =     13 kcps/spad

ToF 2 - Status =   0, Distance =    73 mm, Signal =    244 kcps/spad

ToF 1 - Status =   0, Distance =    90 mm, Signal =     14 kcps/spad

ToF 2 - Status =   0, Distance =    87 mm, Signal =    140 kcps/spad

ToF 1 - Status =   0, Distance =    83 mm, Signal =     12 kcps/spad

ToF 2 - Status =   0, Distance =    80 mm, Signal =    172 kcps/spad

ToF 1 - Status =   0, Distance =    92 mm, Signal =     14 kcps/spad

ToF 2 - Status =   0, Distance =    81 mm, Signal =    166 kcps/spad

ToF 1 - Status =   0, Distance =    99 mm, Signal =     15 kcps/spad

ToF 2 - Status =   0, Distance =    62 mm, Signal =    304 kcps/spad

ToF 1 - Status =   0, Distance =    69 mm, Signal =     78 kcps/spad

ToF 2 - Status =   0, Distance =    57 mm, Signal =    346 kcps/spad

ToF 1 - Status =   0, Distance =    76 mm, Signal =     83 kcps/spad

ToF 2 - Status =   0, Distance =    60 mm, Signal =    352 kcps/spad

ToF 1 - Status =   0, Distance =    83 mm, Signal =     65 kcps/spad

ToF 2 - Status =   0, Distance =    57 mm, Signal =    356 kcps/spad

ToF 1 - Status =   0, Distance =    80 mm, Signal =     60 kcps/spad

ToF 2 - Status =   0, Distance =    59 mm, Signal =    364 kcps/spad

ToF 1 - Status =   0, Distance =    79 mm, Signal =     61 kcps/spad

ToF 2 - Status =   0, Distance =    58 mm, Signal =    366 kcps/spad

ToF 1 - Status =   0, Distance =    76 mm, Signal =     65 kcps/spad

ToF 2 - Status =   0, Distance =    58 mm, Signal =    374 kcps/spad

ToF 1 - Status =   0, Distance =    75 mm, Signal =     67 kcps/spad

ToF 2 - Status =   0, Distance =    57 mm, Signal =    384 kcps/spad

ToF 1 - Status =   0, Distance =    73 mm, Signal =     73 kcps/spad

ToF 2 - Status =   0, Distance =    57 mm, Signal =    392 kcps/spad

ToF 1 - Status =   0, Distance =    72 mm, Signal =     79 kcps/spad

ToF 2 - Status =   0, Distance =    57 mm, Signal =    383 kcps/spad

ToF 1 - Status =   0, Distance =    74 mm, Signal =     68 kcps/spad

ToF 2 - Status =   0, Distance =    57 mm, Signal =    382 kcps/spad

ToF 1 - Status =   0, Distance =    73 mm, Signal =     68 kcps/spad

ToF 2 - Status =   0, Distance =    67 mm, Signal =    270 kcps/spad

ToF 1 - Status =   0, Distance =    84 mm, Signal =     42 kcps/spad

ToF 2 - Status =   0, Distance =   133 mm, Signal =    108 kcps/spad

ToF 1 - Status =   0, Distance =    92 mm, Signal =     15 kcps/spad

ToF 2 - Status =   0, Distance =   126 mm, Signal =    256 kcps/spad

ToF 1 - Status =   0, Distance =   123 mm, Signal =     27 kcps/spad

ToF 2 - Status =   0, Distance =   155 mm, Signal =    126 kcps/spad

ToF 1 - Status =   0, Distance =    65 mm, Signal =     10 kcps/spad

ToF 2 - Status =   2, Distance =    38 mm, Signal =      9 kcps/spad

ToF 1 - Status =   0, Distance =    60 mm, Signal =     10 kcps/spad

ToF 2 - Status =   0, Distance =     0 mm, Signal =    137 kcps/spad

ToF 1 - Status =   0, Distance =   132 mm, Signal =     19 kcps/spad

ToF 2 - Status =   0, Distance =    16 mm, Signal =   1242 kcps/spad

ToF 1 - Status =   0, Distance =   137 mm, Signal =     34 kcps/spad

ToF 2 - Status =   0, Distance =    26 mm, Signal =   6880 kcps/spad

ToF 1 - Status =   0, Distance =    82 mm, Signal =     11 kcps/spad

ToF 2 - Status =   0, Distance =    52 mm, Signal =   2296 kcps/spad

ToF 1 - Status =   0, Distance =    83 mm, Signal =     11 kcps/spad

ToF 2 - Status =   0, Distance =    39 mm, Signal =   5206 kcps/spad

ToF 1 - Status =   0, Distance =    83 mm, Signal =     14 kcps/spad

ToF 2 - Status =   0, Distance =    24 mm, Signal =  11128 kcps/spad

ToF 1 - Status =   0, Distance =   182 mm, Signal =    100 kcps/spad

ToF 2 - Status =   0, Distance =    30 mm, Signal =  11304 kcps/spad

ToF 1 - Status =   0, Distance =   160 mm, Signal =    146 kcps/spad

ToF 2 - Status =   0, Distance =    32 mm, Signal =   6824 kcps/spad

ToF 1 - Status =   0, Distance =   101 mm, Signal =    211 kcps/spad

ToF 2 - Status =   0, Distance =    36 mm, Signal =   6512 kcps/spad

ToF 1 - Status =   0, Distance =   140 mm, Signal =    122 kcps/spad

ToF 2 - Status =   0, Distance =    36 mm, Signal =   6760 kcps/spad

ToF 1 - Status =   0, Distance =    86 mm, Signal =     32 kcps/spad

ToF 2 - Status =   0, Distance =    34 mm, Signal =   6184 kcps/spad

ToF 1 - Status =   0, Distance =    27 mm, Signal =      8 kcps/spad

ToF 2 - Status =   0, Distance =    27 mm, Signal =   8832 kcps/spad

ToF 1 - Status =   0, Distance =    69 mm, Signal =     11 kcps/spad

ToF 2 - Status =   0, Distance =    25 mm, Signal =   9008 kcps/spad

ToF 1 - Status =   0, Distance =   152 mm, Signal =    108 kcps/spad

ToF 2 - Status =   0, Distance =    30 mm, Signal =   9440 kcps/spad

ToF 1 - Status =   0, Distance =   165 mm, Signal =    270 kcps/spad

ToF 2 - Status =   0, Distance =    33 mm, Signal =   7936 kcps/spad

ToF 1 - Status =   0, Distance =   165 mm, Signal =    285 kcps/spad

ToF 2 - Status =   0, Distance =    30 mm, Signal =   8752 kcps/spad

ToF 1 - Status =   0, Distance =   171 mm, Signal =    290 kcps/spad

ToF 2 - Status =   0, Distance =    28 mm, Signal =   9608 kcps/spad

ToF 1 - Status =   0, Distance =   181 mm, Signal =    135 kcps/spad

ToF 2 - Status =   0, Distance =    25 mm, Signal =   7400 kcps/spad

ToF 1 - Status =   0, Distance =   194 mm, Signal =     56 kcps/spad

ToF 2 - Status =   0, Distance =    26 mm, Signal =   7704 kcps/spad

ToF 1 - Status =   0, Distance =   190 mm, Signal =     29 kcps/spad

ToF 2 - Status =   0, Distance =    24 mm, Signal =   8112 kcps/spad

ToF 1 - Status =   0, Distance =   137 mm, Signal =     16 kcps/spad

ToF 2 - Status =   0, Distance =    29 mm, Signal =   9400 kcps/spad

ToF 1 - Status =   0, Distance =    50 mm, Signal =      9 kcps/spad

ToF 2 - Status =   0, Distance =    25 mm, Signal =  10992 kcps/spad

ToF 1 - Status =   0, Distance =     0 mm, Signal =     54 kcps/spad

ToF 2 - Status =   0, Distance =    32 mm, Signal =   7520 kcps/spad

ToF 1 - Status =   0, Distance =    24 mm, Signal =   6518 kcps/spad

ToF 2 - Status =   0, Distance =    30 mm, Signal =   3288 kcps/spad

ToF 1 - Status =   0, Distance =    29 mm, Signal =   8624 kcps/spad

ToF 2 - Status =   0, Distance =    30 mm, Signal =   4848 kcps/spad

ToF 1 - Status =   0, Distance =    85 mm, Signal =   2424 kcps/spad

ToF 2 - Status =   0, Distance =    31 mm, Signal =   6784 kcps/spad

ToF 1 - Status =   2, Distance =   114 mm, Signal =     34 kcps/spad

ToF 2 - Status =   0, Distance =    26 mm, Signal =   5720 kcps/spad

ToF 1 - Status =   0, Distance =    95 mm, Signal =     12 kcps/spad

ToF 2 - Status =   0, Distance =    27 mm, Signal =   7240 kcps/spad

ToF 1 - Status =   0, Distance =   144 mm, Signal =     66 kcps/spad

ToF 2 - Status =   0, Distance =    33 mm, Signal =   3792 kcps/spad

ToF 1 - Status =   0, Distance =   119 mm, Signal =     62 kcps/spad

ToF 2 - Status =   0, Distance =    21 mm, Signal =   7146 kcps/spad

ToF 1 - Status =   0, Distance =    63 mm, Signal =    307 kcps/spad

ToF 2 - Status =   0, Distance =    26 mm, Signal =   7096 kcps/spad

ToF 1 - Status =   0, Distance =    94 mm, Signal =    172 kcps/spad

ToF 2 - Status =   0, Distance =    24 mm, Signal =   9856 kcps/spad

ToF 1 - Status =   2, Distance =   262 mm, Signal =     15 kcps/spad

ToF 2 - Status =   0, Distance =    43 mm, Signal =   3656 kcps/spad

ToF 1 - Status =   0, Distance =   133 mm, Signal =     10 kcps/spad

ToF 2 - Status =   0, Distance =    35 mm, Signal =   4778 kcps/spad

ToF 1 - Status =   0, Distance =    77 mm, Signal =      9 kcps/spad

ToF 2 - Status =   0, Distance =    31 mm, Signal =   7968 kcps/spad

ToF 1 - Status =   0, Distance =   109 mm, Signal =    204 kcps/spad

ToF 2 - Status =   0, Distance =    30 mm, Signal =   8320 kcps/spad

ToF 1 - Status =   2, Distance =   106 mm, Signal =     24 kcps/spad

ToF 2 - Status =   0, Distance =    34 mm, Signal =   7072 kcps/spad

ToF 1 - Status =   0, Distance =    58 mm, Signal =     15 kcps/spad

ToF 2 - Status =   0, Distance =    33 mm, Signal =   7344 kcps/spad

ToF 1 - Status =   0, Distance =    81 mm, Signal =    194 kcps/spad

ToF 2 - Status =   0, Distance =    32 mm, Signal =   5432 kcps/spad

ToF 1 - Status =   0, Distance =   159 mm, Signal =    141 kcps/spad

ToF 2 - Status =   0, Distance =    30 mm, Signal =   6944 kcps/spad

ToF 1 - Status =   0, Distance =   148 mm, Signal =    217 kcps/spad

ToF 2 - Status =   0, Distance =    40 mm, Signal =   4112 kcps/spad

ToF 1 - Status =   0, Distance =    29 mm, Signal =    398 kcps/spad

ToF 2 - Status =   0, Distance =    29 mm, Signal =   6610 kcps/spad

ToF 1 - Status =   0, Distance =    17 mm, Signal =    256 kcps/spad

ToF 2 - Status =   0, Distance =    34 mm, Signal =   3344 kcps/spad

ToF 1 - Status =   0, Distance =    27 mm, Signal =  12224 kcps/spad

ToF 2 - Status =   0, Distance =    26 mm, Signal =   3288 kcps/spad

ToF 1 - Status =   0, Distance =    26 mm, Signal =  13128 kcps/spad

ToF 2 - Status =   0, Distance =    26 mm, Signal =   7189 kcps/spad

ToF 1 - Status =   0, Distance =    27 mm, Signal =  13488 kcps/spad

ToF 2 - Status =   0, Distance =    24 mm, Signal =   8480 kcps/spad

ToF 1 - Status =   0, Distance =    27 mm, Signal =  13480 kcps/spad

ToF 2 - Status =   0, Distance =    24 mm, Signal =   7344 kcps/spad

ToF 1 - Status =   0, Distance =    27 mm, Signal =  13368 kcps/spad

ToF 2 - Status =   0, Distance =    25 mm, Signal =   7376 kcps/spad

ToF 1 - Status =   0, Distance =    27 mm, Signal =  13368 kcps/spad

ToF 2 - Status =   0, Distance =    25 mm, Signal =   8816 kcps/spad

ToF 1 - Status =   0, Distance =    27 mm, Signal =  13408 kcps/spad

ToF 2 - Status =   0, Distance =    24 mm, Signal =   8448 kcps/spad

ToF 1 - Status =   0, Distance =    28 mm, Signal =  13392 kcps/spad

ToF 2 - Status =   0, Distance =    25 mm, Signal =   8080 kcps/spad

ToF 1 - Status =   0, Distance =    62 mm, Signal =   8152 kcps/spad

ToF 2 - Status =   0, Distance =    25 mm, Signal =   6464 kcps/spad

ToF 1 - Status =   2, Distance =   180 mm, Signal =    224 kcps/spad

ToF 2 - Status =   2, Distance =    32 mm, Signal =    264 kcps/spad

ToF 1 - Status =   0, Distance =   189 mm, Signal =    100 kcps/spad

ToF 2 - Status =   2, Distance =    33 mm, Signal =      8 kcps/spad

ToF 1 - Status =   0, Distance =   204 mm, Signal =     63 kcps/spad

ToF 2 - Status =   0, Distance =    20 mm, Signal =      8 kcps/spad

ToF 1 - Status =   0, Distance =   197 mm, Signal =     72 kcps/spad

ToF 2 - Status =   0, Distance =    19 mm, Signal =      8 kcps/spad

ToF 1 - Status =   0, Distance =   117 mm, Signal =     19 kcps/spad

ToF 2 - Status =   0, Distance =    11 mm, Signal =      8 kcps/spad

ToF 1 - Status =   0, Distance =    20 mm, Signal =      7 kcps/spad

ToF 2 - Status =   0, Distance =    18 mm, Signal =      8 kcps/spad

ToF 1 - Status =   0, Distance =    23 mm, Signal =      6 kcps/spad

ToF 2 - Status =   0, Distance =    16 mm, Signal =      8 kcps/spad

ToF 1 - Status =   0, Distance =    22 mm, Signal =      7 kcps/spad

ToF 2 - Status =   0, Distance =    16 mm, Signal =      8 kcps/spad

ToF 1 - Status =   0, Distance =    21 mm, Signal =      7 kcps/spad

ToF 2 - Status =   0, Distance =    18 mm, Signal =      8 kcps/spad

ToF 1 - Status =   0, Distance =    49 mm, Signal =      8 kcps/spad

ToF 2 - Status =   0, Distance =    38 mm, Signal =      9 kcps/spad

ToF 1 - Status =   0, Distance =   143 mm, Signal =    164 kcps/spad

ToF 2 - Status =   0, Distance =   104 mm, Signal =     33 kcps/spad

ToF 1 - Status =   0, Distance =   147 mm, Signal =    387 kcps/spad

ToF 2 - Status =   0, Distance =   120 mm, Signal =    270 kcps/spad

ToF 1 - Status =   0, Distance =   140 mm, Signal =    423 kcps/spad

ToF 2 - Status =   0, Distance =   125 mm, Signal =    328 kcps/spad

ToF 1 - Status =   0, Distance =   136 mm, Signal =    462 kcps/spad

ToF 2 - Status =   0, Distance =   126 mm, Signal =    319 kcps/spad

ToF 1 - Status =   0, Distance =   136 mm, Signal =    458 kcps/spad

ToF 2 - Status =   0, Distance =   126 mm, Signal =    408 kcps/spad

ToF 1 - Status =   0, Distance =   137 mm, Signal =    467 kcps/spad

ToF 2 - Status =   0, Distance =   126 mm, Signal =    506 kcps/spad

ToF 1 - Status =   0, Distance =   133 mm, Signal =    454 kcps/spad

ToF 2 - Status =   0, Distance =   124 mm, Signal =    526 kcps/spad

ToF 1 - Status =   0, Distance =   132 mm, Signal =    480 kcps/spad

ToF 2 - Status =   0, Distance =   123 mm, Signal =    528 kcps/spad

ToF 1 - Status =   0, Distance =   131 mm, Signal =    504 kcps/spad

ToF 2 - Status =   0, Distance =   126 mm, Signal =    496 kcps/spad

ToF 1 - Status =   0, Distance =   133 mm, Signal =    518 kcps/spad

ToF 2 - Status =   0, Distance =   126 mm, Signal =    496 kcps/spad

ToF 1 - Status =   0, Distance =   133 mm, Signal =    507 kcps/spad

ToF 2 - Status =   0, Distance =   125 mm, Signal =    505 kcps/spad

ToF 1 - Status =   0, Distance =   135 mm, Signal =    515 kcps/spad

ToF 2 - Status =   0, Distance =   125 mm, Signal =    502 kcps/spad

ToF 1 - Status =   0, Distance =   133 mm, Signal =    511 kcps/spad

ToF 2 - Status =   0, Distance =   127 mm, Signal =    485 kcps/spad

ToF 1 - Status =   0, Distance =   134 mm, Signal =    515 kcps/spad

ToF 2 - Status =   0, Distance =   129 mm, Signal =    498 kcps/spad

ToF 1 - Status =   0, Distance =   134 mm, Signal =    511 kcps/spad

ToF 2 - Status =   0, Distance =   127 mm, Signal =    494 kcps/spad

ToF 1 - Status =   0, Distance =   133 mm, Signal =    540 kcps/spad

ToF 2 - Status =   0, Distance =   127 mm, Signal =    491 kcps/spad

ToF 1 - Status =   0, Distance =   133 mm, Signal =    544 kcps/spad

ToF 2 - Status =   0, Distance =   128 mm, Signal =    476 kcps/spad

ToF 1 - Status =   0, Distance =   133 mm, Signal =    529 kcps/spad

ToF 2 - Status =   0, Distance =   128 mm, Signal =    486 kcps/spad

ToF 1 - Status =   0, Distance =   133 mm, Signal =    526 kcps/spad

ToF 2 - Status =   0, Distance =   127 mm, Signal =    484 kcps/spad

ToF 1 - Status =   0, Distance =   133 mm, Signal =    511 kcps/spad

ToF 2 - Status =   0, Distance =   128 mm, Signal =    492 kcps/spad

ToF 1 - Status =   0, Distance =   133 mm, Signal =    479 kcps/spad

ToF 2 - Status =   0, Distance =   128 mm, Signal =    484 kcps/spad

ToF 1 - Status =   0, Distance =   134 mm, Signal =    472 kcps/spad

ToF 2 - Status =   0, Distance =   127 mm, Signal =    480 kcps/spad

ToF 1 - Status =   0, Distance =   134 mm, Signal =    458 kcps/spad

ToF 2 - Status =   0, Distance =   128 mm, Signal =    481 kcps/spad

ToF 1 - Status =   0, Distance =   134 mm, Signal =    462 kcps/spad

ToF 2 - Status =   0, Distance =   128 mm, Signal =    481 kcps/spad

ToF 1 - Status =   0, Distance =   134 mm, Signal =    451 kcps/spad

ToF 2 - Status =   0, Distance =   127 mm, Signal =    479 kcps/spad

ToF 1 - Status =   0, Distance =   133 mm, Signal =    432 kcps/spad

ToF 2 - Status =   0, Distance =   128 mm, Signal =    480 kcps/spad

ToF 1 - Status =   0, Distance =   134 mm, Signal =    422 kcps/spad

ToF 2 - Status =   0, Distance =   129 mm, Signal =    476 kcps/spad

ToF 1 - Status =   0, Distance =   133 mm, Signal =    421 kcps/spad

ToF 2 - Status =   0, Distance =   129 mm, Signal =    472 kcps/spad

ToF 1 - Status =   0, Distance =   134 mm, Signal =    408 kcps/spad

ToF 2 - Status =   0, Distance =   128 mm, Signal =    465 kcps/spad

ToF 1 - Status =   0, Distance =   134 mm, Signal =    404 kcps/spad

ToF 2 - Status =   0, Distance =   128 mm, Signal =    474 kcps/spad

ToF 1 - Status =   0, Distance =   133 mm, Signal =    408 kcps/spad

ToF 2 - Status =   0, Distance =   128 mm, Signal =    470 kcps/spad

ToF 1 - Status =   0, Distance =   133 mm, Signal =    416 kcps/spad

ToF 2 - Status =   0, Distance =   128 mm, Signal =    470 kcps/spad

ToF 1 - Status =   0, Distance =   133 mm, Signal =    406 kcps/spad

ToF 2 - Status =   0, Distance =   128 mm, Signal =    469 kcps/spad

ToF 1 - Status =   0, Distance =   133 mm, Signal =    408 kcps/spad

ToF 2 - Status =   0, Distance =   128 mm, Signal =    471 kcps/spad

ToF 1 - Status =   0, Distance =   134 mm, Signal =    388 kcps/spad

ToF 2 - Status =   0, Distance =   129 mm, Signal =    467 kcps/spad

ToF 1 - Status =   0, Distance =   133 mm, Signal =    380 kcps/spad

ToF 2 - Status =   0, Distance =   128 mm, Signal =    474 kcps/spad

ToF 1 - Status =   0, Distance =   133 mm, Signal =    377 kcps/spad

ToF 2 - Status =   0, Distance =   129 mm, Signal =    473 kcps/spad

ToF 1 - Status =   0, Distance =   134 mm, Signal =    376 kcps/spad

ToF 2 - Status =   0, Distance =   130 mm, Signal =    471 kcps/spad

ToF 1 - Status =   0, Distance =   134 mm, Signal =    365 kcps/spad

ToF 2 - Status =   0, Distance =   131 mm, Signal =    467 kcps/spad

ToF 1 - Status =   0, Distance =   134 mm, Signal =    344 kcps/spad

ToF 2 - Status =   0, Distance =   130 mm, Signal =    468 kcps/spad

ToF 1 - Status =   0, Distance =   135 mm, Signal =    338 kcps/spad

ToF 2 - Status =   0, Distance =   129 mm, Signal =    469 kcps/spad

ToF 1 - Status =   0, Distance =   134 mm, Signal =    354 kcps/spad

ToF 2 - Status =   0, Distance =   130 mm, Signal =    471 kcps/spad

ToF 1 - Status =   0, Distance =   134 mm, Signal =    338 kcps/spad

ToF 2 - Status =   0, Distance =   130 mm, Signal =    468 kcps/spad

ToF 1 - Status =   0, Distance =   133 mm, Signal =    339 kcps/spad

ToF 2 - Status =   0, Distance =   130 mm, Signal =    474 kcps/spad

ToF 1 - Status =   0, Distance =   134 mm, Signal =    352 kcps/spad

ToF 2 - Status =   0, Distance =   129 mm, Signal =    482 kcps/spad

ToF 1 - Status =   0, Distance =   133 mm, Signal =    378 kcps/spad

ToF 2 - Status =   0, Distance =   126 mm, Signal =    510 kcps/spad

ToF 1 - Status =   0, Distance =   130 mm, Signal =    377 kcps/spad

ToF 2 - Status =   0, Distance =   125 mm, Signal =    514 kcps/spad

ToF 1 - Status =   0, Distance =   129 mm, Signal =    354 kcps/spad

ToF 2 - Status =   0, Distance =   121 mm, Signal =    550 kcps/spad

ToF 1 - Status =   0, Distance =   125 mm, Signal =    353 kcps/spad

ToF 2 - Status =   0, Distance =   115 mm, Signal =    564 kcps/spad

ToF 1 - Status =   0, Distance =   117 mm, Signal =    401 kcps/spad

ToF 2 - Status =   0, Distance =   113 mm, Signal =    409 kcps/spad

ToF 1 - Status =   0, Distance =   110 mm, Signal =    486 kcps/spad

ToF 2 - Status =   0, Distance =   114 mm, Signal =    296 kcps/spad

ToF 1 - Status =   0, Distance =   106 mm, Signal =    644 kcps/spad

ToF 2 - Status =   0, Distance =   110 mm, Signal =    288 kcps/spad

ToF 1 - Status =   0, Distance =   104 mm, Signal =    770 kcps/spad

ToF 2 - Status =   0, Distance =   106 mm, Signal =    312 kcps/spad

ToF 1 - Status =   0, Distance =   103 mm, Signal =    725 kcps/spad

ToF 2 - Status =   0, Distance =   108 mm, Signal =    288 kcps/spad

ToF 1 - Status =   0, Distance =   104 mm, Signal =    718 kcps/spad

ToF 2 - Status =   0, Distance =   110 mm, Signal =    287 kcps/spad

ToF 1 - Status =   0, Distance =   104 mm, Signal =    713 kcps/spad

ToF 2 - Status =   0, Distance =   110 mm, Signal =    292 kcps/spad

ToF 1 - Status =   0, Distance =   105 mm, Signal =    697 kcps/spad

ToF 2 - Status =   0, Distance =   111 mm, Signal =    296 kcps/spad

ToF 1 - Status =   0, Distance =   104 mm, Signal =    685 kcps/spad

ToF 2 - Status =   0, Distance =   110 mm, Signal =    307 kcps/spad

ToF 1 - Status =   0, Distance =   103 mm, Signal =    713 kcps/spad

ToF 2 - Status =   0, Distance =   107 mm, Signal =    312 kcps/spad

ToF 1 - Status =   0, Distance =   100 mm, Signal =    782 kcps/spad

ToF 2 - Status =   0, Distance =   103 mm, Signal =    308 kcps/spad

ToF 1 - Status =   0, Distance =    97 mm, Signal =    870 kcps/spad

ToF 2 - Status =   0, Distance =   102 mm, Signal =    314 kcps/spad

ToF 1 - Status =   0, Distance =    97 mm, Signal =    885 kcps/spad

ToF 2 - Status =   0, Distance =   104 mm, Signal =    304 kcps/spad

ToF 1 - Status =   0, Distance =    98 mm, Signal =    836 kcps/spad

ToF 2 - Status =   0, Distance =   104 mm, Signal =    304 kcps/spad

ToF 1 - Status =   0, Distance =    97 mm, Signal =    794 kcps/spad

ToF 2 - Status =   0, Distance =   104 mm, Signal =    299 kcps/spad

ToF 1 - Status =   0, Distance =    98 mm, Signal =    758 kcps/spad

ToF 2 - Status =   0, Distance =   105 mm, Signal =    299 kcps/spad

ToF 1 - Status =   0, Distance =    98 mm, Signal =    742 kcps/spad

ToF 2 - Status =   0, Distance =   104 mm, Signal =    293 kcps/spad

ToF 1 - Status =   0, Distance =    98 mm, Signal =    730 kcps/spad

ToF 2 - Status =   0, Distance =   105 mm, Signal =    290 kcps/spad

ToF 1 - Status =   0, Distance =    99 mm, Signal =    716 kcps/spad

ToF 2 - Status =   0, Distance =   105 mm, Signal =    293 kcps/spad

ToF 1 - Status =   0, Distance =    98 mm, Signal =    618 kcps/spad

ToF 2 - Status =   0, Distance =   110 mm, Signal =    325 kcps/spad

ToF 1 - Status =   0, Distance =   109 mm, Signal =    242 kcps/spad

ToF 2 - Status =   0, Distance =   123 mm, Signal =    401 kcps/spad

ToF 1 - Status =   0, Distance =   107 mm, Signal =    837 kcps/spad

ToF 2 - Status =   0, Distance =    97 mm, Signal =    484 kcps/spad

ToF 1 - Status =   0, Distance =    86 mm, Signal =    945 kcps/spad

ToF 2 - Status =   0, Distance =    28 mm, Signal =   2139 kcps/spad

ToF 1 - Status =   0, Distance =    68 mm, Signal =   1149 kcps/spad

ToF 2 - Status =   0, Distance =    30 mm, Signal =   3960 kcps/spad

ToF 1 - Status =   0, Distance =    64 mm, Signal =   1542 kcps/spad

ToF 2 - Status =   0, Distance =    30 mm, Signal =   4392 kcps/spad

ToF 1 - Status =   0, Distance =    63 mm, Signal =   1701 kcps/spad

ToF 2 - Status =   0, Distance =    28 mm, Signal =   5936 kcps/spad

ToF 1 - Status =   0, Distance =    57 mm, Signal =   2364 kcps/spad

ToF 2 - Status =   0, Distance =    26 mm, Signal =   6528 kcps/spad

ToF 1 - Status =   0, Distance =    56 mm, Signal =   2762 kcps/spad

ToF 2 - Status =   0, Distance =    27 mm, Signal =   6520 kcps/spad

ToF 1 - Status =   0, Distance =    57 mm, Signal =   3532 kcps/spad

ToF 2 - Status =   0, Distance =    25 mm, Signal =   6696 kcps/spad

ToF 1 - Status =   0, Distance =    55 mm, Signal =   3936 kcps/spad

ToF 2 - Status =   0, Distance =    25 mm, Signal =   6848 kcps/spad

ToF 1 - Status =   0, Distance =    54 mm, Signal =   4032 kcps/spad

ToF 2 - Status =   0, Distance =    24 mm, Signal =   7096 kcps/spad

ToF 1 - Status =   0, Distance =    54 mm, Signal =   4116 kcps/spad

ToF 2 - Status =   0, Distance =    26 mm, Signal =   6968 kcps/spad

ToF 1 - Status =   0, Distance =    51 mm, Signal =   4384 kcps/spad

ToF 2 - Status =   0, Distance =    24 mm, Signal =   6968 kcps/spad

ToF 1 - Status =   0, Distance =    52 mm, Signal =   4388 kcps/spad

ToF 2 - Status =   0, Distance =    27 mm, Signal =   6480 kcps/spad

ToF 1 - Status =   0, Distance =    66 mm, Signal =   2296 kcps/spad

ToF 2 - Status =   0, Distance =    35 mm, Signal =   2472 kcps/spad

ToF 1 - Status =   2, Distance =    47 mm, Signal =     13 kcps/spad

ToF 2 - Status =   0, Distance =    44 mm, Signal =   1098 kcps/spad

ToF 1 - Status =   0, Distance =    34 mm, Signal =     10 kcps/spad

ToF 2 - Status =   0, Distance =    22 mm, Signal =   6748 kcps/spad

ToF 1 - Status =   0, Distance =    12 mm, Signal =     10 kcps/spad

ToF 2 - Status =   0, Distance =    23 mm, Signal =   6568 kcps/spad

ToF 1 - Status =   0, Distance =    17 mm, Signal =      7 kcps/spad

ToF 2 - Status =   0, Distance =    21 mm, Signal =   5856 kcps/spad

ToF 1 - Status =   0, Distance =     6 mm, Signal =      7 kcps/spad

ToF 2 - Status =   0, Distance =    23 mm, Signal =   6464 kcps/spad

ToF 1 - Status =   0, Distance =    17 mm, Signal =      7 kcps/spad

ToF 2 - Status =   0, Distance =    23 mm, Signal =   6064 kcps/spad

ToF 1 - Status =   0, Distance =     6 mm, Signal =      7 kcps/spad

ToF 2 - Status =   0, Distance =    23 mm, Signal =   6000 kcps/spad

ToF 1 - Status =   0, Distance =    14 mm, Signal =      7 kcps/spad

ToF 2 - Status =   0, Distance =    18 mm, Signal =   5744 kcps/spad

ToF 1 - Status =   0, Distance =     4 mm, Signal =      7 kcps/spad

ToF 2 - Status =   0, Distance =    22 mm, Signal =   5832 kcps/spad

ToF 1 - Status =   0, Distance =    17 mm, Signal =      7 kcps/spad

ToF 2 - Status =   0, Distance =    21 mm, Signal =   5968 kcps/spad

ToF 1 - Status =   0, Distance =     5 mm, Signal =      7 kcps/spad

ToF 2 - Status =   0, Distance =    21 mm, Signal =   6248 kcps/spad

ToF 1 - Status =   0, Distance =    14 mm, Signal =      7 kcps/spad

ToF 2 - Status =   0, Distance =    20 mm, Signal =   5656 kcps/spad

ToF 1 - Status =   0, Distance =     4 mm, Signal =      7 kcps/spad

ToF 2 - Status =   0, Distance =    21 mm, Signal =   5984 kcps/spad

ToF 1 - Status =   0, Distance =    12 mm, Signal =      7 kcps/spad

ToF 2 - Status =   0, Distance =    22 mm, Signal =   5704 kcps/spad

ToF 1 - Status =   0, Distance =     3 mm, Signal =      7 kcps/spad

ToF 2 - Status =   0, Distance =    24 mm, Signal =   5488 kcps/spad

ToF 1 - Status =   0, Distance =    12 mm, Signal =      7 kcps/spad

ToF 2 - Status =   0, Distance =    23 mm, Signal =   5352 kcps/spad

ToF 1 - Status =   0, Distance =     0 mm, Signal =      7 kcps/spad

ToF 2 - Status =   0, Distance =    21 mm, Signal =   5328 kcps/spad

ToF 1 - Status =   0, Distance =    10 mm, Signal =      7 kcps/spad

ToF 2 - Status =   0, Distance =    19 mm, Signal =   5264 kcps/spad

ToF 1 - Status =   0, Distance =     2 mm, Signal =      7 kcps/spad

