Time(us),Position(counts),Speed(rad/s)
2,1,0.0000
5004,1,0.0000
10004,1,0.0000
15007,1,0.0000
20008,1,0.0000
25010,1,0.0000
30012,1,0.0000
35013,1,0.0000
40015,1,0.0000
45017,1,0.0000
50018,1,0.0000
55020,1,0.0000
60021,1,0.0000
65023,1,0.0000
70024,1,0.0000
75026,1,0.0000
80028,1,0.0000
85029,1,0.0000
90031,1,0.0000
95032,1,0.0000
100034,1,0.0000
105036,1,0.0000
110037,1,0.0000
115039,1,0.0000
120040,1,0.0000
125042,1,0.0000
130043,1,0.0000
135045,1,0.0000
140047,1,0.0000
145048,1,0.0000
150050,1,0.0000
155052,1,0.0000
160053,1,0.0000
165055,1,0.0000
170056,1,0.0000
175058,1,0.0000
180059,1,0.0000
185061,1,0.0000
190062,1,0.0000
195064,1,0.0000
200066,1,0.0000
205067,1,0.0000
210069,1,0.0000
215071,1,0.0000
220072,1,0.0000
225074,1,0.0000
230075,1,0.0000
235077,1,0.0000
240078,1,0.0000
245080,1,0.0000
250082,1,0.0000
255083,1,0.0000
260085,1,0.0000
265086,1,0.0000
270088,1,0.0000
275090,1,0.0000
280091,1,0.0000
285093,1,0.0000
290094,1,0.0000
295096,1,0.0000
300097,1,0.0000
305099,1,0.0000
310101,1,0.0000
315102,1,0.0000
320104,1,0.0000
325106,1,0.0000
330107,1,0.0000
335109,1,0.0000
340110,1,0.0000
345112,1,0.0000
350113,1,0.0000
355115,1,0.0000
360117,1,0.0000
365118,1,0.0000
370120,1,0.0000
375121,1,0.0000
380123,1,0.0000
385125,1,0.0000
390126,1,0.0000
395128,1,0.0000
400129,1,0.0000
405131,1,0.0000
410132,1,0.0000
415134,1,0.0000
420136,1,0.0000
425137,1,0.0000
430139,1,0.0000
435141,1,0.0000
440142,1,0.0000
445144,1,0.0000
450145,1,0.0000
455147,1,0.0000
460148,1,0.0000
465150,1,0.0000
470151,1,0.0000
475153,1,0.0000
480155,1,0.0000
485156,1,0.0000
490158,1,0.0000
495160,1,0.0000
500161,1,0.0000
505163,1,0.0000
510164,1,0.0000
515166,1,0.0000
520167,1,0.0000
525169,1,0.0000
530171,1,0.0000
535172,1,0.0000
540174,1,0.0000
545175,1,0.0000
550177,1,0.0000
555179,1,0.0000
560180,1,0.0000
565182,1,0.0000
570183,1,0.0000
575185,1,0.0000
580186,1,0.0000
585188,1,0.0000
590190,1,0.0000
595191,1,0.0000
600193,1,0.0000
605195,1,0.0000
610196,1,0.0000
615198,1,0.0000
620199,1,0.0000
625201,1,0.0000
630202,1,0.0000
635204,1,0.0000
640206,1,0.0000
645207,1,0.0000
650209,1,0.0000
655210,1,0.0000
660212,1,0.0000
665214,1,0.0000
670215,1,0.0000
675217,1,0.0000
680218,1,0.0000
685220,1,0.0000
690221,1,0.0000
695223,1,0.0000
700225,1,0.0000
705226,1,0.0000
710228,1,0.0000
715230,1,0.0000
720231,1,0.0000
725233,1,0.0000
730234,1,0.0000
735236,1,0.0000
740237,1,0.0000
745239,1,0.0000
750240,1,0.0000
755242,1,0.0000
760244,1,0.0000
765245,1,0.0000
770247,1,0.0000
775249,1,0.0000
780250,1,0.0000
785252,1,0.0000
790253,1,0.0000
795255,1,0.0000
800256,1,0.0000
805258,1,0.0000
810260,1,0.0000
815261,1,0.0000
820263,1,0.0000
825264,1,0.0000
830266,1,0.0000
835268,1,0.0000
840269,1,0.0000
845271,1,0.0000
850272,1,0.0000
855274,1,0.0000
860275,1,0.0000
865277,1,0.0000
870279,1,0.0000
875280,1,0.0000
880282,1,0.0000
885284,1,0.0000
890285,1,0.0000
895287,1,0.0000
900288,1,0.0000
905290,1,0.0000
910291,1,0.0000
915293,1,0.0000
920295,1,0.0000
925296,1,0.0000
930298,1,0.0000
935299,1,0.0000
940301,1,0.0000
945303,1,0.0000
950304,1,0.0000
955306,1,0.0000
960307,1,0.0000
965309,1,0.0000
970310,1,0.0000
975312,1,0.0000
980314,1,0.0000
985315,1,0.0000
990317,1,0.0000
995319,1,0.0000
1000320,1,0.0000
1005322,1,0.0000
1010323,1,0.0000
1015325,1,0.0000
1020326,1,0.0000
1025328,1,0.0000
1030329,1,0.0000
1035331,1,0.0000
1040333,1,0.0000
1045334,1,0.0000
1050336,1,0.0000
1055338,1,0.0000
1060339,1,0.0000
1065341,1,0.0000
1070342,1,0.0000
1075344,1,0.0000
1080345,1,0.0000
1085347,1,0.0000
1090349,1,0.0000
1095350,1,0.0000
1100352,1,0.0000
1105353,1,0.0000
1110355,1,0.0000
1115357,1,0.0000
1120358,1,0.0000
1125360,1,0.0000
1130361,1,0.0000
1135363,1,0.0000
1140364,1,0.0000
1145366,1,0.0000
1150368,1,0.0000
1155369,1,0.0000
1160371,1,0.0000
1165373,1,0.0000
1170374,1,0.0000
1175376,1,0.0000
1180377,1,0.0000
1185379,1,0.0000
1190380,1,0.0000
1195382,1,0.0000
1200384,1,0.0000
1205385,1,0.0000
1210387,1,0.0000
1215388,1,0.0000
1220390,1,0.0000
1225392,1,0.0000
1230393,1,0.0000
1235395,1,0.0000
1240396,1,0.0000
1245398,1,0.0000
1250399,1,0.0000
1255401,1,0.0000
1260403,1,0.0000
1265404,1,0.0000
1270406,1,0.0000
1275408,1,0.0000
1280409,1,0.0000
1285411,1,0.0000
1290412,1,0.0000
1295414,1,0.0000
1300415,1,0.0000
1305417,1,0.0000
1310418,1,0.0000
1315420,1,0.0000
1320422,1,0.0000
1325423,1,0.0000
1330425,1,0.0000
1335427,1,0.0000
1340428,1,0.0000
1345430,1,0.0000
1350431,1,0.0000
1355433,1,0.0000
1360434,1,0.0000
1365436,1,0.0000
1370438,1,0.0000
1375439,1,0.0000
1380441,1,0.0000
1385442,1,0.0000
1390444,1,0.0000
1395446,1,0.0000
1400447,1,0.0000
1405449,1,0.0000
1410450,1,0.0000
1415452,1,0.0000
1420453,1,0.0000
1425455,1,0.0000
1430457,1,0.0000
1435458,1,0.0000
1440460,1,0.0000
1445462,1,0.0000
1450463,1,0.0000
1455465,1,0.0000
1460466,1,0.0000
1465468,1,0.0000
1470469,1,0.0000
1475471,1,0.0000
1480473,1,0.0000
1485474,1,0.0000
1490476,1,0.0000
1495477,1,0.0000
1500479,1,0.0000
1505481,1,0.0000
1510482,1,0.0000
1515484,1,0.0000
1520485,1,0.0000
1525487,1,0.0000
1530488,1,0.0000
1535490,1,0.0000
1540492,1,0.0000
1545493,1,0.0000
1550495,1,0.0000
1555497,1,0.0000
1560498,1,0.0000
1565500,1,0.0000
1570501,1,0.0000
1575503,1,0.0000
1580504,1,0.0000
1585506,1,0.0000
1590507,1,0.0000
1595509,1,0.0000
1600511,1,0.0000
1605512,1,0.0000
1610514,1,0.0000
1615516,1,0.0000
1620517,1,0.0000
1625519,1,0.0000
1630520,1,0.0000
1635522,1,0.0000
1640523,1,0.0000
1645525,1,0.0000
1650527,1,0.0000
1655528,1,0.0000
1660530,1,0.0000
1665531,1,0.0000
1670533,1,0.0000
1675535,1,0.0000
1680536,1,0.0000
1685538,1,0.0000
1690539,1,0.0000
1695541,1,0.0000
1700542,1,0.0000
1705544,1,0.0000
1710546,1,0.0000
1715547,1,0.0000
1720549,1,0.0000
1725551,1,0.0000
1730552,1,0.0000
1735554,1,0.0000
1740555,1,0.0000
1745557,1,0.0000
1750558,1,0.0000
1755560,1,0.0000
1760562,1,0.0000
1765563,1,0.0000
1770565,1,0.0000
1775566,1,0.0000
1780568,1,0.0000
1785570,1,0.0000
1790571,1,0.0000
1795573,1,0.0000
1800574,1,0.0000
1805576,1,0.0000
1810577,1,0.0000
1815579,1,0.0000
1820581,1,0.0000
1825582,1,0.0000
1830584,1,0.0000
1835586,1,0.0000
1840587,1,0.0000
1845589,1,0.0000
1850590,1,0.0000
1855592,1,0.0000
1860593,1,0.0000
1865595,1,0.0000
1870596,1,0.0000
1875598,1,0.0000
1880600,1,0.0000
1885601,1,0.0000
1890603,1,0.0000
1895605,1,0.0000
1900606,1,0.0000
1905608,1,0.0000
1910609,1,0.0000
1915611,1,0.0000
1920612,1,0.0000
1925614,1,0.0000
1930616,1,0.0000
1935617,1,0.0000
1940619,1,0.0000
1945620,1,0.0000
1950622,1,0.0000
1955624,1,0.0000
1960625,1,0.0000
1965627,1,0.0000
1970628,1,0.0000
1975630,1,0.0000
1980631,1,0.0000
1985633,1,0.0000
1990635,1,0.0000
1995636,1,0.0000
2000638,1,0.0000
2005640,1,0.0000
2010641,1,0.0000
2015643,1,0.0000
2020644,1,0.0000
2025646,1,0.0000
2030647,1,0.0000
2035649,1,0.0000
2040651,1,0.0000
2045652,1,0.0000
2050654,1,0.0000
2055655,1,0.0000
2060657,1,0.0000
2065659,1,0.0000
2070660,1,0.0000
2075662,1,0.0000
2080663,1,0.0000
2085665,1,0.0000
2090666,1,0.0000
2095668,1,0.0000
2100670,1,0.0000
2105671,1,0.0000
2110673,1,0.0000
2115675,1,0.0000
2120676,1,0.0000
2125678,1,0.0000
2130679,1,0.0000
2135681,1,0.0000
2140682,1,0.0000
2145684,1,0.0000
2150685,1,0.0000
2155687,1,0.0000
2160689,1,0.0000
2165690,1,0.0000
2170692,1,0.0000
2175694,1,0.0000
2180695,1,0.0000
2185697,1,0.0000
2190698,1,0.0000
2195700,1,0.0000
2200701,1,0.0000
2205703,1,0.0000
2210705,1,0.0000
2215706,1,0.0000
2220708,1,0.0000
2225709,1,0.0000
2230711,1,0.0000
2235713,1,0.0000
2240714,1,0.0000
2245716,1,0.0000
2250717,1,0.0000
2255719,1,0.0000
2260720,1,0.0000
2265722,1,0.0000
2270724,1,0.0000
2275725,1,0.0000
2280727,1,0.0000
2285729,1,0.0000
2290730,1,0.0000
2295732,1,0.0000
2300733,1,0.0000
2305735,1,0.0000
2310736,1,0.0000
2315738,1,0.0000
2320740,1,0.0000
2325741,1,0.0000
2330743,1,0.0000
2335744,1,0.0000
2340746,1,0.0000
2345748,1,0.0000
2350749,1,0.0000
2355751,1,0.0000
2360752,1,0.0000
2365754,1,0.0000
2370755,1,0.0000
2375757,1,0.0000
2380759,1,0.0000
2385760,1,0.0000
2390762,1,0.0000
2395764,1,0.0000
2400765,1,0.0000
2405767,1,0.0000
2410768,1,0.0000
2415770,1,0.0000
2420771,1,0.0000
2425773,1,0.0000
2430774,1,0.0000
2435776,1,0.0000
2440778,1,0.0000
2445779,1,0.0000
2450781,1,0.0000
2455783,1,0.0000
2460784,1,0.0000
2465786,1,0.0000
2470787,1,0.0000
2475789,1,0.0000
2480790,1,0.0000
2485792,1,0.0000
2490794,1,0.0000
2495795,1,0.0000
2500797,1,0.0000
2505798,1,0.0000
2510800,1,0.0000
2515802,1,0.0000
2520803,1,0.0000
2525805,1,0.0000
2530806,1,0.0000
2535808,1,0.0000
2540809,1,0.0000
2545811,1,0.0000
2550813,1,0.0000
2555814,1,0.0000
2560816,1,0.0000
2565818,1,0.0000
2570819,1,0.0000
2575821,1,0.0000
2580822,1,0.0000
2585824,1,0.0000
2590825,1,0.0000
2595827,1,0.0000
2600829,1,0.0000
2605830,1,0.0000
2610832,1,0.0000
2615833,1,0.0000
2620835,1,0.0000
2625837,1,0.0000
2630838,1,0.0000
2635840,1,0.0000
2640841,1,0.0000
2645843,1,0.0000
2650844,1,0.0000
2655846,1,0.0000
2660848,1,0.0000
2665849,1,0.0000
2670851,1,0.0000
2675853,1,0.0000
2680854,1,0.0000
2685856,1,0.0000
2690857,1,0.0000
2695859,1,0.0000
2700860,1,0.0000
2705862,1,0.0000
2710863,1,0.0000
2715865,1,0.0000
2720867,1,0.0000
2725868,1,0.0000
2730870,1,0.0000
2735872,1,0.0000
2740873,1,0.0000
2745875,1,0.0000
2750876,1,0.0000
2755878,1,0.0000
2760879,1,0.0000
2765881,1,0.0000
2770883,1,0.0000
2775884,1,0.0000
2780886,1,0.0000
2785887,1,0.0000
2790889,1,0.0000
2795891,1,0.0000
2800892,1,0.0000
2805894,1,0.0000
2810895,1,0.0000
2815897,1,0.0000
2820898,1,0.0000
2825900,1,0.0000
2830902,1,0.0000
2835903,1,0.0000
2840905,1,0.0000
2845907,1,0.0000
2850908,1,0.0000
2855910,1,0.0000
2860911,1,0.0000
2865913,1,0.0000
2870914,1,0.0000
2875916,1,0.0000
2880918,1,0.0000
2885919,1,0.0000
2890921,1,0.0000
2895922,1,0.0000
2900924,1,0.0000
2905926,1,0.0000
2910927,1,0.0000
2915929,1,0.0000
2920930,1,0.0000
2925932,1,0.0000
2930933,1,0.0000
2935935,1,0.0000
2940937,1,0.0000
2945938,1,0.0000
2950940,1,0.0000
2955942,1,0.0000
2960943,1,0.0000
2965945,1,0.0000
2970946,1,0.0000
2975948,1,0.0000
2980949,1,0.0000
2985951,1,0.0000
2990952,1,0.0000
2995954,1,0.0000
3000956,1,0.0000
3005957,1,0.0000
3010959,1,0.0000
3015961,1,0.0000
3020962,1,0.0000
3025964,1,0.0000
3030965,1,0.0000
3035967,1,0.0000
3040968,1,0.0000
3045970,1,0.0000
3050972,1,0.0000
3055974,1,0.0000
3060974,1,0.0000
3065975,1,0.0000
3070977,1,0.0000
3075978,1,0.0000
3080978,1,0.0000
3085980,1,0.0000
3090981,1,0.0000
3095981,1,0.0000
3100983,1,0.0000
3105984,1,0.0000
3110985,1,0.0000
3115986,1,0.0000
3120987,1,0.0000
3125988,1,0.0000
3130991,1,0.0000
3135994,1,0.0000
3140996,1,0.0000
3145997,1,0.0000
3150999,1,0.0000
3156001,1,0.0000
3161002,1,0.0000
3166004,1,0.0000
3171005,1,0.0000
3176007,1,0.0000
3181008,1,0.0000
3186010,1,0.0000
3191012,1,0.0000
3196013,1,0.0000
3201015,1,0.0000
3206017,1,0.0000
3211018,1,0.0000
3216020,1,0.0000
3221021,1,0.0000
3226023,1,0.0000
3231024,1,0.0000
3236026,1,0.0000
3241028,1,0.0000
3246029,1,0.0000
3251031,1,0.0000
3256032,1,0.0000
3261034,1,0.0000
3266036,1,0.0000
3271037,1,0.0000
3276039,1,0.0000
3281040,1,0.0000
3286042,1,0.0000
3291043,1,0.0000
3296045,1,0.0000
3301047,1,0.0000
3306048,1,0.0000
3311050,1,0.0000
3316052,1,0.0000
3321053,1,0.0000
3326055,1,0.0000
3331056,1,0.0000
3336058,1,0.0000
3341059,1,0.0000
3346061,1,0.0000
3351062,1,0.0000
3356064,1,0.0000
3361066,1,0.0000
3366067,1,0.0000
3371069,1,0.0000
3376071,1,0.0000
3381072,1,0.0000
3386074,1,0.0000
3391075,1,0.0000
3396077,1,0.0000
3401078,1,0.0000
3406080,1,0.0000
3411082,1,0.0000
3416083,1,0.0000
3421085,1,0.0000
3426086,1,0.0000
3431088,1,0.0000
3436090,1,0.0000
3441091,1,0.0000
3446093,1,0.0000
3451094,1,0.0000
3456096,1,0.0000
3461097,1,0.0000
3466099,1,0.0000
3471101,1,0.0000
3476102,1,0.0000
3481104,1,0.0000
3486106,1,0.0000
3491107,1,0.0000
3496109,1,0.0000
3501110,1,0.0000
3506112,1,0.0000
3511113,1,0.0000
3516115,1,0.0000
3521117,1,0.0000
3526118,1,0.0000
3531120,1,0.0000
3536121,1,0.0000
3541123,1,0.0000
3546125,1,0.0000
3551126,1,0.0000
3556128,1,0.0000
3561129,1,0.0000
3566131,1,0.0000
3571132,1,0.0000
3576134,1,0.0000
3581136,1,0.0000
3586137,1,0.0000
3591139,1,0.0000
3596141,1,0.0000
3601142,1,0.0000
3606144,1,0.0000
3611145,1,0.0000
3616147,1,0.0000
3621148,1,0.0000
3626150,1,0.0000
3631151,1,0.0000
3636153,1,0.0000
3641155,1,0.0000
3646156,1,0.0000
3651158,1,0.0000
3656160,1,0.0000
3661161,1,0.0000
3666163,1,0.0000
3671164,1,0.0000
3676166,1,0.0000
3681167,1,0.0000
3686169,1,0.0000
3691171,1,0.0000
3696172,1,0.0000
3701174,1,0.0000
3706175,1,0.0000
3711177,1,0.0000
3716179,1,0.0000
3721180,1,0.0000
3726182,1,0.0000
3731183,1,0.0000
3736185,1,0.0000
3741186,1,0.0000
3746188,1,0.0000
3751190,1,0.0000
3756191,1,0.0000
3761193,1,0.0000
3766195,1,0.0000
3771196,1,0.0000
3776198,1,0.0000
3781199,1,0.0000
3786201,1,0.0000
3791202,1,0.0000
3796204,1,0.0000
3801206,1,0.0000
3806207,1,0.0000
3811209,1,0.0000
3816210,1,0.0000
3821212,1,0.0000
3826214,1,0.0000
3831215,1,0.0000
3836217,1,0.0000
3841218,1,0.0000
3846220,1,0.0000
3851221,1,0.0000
3856223,1,0.0000
3861225,1,0.0000
3866226,1,0.0000
3871228,1,0.0000
3876230,1,0.0000
3881231,1,0.0000
3886233,1,0.0000
3891234,1,0.0000
3896236,1,0.0000
3901237,1,0.0000
3906239,1,0.0000
3911240,1,0.0000
3916242,1,0.0000
3921244,1,0.0000
3926245,1,0.0000
3931247,1,0.0000
3936249,1,0.0000
3941250,1,0.0000
3946252,1,0.0000
3951253,1,0.0000
3956255,1,0.0000
3961256,1,0.0000
3966258,1,0.0000
3971260,1,0.0000
3976261,1,0.0000
3981263,1,0.0000
3986264,1,0.0000
3991266,1,0.0000
3996268,1,0.0000
4001269,1,0.0000
4006271,1,0.0000
4011272,1,0.0000
4016274,1,0.0000
4021275,1,0.0000
4026277,1,0.0000
4031279,1,0.0000
4036280,1,0.0000
4041282,1,0.0000
4046284,1,0.0000
4051285,1,0.0000
4056287,1,0.0000
4061288,1,0.0000
4066290,1,0.0000
4071291,1,0.0000
4076293,1,0.0000
4081295,1,0.0000
4086296,1,0.0000
4091298,1,0.0000
4096299,1,0.0000
4101301,1,0.0000
4106303,1,0.0000
4111304,1,0.0000
4116306,1,0.0000
4121307,1,0.0000
4126309,1,0.0000
4131310,1,0.0000
4136312,1,0.0000
4141314,1,0.0000
4146315,1,0.0000
4151317,1,0.0000
4156319,1,0.0000
4161320,1,0.0000
4166322,1,0.0000
4171323,1,0.0000
4176325,1,0.0000
4181326,1,0.0000
4186328,1,0.0000
4191329,1,0.0000
4196331,1,0.0000
4201333,1,0.0000
4206334,1,0.0000
4211336,1,0.0000
4216338,1,0.0000
4221339,1,0.0000
4226341,1,0.0000
4231342,1,0.0000
4236344,1,0.0000
4241345,1,0.0000
4246347,1,0.0000
4251349,1,0.0000
4256350,1,0.0000
4261352,1,0.0000
4266353,1,0.0000
4271355,1,0.0000
4276357,1,0.0000
4281358,1,0.0000
4286360,1,0.0000
4291361,1,0.0000
4296363,1,0.0000
4301364,1,0.0000
4306366,1,0.0000
4311368,1,0.0000
4316369,1,0.0000
4321371,1,0.0000
4326373,1,0.0000
4331374,1,0.0000
4336376,1,0.0000
4341377,1,0.0000
4346379,1,0.0000
4351380,1,0.0000
4356382,1,0.0000
4361384,1,0.0000
4366385,1,0.0000
4371387,1,0.0000
4376388,1,0.0000
4381390,1,0.0000
4386392,1,0.0000
4391393,1,0.0000
4396395,1,0.0000
4401396,1,0.0000
4406398,1,0.0000
4411399,1,0.0000
4416401,1,0.0000
4421403,1,0.0000
4426404,1,0.0000
4431406,1,0.0000
4436408,1,0.0000
4441409,1,0.0000
4446411,1,0.0000
4451412,1,0.0000
4456414,1,0.0000
4461415,1,0.0000
4466417,1,0.0000
4471418,1,0.0000
4476420,1,0.0000
4481422,1,0.0000
4486423,1,0.0000
4491425,1,0.0000
4496427,1,0.0000
4501428,1,0.0000
4506430,1,0.0000
4511431,1,0.0000
4516433,1,0.0000
4521434,1,0.0000
4526436,1,0.0000
4531438,1,0.0000
4536439,1,0.0000
4541441,1,0.0000
4546442,1,0.0000
4551444,1,0.0000
4556446,1,0.0000
4561447,1,0.0000
4566449,1,0.0000
4571450,1,0.0000
4576452,1,0.0000
4581453,1,0.0000
4586455,1,0.0000
4591457,1,0.0000
4596458,1,0.0000
4601460,1,0.0000
4606462,1,0.0000
4611463,1,0.0000
4616465,1,0.0000
4621466,1,0.0000
4626468,1,0.0000
4631469,1,0.0000
4636471,1,0.0000
4641473,1,0.0000
4646474,1,0.0000
4651476,1,0.0000
4656477,1,0.0000
4661479,1,0.0000
4666481,1,0.0000
4671482,1,0.0000
4676484,1,0.0000
4681485,1,0.0000
4686487,1,0.0000
4691488,1,0.0000
4696490,1,0.0000
4701492,1,0.0000
4706493,1,0.0000
4711495,1,0.0000
4716497,1,0.0000
4721498,1,0.0000
4726500,1,0.0000
4731501,1,0.0000
4736503,1,0.0000
4741504,1,0.0000
4746506,1,0.0000
4751507,1,0.0000
4756509,1,0.0000
4761511,1,0.0000
4766512,1,0.0000
4771514,1,0.0000
4776516,1,0.0000
4781517,1,0.0000
4786519,1,0.0000
4791520,1,0.0000
4796522,1,0.0000
4801523,1,0.0000
4806525,1,0.0000
4811527,1,0.0000
4816528,1,0.0000
4821530,1,0.0000
4826531,1,0.0000
4831533,1,0.0000
4836535,1,0.0000
4841536,1,0.0000
4846538,1,0.0000
4851539,1,0.0000
4856541,1,0.0000
4861542,1,0.0000
4866544,1,0.0000
4871546,1,0.0000
4876547,1,0.0000
4881549,1,0.0000
4886551,1,0.0000
4891552,1,0.0000
4896554,1,0.0000
4901555,1,0.0000
4906557,1,0.0000
4911558,1,0.0000
4916560,1,0.0000
4921562,1,0.0000
4926563,1,0.0000
4931565,1,0.0000
4936566,1,0.0000
4941568,1,0.0000
4946570,1,0.0000
4951571,1,0.0000
4956573,1,0.0000
4961574,1,0.0000
4966576,1,0.0000
4971577,1,0.0000
4976579,1,0.0000
4981581,1,0.0000
4986582,1,0.0000
4991584,1,0.0000
4996586,1,0.0000
5001587,1,0.0000
5006589,1,0.0000
5011590,1,0.0000
5016592,1,0.0000
5021593,1,0.0000
5026595,1,0.0000
5031596,1,0.0000
5036598,1,0.0000
5041600,1,0.0000
5046601,1,0.0000
5051603,1,0.0000
5056605,1,0.0000
5061606,1,0.0000
5066608,1,0.0000
5071609,1,0.0000
5076611,1,0.0000
5081612,1,0.0000
5086614,1,0.0000
5091616,1,0.0000
5096617,1,0.0000
5101619,1,0.0000
5106620,1,0.0000
5111622,1,0.0000
5116624,1,0.0000
5121625,1,0.0000
5126627,1,0.0000
5131628,1,0.0000
5136630,1,0.0000
5141631,1,0.0000
5146633,1,0.0000
5151635,1,0.0000
5156636,1,0.0000
5161638,1,0.0000
5166640,1,0.0000
5171641,1,0.0000
5176643,1,0.0000
5181644,1,0.0000
5186646,1,0.0000
5191647,1,0.0000
5196649,1,0.0000
5201651,1,0.0000
5206652,1,0.0000
5211654,1,0.0000
5216655,1,0.0000
5221657,1,0.0000
5226659,1,0.0000
5231660,1,0.0000
5236662,1,0.0000
5241663,1,0.0000
5246665,1,0.0000
5251666,1,0.0000
5256668,1,0.0000
5261670,1,0.0000
5266671,1,0.0000
5271673,1,0.0000
5276675,1,0.0000
5281676,1,0.0000
5286678,1,0.0000
5291679,1,0.0000
5296681,1,0.0000
5301682,1,0.0000
5306684,1,0.0000
5311685,1,0.0000
5316687,1,0.0000
5321689,1,0.0000
5326690,1,0.0000
5331692,1,0.0000
5336694,1,0.0000
5341695,1,0.0000
5346697,1,0.0000
5351698,1,0.0000
5356700,1,0.0000
5361701,1,0.0000
5366703,1,0.0000
5371705,1,0.0000
5376706,1,0.0000
5381708,1,0.0000
5386709,1,0.0000
5391711,1,0.0000
5396713,1,0.0000
5401714,1,0.0000
5406716,1,0.0000
5411717,1,0.0000
5416719,1,0.0000
5421720,1,0.0000
5426722,1,0.0000
5431724,1,0.0000
5436725,1,0.0000
5441727,1,0.0000
5446729,1,0.0000
5451730,1,0.0000
5456732,1,0.0000
5461733,1,0.0000
5466735,1,0.0000
5471736,1,0.0000
5476738,1,0.0000
5481740,1,0.0000
5486741,1,0.0000
5491743,1,0.0000
5496744,1,0.0000
5501746,1,0.0000
5506748,1,0.0000
5511749,1,0.0000
5516751,1,0.0000
5521752,1,0.0000
5526754,1,0.0000
5531755,1,0.0000
5536757,1,0.0000
5541759,1,0.0000
5546760,1,0.0000
5551762,1,0.0000
5556764,1,0.0000
5561765,1,0.0000
5566767,1,0.0000
5571768,1,0.0000
5576770,1,0.0000
5581771,1,0.0000
5586773,1,0.0000
5591774,1,0.0000
5596776,1,0.0000
5601778,1,0.0000
5606779,1,0.0000
5611781,1,0.0000
5616783,1,0.0000
5621784,1,0.0000
5626786,1,0.0000
5631787,1,0.0000
5636789,1,0.0000
5641790,1,0.0000
5646792,1,0.0000
5651794,1,0.0000
5656795,1,0.0000
5661797,1,0.0000
5666798,1,0.0000
5671800,1,0.0000
5676802,1,0.0000
5681803,1,0.0000
5686805,1,0.0000
5691806,1,0.0000
5696808,1,0.0000
5701809,1,0.0000
5706811,1,0.0000
5711813,1,0.0000
5716814,1,0.0000
5721816,1,0.0000
5726818,1,0.0000
5731819,1,0.0000
5736821,1,0.0000
5741822,1,0.0000
5746824,1,0.0000
5751825,1,0.0000
5756827,1,0.0000
5761829,1,0.0000
5766830,1,0.0000
5771832,1,0.0000
5776833,1,0.0000
5781835,1,0.0000
5786837,1,0.0000
5791838,1,0.0000
5796840,1,0.0000
5801841,1,0.0000
5806843,1,0.0000
5811844,1,0.0000
5816846,1,0.0000
5821848,1,0.0000
5826849,1,0.0000
5831851,1,0.0000
5836853,1,0.0000
5841854,1,0.0000
5846856,1,0.0000
5851857,1,0.0000
5856859,1,0.0000
5861860,1,0.0000
5866862,1,0.0000
5871863,1,0.0000
5876865,1,0.0000
5881867,1,0.0000
5886868,1,0.0000
5891870,1,0.0000
5896872,1,0.0000
5901873,1,0.0000
5906875,1,0.0000
5911876,1,0.0000
5916878,1,0.0000
5921879,1,0.0000
5926881,1,0.0000
5931883,1,0.0000
5936884,1,0.0000
5941886,1,0.0000
5946887,1,0.0000
5951889,1,0.0000
5956891,1,0.0000
5961892,1,0.0000
5966894,1,0.0000
5971895,1,0.0000
5976897,1,0.0000
5981898,1,0.0000
5986900,1,0.0000
5991902,1,0.0000
5996903,1,0.0000
6001905,1,0.0000
6006907,1,0.0000
6011908,1,0.0000
6016910,1,0.0000
6021911,1,0.0000
6026913,1,0.0000
6031914,1,0.0000
6036916,1,0.0000
6041918,1,0.0000
6046919,1,0.0000
6051921,1,0.0000
6056922,1,0.0000
6061924,1,0.0000
6066926,1,0.0000
6071927,1,0.0000
6076929,1,0.0000
6081930,1,0.0000
6086932,1,0.0000
6091933,1,0.0000
6096935,1,0.0000
6101937,1,0.0000
6106938,1,0.0000
6111940,1,0.0000
6116942,1,0.0000
6121943,1,0.0000
6126945,1,0.0000
6131946,1,0.0000
6136948,1,0.0000
6141949,1,0.0000
6146951,1,0.0000
6151952,1,0.0000
6156954,1,0.0000
6161956,1,0.0000
6166957,1,0.0000
6171959,1,0.0000
6176961,1,0.0000
6181962,1,0.0000
6186964,1,0.0000
6191965,1,0.0000
6196967,1,0.0000
6201968,1,0.0000
6206970,1,0.0000
6211972,1,0.0000
6216974,1,0.0000
6221974,1,0.0000
6226975,1,0.0000
6231977,1,0.0000
6236978,1,0.0000
6241978,1,0.0000
6246980,1,0.0000
6251981,1,0.0000
6256981,1,0.0000
6261983,1,0.0000
6266984,1,0.0000
6271985,1,0.0000
6276986,1,0.0000
6281987,1,0.0000
6286988,1,0.0000
6291991,1,0.0000
6296994,1,0.0000
6301996,1,0.0000
6306997,1,0.0000
6311999,1,0.0000
6317001,1,0.0000
6322002,1,0.0000
6327004,1,0.0000
6332005,1,0.0000
6337007,1,0.0000
6342008,1,0.0000
6347010,1,0.0000
6352012,1,0.0000
6357013,1,0.0000
6362015,1,0.0000
6367017,1,0.0000
6372018,1,0.0000
6377020,1,0.0000
6382021,1,0.0000
6387023,1,0.0000
6392024,1,0.0000
6397026,1,0.0000
6402028,1,0.0000
6407029,1,0.0000
6412031,1,0.0000
6417032,1,0.0000
6422034,1,0.0000
6427036,1,0.0000
6432037,1,0.0000
6437039,1,0.0000
6442040,1,0.0000
6447042,1,0.0000
6452043,1,0.0000
6457045,1,0.0000
6462047,1,0.0000
6467048,1,0.0000
6472050,1,0.0000
6477052,1,0.0000
6482053,1,0.0000
6487055,1,0.0000
6492056,1,0.0000
6497058,1,0.0000
6502059,1,0.0000
6507061,1,0.0000
6512062,1,0.0000
6517064,1,0.0000
6522066,1,0.0000
6527067,1,0.0000
6532069,1,0.0000
6537071,1,0.0000
6542072,1,0.0000
6547074,1,0.0000
6552075,1,0.0000
6557077,1,0.0000
6562078,1,0.0000
6567080,1,0.0000
6572082,1,0.0000
6577083,1,0.0000
6582085,1,0.0000
6587086,1,0.0000
6592088,1,0.0000
6597090,1,0.0000
6602091,1,0.0000
6607093,1,0.0000
6612094,1,0.0000
6617096,1,0.0000
6622097,1,0.0000
6627099,1,0.0000
6632101,1,0.0000
6637102,1,0.0000
6642104,1,0.0000
6647106,1,0.0000
6652107,1,0.0000
6657109,1,0.0000
6662110,1,0.0000
6667112,1,0.0000
6672113,1,0.0000
6677115,1,0.0000
6682117,1,0.0000
6687118,1,0.0000
6692120,1,0.0000
6697121,1,0.0000
6702123,1,0.0000
6707125,1,0.0000
6712126,1,0.0000
6717128,1,0.0000
6722129,1,0.0000
6727131,1,0.0000
6732132,1,0.0000
6737134,1,0.0000
6742136,1,0.0000
6747137,1,0.0000
6752139,1,0.0000
6757141,1,0.0000
6762142,1,0.0000
6767144,1,0.0000
6772145,1,0.0000
6777147,1,0.0000
6782148,1,0.0000
6787150,1,0.0000
6792151,1,0.0000
6797153,1,0.0000
6802155,1,0.0000
6807156,1,0.0000
6812158,1,0.0000
6817160,1,0.0000
6822161,1,0.0000
6827163,1,0.0000
6832164,1,0.0000
6837166,1,0.0000
6842167,1,0.0000
6847169,1,0.0000
6852171,1,0.0000
6857172,1,0.0000
6862174,1,0.0000
6867175,1,0.0000
6872177,1,0.0000
6877179,1,0.0000
6882180,1,0.0000
6887182,1,0.0000
6892183,1,0.0000
6897185,1,0.0000
6902186,1,0.0000
6907188,1,0.0000
6912190,1,0.0000
6917191,1,0.0000
6922193,1,0.0000
6927195,1,0.0000
6932196,1,0.0000
6937198,1,0.0000
6942199,1,0.0000
6947201,1,0.0000
6952202,1,0.0000
6957204,1,0.0000
6962206,1,0.0000
6967207,1,0.0000
6972209,1,0.0000
6977210,1,0.0000
6982212,1,0.0000
6987214,1,0.0000
6992215,1,0.0000
6997217,1,0.0000
7002218,1,0.0000
7007220,1,0.0000
7012221,1,0.0000
7017223,1,0.0000
7022225,1,0.0000
7027226,1,0.0000
7032228,1,0.0000
7037230,1,0.0000
7042231,1,0.0000
7047233,1,0.0000
7052234,1,0.0000
7057236,1,0.0000
7062237,1,0.0000
7067239,1,0.0000
7072240,1,0.0000
7077242,1,0.0000
7082244,1,0.0000
7087245,1,0.0000
7092247,1,0.0000
7097249,1,0.0000
7102250,1,0.0000
7107252,1,0.0000
7112253,1,0.0000
7117255,1,0.0000
7122256,1,0.0000
7127258,1,0.0000
7132260,1,0.0000
7137261,1,0.0000
7142263,1,0.0000
7147264,1,0.0000
7152266,1,0.0000
7157268,1,0.0000
7162269,1,0.0000
7167271,1,0.0000
7172272,1,0.0000
7177274,1,0.0000
7182275,1,0.0000
7187277,1,0.0000
7192279,1,0.0000
7197280,1,0.0000
7202282,1,0.0000
7207284,1,0.0000
7212285,1,0.0000
7217287,1,0.0000
7222288,1,0.0000
7227290,1,0.0000
7232291,1,0.0000
7237293,1,0.0000
7242295,1,0.0000
7247296,1,0.0000
7252298,1,0.0000
7257299,1,0.0000
7262301,1,0.0000
7267303,1,0.0000
7272304,1,0.0000
7277306,1,0.0000
7282307,1,0.0000
7287309,1,0.0000
7292310,1,0.0000
7297312,1,0.0000
7302314,1,0.0000
7307315,1,0.0000
7312317,1,0.0000
7317319,1,0.0000
7322320,1,0.0000
7327322,1,0.0000
7332323,1,0.0000
7337325,1,0.0000
7342326,1,0.0000
7347328,1,0.0000
7352329,1,0.0000
7357331,1,0.0000
7362333,1,0.0000
7367334,1,0.0000
7372336,1,0.0000
7377338,1,0.0000
7382339,1,0.0000
7387341,1,0.0000
7392342,1,0.0000
7397344,1,0.0000
7402345,1,0.0000
7407347,1,0.0000
7412349,1,0.0000
7417350,1,0.0000
7422352,1,0.0000
7427353,1,0.0000
7432355,1,0.0000
7437357,1,0.0000
7442358,1,0.0000
7447360,1,0.0000
7452361,1,0.0000
7457363,1,0.0000
7462364,1,0.0000
7467366,1,0.0000
7472368,1,0.0000
7477369,1,0.0000
7482371,1,0.0000
7487373,1,0.0000
7492374,1,0.0000
7497376,1,0.0000
7502377,1,0.0000
7507379,1,0.0000
7512380,1,0.0000
7517382,1,0.0000
7522384,1,0.0000
7527385,1,0.0000
7532387,1,0.0000
7537388,1,0.0000
7542390,1,0.0000
7547392,1,0.0000
7552393,1,0.0000
7557395,1,0.0000
7562396,1,0.0000
7567398,1,0.0000
7572399,1,0.0000
7577401,1,0.0000
7582403,1,0.0000
7587404,1,0.0000
7592406,1,0.0000
7597408,1,0.0000
7602409,1,0.0000
7607411,1,0.0000
7612412,1,0.0000
7617414,1,0.0000
7622415,1,0.0000
7627417,1,0.0000
7632418,1,0.0000
7637420,1,0.0000
7642422,1,0.0000
7647423,1,0.0000
7652425,1,0.0000
7657427,1,0.0000
7662428,1,0.0000
7667430,1,0.0000
7672431,1,0.0000
7677433,1,0.0000
7682434,1,0.0000
7687436,1,0.0000
7692438,1,0.0000
7697439,1,0.0000
7702441,1,0.0000
7707442,1,0.0000
7712444,1,0.0000
7717446,1,0.0000
7722447,1,0.0000
7727449,1,0.0000
7732450,1,0.0000
7737452,1,0.0000
7742453,1,0.0000
7747455,1,0.0000
7752457,1,0.0000
7757458,1,0.0000
7762460,1,0.0000
7767462,1,0.0000
7772463,1,0.0000
7777465,1,0.0000
7782466,1,0.0000
7787468,1,0.0000
7792469,1,0.0000
7797471,1,0.0000
7802473,1,0.0000
7807474,1,0.0000
7812476,1,0.0000
7817477,1,0.0000
7822479,1,0.0000
7827481,1,0.0000
7832482,1,0.0000
7837484,1,0.0000
7842485,1,0.0000
7847487,1,0.0000
7852488,1,0.0000
7857490,1,0.0000
7862492,1,0.0000
7867493,1,0.0000
7872495,1,0.0000
7877497,1,0.0000
7882498,1,0.0000
7887500,1,0.0000
7892501,1,0.0000
7897503,1,0.0000
7902504,1,0.0000
7907506,1,0.0000
7912507,1,0.0000
7917509,1,0.0000
7922511,1,0.0000
7927512,1,0.0000
7932514,1,0.0000
7937516,1,0.0000
7942517,1,0.0000
7947519,1,0.0000
7952520,1,0.0000
7957522,1,0.0000
7962523,1,0.0000
7967525,1,0.0000
7972527,1,0.0000
7977528,1,0.0000
7982530,1,0.0000
7987531,1,0.0000
7992533,1,0.0000
7997535,1,0.0000
8002536,1,0.0000
8007538,1,0.0000
8012539,1,0.0000
8017541,1,0.0000
8022542,1,0.0000
8027544,1,0.0000
8032546,1,0.0000
8037547,1,0.0000
8042549,1,0.0000
8047551,1,0.0000
8052552,1,0.0000
8057554,1,0.0000
8062555,1,0.0000
8067557,1,0.0000
8072558,1,0.0000
8077560,1,0.0000
8082562,1,0.0000
8087563,1,0.0000
8092565,1,0.0000
8097566,1,0.0000
8102568,1,0.0000
8107570,1,0.0000
8112571,1,0.0000
8117573,1,0.0000
8122574,1,0.0000
8127576,1,0.0000
8132577,1,0.0000
8137579,1,0.0000
8142581,1,0.0000
8147582,1,0.0000
8152584,1,0.0000
8157586,1,0.0000
8162587,1,0.0000
8167589,1,0.0000
8172590,1,0.0000
8177592,1,0.0000
8182593,1,0.0000
8187595,1,0.0000
8192596,1,0.0000
8197598,1,0.0000
8202600,1,0.0000
8207601,1,0.0000
8212603,1,0.0000
8217605,1,0.0000
8222606,1,0.0000
8227608,1,0.0000
8232609,1,0.0000
8237611,1,0.0000
8242612,1,0.0000
8247614,1,0.0000
8252616,1,0.0000
8257617,1,0.0000
8262619,1,0.0000
8267620,1,0.0000
8272622,1,0.0000
8277624,1,0.0000
8282625,1,0.0000
8287627,1,0.0000
8292628,1,0.0000
8297630,1,0.0000
8302631,1,0.0000
8307633,1,0.0000
8312635,1,0.0000
8317636,1,0.0000
8322638,1,0.0000
8327640,1,0.0000
8332641,1,0.0000
8337643,1,0.0000
8342644,1,0.0000
8347646,1,0.0000
8352647,1,0.0000
8357649,1,0.0000
8362651,1,0.0000
8367652,1,0.0000
8372654,1,0.0000
8377655,1,0.0000
8382657,1,0.0000
8387659,1,0.0000
8392660,1,0.0000
8397662,1,0.0000
8402663,1,0.0000
8407665,1,0.0000
8412666,1,0.0000
8417668,1,0.0000
8422670,1,0.0000
8427671,1,0.0000
8432673,1,0.0000
8437675,1,0.0000
8442676,1,0.0000
8447678,1,0.0000
8452679,1,0.0000
8457681,1,0.0000
8462682,1,0.0000
8467684,1,0.0000
8472685,1,0.0000
8477687,1,0.0000
8482689,1,0.0000
8487690,1,0.0000
8492692,1,0.0000
8497694,1,0.0000
8502695,1,0.0000
8507697,1,0.0000
8512698,1,0.0000
8517700,1,0.0000
8522701,1,0.0000
8527703,1,0.0000
8532705,1,0.0000
8537706,1,0.0000
8542708,1,0.0000
8547709,1,0.0000
8552711,1,0.0000
8557713,1,0.0000
8562714,1,0.0000
8567716,1,0.0000
8572717,1,0.0000
8577719,1,0.0000
8582720,1,0.0000
8587722,1,0.0000
8592724,1,0.0000
8597725,1,0.0000
8602727,1,0.0000
8607729,1,0.0000
8612730,1,0.0000
8617732,1,0.0000
8622733,1,0.0000
8627735,1,0.0000
8632736,1,0.0000
8637738,1,0.0000
8642740,1,0.0000
8647741,1,0.0000
8652743,1,0.0000
8657744,1,0.0000
8662746,1,0.0000
8667748,1,0.0000
8672749,1,0.0000
8677751,1,0.0000
8682752,1,0.0000
8687754,1,0.0000
8692755,1,0.0000
8697757,1,0.0000
8702759,1,0.0000
8707760,1,0.0000
8712762,1,0.0000
8717764,1,0.0000
8722765,1,0.0000
8727767,1,0.0000
8732768,1,0.0000
8737770,1,0.0000
8742771,1,0.0000
8747773,1,0.0000
8752774,1,0.0000
8757776,1,0.0000
8762778,1,0.0000
8767779,1,0.0000
8772781,1,0.0000
8777783,1,0.0000
8782784,1,0.0000
8787786,1,0.0000
8792787,1,0.0000
8797789,1,0.0000
8802790,1,0.0000
8807792,1,0.0000
8812794,1,0.0000
8817795,1,0.0000
8822797,1,0.0000
8827798,1,0.0000
8832800,1,0.0000
8837802,1,0.0000
8842803,1,0.0000
8847805,1,0.0000
8852806,1,0.0000
8857808,1,0.0000
8862809,1,0.0000
8867811,1,0.0000
8872813,1,0.0000
8877814,1,0.0000
8882816,1,0.0000
8887818,1,0.0000
8892819,1,0.0000
8897821,1,0.0000
8902822,1,0.0000
8907824,1,0.0000
8912825,1,0.0000
8917827,1,0.0000
8922829,1,0.0000
8927830,1,0.0000
8932832,1,0.0000
8937833,1,0.0000
8942835,1,0.0000
8947837,1,0.0000
8952838,1,0.0000
8957840,1,0.0000
8962841,1,0.0000
8967843,1,0.0000
8972844,1,0.0000
8977846,1,0.0000
8982848,1,0.0000
8987849,1,0.0000
8992851,1,0.0000
8997853,1,0.0000
9002854,1,0.0000
9007856,1,0.0000
9012857,1,0.0000
9017859,1,0.0000
9022860,1,0.0000
9027862,1,0.0000
9032863,1,0.0000
9037865,1,0.0000
9042867,1,0.0000
9047868,1,0.0000
9052870,1,0.0000
9057872,1,0.0000
9062873,1,0.0000
9067875,1,0.0000
9072876,1,0.0000
9077878,1,0.0000
9082879,1,0.0000
9087881,1,0.0000
9092883,1,0.0000
9097884,1,0.0000
9102886,1,0.0000
9107887,1,0.0000
9112889,1,0.0000
9117891,1,0.0000
9122892,1,0.0000
9127894,1,0.0000
9132895,1,0.0000
9137897,1,0.0000
9142898,1,0.0000
9147900,1,0.0000
9152902,1,0.0000
9157903,1,0.0000
9162905,1,0.0000
9167907,1,0.0000
9172908,1,0.0000
9177910,1,0.0000
9182911,1,0.0000
9187913,1,0.0000
9192914,1,0.0000
9197916,1,0.0000
9202918,1,0.0000
9207919,1,0.0000
9212921,1,0.0000
9217922,1,0.0000
9222924,1,0.0000
9227926,1,0.0000
9232927,1,0.0000
9237929,1,0.0000
9242930,1,0.0000
9247932,1,0.0000
9252933,1,0.0000
9257935,1,0.0000
9262937,1,0.0000
9267938,1,0.0000
9272940,1,0.0000
9277942,1,0.0000
9282943,1,0.0000
9287945,1,0.0000
9292946,1,0.0000
9297948,1,0.0000
9302949,1,0.0000
9307951,1,0.0000
9312952,1,0.0000
9317954,1,0.0000
9322956,1,0.0000
9327957,1,0.0000
9332959,1,0.0000
9337961,1,0.0000
9342962,1,0.0000
9347964,1,0.0000
9352965,1,0.0000
9357967,1,0.0000
9362968,1,0.0000
9367970,1,0.0000
9372972,1,0.0000
9377974,1,0.0000
9382974,1,0.0000
9387975,1,0.0000
9392977,1,0.0000
9397978,1,0.0000
9402978,1,0.0000
9407980,1,0.0000
9412981,1,0.0000
9417981,1,0.0000
9422983,1,0.0000
9427984,1,0.0000
9432985,1,0.0000
9437986,1,0.0000
9442987,1,0.0000
9447988,1,0.0000
9452991,1,0.0000
9457994,1,0.0000
9462996,1,0.0000
9467997,1,0.0000
9472999,1,0.0000
9478001,1,0.0000
9483002,1,0.0000
9488004,1,0.0000
9493005,1,0.0000
9498007,1,0.0000
9503008,1,0.0000
9508010,1,0.0000
9513012,1,0.0000
9518013,1,0.0000
9523015,1,0.0000
9528017,1,0.0000
9533018,1,0.0000
9538020,1,0.0000
9543021,1,0.0000
9548023,1,0.0000
9553024,1,0.0000
9558026,1,0.0000
9563028,1,0.0000
9568029,1,0.0000
9573031,1,0.0000
9578032,1,0.0000
9583034,1,0.0000
9588036,1,0.0000
9593037,1,0.0000
9598039,1,0.0000
9603040,1,0.0000
9608042,1,0.0000
9613043,1,0.0000
9618045,1,0.0000
9623047,1,0.0000
9628048,1,0.0000
9633050,1,0.0000
9638052,1,0.0000
9643053,1,0.0000
9648055,1,0.0000
9653056,1,0.0000
9658058,1,0.0000
9663059,1,0.0000
9668061,1,0.0000
9673062,1,0.0000
9678064,1,0.0000
9683066,1,0.0000
9688067,1,0.0000
9693069,1,0.0000
9698071,1,0.0000
9703072,1,0.0000
9708074,1,0.0000
9713075,1,0.0000
9718077,1,0.0000
9723078,1,0.0000
9728080,1,0.0000
9733082,1,0.0000
9738083,1,0.0000
9743085,1,0.0000
9748086,1,0.0000
9753088,1,0.0000
9758090,1,0.0000
9763091,1,0.0000
9768093,1,0.0000
9773094,1,0.0000
9778096,1,0.0000
9783097,1,0.0000
9788099,1,0.0000
9793101,1,0.0000
9798102,1,0.0000
9803104,1,0.0000
9808106,1,0.0000
9813107,1,0.0000
9818109,1,0.0000
9823110,1,0.0000
9828112,1,0.0000
9833113,1,0.0000
9838115,1,0.0000
9843117,1,0.0000
9848118,1,0.0000
9853120,1,0.0000
9858121,1,0.0000
9863123,1,0.0000
9868125,1,0.0000
9873126,1,0.0000
9878128,1,0.0000
9883129,1,0.0000
9888131,1,0.0000
9893132,1,0.0000
9898134,1,0.0000
9903136,1,0.0000
9908137,1,0.0000
9913139,1,0.0000
9918141,1,0.0000
9923142,1,0.0000
9928144,1,0.0000
9933145,1,0.0000
9938147,1,0.0000
9943148,1,0.0000
9948150,1,0.0000
9953151,1,0.0000
9958153,1,0.0000
9963155,1,0.0000
9968156,1,0.0000
9973158,1,0.0000
9978160,1,0.0000
9983161,1,0.0000
9988163,1,0.0000
9993164,1,0.0000
9998166,1,0.0000
