Adafruit VL6180x test!
Sensor found!
86
90
87
87
81
74
78
79
81
80
74
73
73
74
71
74
74
73
73
75
73
71
72
76
74
74
73
76
74
74
74
74
76
85
82
80
86
82
79
92
88
84
85
86
84
84
83
85
85
85
80
76
77
76
78
77
78
73
76
77
84
85
83
85
85
100
94
100
99
98
98
100
99
97
98
100
97
98
98
100
98
98
99
100
100
101
118
122
122
124
123
125
124
123
122
121
121
123
122
124
121
122
125
122
94
114
83
54
53
55
52
53
54
55
53
54
53
54
62
61
60
31
32
33
32
32
35
32
32
31
32
32
32
33
33
33
33
33
37
36
36
36
35
37
46
43
43
42
43
45
56
47
46
45
45
50
49
49
46
